#
# A fatal error has been detected by the Java Runtime Environment:
#
#  SIGSEGV (0xb) at pc=0x00007861cf291813, pid=8094, tid=8112
#
# JRE version:  (21.0.9+10) (build )
# Java VM: OpenJDK 64-Bit Server VM (21.0.9+10-Ubuntu-124.04, mixed mode, sharing, tiered, compressed oops, compressed class ptrs, g1 gc, linux-amd64)
# Problematic frame:
# V  [libjvm.so+0x691813]  ConstantPool::restore_unshareable_info(JavaThread*)+0x33
#
# Core dump will be written. Default location: Core dumps may be processed with "/usr/lib/systemd/systemd-coredump %P %u %g %s %t 9223372036854775808 %h %d" (or dumping to /home/edu/Documentos/IPC-2/Games-app/rest-api-games/core.8094)
#
#

---------------  S U M M A R Y ------------

Command Line: -Dclassworlds.conf=/usr/lib/apache-netbeans/java/maven/bin/m2.conf -Dmaven.home=/usr/lib/apache-netbeans/java/maven -Dlibrary.jansi.path=/usr/lib/apache-netbeans/java/maven/lib/jansi-native -Dmaven.multiModuleProjectDirectory=/home/edu/Documentos/IPC-2/Games-app/rest-api-games org.codehaus.plexus.classworlds.launcher.Launcher -Dnetbeans.deploy=true -Dexec.vmArgs= -Dexec.appArgs= -Dmaven.ext.class.path=/usr/lib/apache-netbeans/java/maven-nblib/netbeans-eventspy.jar --no-transfer-progress package

Host: Intel(R) Core(TM) i5-10400 CPU @ 2.90GHz, 12 cores, 7G, Linux Mint 22.2 Zara
Time: Thu Dec 25 15:08:25 2025 CST elapsed time: 0.013791 seconds (0d 0h 0m 0s)

---------------  T H R E A D  ---------------

Current thread (0x00007861c80192c0):  JavaThread "Unknown thread" [_thread_in_vm, id=8112, stack(0x00007861ce700000,0x00007861ce800000) (1024K)]

Stack: [0x00007861ce700000,0x00007861ce800000],  sp=0x00007861ce7fe930,  free space=1018k
Native frames: (J=compiled Java code, j=interpreted, Vv=VM code, C=native code)
V  [libjvm.so+0x691813]  ConstantPool::restore_unshareable_info(JavaThread*)+0x33
V  [libjvm.so+0x8e48db]  InstanceKlass::restore_unshareable_info(ClassLoaderData*, Handle, PackageEntry*, JavaThread*)+0xfb
V  [libjvm.so+0x1013e74]  vmClasses::resolve_shared_class(InstanceKlass*, ClassLoaderData*, Handle, JavaThread*)+0xa4
V  [libjvm.so+0x10140a4]  vmClasses::resolve_all(JavaThread*)+0xf4
V  [libjvm.so+0xf48bdd]  SystemDictionary::initialize(JavaThread*)+0xdd
V  [libjvm.so+0xfbb1c4]  Universe::genesis(JavaThread*)+0xa4
V  [libjvm.so+0xfbc927]  universe2_init()+0x27
V  [libjvm.so+0x8dc32d]  init_globals2()+0xd
V  [libjvm.so+0xf9c6dd]  Threads::create_vm(JavaVMInitArgs*, bool*)+0x2ed
V  [libjvm.so+0x9b6863]  JNI_CreateJavaVM+0x53
C  [libjli.so+0x4673]  JavaMain+0x93
C  [libjli.so+0x846d]  ThreadJavaMain+0xd
C  [libc.so.6+0x9caa4]

siginfo: si_signo: 11 (SIGSEGV), si_code: 1 (SEGV_MAPERR), si_addr: 0x000078e157476720

Registers:
RAX=0x000078e157476710, RBX=0x000078615761b840, RCX=0x0000000000000000, RDX=0x0000000000000000
RSP=0x00007861ce7fe930, RBP=0x00007861ce7fe9b0, RSI=0x00007861c80192c0, RDI=0x000078615761b840
R8 =0x00007861c80192c0, R9 =0x0000000000000000, R10=0x0000000000000001, R11=0x0000000000000206
R12=0x00007861c80192c0, R13=0x0000786157000e90, R14=0x000078615761bcd8, R15=0x000078615761bce0
RIP=0x00007861cf291813, EFLAGS=0x0000000000010202, CSGSFS=0x002b000000000033, ERR=0x0000000000000004
  TRAPNO=0x000000000000000e

XMM[0]=0x0000038500000383 0x0000038400000382
XMM[1]=0x00007861c8019a80 0x00007861c8019a70
XMM[2]=0x00000000000000ff 0xffffffffffffffff
XMM[3]=0x0000023600000235 0x0000023400000233
XMM[4]=0x0000023e0000023d 0x0000023c0000023b
XMM[5]=0x0000025700000256 0x0000025500000254
XMM[6]=0x0000024f0000024e 0x0000024d0000024c
XMM[7]=0x0000024700000246 0x0000024500000244
XMM[8]=0x0000023f0000023e 0x0000023d0000023c
XMM[9]=0x0020202020202020 0x2000202020202020
XMM[10]=0x3f3f3f3f3f3f3f3f 0x3f3f3f3f3f3f3f3f
XMM[11]=0x9999999999999999 0x9999999999999999
XMM[12]=0x2020202020202020 0x2020202020202020
XMM[13]=0x0000000000000000 0x0000000000000000
XMM[14]=0x0000000000000000 0x0000000000000000
XMM[15]=0x0000000000000000 0x0000000000000000
  MXCSR=0x00001fa2


Top of Stack: (sp=0x00007861ce7fe930)
0x00007861ce7fe930:   00007861ce7fe9b0 00007861cf74f3aa
0x00007861ce7fe940:   00007861c8019a70 00007861c8019a80
0x00007861ce7fe950:   00007861c8019e58 00007861c8000000
0x00007861ce7fe960:   00000000000003d8 00007861c8019a80
0x00007861ce7fe970:   00007861c8019a70 0000000000000000
0x00007861ce7fe980:   00007861ce7fea50 00007861c80192c0
0x00007861ce7fe990:   000078615761bcd8 0000786157000e90
0x00007861ce7fe9a0:   000078615761bcd8 000078615761bce0
0x00007861ce7fe9b0:   00007861ce7fea10 00007861cf4e48db
0x00007861ce7fe9c0:   00007861ce7fea00 00007861d0127898
0x00007861ce7fe9d0:   00007861c80192c0 00007861c80192c0
0x00007861ce7fe9e0:   00007861d0127898 00007861d0127e98
0x00007861ce7fe9f0:   0000000000000000 0000786157000e90
0x00007861ce7fea00:   00007861c80192c0 00007861c8129450
0x00007861ce7fea10:   00007861ce7fea60 00007861cfc13e74
0x00007861ce7fea20:   00007861c80192c0 00007861c8019a30
0x00007861ce7fea30:   00007861ce7feb10 00007861c80192c0
0x00007861ce7fea40:   00007861c8019a30 00007861d00cb9b4
0x00007861ce7fea50:   00007861c8019a70 00007861d0127e98
0x00007861ce7fea60:   00007861ce7fea90 00007861cfc140a4
0x00007861ce7fea70:   00007861c80192c0 00007861c8019a30
0x00007861ce7fea80:   00007861ce7feb10 00007861c8019a70
0x00007861ce7fea90:   00007861ce7feab0 00007861cfb48bdd
0x00007861ce7feaa0:   00007861c8019a70 00007861c80192c0
0x00007861ce7feab0:   00007861ce7feb80 00007861cfbbb1c4
0x00007861ce7feac0:   00007861ce7febb0 00000000000003d8
0x00007861ce7fead0:   00007861c8019a70 00007861c8019a80
0x00007861ce7feae0:   00007861c8019e58 00007861c8019a80
0x00007861ce7feaf0:   0000000000000000 0000000000000020
0x00007861ce7feb00:   0000000000000005 0000000000000000
0x00007861ce7feb10:   00007861c80192c0 00007861c8019e60
0x00007861ce7feb20:   00007861c8019ea0 00007861c8019eb0 

Instructions: (pc=0x00007861cf291813)
0x00007861cf291713:   f6 0f 8e a0 00 00 00 49 c1 e6 02 45 31 ff eb 33
0x00007861cf291723:   0f 1f 44 00 00 48 8d 35 71 97 e3 00 8b 40 08 8b
0x00007861cf291733:   4e 08 48 d3 e0 48 8d 0d 81 db eb 00 48 03 06 48
0x00007861cf291743:   39 41 08 74 55 49 83 c7 04 4d 39 f7 74 69 41 0f
0x00007861cf291753:   b6 04 24 3c 01 48 8d 15 e6 ab e7 00 48 19 c0 83
0x00007861cf291763:   e0 08 80 3a 00 49 8d 74 07 10 75 05 4a 8d 74 78
0x00007861cf291773:   10 4c 89 ef ff 15 73 90 e3 00 48 89 c3 48 85 c0
0x00007861cf291783:   74 c3 41 80 3c 24 00 75 9c 48 8d 0d 2d db eb 00
0x00007861cf291793:   48 8b 40 08 48 39 41 08 75 ab 48 89 df e8 db 3d
0x00007861cf2917a3:   da ff 84 c0 75 9f 48 89 df 49 83 c7 04 e8 eb 21
0x00007861cf2917b3:   23 00 4d 39 f7 75 97 48 83 c4 08 5b 41 5c 41 5d
0x00007861cf2917c3:   41 5e 41 5f 5d c3 0f 1f 80 00 00 00 00 c3 90 66
0x00007861cf2917d3:   66 2e 0f 1f 84 00 00 00 00 00 0f 1f 00 f3 0f 1e
0x00007861cf2917e3:   fa 55 48 89 e5 41 57 41 56 41 55 41 54 49 89 f4
0x00007861cf2917f3:   53 48 89 fb 48 83 ec 58 48 8b 47 18 0f b6 90 31
0x00007861cf291803:   01 00 00 80 fa 01 0f 86 f9 00 00 00 48 8b 43 10
0x00007861cf291813:   48 8b 78 10 48 85 ff 74 24 ff 15 ee 47 e3 00 48
0x00007861cf291823:   85 c0 74 19 48 83 c4 58 5b 41 5c 41 5d 41 5e 41
0x00007861cf291833:   5f 5d c3 66 2e 0f 1f 84 00 00 00 00 00 4c 8d 2d
0x00007861cf291843:   79 da eb 00 49 8b 7d 00 e8 60 25 98 00 84 c0 74
0x00007861cf291853:   d3 48 8b 43 18 4c 8b b0 98 00 00 00 48 8d 05 0b
0x00007861cf291863:   97 e6 00 80 38 00 0f 85 b9 00 00 00 48 8d 05 fc
0x00007861cf291873:   96 e6 00 80 38 00 0f 85 a9 00 00 00 8b 73 40 85
0x00007861cf291883:   f6 7e a1 49 8b 7d 00 4c 89 e2 e8 be bd 65 00 49
0x00007861cf291893:   83 7c 24 08 00 49 89 c5 75 8a 4c 8d 7d 90 4c 89
0x00007861cf2918a3:   e6 4c 89 ff e8 14 d8 20 00 4d 85 ed 74 2b 49 8b
0x00007861cf2918b3:   bc 24 20 03 00 00 48 8b 47 18 48 8b 57 20 48 29
0x00007861cf2918c3:   c2 48 83 fa 07 0f 86 f8 00 00 00 48 8d 50 08 48
0x00007861cf2918d3:   89 57 18 4c 89 28 49 89 c5 48 8d 7d 88 4c 89 ea
0x00007861cf2918e3:   4c 89 f6 e8 85 bc f8 ff 48 8b 43 10 48 8b 55 88
0x00007861cf2918f3:   4c 89 ff 48 89 50 10 e8 11 d8 20 00 e9 23 ff ff
0x00007861cf291903:   ff 0f 1f 40 00 f6 80 34 01 00 00 01 0f 85 fa fe 



---------------  P R O C E S S  ---------------

Threads class SMR info:
_java_thread_list=0x00007861c8138f60, length=1, elements={
0x00007861c80192c0
}

Java Threads: ( => current thread )
=>0x00007861c80192c0 JavaThread "Unknown thread"             [_thread_in_vm, id=8112, stack(0x00007861ce700000,0x00007861ce800000) (1024K)]
Total: 1

Other Threads:
  0x00007861c8138080 WatcherThread "VM Periodic Task Thread"        [id=8118, stack(0x00007861cc29b000,0x00007861cc39b000) (1024K)]
  0x00007861c8070dc0 WorkerThread "GC Thread#0"                     [id=8113, stack(0x00007861cd286000,0x00007861cd386000) (1024K)]
  0x00007861c8081730 ConcurrentGCThread "G1 Main Marker"            [id=8114, stack(0x00007861cd185000,0x00007861cd285000) (1024K)]
  0x00007861c80826e0 WorkerThread "G1 Conc#0"                       [id=8115, stack(0x00007861cd084000,0x00007861cd184000) (1024K)]
  0x00007861c811c6a0 ConcurrentGCThread "G1 Refine#0"               [id=8116, stack(0x00007861cc579000,0x00007861cc679000) (1024K)]
  0x00007861c811d660 ConcurrentGCThread "G1 Service"                [id=8117, stack(0x00007861cc478000,0x00007861cc578000) (1024K)]
Total: 6

Threads with active compile tasks:
Total: 0

VM state: not at safepoint (not fully initialized)

VM Mutex/Monitor currently owned by a thread: None

Heap address: 0x0000000086600000, size: 1946 MB, Compressed Oops mode: 32-bit

CDS archive(s) mapped at: [0x0000786157000000-0x0000786157ca0000-0x0000786157ca0000), size 13238272, SharedBaseAddress: 0x0000786157000000, ArchiveRelocationMode: 1.
Compressed class space mapped at: 0x0000786158000000-0x0000786198000000, reserved size: 1073741824
Narrow klass base: 0x0000786157000000, Narrow klass shift: 0, Narrow klass range: 0x100000000

GC Precious Log:
 CardTable entry size: 512
 Card Set container configuration: InlinePtr #cards 5 size 8 Array Of Cards #cards 12 size 40 Howl #buckets 4 coarsen threshold 1843 Howl Bitmap #cards 512 size 80 coarsen threshold 460 Card regions per heap region 1 cards per card region 2048
 CPUs: 12 total, 12 available
 Memory: 7776M
 Large Page Support: Disabled
 NUMA Support: Disabled
 Compressed Oops: Enabled (32-bit)
 Heap Region Size: 1M
 Heap Min Capacity: 8M
 Heap Initial Capacity: 122M
 Heap Max Capacity: 1946M
 Pre-touch: Disabled
 Parallel Workers: 10
 Concurrent Workers: 3
 Concurrent Refinement Workers: 10
 Periodic GC: Disabled

Heap:
 garbage-first heap   total 126976K, used 1074K [0x0000000086600000, 0x0000000100000000)
  region size 1024K, 0 young (0K), 0 survivors (0K)
 Metaspace       used 0K, committed 0K, reserved 1048576K
  class space    used 0K, committed 0K, reserved 1048576K

Heap Regions: E=young(eden), S=young(survivor), O=old, HS=humongous(starts), HC=humongous(continues), CS=collection set, F=free, TAMS=top-at-mark-start, PB=parsable bottom
|   0|0x0000000086600000, 0x0000000086600000, 0x0000000086700000|  0%| F|  |TAMS 0x0000000086600000| PB 0x0000000086600000| Untracked 
|   1|0x0000000086700000, 0x0000000086700000, 0x0000000086800000|  0%| F|  |TAMS 0x0000000086700000| PB 0x0000000086700000| Untracked 
|   2|0x0000000086800000, 0x0000000086800000, 0x0000000086900000|  0%| F|  |TAMS 0x0000000086800000| PB 0x0000000086800000| Untracked 
|   3|0x0000000086900000, 0x0000000086900000, 0x0000000086a00000|  0%| F|  |TAMS 0x0000000086900000| PB 0x0000000086900000| Untracked 
|   4|0x0000000086a00000, 0x0000000086a00000, 0x0000000086b00000|  0%| F|  |TAMS 0x0000000086a00000| PB 0x0000000086a00000| Untracked 
|   5|0x0000000086b00000, 0x0000000086b00000, 0x0000000086c00000|  0%| F|  |TAMS 0x0000000086b00000| PB 0x0000000086b00000| Untracked 
|   6|0x0000000086c00000, 0x0000000086c00000, 0x0000000086d00000|  0%| F|  |TAMS 0x0000000086c00000| PB 0x0000000086c00000| Untracked 
|   7|0x0000000086d00000, 0x0000000086d00000, 0x0000000086e00000|  0%| F|  |TAMS 0x0000000086d00000| PB 0x0000000086d00000| Untracked 
|   8|0x0000000086e00000, 0x0000000086e00000, 0x0000000086f00000|  0%| F|  |TAMS 0x0000000086e00000| PB 0x0000000086e00000| Untracked 
|   9|0x0000000086f00000, 0x0000000086f00000, 0x0000000087000000|  0%| F|  |TAMS 0x0000000086f00000| PB 0x0000000086f00000| Untracked 
|  10|0x0000000087000000, 0x0000000087000000, 0x0000000087100000|  0%| F|  |TAMS 0x0000000087000000| PB 0x0000000087000000| Untracked 
|  11|0x0000000087100000, 0x0000000087100000, 0x0000000087200000|  0%| F|  |TAMS 0x0000000087100000| PB 0x0000000087100000| Untracked 
|  12|0x0000000087200000, 0x0000000087200000, 0x0000000087300000|  0%| F|  |TAMS 0x0000000087200000| PB 0x0000000087200000| Untracked 
|  13|0x0000000087300000, 0x0000000087300000, 0x0000000087400000|  0%| F|  |TAMS 0x0000000087300000| PB 0x0000000087300000| Untracked 
|  14|0x0000000087400000, 0x0000000087400000, 0x0000000087500000|  0%| F|  |TAMS 0x0000000087400000| PB 0x0000000087400000| Untracked 
|  15|0x0000000087500000, 0x0000000087500000, 0x0000000087600000|  0%| F|  |TAMS 0x0000000087500000| PB 0x0000000087500000| Untracked 
|  16|0x0000000087600000, 0x0000000087600000, 0x0000000087700000|  0%| F|  |TAMS 0x0000000087600000| PB 0x0000000087600000| Untracked 
|  17|0x0000000087700000, 0x0000000087700000, 0x0000000087800000|  0%| F|  |TAMS 0x0000000087700000| PB 0x0000000087700000| Untracked 
|  18|0x0000000087800000, 0x0000000087800000, 0x0000000087900000|  0%| F|  |TAMS 0x0000000087800000| PB 0x0000000087800000| Untracked 
|  19|0x0000000087900000, 0x0000000087900000, 0x0000000087a00000|  0%| F|  |TAMS 0x0000000087900000| PB 0x0000000087900000| Untracked 
|  20|0x0000000087a00000, 0x0000000087a00000, 0x0000000087b00000|  0%| F|  |TAMS 0x0000000087a00000| PB 0x0000000087a00000| Untracked 
|  21|0x0000000087b00000, 0x0000000087b00000, 0x0000000087c00000|  0%| F|  |TAMS 0x0000000087b00000| PB 0x0000000087b00000| Untracked 
|  22|0x0000000087c00000, 0x0000000087c00000, 0x0000000087d00000|  0%| F|  |TAMS 0x0000000087c00000| PB 0x0000000087c00000| Untracked 
|  23|0x0000000087d00000, 0x0000000087d00000, 0x0000000087e00000|  0%| F|  |TAMS 0x0000000087d00000| PB 0x0000000087d00000| Untracked 
|  24|0x0000000087e00000, 0x0000000087e00000, 0x0000000087f00000|  0%| F|  |TAMS 0x0000000087e00000| PB 0x0000000087e00000| Untracked 
|  25|0x0000000087f00000, 0x0000000087f00000, 0x0000000088000000|  0%| F|  |TAMS 0x0000000087f00000| PB 0x0000000087f00000| Untracked 
|  26|0x0000000088000000, 0x0000000088000000, 0x0000000088100000|  0%| F|  |TAMS 0x0000000088000000| PB 0x0000000088000000| Untracked 
|  27|0x0000000088100000, 0x0000000088100000, 0x0000000088200000|  0%| F|  |TAMS 0x0000000088100000| PB 0x0000000088100000| Untracked 
|  28|0x0000000088200000, 0x0000000088200000, 0x0000000088300000|  0%| F|  |TAMS 0x0000000088200000| PB 0x0000000088200000| Untracked 
|  29|0x0000000088300000, 0x0000000088300000, 0x0000000088400000|  0%| F|  |TAMS 0x0000000088300000| PB 0x0000000088300000| Untracked 
|  30|0x0000000088400000, 0x0000000088400000, 0x0000000088500000|  0%| F|  |TAMS 0x0000000088400000| PB 0x0000000088400000| Untracked 
|  31|0x0000000088500000, 0x0000000088500000, 0x0000000088600000|  0%| F|  |TAMS 0x0000000088500000| PB 0x0000000088500000| Untracked 
|  32|0x0000000088600000, 0x0000000088600000, 0x0000000088700000|  0%| F|  |TAMS 0x0000000088600000| PB 0x0000000088600000| Untracked 
|  33|0x0000000088700000, 0x0000000088700000, 0x0000000088800000|  0%| F|  |TAMS 0x0000000088700000| PB 0x0000000088700000| Untracked 
|  34|0x0000000088800000, 0x0000000088800000, 0x0000000088900000|  0%| F|  |TAMS 0x0000000088800000| PB 0x0000000088800000| Untracked 
|  35|0x0000000088900000, 0x0000000088900000, 0x0000000088a00000|  0%| F|  |TAMS 0x0000000088900000| PB 0x0000000088900000| Untracked 
|  36|0x0000000088a00000, 0x0000000088a00000, 0x0000000088b00000|  0%| F|  |TAMS 0x0000000088a00000| PB 0x0000000088a00000| Untracked 
|  37|0x0000000088b00000, 0x0000000088b00000, 0x0000000088c00000|  0%| F|  |TAMS 0x0000000088b00000| PB 0x0000000088b00000| Untracked 
|  38|0x0000000088c00000, 0x0000000088c00000, 0x0000000088d00000|  0%| F|  |TAMS 0x0000000088c00000| PB 0x0000000088c00000| Untracked 
|  39|0x0000000088d00000, 0x0000000088d00000, 0x0000000088e00000|  0%| F|  |TAMS 0x0000000088d00000| PB 0x0000000088d00000| Untracked 
|  40|0x0000000088e00000, 0x0000000088e00000, 0x0000000088f00000|  0%| F|  |TAMS 0x0000000088e00000| PB 0x0000000088e00000| Untracked 
|  41|0x0000000088f00000, 0x0000000088f00000, 0x0000000089000000|  0%| F|  |TAMS 0x0000000088f00000| PB 0x0000000088f00000| Untracked 
|  42|0x0000000089000000, 0x0000000089000000, 0x0000000089100000|  0%| F|  |TAMS 0x0000000089000000| PB 0x0000000089000000| Untracked 
|  43|0x0000000089100000, 0x0000000089100000, 0x0000000089200000|  0%| F|  |TAMS 0x0000000089100000| PB 0x0000000089100000| Untracked 
|  44|0x0000000089200000, 0x0000000089200000, 0x0000000089300000|  0%| F|  |TAMS 0x0000000089200000| PB 0x0000000089200000| Untracked 
|  45|0x0000000089300000, 0x0000000089300000, 0x0000000089400000|  0%| F|  |TAMS 0x0000000089300000| PB 0x0000000089300000| Untracked 
|  46|0x0000000089400000, 0x0000000089400000, 0x0000000089500000|  0%| F|  |TAMS 0x0000000089400000| PB 0x0000000089400000| Untracked 
|  47|0x0000000089500000, 0x0000000089500000, 0x0000000089600000|  0%| F|  |TAMS 0x0000000089500000| PB 0x0000000089500000| Untracked 
|  48|0x0000000089600000, 0x0000000089600000, 0x0000000089700000|  0%| F|  |TAMS 0x0000000089600000| PB 0x0000000089600000| Untracked 
|  49|0x0000000089700000, 0x0000000089700000, 0x0000000089800000|  0%| F|  |TAMS 0x0000000089700000| PB 0x0000000089700000| Untracked 
|  50|0x0000000089800000, 0x0000000089800000, 0x0000000089900000|  0%| F|  |TAMS 0x0000000089800000| PB 0x0000000089800000| Untracked 
|  51|0x0000000089900000, 0x0000000089900000, 0x0000000089a00000|  0%| F|  |TAMS 0x0000000089900000| PB 0x0000000089900000| Untracked 
|  52|0x0000000089a00000, 0x0000000089a00000, 0x0000000089b00000|  0%| F|  |TAMS 0x0000000089a00000| PB 0x0000000089a00000| Untracked 
|  53|0x0000000089b00000, 0x0000000089b00000, 0x0000000089c00000|  0%| F|  |TAMS 0x0000000089b00000| PB 0x0000000089b00000| Untracked 
|  54|0x0000000089c00000, 0x0000000089c00000, 0x0000000089d00000|  0%| F|  |TAMS 0x0000000089c00000| PB 0x0000000089c00000| Untracked 
|  55|0x0000000089d00000, 0x0000000089d00000, 0x0000000089e00000|  0%| F|  |TAMS 0x0000000089d00000| PB 0x0000000089d00000| Untracked 
|  56|0x0000000089e00000, 0x0000000089e00000, 0x0000000089f00000|  0%| F|  |TAMS 0x0000000089e00000| PB 0x0000000089e00000| Untracked 
|  57|0x0000000089f00000, 0x0000000089f00000, 0x000000008a000000|  0%| F|  |TAMS 0x0000000089f00000| PB 0x0000000089f00000| Untracked 
|  58|0x000000008a000000, 0x000000008a000000, 0x000000008a100000|  0%| F|  |TAMS 0x000000008a000000| PB 0x000000008a000000| Untracked 
|  59|0x000000008a100000, 0x000000008a100000, 0x000000008a200000|  0%| F|  |TAMS 0x000000008a100000| PB 0x000000008a100000| Untracked 
|  60|0x000000008a200000, 0x000000008a200000, 0x000000008a300000|  0%| F|  |TAMS 0x000000008a200000| PB 0x000000008a200000| Untracked 
|  61|0x000000008a300000, 0x000000008a300000, 0x000000008a400000|  0%| F|  |TAMS 0x000000008a300000| PB 0x000000008a300000| Untracked 
|  62|0x000000008a400000, 0x000000008a400000, 0x000000008a500000|  0%| F|  |TAMS 0x000000008a400000| PB 0x000000008a400000| Untracked 
|  63|0x000000008a500000, 0x000000008a500000, 0x000000008a600000|  0%| F|  |TAMS 0x000000008a500000| PB 0x000000008a500000| Untracked 
|  64|0x000000008a600000, 0x000000008a600000, 0x000000008a700000|  0%| F|  |TAMS 0x000000008a600000| PB 0x000000008a600000| Untracked 
|  65|0x000000008a700000, 0x000000008a700000, 0x000000008a800000|  0%| F|  |TAMS 0x000000008a700000| PB 0x000000008a700000| Untracked 
|  66|0x000000008a800000, 0x000000008a800000, 0x000000008a900000|  0%| F|  |TAMS 0x000000008a800000| PB 0x000000008a800000| Untracked 
|  67|0x000000008a900000, 0x000000008a900000, 0x000000008aa00000|  0%| F|  |TAMS 0x000000008a900000| PB 0x000000008a900000| Untracked 
|  68|0x000000008aa00000, 0x000000008aa00000, 0x000000008ab00000|  0%| F|  |TAMS 0x000000008aa00000| PB 0x000000008aa00000| Untracked 
|  69|0x000000008ab00000, 0x000000008ab00000, 0x000000008ac00000|  0%| F|  |TAMS 0x000000008ab00000| PB 0x000000008ab00000| Untracked 
|  70|0x000000008ac00000, 0x000000008ac00000, 0x000000008ad00000|  0%| F|  |TAMS 0x000000008ac00000| PB 0x000000008ac00000| Untracked 
|  71|0x000000008ad00000, 0x000000008ad00000, 0x000000008ae00000|  0%| F|  |TAMS 0x000000008ad00000| PB 0x000000008ad00000| Untracked 
|  72|0x000000008ae00000, 0x000000008ae00000, 0x000000008af00000|  0%| F|  |TAMS 0x000000008ae00000| PB 0x000000008ae00000| Untracked 
|  73|0x000000008af00000, 0x000000008af00000, 0x000000008b000000|  0%| F|  |TAMS 0x000000008af00000| PB 0x000000008af00000| Untracked 
|  74|0x000000008b000000, 0x000000008b000000, 0x000000008b100000|  0%| F|  |TAMS 0x000000008b000000| PB 0x000000008b000000| Untracked 
|  75|0x000000008b100000, 0x000000008b100000, 0x000000008b200000|  0%| F|  |TAMS 0x000000008b100000| PB 0x000000008b100000| Untracked 
|  76|0x000000008b200000, 0x000000008b200000, 0x000000008b300000|  0%| F|  |TAMS 0x000000008b200000| PB 0x000000008b200000| Untracked 
|  77|0x000000008b300000, 0x000000008b300000, 0x000000008b400000|  0%| F|  |TAMS 0x000000008b300000| PB 0x000000008b300000| Untracked 
|  78|0x000000008b400000, 0x000000008b400000, 0x000000008b500000|  0%| F|  |TAMS 0x000000008b400000| PB 0x000000008b400000| Untracked 
|  79|0x000000008b500000, 0x000000008b500000, 0x000000008b600000|  0%| F|  |TAMS 0x000000008b500000| PB 0x000000008b500000| Untracked 
|  80|0x000000008b600000, 0x000000008b600000, 0x000000008b700000|  0%| F|  |TAMS 0x000000008b600000| PB 0x000000008b600000| Untracked 
|  81|0x000000008b700000, 0x000000008b700000, 0x000000008b800000|  0%| F|  |TAMS 0x000000008b700000| PB 0x000000008b700000| Untracked 
|  82|0x000000008b800000, 0x000000008b800000, 0x000000008b900000|  0%| F|  |TAMS 0x000000008b800000| PB 0x000000008b800000| Untracked 
|  83|0x000000008b900000, 0x000000008b900000, 0x000000008ba00000|  0%| F|  |TAMS 0x000000008b900000| PB 0x000000008b900000| Untracked 
|  84|0x000000008ba00000, 0x000000008ba00000, 0x000000008bb00000|  0%| F|  |TAMS 0x000000008ba00000| PB 0x000000008ba00000| Untracked 
|  85|0x000000008bb00000, 0x000000008bb00000, 0x000000008bc00000|  0%| F|  |TAMS 0x000000008bb00000| PB 0x000000008bb00000| Untracked 
|  86|0x000000008bc00000, 0x000000008bc00000, 0x000000008bd00000|  0%| F|  |TAMS 0x000000008bc00000| PB 0x000000008bc00000| Untracked 
|  87|0x000000008bd00000, 0x000000008bd00000, 0x000000008be00000|  0%| F|  |TAMS 0x000000008bd00000| PB 0x000000008bd00000| Untracked 
|  88|0x000000008be00000, 0x000000008be00000, 0x000000008bf00000|  0%| F|  |TAMS 0x000000008be00000| PB 0x000000008be00000| Untracked 
|  89|0x000000008bf00000, 0x000000008bf00000, 0x000000008c000000|  0%| F|  |TAMS 0x000000008bf00000| PB 0x000000008bf00000| Untracked 
|  90|0x000000008c000000, 0x000000008c000000, 0x000000008c100000|  0%| F|  |TAMS 0x000000008c000000| PB 0x000000008c000000| Untracked 
|  91|0x000000008c100000, 0x000000008c100000, 0x000000008c200000|  0%| F|  |TAMS 0x000000008c100000| PB 0x000000008c100000| Untracked 
|  92|0x000000008c200000, 0x000000008c200000, 0x000000008c300000|  0%| F|  |TAMS 0x000000008c200000| PB 0x000000008c200000| Untracked 
|  93|0x000000008c300000, 0x000000008c300000, 0x000000008c400000|  0%| F|  |TAMS 0x000000008c300000| PB 0x000000008c300000| Untracked 
|  94|0x000000008c400000, 0x000000008c400000, 0x000000008c500000|  0%| F|  |TAMS 0x000000008c400000| PB 0x000000008c400000| Untracked 
|  95|0x000000008c500000, 0x000000008c500000, 0x000000008c600000|  0%| F|  |TAMS 0x000000008c500000| PB 0x000000008c500000| Untracked 
|  96|0x000000008c600000, 0x000000008c600000, 0x000000008c700000|  0%| F|  |TAMS 0x000000008c600000| PB 0x000000008c600000| Untracked 
|  97|0x000000008c700000, 0x000000008c700000, 0x000000008c800000|  0%| F|  |TAMS 0x000000008c700000| PB 0x000000008c700000| Untracked 
|  98|0x000000008c800000, 0x000000008c800000, 0x000000008c900000|  0%| F|  |TAMS 0x000000008c800000| PB 0x000000008c800000| Untracked 
|  99|0x000000008c900000, 0x000000008c900000, 0x000000008ca00000|  0%| F|  |TAMS 0x000000008c900000| PB 0x000000008c900000| Untracked 
| 100|0x000000008ca00000, 0x000000008ca00000, 0x000000008cb00000|  0%| F|  |TAMS 0x000000008ca00000| PB 0x000000008ca00000| Untracked 
| 101|0x000000008cb00000, 0x000000008cb00000, 0x000000008cc00000|  0%| F|  |TAMS 0x000000008cb00000| PB 0x000000008cb00000| Untracked 
| 102|0x000000008cc00000, 0x000000008cc00000, 0x000000008cd00000|  0%| F|  |TAMS 0x000000008cc00000| PB 0x000000008cc00000| Untracked 
| 103|0x000000008cd00000, 0x000000008cd00000, 0x000000008ce00000|  0%| F|  |TAMS 0x000000008cd00000| PB 0x000000008cd00000| Untracked 
| 104|0x000000008ce00000, 0x000000008ce00000, 0x000000008cf00000|  0%| F|  |TAMS 0x000000008ce00000| PB 0x000000008ce00000| Untracked 
| 105|0x000000008cf00000, 0x000000008cf00000, 0x000000008d000000|  0%| F|  |TAMS 0x000000008cf00000| PB 0x000000008cf00000| Untracked 
| 106|0x000000008d000000, 0x000000008d000000, 0x000000008d100000|  0%| F|  |TAMS 0x000000008d000000| PB 0x000000008d000000| Untracked 
| 107|0x000000008d100000, 0x000000008d100000, 0x000000008d200000|  0%| F|  |TAMS 0x000000008d100000| PB 0x000000008d100000| Untracked 
| 108|0x000000008d200000, 0x000000008d200000, 0x000000008d300000|  0%| F|  |TAMS 0x000000008d200000| PB 0x000000008d200000| Untracked 
| 109|0x000000008d300000, 0x000000008d300000, 0x000000008d400000|  0%| F|  |TAMS 0x000000008d300000| PB 0x000000008d300000| Untracked 
| 110|0x000000008d400000, 0x000000008d400000, 0x000000008d500000|  0%| F|  |TAMS 0x000000008d400000| PB 0x000000008d400000| Untracked 
| 111|0x000000008d500000, 0x000000008d500000, 0x000000008d600000|  0%| F|  |TAMS 0x000000008d500000| PB 0x000000008d500000| Untracked 
| 112|0x000000008d600000, 0x000000008d600000, 0x000000008d700000|  0%| F|  |TAMS 0x000000008d600000| PB 0x000000008d600000| Untracked 
| 113|0x000000008d700000, 0x000000008d700000, 0x000000008d800000|  0%| F|  |TAMS 0x000000008d700000| PB 0x000000008d700000| Untracked 
| 114|0x000000008d800000, 0x000000008d800000, 0x000000008d900000|  0%| F|  |TAMS 0x000000008d800000| PB 0x000000008d800000| Untracked 
| 115|0x000000008d900000, 0x000000008d900000, 0x000000008da00000|  0%| F|  |TAMS 0x000000008d900000| PB 0x000000008d900000| Untracked 
| 116|0x000000008da00000, 0x000000008da00000, 0x000000008db00000|  0%| F|  |TAMS 0x000000008da00000| PB 0x000000008da00000| Untracked 
| 117|0x000000008db00000, 0x000000008db00000, 0x000000008dc00000|  0%| F|  |TAMS 0x000000008db00000| PB 0x000000008db00000| Untracked 
| 118|0x000000008dc00000, 0x000000008dc00000, 0x000000008dd00000|  0%| F|  |TAMS 0x000000008dc00000| PB 0x000000008dc00000| Untracked 
| 119|0x000000008dd00000, 0x000000008dd00000, 0x000000008de00000|  0%| F|  |TAMS 0x000000008dd00000| PB 0x000000008dd00000| Untracked 
| 120|0x000000008de00000, 0x000000008de00000, 0x000000008df00000|  0%| F|  |TAMS 0x000000008de00000| PB 0x000000008de00000| Untracked 
| 121|0x000000008df00000, 0x000000008df00000, 0x000000008e000000|  0%| F|  |TAMS 0x000000008df00000| PB 0x000000008df00000| Untracked 
|1944|0x00000000ffe00000, 0x00000000fff00000, 0x00000000fff00000|100%| O|  |TAMS 0x00000000ffe00000| PB 0x00000000ffe00000| Untracked 
|1945|0x00000000fff00000, 0x00000000fff0c840, 0x0000000100000000|  4%| O|  |TAMS 0x00000000fff00000| PB 0x00000000fff00000| Untracked 

Card table byte_map: [0x00007861cd386000,0x00007861cd753000] _byte_map_base: 0x00007861ccf53000

Marking Bits: (CMBitMap*) 0x00007861c80718f0
 Bits: [0x00007861ae998000, 0x00007861b0800000)

GC Heap History (0 events):
No events

Dll operation events (1 events):
Event: 0.001 Loaded shared library /usr/lib/jvm/java-21-openjdk-amd64/lib/libjava.so

Deoptimization events (0 events):
No events

Classes loaded (0 events):
No events

Classes unloaded (0 events):
No events

Classes redefined (0 events):
No events

Internal exceptions (0 events):
No events

ZGC Phase Switch (0 events):
No events

VM Operations (0 events):
No events

Memory protections (1 events):
Event: 0.001 Protecting memory [0x00007861ce700000,0x00007861ce704000] with protection modes 0

Nmethod flushes (0 events):
No events

Events (1 events):
Event: 0.011 Thread 0x00007861c80192c0 Thread added: 0x00007861c80192c0


Dynamic libraries:
86600000-8e000000 rw-p 00000000 00:00 0 
8e000000-ffe00000 ---p 00000000 00:00 0 
ffe00000-fff0d000 rw-p 00cdf000 08:22 7482454                            /usr/lib/jvm/java-21-openjdk-amd64/lib/server/classes.jsa
fff0d000-100000000 rw-p 00000000 00:00 0 
5cb4158f6000-5cb4158f7000 r--p 00000000 08:22 7482301                    /usr/lib/jvm/java-21-openjdk-amd64/bin/java
5cb4158f7000-5cb4158f8000 r-xp 00001000 08:22 7482301                    /usr/lib/jvm/java-21-openjdk-amd64/bin/java
5cb4158f8000-5cb4158f9000 r--p 00002000 08:22 7482301                    /usr/lib/jvm/java-21-openjdk-amd64/bin/java
5cb4158f9000-5cb4158fa000 r--p 00002000 08:22 7482301                    /usr/lib/jvm/java-21-openjdk-amd64/bin/java
5cb4158fa000-5cb4158fb000 rw-p 00003000 08:22 7482301                    /usr/lib/jvm/java-21-openjdk-amd64/bin/java
5cb4453e9000-5cb445430000 rw-p 00000000 00:00 0                          [heap]
786150000000-786150021000 rw-p 00000000 00:00 0 
786150021000-786154000000 ---p 00000000 00:00 0 
786157000000-786157ca0000 rw-p 00001000 08:22 7482454                    /usr/lib/jvm/java-21-openjdk-amd64/lib/server/classes.jsa
786157ca0000-786198000000 ---p 00000000 00:00 0 
786198000000-786198021000 rw-p 00000000 00:00 0 
786198021000-78619c000000 ---p 00000000 00:00 0 
78619c000000-78619c021000 rw-p 00000000 00:00 0 
78619c021000-7861a0000000 ---p 00000000 00:00 0 
7861a0000000-7861a0021000 rw-p 00000000 00:00 0 
7861a0021000-7861a4000000 ---p 00000000 00:00 0 
7861a4000000-7861a4021000 rw-p 00000000 00:00 0 
7861a4021000-7861a8000000 ---p 00000000 00:00 0 
7861a8000000-7861a8021000 rw-p 00000000 00:00 0 
7861a8021000-7861ac000000 ---p 00000000 00:00 0 
7861ac51c000-7861ae800000 rw-p 00000000 00:00 0 
7861ae998000-7861aeb80000 rw-p 00000000 00:00 0 
7861aeb80000-7861b07f8000 ---p 00000000 00:00 0 
7861b07f8000-7861b0800000 rw-p 00000000 00:00 0 
7861b0800000-7861b0a70000 rwxp 00000000 00:00 0 
7861b0a70000-7861b7d37000 ---p 00000000 00:00 0 
7861b7d37000-7861b7fa7000 rwxp 00000000 00:00 0 
7861b7fa7000-7861b82c9000 ---p 00000000 00:00 0 
7861b82c9000-7861b8539000 rwxp 00000000 00:00 0 
7861b8539000-7861bf800000 ---p 00000000 00:00 0 
7861bf800000-7861c7e34000 r--s 00000000 08:22 7482451                    /usr/lib/jvm/java-21-openjdk-amd64/lib/modules
7861c8000000-7861c8167000 rw-p 00000000 00:00 0 
7861c8167000-7861cc000000 ---p 00000000 00:00 0 
7861cc118000-7861cc29a000 rw-p 00000000 00:00 0 
7861cc29a000-7861cc29b000 ---p 00000000 00:00 0 
7861cc29b000-7861cc39b000 rw-p 00000000 00:00 0 
7861cc39b000-7861cc477000 rw-p 00000000 00:00 0 
7861cc477000-7861cc478000 ---p 00000000 00:00 0 
7861cc478000-7861cc578000 rw-p 00000000 00:00 0 
7861cc578000-7861cc579000 ---p 00000000 00:00 0 
7861cc579000-7861cc679000 rw-p 00000000 00:00 0 
7861cc679000-7861cd083000 rw-p 00000000 00:00 0 
7861cd083000-7861cd084000 ---p 00000000 00:00 0 
7861cd084000-7861cd184000 rw-p 00000000 00:00 0 
7861cd184000-7861cd185000 ---p 00000000 00:00 0 
7861cd185000-7861cd285000 rw-p 00000000 00:00 0 
7861cd285000-7861cd286000 ---p 00000000 00:00 0 
7861cd286000-7861cd386000 rw-p 00000000 00:00 0 
7861cd386000-7861cd3c3000 rw-p 00000000 00:00 0 
7861cd3c3000-7861cd752000 ---p 00000000 00:00 0 
7861cd752000-7861cd790000 rw-p 00000000 00:00 0 
7861cd790000-7861cdb1f000 ---p 00000000 00:00 0 
7861cdb1f000-7861ce52f000 rw-p 00000000 00:00 0 
7861ce52f000-7861ce615000 ---p 00000000 00:00 0 
7861ce615000-7861ce61a000 rw-p 00000000 00:00 0 
7861ce61a000-7861ce700000 ---p 00000000 00:00 0 
7861ce700000-7861ce704000 ---p 00000000 00:00 0 
7861ce704000-7861ce800000 rw-p 00000000 00:00 0 
7861ce800000-7861ce89d000 r--p 00000000 08:22 6325997                    /usr/lib/x86_64-linux-gnu/libstdc++.so.6.0.33
7861ce89d000-7861ce9e5000 r-xp 0009d000 08:22 6325997                    /usr/lib/x86_64-linux-gnu/libstdc++.so.6.0.33
7861ce9e5000-7861cea6c000 r--p 001e5000 08:22 6325997                    /usr/lib/x86_64-linux-gnu/libstdc++.so.6.0.33
7861cea6c000-7861cea77000 r--p 0026b000 08:22 6325997                    /usr/lib/x86_64-linux-gnu/libstdc++.so.6.0.33
7861cea77000-7861cea7a000 rw-p 00276000 08:22 6325997                    /usr/lib/x86_64-linux-gnu/libstdc++.so.6.0.33
7861cea7a000-7861cea7e000 rw-p 00000000 00:00 0 
7861cea99000-7861ceb17000 rw-p 00000000 00:00 0 
7861ceb17000-7861ceb27000 r--p 00000000 08:22 6325486                    /usr/lib/x86_64-linux-gnu/libm.so.6
7861ceb27000-7861ceba6000 r-xp 00010000 08:22 6325486                    /usr/lib/x86_64-linux-gnu/libm.so.6
7861ceba6000-7861cebfe000 r--p 0008f000 08:22 6325486                    /usr/lib/x86_64-linux-gnu/libm.so.6
7861cebfe000-7861cebff000 r--p 000e7000 08:22 6325486                    /usr/lib/x86_64-linux-gnu/libm.so.6
7861cebff000-7861cec00000 rw-p 000e8000 08:22 6325486                    /usr/lib/x86_64-linux-gnu/libm.so.6
7861cec00000-7861ceea2000 r--p 00000000 08:22 7482457                    /usr/lib/jvm/java-21-openjdk-amd64/lib/server/libjvm.so
7861ceea2000-7861cfd18000 r-xp 002a2000 08:22 7482457                    /usr/lib/jvm/java-21-openjdk-amd64/lib/server/libjvm.so
7861cfd18000-7861cfff2000 r--p 01118000 08:22 7482457                    /usr/lib/jvm/java-21-openjdk-amd64/lib/server/libjvm.so
7861cfff2000-7861d00c6000 r--p 013f2000 08:22 7482457                    /usr/lib/jvm/java-21-openjdk-amd64/lib/server/libjvm.so
7861d00c6000-7861d00f6000 rw-p 014c6000 08:22 7482457                    /usr/lib/jvm/java-21-openjdk-amd64/lib/server/libjvm.so
7861d00f6000-7861d015c000 rw-p 00000000 00:00 0 
7861d018f000-7861d01d5000 rw-p 00000000 00:00 0 
7861d01d5000-7861d01dc000 ---p 00000000 00:00 0 
7861d01dc000-7861d01e9000 r--p 00000000 08:22 7482428                    /usr/lib/jvm/java-21-openjdk-amd64/lib/libjava.so
7861d01e9000-7861d01f8000 r-xp 0000d000 08:22 7482428                    /usr/lib/jvm/java-21-openjdk-amd64/lib/libjava.so
7861d01f8000-7861d01fd000 r--p 0001c000 08:22 7482428                    /usr/lib/jvm/java-21-openjdk-amd64/lib/libjava.so
7861d01fd000-7861d01fe000 r--p 00021000 08:22 7482428                    /usr/lib/jvm/java-21-openjdk-amd64/lib/libjava.so
7861d01fe000-7861d01ff000 rw-p 00022000 08:22 7482428                    /usr/lib/jvm/java-21-openjdk-amd64/lib/libjava.so
7861d01ff000-7861d0200000 rw-p 00000000 00:00 0 
7861d0200000-7861d0228000 r--p 00000000 08:22 6324721                    /usr/lib/x86_64-linux-gnu/libc.so.6
7861d0228000-7861d03b0000 r-xp 00028000 08:22 6324721                    /usr/lib/x86_64-linux-gnu/libc.so.6
7861d03b0000-7861d03ff000 r--p 001b0000 08:22 6324721                    /usr/lib/x86_64-linux-gnu/libc.so.6
7861d03ff000-7861d0403000 r--p 001fe000 08:22 6324721                    /usr/lib/x86_64-linux-gnu/libc.so.6
7861d0403000-7861d0405000 rw-p 00202000 08:22 6324721                    /usr/lib/x86_64-linux-gnu/libc.so.6
7861d0405000-7861d0412000 rw-p 00000000 00:00 0 
7861d041a000-7861d041e000 r--p 00000000 08:22 6325096                    /usr/lib/x86_64-linux-gnu/libgcc_s.so.1
7861d041e000-7861d0442000 r-xp 00004000 08:22 6325096                    /usr/lib/x86_64-linux-gnu/libgcc_s.so.1
7861d0442000-7861d0446000 r--p 00028000 08:22 6325096                    /usr/lib/x86_64-linux-gnu/libgcc_s.so.1
7861d0446000-7861d0447000 r--p 0002b000 08:22 6325096                    /usr/lib/x86_64-linux-gnu/libgcc_s.so.1
7861d0447000-7861d0448000 rw-p 0002c000 08:22 6325096                    /usr/lib/x86_64-linux-gnu/libgcc_s.so.1
7861d0448000-7861d044a000 rw-p 00000000 00:00 0 
7861d044a000-7861d044c000 r--p 00000000 08:22 7482432                    /usr/lib/jvm/java-21-openjdk-amd64/lib/libjli.so
7861d044c000-7861d0456000 r-xp 00002000 08:22 7482432                    /usr/lib/jvm/java-21-openjdk-amd64/lib/libjli.so
7861d0456000-7861d0459000 r--p 0000c000 08:22 7482432                    /usr/lib/jvm/java-21-openjdk-amd64/lib/libjli.so
7861d0459000-7861d045a000 r--p 0000f000 08:22 7482432                    /usr/lib/jvm/java-21-openjdk-amd64/lib/libjli.so
7861d045a000-7861d045b000 rw-p 00010000 08:22 7482432                    /usr/lib/jvm/java-21-openjdk-amd64/lib/libjli.so
7861d045b000-7861d045d000 r--p 00000000 08:22 6326323                    /usr/lib/x86_64-linux-gnu/libz.so.1.3
7861d045d000-7861d046f000 r-xp 00002000 08:22 6326323                    /usr/lib/x86_64-linux-gnu/libz.so.1.3
7861d046f000-7861d0475000 r--p 00014000 08:22 6326323                    /usr/lib/x86_64-linux-gnu/libz.so.1.3
7861d0475000-7861d0476000 r--p 0001a000 08:22 6326323                    /usr/lib/x86_64-linux-gnu/libz.so.1.3
7861d0476000-7861d0477000 rw-p 0001b000 08:22 6326323                    /usr/lib/x86_64-linux-gnu/libz.so.1.3
7861d0477000-7861d047f000 rw-s 00000000 08:22 19531106                   /tmp/hsperfdata_edu/8094
7861d047f000-7861d0480000 ---p 00000000 00:00 0 
7861d0480000-7861d0481000 r--p 00000000 00:00 0 
7861d0481000-7861d0482000 ---p 00000000 00:00 0 
7861d0482000-7861d0484000 r--p 00000000 08:22 7482431                    /usr/lib/jvm/java-21-openjdk-amd64/lib/libjimage.so
7861d0484000-7861d0487000 r-xp 00002000 08:22 7482431                    /usr/lib/jvm/java-21-openjdk-amd64/lib/libjimage.so
7861d0487000-7861d0488000 r--p 00005000 08:22 7482431                    /usr/lib/jvm/java-21-openjdk-amd64/lib/libjimage.so
7861d0488000-7861d0489000 r--p 00006000 08:22 7482431                    /usr/lib/jvm/java-21-openjdk-amd64/lib/libjimage.so
7861d0489000-7861d048a000 rw-p 00007000 08:22 7482431                    /usr/lib/jvm/java-21-openjdk-amd64/lib/libjimage.so
7861d048a000-7861d048c000 rw-p 00000000 00:00 0 
7861d048c000-7861d048e000 r--p 00000000 00:00 0                          [vvar]
7861d048e000-7861d0490000 r--p 00000000 00:00 0                          [vvar_vclock]
7861d0490000-7861d0492000 r-xp 00000000 00:00 0                          [vdso]
7861d0492000-7861d0493000 r--p 00000000 08:22 6324291                    /usr/lib/x86_64-linux-gnu/ld-linux-x86-64.so.2
7861d0493000-7861d04be000 r-xp 00001000 08:22 6324291                    /usr/lib/x86_64-linux-gnu/ld-linux-x86-64.so.2
7861d04be000-7861d04c8000 r--p 0002c000 08:22 6324291                    /usr/lib/x86_64-linux-gnu/ld-linux-x86-64.so.2
7861d04c8000-7861d04ca000 r--p 00036000 08:22 6324291                    /usr/lib/x86_64-linux-gnu/ld-linux-x86-64.so.2
7861d04ca000-7861d04cc000 rw-p 00038000 08:22 6324291                    /usr/lib/x86_64-linux-gnu/ld-linux-x86-64.so.2
7fff51137000-7fff51158000 rw-p 00000000 00:00 0                          [stack]
ffffffffff600000-ffffffffff601000 --xp 00000000 00:00 0                  [vsyscall]
Total number of mappings: 130

JVMTI agents: none


VM Arguments:
jvm_args: -Dclassworlds.conf=/usr/lib/apache-netbeans/java/maven/bin/m2.conf -Dmaven.home=/usr/lib/apache-netbeans/java/maven -Dlibrary.jansi.path=/usr/lib/apache-netbeans/java/maven/lib/jansi-native -Dmaven.multiModuleProjectDirectory=/home/edu/Documentos/IPC-2/Games-app/rest-api-games 
java_command: org.codehaus.plexus.classworlds.launcher.Launcher -Dnetbeans.deploy=true -Dexec.vmArgs= -Dexec.appArgs= -Dmaven.ext.class.path=/usr/lib/apache-netbeans/java/maven-nblib/netbeans-eventspy.jar --no-transfer-progress package
java_class_path (initial): /usr/lib/apache-netbeans/java/maven/boot/plexus-classworlds-2.8.0.jar
Launcher Type: SUN_STANDARD

[Global flags]
     intx CICompilerCount                          = 4                                         {product} {ergonomic}
     uint ConcGCThreads                            = 3                                         {product} {ergonomic}
     uint G1ConcRefinementThreads                  = 10                                        {product} {ergonomic}
   size_t G1HeapRegionSize                         = 1048576                                   {product} {ergonomic}
    uintx GCDrainStackTargetSize                   = 64                                        {product} {ergonomic}
   size_t InitialHeapSize                          = 127926272                                 {product} {ergonomic}
   size_t MarkStackSize                            = 4194304                                   {product} {ergonomic}
   size_t MaxHeapSize                              = 2040528896                                {product} {ergonomic}
   size_t MaxNewSize                               = 1223688192                                {product} {ergonomic}
   size_t MinHeapDeltaBytes                        = 1048576                                   {product} {ergonomic}
   size_t MinHeapSize                              = 8388608                                   {product} {ergonomic}
    uintx NonNMethodCodeHeapSize                   = 5839372                                {pd product} {ergonomic}
    uintx NonProfiledCodeHeapSize                  = 122909434                              {pd product} {ergonomic}
    uintx ProfiledCodeHeapSize                     = 122909434                              {pd product} {ergonomic}
    uintx ReservedCodeCacheSize                    = 251658240                              {pd product} {ergonomic}
     bool SegmentedCodeCache                       = true                                      {product} {ergonomic}
   size_t SoftMaxHeapSize                          = 2040528896                             {manageable} {ergonomic}
     bool UseCompressedOops                        = true                           {product lp64_product} {ergonomic}
     bool UseG1GC                                  = true                                      {product} {ergonomic}

Logging:
Log output configuration:
 #0: stdout all=warning uptime,level,tags foldmultilines=false
 #1: stderr all=off uptime,level,tags foldmultilines=false

Release file:
<release file has not been read>
Environment Variables:
JAVA_HOME=/usr/lib/jvm/java-21-openjdk-amd64
PATH=/usr/local/sbin:/usr/local/bin:/usr/sbin:/usr/bin:/sbin:/bin:/usr/games:/usr/local/games:/snap/bin
SHELL=/bin/bash
DISPLAY=:0
LANG=es_GT.UTF-8

Active Locale:
LC_ALL=C
LC_COLLATE=C
LC_CTYPE=C
LC_MESSAGES=C
LC_MONETARY=C
LC_NUMERIC=C
LC_TIME=C

Signal Handlers:
   SIGSEGV: crash_handler in libjvm.so, mask=11100100010111111101111111111110, flags=SA_RESTART|SA_SIGINFO, unblocked
    SIGBUS: crash_handler in libjvm.so, mask=11100100010111111101111111111110, flags=SA_RESTART|SA_SIGINFO, unblocked
    SIGFPE: crash_handler in libjvm.so, mask=11100100010111111101111111111110, flags=SA_RESTART|SA_SIGINFO, unblocked
   SIGPIPE: javaSignalHandler in libjvm.so, mask=11100100010111111101111111111110, flags=SA_RESTART|SA_SIGINFO, blocked
   SIGXFSZ: javaSignalHandler in libjvm.so, mask=11100100010111111101111111111110, flags=SA_RESTART|SA_SIGINFO, blocked
    SIGILL: crash_handler in libjvm.so, mask=11100100010111111101111111111110, flags=SA_RESTART|SA_SIGINFO, unblocked
   SIGUSR2: SR_handler in libjvm.so, mask=00000000000000000000000000000000, flags=SA_RESTART|SA_SIGINFO, blocked
    SIGHUP: SIG_DFL, mask=00000000000000000000000000000000, flags=none, blocked
    SIGINT: SIG_IGN, mask=00000000000000000000000000000000, flags=none, blocked
   SIGTERM: SIG_DFL, mask=00000000000000000000000000000000, flags=none, blocked
   SIGQUIT: UserHandler in libjvm.so, mask=11100100010111111101111111111110, flags=SA_RESTART|SA_SIGINFO, blocked
   SIGTRAP: crash_handler in libjvm.so, mask=11100100010111111101111111111110, flags=SA_RESTART|SA_SIGINFO, unblocked


Periodic native trim disabled

---------------  S Y S T E M  ---------------

OS:
DISTRIB_ID=LinuxMint
DISTRIB_RELEASE=22.2
DISTRIB_CODENAME=zara
DISTRIB_DESCRIPTION="Linux Mint 22.2 Zara"
uname: Linux 6.14.0-29-generic #29~24.04.1-Ubuntu SMP PREEMPT_DYNAMIC Thu Aug 14 16:52:50 UTC 2 x86_64
OS uptime: 0 days 0:16 hours
libc: glibc 2.39 NPTL 2.39 
rlimit (soft/hard): STACK 8192k/infinity , CORE 0k/infinity , NPROC 30500/30500 , NOFILE 1048576/1048576 , AS infinity/infinity , CPU infinity/infinity , DATA infinity/infinity , FSIZE infinity/infinity , MEMLOCK 995408k/995408k
load average: 1.45 1.27 0.88

/proc/meminfo:
MemTotal:        7963288 kB
MemFree:          673644 kB
MemAvailable:    1925364 kB
Buffers:           67300 kB
Cached:          1961328 kB
SwapCached:            8 kB
Active:          4153244 kB
Inactive:        2218820 kB
Active(anon):    3177228 kB
Inactive(anon):  1778196 kB
Active(file):     976016 kB
Inactive(file):   440624 kB
Unevictable:      463496 kB
Mlocked:             152 kB
SwapTotal:       2097148 kB
SwapFree:        2096892 kB
Zswap:                 0 kB
Zswapped:              0 kB
Dirty:             20588 kB
Writeback:             0 kB
AnonPages:       4807452 kB
Mapped:           722432 kB
Shmem:            611984 kB
KReclaimable:     117920 kB
Slab:             274500 kB
SReclaimable:     117920 kB
SUnreclaim:       156580 kB
KernelStack:       20756 kB
PageTables:        57616 kB
SecPageTables:         0 kB
NFS_Unstable:          0 kB
Bounce:                0 kB
WritebackTmp:          0 kB
CommitLimit:     6078792 kB
Committed_AS:   17345444 kB
VmallocTotal:   34359738367 kB
VmallocUsed:       44012 kB
VmallocChunk:          0 kB
Percpu:             8304 kB
HardwareCorrupted:     0 kB
AnonHugePages:      2048 kB
ShmemHugePages:        0 kB
ShmemPmdMapped:        0 kB
FileHugePages:         0 kB
FilePmdMapped:         0 kB
Unaccepted:            0 kB
HugePages_Total:       0
HugePages_Free:        0
HugePages_Rsvd:        0
HugePages_Surp:        0
Hugepagesize:       2048 kB
Hugetlb:               0 kB
DirectMap4k:      223780 kB
DirectMap2M:     5902336 kB
DirectMap1G:     2097152 kB

/sys/kernel/mm/transparent_hugepage/enabled: always [madvise] never
/sys/kernel/mm/transparent_hugepage/hpage_pmd_size: 2097152
/sys/kernel/mm/transparent_hugepage/defrag (defrag/compaction efforts parameter): always defer defer+madvise [madvise] never

Process Memory:
Virtual Size: 4035884K (peak: 4096916K)
Resident Set Size: 36188K (peak: 36188K) (anon: 19584K, file: 16604K, shmem: 0K)
Swapped out: 0K
C-Heap outstanding allocations: 27756K, retained: 979K
glibc malloc tunables: (default)

/proc/sys/kernel/threads-max (system-wide limit on the number of threads): 61001
/proc/sys/vm/max_map_count (maximum number of memory map areas a process may have): 1048576
/proc/sys/vm/swappiness (control to define how aggressively the kernel swaps out anonymous memory): 60
/proc/sys/kernel/pid_max (system-wide limit on number of process identifiers): 4194304

container information not found.
Steal ticks since vm start: 0
Steal ticks percentage since vm start:  0.000

CPU: total 12 (initial active 12) (6 cores per cpu, 2 threads per core) family 6 model 165 stepping 3 microcode 0x100, cx8, cmov, fxsr, ht, mmx, 3dnowpref, sse, sse2, sse3, ssse3, sse4.1, sse4.2, popcnt, lzcnt, tsc, tscinvbit, avx, avx2, aes, erms, clmul, bmi1, bmi2, adx, fma, vzeroupper, clflush, clflushopt, rdtscp, f16c
CPU Model and flags from /proc/cpuinfo:
model name	: Intel(R) Core(TM) i5-10400 CPU @ 2.90GHz
flags		: fpu vme de pse tsc msr pae mce cx8 apic sep mtrr pge mca cmov pat pse36 clflush dts acpi mmx fxsr sse sse2 ss ht tm pbe syscall nx pdpe1gb rdtscp lm constant_tsc art arch_perfmon pebs bts rep_good nopl xtopology nonstop_tsc cpuid aperfmperf pni pclmulqdq dtes64 monitor ds_cpl vmx est tm2 ssse3 sdbg fma cx16 xtpr pdcm pcid sse4_1 sse4_2 x2apic movbe popcnt tsc_deadline_timer aes xsave avx f16c rdrand lahf_lm abm 3dnowprefetch cpuid_fault epb ssbd ibrs ibpb stibp ibrs_enhanced tpr_shadow flexpriority ept vpid ept_ad fsgsbase tsc_adjust bmi1 avx2 smep bmi2 erms invpcid mpx rdseed adx smap clflushopt intel_pt xsaveopt xsavec xgetbv1 xsaves dtherm ida arat pln pts hwp hwp_notify hwp_act_window hwp_epp vnmi md_clear flush_l1d arch_capabilities

Online cpus: 0-11
Offline cpus: 
BIOS frequency limitation: <Not Available>
Frequency switch latency (ns): 0
Available cpu frequencies: <Not Available>
Current governor: powersave
Core performance/turbo boost: <Not Available>

Memory: 4k page, physical 7963288k(1925364k free), swap 2097148k(2096892k free)
Page Sizes: 4k

vm_info: OpenJDK 64-Bit Server VM (21.0.9+10-Ubuntu-124.04) for linux-amd64 JRE (21.0.9+10-Ubuntu-124.04), built on 2025-10-23T12:36:23Z by "buildd" with gcc 13.3.0

END.
