#
# A fatal error has been detected by the Java Runtime Environment:
#
#  Internal Error (relocInfo_x86.cpp:159), pid=8314, tid=8346
#  guarantee(which == Assembler::imm_operand) failed: must be immediate operand
#
# JRE version: OpenJDK Runtime Environment (21.0.9+10) (build 21.0.9+10-Ubuntu-124.04)
# Java VM: OpenJDK 64-Bit Server VM (21.0.9+10-Ubuntu-124.04, mixed mode, sharing, tiered, compressed oops, compressed class ptrs, g1 gc, linux-amd64)
# Problematic frame:
# V  [libjvm.so+0xda2058]  Relocation::pd_address_in_code() [clone .part.0]+0x28
#
# Core dump will be written. Default location: Core dumps may be processed with "/usr/lib/systemd/systemd-coredump %P %u %g %s %t 9223372036854775808 %h %d" (or dumping to /home/edu/Documentos/IPC-2/Games-app/rest-api-games/core.8314)
#
# If you would like to submit a bug report, please visit:
#   https://bugs.launchpad.net/ubuntu/+source/openjdk-21
#

---------------  S U M M A R Y ------------

Command Line: -Dclassworlds.conf=/usr/lib/apache-netbeans/java/maven/bin/m2.conf -Dmaven.home=/usr/lib/apache-netbeans/java/maven -Dlibrary.jansi.path=/usr/lib/apache-netbeans/java/maven/lib/jansi-native -Dmaven.multiModuleProjectDirectory=/home/edu/Documentos/IPC-2/Games-app/rest-api-games org.codehaus.plexus.classworlds.launcher.Launcher -Dnetbeans.deploy=true -Dexec.vmArgs= -Dexec.appArgs= -Dmaven.ext.class.path=/usr/lib/apache-netbeans/java/maven-nblib/netbeans-eventspy.jar --no-transfer-progress package

Host: Intel(R) Core(TM) i5-10400 CPU @ 2.90GHz, 12 cores, 7G, Linux Mint 22.2 Zara
Time: Thu Dec 25 15:08:40 2025 CST elapsed time: 2.041082 seconds (0d 0h 0m 2s)

---------------  T H R E A D  ---------------

Current thread (0x0000780bd815baf0):  JavaThread "C1 CompilerThread0" daemon [_thread_in_vm, id=8346, stack(0x0000780bbc164000,0x0000780bbc264000) (1024K)]


Current CompileTask:
C1:2041 5366       2       org.codehaus.plexus.interpolation.reflection.ReflectionValueExtractor::getClassMap (58 bytes)

Stack: [0x0000780bbc164000,0x0000780bbc264000],  sp=0x0000780bbc261bf0,  free space=1014k
Native frames: (J=compiled Java code, j=interpreted, Vv=VM code, C=native code)
V  [libjvm.so+0xda2058]  Relocation::pd_address_in_code() [clone .part.0]+0x28  (relocInfo_x86.cpp:159)
V  [libjvm.so+0xda2537]
V  [libjvm.so+0xcc1ba0]  nmethod::fix_oop_relocations(unsigned char*, unsigned char*, bool)+0x440
V  [libjvm.so+0xcc566c]  nmethod::nmethod(Method*, CompilerType, int, int, int, CodeOffsets*, int, DebugInformationRecorder*, Dependencies*, CodeBuffer*, int, OopMapSet*, ExceptionHandlerTable*, ImplicitExceptionTable*, AbstractCompiler*, CompLevel, char*, int, JVMCINMethodData*)+0x3bc
V  [libjvm.so+0xcc59fa]  nmethod::new_nmethod(methodHandle const&, int, int, CodeOffsets*, int, DebugInformationRecorder*, Dependencies*, CodeBuffer*, int, OopMapSet*, ExceptionHandlerTable*, ImplicitExceptionTable*, AbstractCompiler*, CompLevel, char*, int, JVMCINMethodData*)+0x1aa
V  [libjvm.so+0x5c4dea]  ciEnv::register_method(ciMethod*, int, CodeOffsets*, int, CodeBuffer*, int, OopMapSet*, ExceptionHandlerTable*, ImplicitExceptionTable*, AbstractCompiler*, bool, bool, bool, int, RTMState)+0x49a
V  [libjvm.so+0x4dd28d]  Compilation::install_code(int)+0xbd
V  [libjvm.so+0x4debed]  Compilation::compile_method()+0x2ad
V  [libjvm.so+0x4dee4b]  Compilation::Compilation(AbstractCompiler*, ciEnv*, ciMethod*, int, BufferBlob*, bool, DirectiveSet*)+0x1fb
V  [libjvm.so+0x4dfd2a]  Compiler::compile_method(ciEnv*, ciMethod*, int, bool, DirectiveSet*)+0xba
V  [libjvm.so+0x66fef3]  CompileBroker::invoke_compiler_on_method(CompileTask*)+0xc73
V  [libjvm.so+0x673118]  CompileBroker::compiler_thread_loop()+0x6d8
V  [libjvm.so+0x92b096]  JavaThread::thread_main_inner()+0x1e6
V  [libjvm.so+0xf8ee77]  Thread::call_run()+0xa7
V  [libjvm.so+0xd054f5]  thread_native_entry(Thread*)+0xd5
C  [libc.so.6+0x9caa4]
Registers:
RAX=0x0000780bde073000, RBX=0x0000780bbc261c20, RCX=0x0000780bdd93f736, RDX=0x0000780bdd99a488
RSP=0x0000780bbc261bf0, RBP=0x0000780bbc261bf0, RSI=0x000000000000009f, RDI=0x0000780bdd99a4c0
R8 =0x0000780bdd9c2634, R9 =0x0000000000000001, R10=0x0000780b349dac9c, R11=0x0000000000000000
R12=0x0000780bbc261c90, R13=0x0000780bddd00fa0, R14=0x0000780bddd00000, R15=0x0000780bddd00fa0
RIP=0x0000780bdd5a2058, EFLAGS=0x0000000000010206, CSGSFS=0x002b000000000033, ERR=0x0000000000000006
  TRAPNO=0x000000000000000e

XMM[0]=0x0000000000000000 0x0000000000000000
XMM[1]=0xfbe9000000000000 0x0000bb48fffffffb
XMM[2]=0x7784ba49f4155c42 0x5de8f0e483480000
XMM[3]=0xfbe9000000000000 0x0000bb48fffffffb
XMM[4]=0xf9834810488bffff 0xfee6e900094f7be8
XMM[5]=0x0000000000000500 0x87c7490000000000
XMM[6]=0x2de9000004609789 0x4d0000780bc7db7a
XMM[7]=0x48fffffef9840f00 0xfa8348fffffee2e9
XMM[8]=0xf9834810488bffff 0xfee6e900094f7be8
XMM[9]=0x6161616161616161 0x6161616161616161
XMM[10]=0x6161616161616161 0x6161616161616161
XMM[11]=0x9999999999999999 0x9999999999999999
XMM[12]=0x2020202020202020 0x2020202020202020
XMM[13]=0x0000000000000000 0x0000000000000000
XMM[14]=0x0000000000000000 0x0000000000000000
XMM[15]=0x0000000000000000 0x0000000000000000
  MXCSR=0x00001fa2


Register to memory mapping:

RAX=0x0000780bde073000 points into unknown readable memory: 0x0000000000000058 | 58 00 00 00 00 00 00 00
RBX=0x0000780bbc261c20 is pointing into the stack for thread: 0x0000780bd815baf0
RCX=0x0000780bdd93f736: <offset 0x000000000113f736> in /usr/lib/jvm/java-21-openjdk-amd64/lib/server/libjvm.so at 0x0000780bdc800000
RDX=0x0000780bdd99a488: <offset 0x000000000119a488> in /usr/lib/jvm/java-21-openjdk-amd64/lib/server/libjvm.so at 0x0000780bdc800000
RSP=0x0000780bbc261bf0 is pointing into the stack for thread: 0x0000780bd815baf0
RBP=0x0000780bbc261bf0 is pointing into the stack for thread: 0x0000780bd815baf0
RSI=0x000000000000009f is an unknown value
RDI=0x0000780bdd99a4c0: <offset 0x000000000119a4c0> in /usr/lib/jvm/java-21-openjdk-amd64/lib/server/libjvm.so at 0x0000780bdc800000
R8 =0x0000780bdd9c2634: <offset 0x00000000011c2634> in /usr/lib/jvm/java-21-openjdk-amd64/lib/server/libjvm.so at 0x0000780bdc800000
R9 =0x0000000000000001 is an unknown value
R10=0x0000780b349dac9c points into unknown readable memory: 0b 78 00 00
R11=0x0 is null
R12=0x0000780bbc261c90 is pointing into the stack for thread: 0x0000780bd815baf0
R13=0x0000780bddd00fa0: <offset 0x0000000001500fa0> in /usr/lib/jvm/java-21-openjdk-amd64/lib/server/libjvm.so at 0x0000780bdc800000
R14=0x0000780bddd00000: <offset 0x0000000001500000> in /usr/lib/jvm/java-21-openjdk-amd64/lib/server/libjvm.so at 0x0000780bdc800000
R15=0x0000780bddd00fa0: <offset 0x0000000001500fa0> in /usr/lib/jvm/java-21-openjdk-amd64/lib/server/libjvm.so at 0x0000780bdc800000

Top of Stack: (sp=0x0000780bbc261bf0)
0x0000780bbc261bf0:   0000780bbc261c00 0000780bdd5a2537
0x0000780bbc261c00:   0000780bbc261cf0 0000780bdd4c1ba0
0x0000780bbc261c10:   0000780bbc261c02 0000780b34012bc8
0x0000780bbc261c20:   0000000000000000 0000780bc11e8d7a
0x0000780bbc261c30:   0000780bc11e8c60 0000780bc11e8a90
0x0000780bbc261c40:   0000780bc11e95ea 0000780bddc0000b
0x0000780bbc261c50:   0000780bbc261c48 0000780bc11e0000
0x0000780bbc261c60:   0000780bc11e8c60 0000780bc11e8c60
0x0000780bbc261c70:   0000780bc11e8fe0 0000780bc11e8c60
0x0000780bbc261c80:   0000780bc11e8fe0 0000780bc11e9040
0x0000780bbc261c90:   0000780bddc09390 0000780bbc261c20
0x0000780bbc261ca0:   0000000000000001 0000780b00000000
0x0000780bbc261cb0:   0000000000000000 0000780bc11e8a90
0x0000780bbc261cc0:   0000000000000000 0000780bd815c2f8
0x0000780bbc261cd0:   0000780bc11e9070 0000780bd8159e70
0x0000780bbc261ce0:   0000780bc11e8a90 0000780bbc2622a8
0x0000780bbc261cf0:   0000780bbc261d90 0000780bdd4c566c
0x0000780bbc261d00:   0000780b349d9cd8 0000000000000000
0x0000780bbc261d10:   0000000000000000 000014f6349dae10
0x0000780bbc261d20:   0000780bc11e8a90 0000780bc11e8a90
0x0000780bbc261d30:   0000000000000008 0000000000000002
0x0000780bbc261d40:   0000780bbc262288 0000780bbc262270
0x0000780bbc261d50:   0000780b40f1fd08 0000780bd815c358
0x0000780bbc261d60:   0000780b349dac96 0000780bc11e8a90
0x0000780bbc261d70:   0000780bbc261e30 0000780bd815c358
0x0000780bbc261d80:   0000780bbc261f70 0000780bddd27f98
0x0000780bbc261d90:   0000780bbc261ea0 0000780bdd4c59fa
0x0000780bbc261da0:   0000780bbc2622a8 0000000000000098
0x0000780bbc261db0:   0000780bd815c358 0000780b40f1fd08
0x0000780bbc261dc0:   0000780bbc2622c8 0000000000000016
0x0000780bbc261dd0:   0000780b40f1fcb0 0000780bbc262270
0x0000780bbc261de0:   0000780bbc262288 0000780bd8159e70 

Instructions: (pc=0x0000780bdd5a2058)
0x0000780bdd5a1f58:   0f 1f 84 00 00 00 00 00 f3 0f 1e fa 55 48 63 77
0x0000780bdd5a1f68:   14 48 89 e5 85 f6 74 38 48 8b 47 08 48 8d 15 95
0x0000780bdd5a1f78:   67 7c ff 48 8b 78 18 48 8b 07 48 8b 80 98 01 00
0x0000780bdd5a1f88:   00 48 39 d0 75 2a 48 63 87 0c 01 00 00 5d 48 8d
0x0000780bdd5a1f98:   44 f0 f8 48 01 f8 48 8b 00 c3 66 0f 1f 44 00 00
0x0000780bdd5a1fa8:   e8 63 05 00 00 5d 48 8b 00 c3 66 0f 1f 44 00 00
0x0000780bdd5a1fb8:   ff d0 5d 48 8b 00 c3 90 f3 0f 1e fa 55 48 63 77
0x0000780bdd5a1fc8:   14 48 89 e5 85 f6 74 38 48 8b 47 08 48 8d 15 75
0x0000780bdd5a1fd8:   57 d0 ff 48 8b 78 18 48 8b 07 48 8b 80 90 01 00
0x0000780bdd5a1fe8:   00 48 39 d0 75 2a 48 63 87 08 01 00 00 5d 48 8d
0x0000780bdd5a1ff8:   44 f0 f8 48 01 f8 48 8b 00 c3 66 0f 1f 44 00 00
0x0000780bdd5a2008:   e8 03 05 00 00 5d 48 8b 00 c3 66 0f 1f 44 00 00
0x0000780bdd5a2018:   ff d0 5d 48 8b 00 c3 90 f3 0f 1e fa c3 90 66 2e
0x0000780bdd5a2028:   0f 1f 84 00 00 00 00 00 48 8d 05 39 8f 72 00 55
0x0000780bdd5a2038:   48 8d 0d f7 d6 39 00 48 8d 15 42 84 3f 00 be 9f
0x0000780bdd5a2048:   00 00 00 48 8d 3d 6e 84 3f 00 48 8b 00 48 89 e5
0x0000780bdd5a2058:   c6 00 58 31 c0 e8 ce 14 91 ff 66 66 2e 0f 1f 84
0x0000780bdd5a2068:   00 00 00 00 00 0f 1f 00 f3 0f 1e fa 55 48 89 e5
0x0000780bdd5a2078:   41 56 41 55 41 54 41 89 cc 53 48 8b 47 08 48 8d
0x0000780bdd5a2088:   1c 16 48 8b 50 08 4c 8b 68 20 0f b7 32 66 c1 ee
0x0000780bdd5a2098:   08 66 83 e6 07 75 21 31 f6 4c 89 ef 84 c9 0f 85
0x0000780bdd5a20a8:   7c 00 00 00 e8 2f c1 6a ff 48 89 18 5b 41 5c 41
0x0000780bdd5a20b8:   5d 41 5e 5d c3 0f 1f 00 66 83 fe 03 0f 84 9e 00
0x0000780bdd5a20c8:   00 00 4c 89 ef 0f b7 f6 e8 0b c1 6a ff 4c 89 ef
0x0000780bdd5a20d8:   49 89 c6 e8 a0 c6 6a ff 45 84 e4 0f 84 f7 00 00
0x0000780bdd5a20e8:   00 49 63 16 48 29 c3 48 39 da 74 c0 48 8d 05 75
0x0000780bdd5a20f8:   8e 72 00 48 8d 0d 4e d6 39 00 48 8d 15 97 84 3f
0x0000780bdd5a2108:   00 be 4a 00 00 00 48 8d 3d ab 83 3f 00 48 8b 00
0x0000780bdd5a2118:   c6 00 58 31 c0 e8 0e 14 91 ff 66 0f 1f 44 00 00
0x0000780bdd5a2128:   e8 b3 c0 6a ff 48 39 18 0f 84 7e ff ff ff 48 8d
0x0000780bdd5a2138:   05 33 8e 72 00 48 8d 0d 0c d6 39 00 48 8d 15 9d
0x0000780bdd5a2148:   83 3f 00 be 2f 00 00 00 48 8d 3d 69 83 3f 00 48 


Stack slot to memory mapping:

stack at sp + 0 slots: 0x0000780bbc261c00 is pointing into the stack for thread: 0x0000780bd815baf0
stack at sp + 1 slots: 0x0000780bdd5a2537: <offset 0x0000000000da2537> in /usr/lib/jvm/java-21-openjdk-amd64/lib/server/libjvm.so at 0x0000780bdc800000
stack at sp + 2 slots: 0x0000780bbc261cf0 is pointing into the stack for thread: 0x0000780bd815baf0
stack at sp + 3 slots: 0x0000780bdd4c1ba0: <offset 0x0000000000cc1ba0> in /usr/lib/jvm/java-21-openjdk-amd64/lib/server/libjvm.so at 0x0000780bdc800000
stack at sp + 4 slots: 0x0000780bbc261c02 is pointing into the stack for thread: 0x0000780bd815baf0
stack at sp + 5 slots: 0x0000780b34012bc8 points into unknown readable memory: 0x0000000089178128 | 28 81 17 89 00 00 00 00
stack at sp + 6 slots: 0x0 is null
stack at sp + 7 slots: 0x0000780bc11e8d7a is at entry_point+282 in (nmethod*)0x0000780bc11e8a90
Compiled method (c1) 2044 5366       2       org.codehaus.plexus.interpolation.reflection.ReflectionValueExtractor::getClassMap (58 bytes)
 total in heap  [0x0000780bc11e8a90,0x0000780bc11e91a0] = 1808
 relocation     [0x0000780bc11e8be8,0x0000780bc11e8c60] = 120
 main code      [0x0000780bc11e8c60,0x0000780bc11e8fe0] = 896
 stub code      [0x0000780bc11e8fe0,0x0000780bc11e9040] = 96
 oops           [0x0000780bc11e9040,0x0000780bc11e9050] = 16
 metadata       [0x0000780bc11e9050,0x0000788bc11e9070] = 32
 scopes data    [0x0000788bc11e9070,0x0000780bc11e90d8] = 104
 scopes pcs     [0x0000780bc11e90d8,0x0000780bc11e9188] = 176
 dependencies   [0x0000780bc11e9188,0x0000780bc11e9190] = 8
 nul chk table  [0x0000780bc11e9190,0x0000780bc11e91a0] = 16


---------------  P R O C E S S  ---------------

Threads class SMR info:
_java_thread_list=0x0000780b34943430, length=12, elements={
0x0000780bd80192c0, 0x0000780bd8153010, 0x0000780bd8154580, 0x0000780bd8155d10,
0x0000780bd8157350, 0x0000780bd81588f0, 0x0000780bd815a430, 0x0000780bd815baf0,
0x0000780bd8167990, 0x0000780bd816acc0, 0x0000780b348f6740, 0x0000780b349422b0
}

Java Threads: ( => current thread )
  0x0000780bd80192c0 JavaThread "main"                              [_thread_blocked, id=8332, stack(0x0000780bdc300000,0x0000780bdc400000) (1024K)]
  0x0000780bd8153010 JavaThread "Reference Handler"          daemon [_thread_blocked, id=8340, stack(0x0000780bbc764000,0x0000780bbc864000) (1024K)]
  0x0000780bd8154580 JavaThread "Finalizer"                  daemon [_thread_blocked, id=8341, stack(0x0000780bbc664000,0x0000780bbc764000) (1024K)]
  0x0000780bd8155d10 JavaThread "Signal Dispatcher"          daemon [_thread_blocked, id=8342, stack(0x0000780bbc564000,0x0000780bbc664000) (1024K)]
  0x0000780bd8157350 JavaThread "Service Thread"             daemon [_thread_blocked, id=8343, stack(0x0000780bbc464000,0x0000780bbc564000) (1024K)]
  0x0000780bd81588f0 JavaThread "Monitor Deflation Thread"   daemon [_thread_blocked, id=8344, stack(0x0000780bbc364000,0x0000780bbc464000) (1024K)]
  0x0000780bd815a430 JavaThread "C2 CompilerThread0"         daemon [_thread_in_vm, id=8345, stack(0x0000780bbc264000,0x0000780bbc364000) (1024K)]
=>0x0000780bd815baf0 JavaThread "C1 CompilerThread0"         daemon [_thread_in_vm, id=8346, stack(0x0000780bbc164000,0x0000780bbc264000) (1024K)]
  0x0000780bd8167990 JavaThread "Notification Thread"        daemon [_thread_blocked, id=8347, stack(0x0000780badf00000,0x0000780bae000000) (1024K)]
  0x0000780bd816acc0 JavaThread "Common-Cleaner"             daemon [_thread_blocked, id=8348, stack(0x0000780bad500000,0x0000780bad600000) (1024K)]
  0x0000780b348f6740 JavaThread "C2 CompilerThread1"         daemon [_thread_in_native, id=8370, stack(0x0000780bad400000,0x0000780bad500000) (1024K)]
  0x0000780b349422b0 JavaThread "C2 CompilerThread2"         daemon [_thread_blocked, id=8371, stack(0x0000780bac4f6000,0x0000780bac5f6000) (1024K)]
Total: 12

Other Threads:
  0x0000780bd8149ef0 VMThread "VM Thread"                           [id=8339, stack(0x0000780bbc865000,0x0000780bbc965000) (1024K)]
  0x0000780bd8138080 WatcherThread "VM Periodic Task Thread"        [id=8338, stack(0x0000780bbc966000,0x0000780bbca66000) (1024K)]
  0x0000780bd8070dc0 WorkerThread "GC Thread#0"                     [id=8333, stack(0x0000780bbd8f6000,0x0000780bbd9f6000) (1024K)]
  0x0000780b54008190 WorkerThread "GC Thread#1"                     [id=8350, stack(0x0000780bad300000,0x0000780bad400000) (1024K)]
  0x0000780b54010990 WorkerThread "GC Thread#2"                     [id=8351, stack(0x0000780bacf00000,0x0000780bad000000) (1024K)]
  0x0000780b5400fed0 WorkerThread "GC Thread#3"                     [id=8352, stack(0x0000780bacdff000,0x0000780baceff000) (1024K)]
  0x0000780b54013140 WorkerThread "GC Thread#4"                     [id=8353, stack(0x0000780baccfe000,0x0000780bacdfe000) (1024K)]
  0x0000780b54013c30 WorkerThread "GC Thread#5"                     [id=8354, stack(0x0000780bacbfd000,0x0000780baccfd000) (1024K)]
  0x0000780b54014720 WorkerThread "GC Thread#6"                     [id=8355, stack(0x0000780bacafc000,0x0000780bacbfc000) (1024K)]
  0x0000780b54015230 WorkerThread "GC Thread#7"                     [id=8356, stack(0x0000780bac9fb000,0x0000780bacafb000) (1024K)]
  0x0000780b54015d60 WorkerThread "GC Thread#8"                     [id=8357, stack(0x0000780bac8fa000,0x0000780bac9fa000) (1024K)]
  0x0000780b54012520 WorkerThread "GC Thread#9"                     [id=8358, stack(0x0000780bac7f9000,0x0000780bac8f9000) (1024K)]
  0x0000780bd8081730 ConcurrentGCThread "G1 Main Marker"            [id=8334, stack(0x0000780bbd7f5000,0x0000780bbd8f5000) (1024K)]
  0x0000780bd80826e0 WorkerThread "G1 Conc#0"                       [id=8335, stack(0x0000780bbd6f4000,0x0000780bbd7f4000) (1024K)]
  0x0000780bb0000d80 WorkerThread "G1 Conc#1"                       [id=8364, stack(0x0000780bac6f8000,0x0000780bac7f8000) (1024K)]
  0x0000780bb0001600 WorkerThread "G1 Conc#2"                       [id=8365, stack(0x0000780bac5f7000,0x0000780bac6f7000) (1024K)]
  0x0000780bd811c6a0 ConcurrentGCThread "G1 Refine#0"               [id=8336, stack(0x0000780bbcbe9000,0x0000780bbcce9000) (1024K)]
  0x0000780bd811d660 ConcurrentGCThread "G1 Service"                [id=8337, stack(0x0000780bbcae8000,0x0000780bbcbe8000) (1024K)]
Total: 18

Threads with active compile tasks:
C2 CompilerThread0  2045 4994       4       org.codehaus.plexus.interpolation.AbstractDelegatingValueSource::getValue (11 bytes)
C1 CompilerThread0  2045 5366       2       org.codehaus.plexus.interpolation.reflection.ReflectionValueExtractor::getClassMap (58 bytes)
C2 CompilerThread1  2045 5013       4       org.apache.maven.model.interpolation.StringVisitorModelInterpolator$ModelVisitor::visit (117 bytes)
C2 CompilerThread2  2045 5011   !   4       org.codehaus.plexus.interpolation.StringSearchInterpolator::interpolate (668 bytes)
Total: 4

VM state: not at safepoint (normal execution)

VM Mutex/Monitor currently owned by a thread:  ([mutex/lock_event])
[0x0000780bddd29398] MethodCompileQueue_lock - owner thread: 0x0000780bd815baf0
[0x0000780bddd27f98] CodeCache_lock - owner thread: 0x0000780bd815baf0
[0x0000780bddd27e18] Compile_lock - owner thread: 0x0000780bd815baf0

Heap address: 0x0000000086600000, size: 1946 MB, Compressed Oops mode: 32-bit

CDS archive(s) mapped at: [0x0000780b5f000000-0x0000780b5fca0000-0x0000780b5fca0000), size 13238272, SharedBaseAddress: 0x0000780b5f000000, ArchiveRelocationMode: 1.
Compressed class space mapped at: 0x0000780b60000000-0x0000780ba0000000, reserved size: 1073741824
Narrow klass base: 0x0000780b5f000000, Narrow klass shift: 0, Narrow klass range: 0x100000000

GC Precious Log:
 CardTable entry size: 512
 Card Set container configuration: InlinePtr #cards 5 size 8 Array Of Cards #cards 12 size 40 Howl #buckets 4 coarsen threshold 1843 Howl Bitmap #cards 512 size 80 coarsen threshold 460 Card regions per heap region 1 cards per card region 2048
 CPUs: 12 total, 12 available
 Memory: 7776M
 Large Page Support: Disabled
 NUMA Support: Disabled
 Compressed Oops: Enabled (32-bit)
 Heap Region Size: 1M
 Heap Min Capacity: 8M
 Heap Initial Capacity: 122M
 Heap Max Capacity: 1946M
 Pre-touch: Disabled
 Parallel Workers: 10
 Concurrent Workers: 3
 Concurrent Refinement Workers: 10
 Periodic GC: Disabled

Heap:
 garbage-first heap   total 58368K, used 24626K [0x0000000086600000, 0x0000000100000000)
  region size 1024K, 14 young (14336K), 5 survivors (5120K)
 Metaspace       used 21703K, committed 22080K, reserved 1114112K
  class space    used 2482K, committed 2688K, reserved 1048576K

Heap Regions: E=young(eden), S=young(survivor), O=old, HS=humongous(starts), HC=humongous(continues), CS=collection set, F=free, TAMS=top-at-mark-start, PB=parsable bottom
|   0|0x0000000086600000, 0x0000000086700000, 0x0000000086700000|100%| O|  |TAMS 0x0000000086600000| PB 0x0000000086600000| Untracked 
|   1|0x0000000086700000, 0x0000000086800000, 0x0000000086800000|100%| O|  |TAMS 0x0000000086700000| PB 0x0000000086700000| Untracked 
|   2|0x0000000086800000, 0x0000000086900000, 0x0000000086900000|100%| O|  |TAMS 0x0000000086800000| PB 0x0000000086800000| Untracked 
|   3|0x0000000086900000, 0x0000000086a00000, 0x0000000086a00000|100%| O|  |TAMS 0x0000000086900000| PB 0x0000000086900000| Untracked 
|   4|0x0000000086a00000, 0x0000000086b00000, 0x0000000086b00000|100%| O|  |TAMS 0x0000000086a00000| PB 0x0000000086a00000| Untracked 
|   5|0x0000000086b00000, 0x0000000086c00000, 0x0000000086c00000|100%| O|  |TAMS 0x0000000086b00000| PB 0x0000000086b00000| Untracked 
|   6|0x0000000086c00000, 0x0000000086d00000, 0x0000000086d00000|100%| O|  |TAMS 0x0000000086c00000| PB 0x0000000086c00000| Untracked 
|   7|0x0000000086d00000, 0x0000000086e00000, 0x0000000086e00000|100%| O|  |TAMS 0x0000000086d00000| PB 0x0000000086d00000| Untracked 
|   8|0x0000000086e00000, 0x0000000086f00000, 0x0000000086f00000|100%| O|  |TAMS 0x0000000086e00000| PB 0x0000000086e00000| Untracked 
|   9|0x0000000086f00000, 0x0000000087000000, 0x0000000087000000|100%| O|  |TAMS 0x0000000086f00000| PB 0x0000000086f00000| Untracked 
|  10|0x0000000087000000, 0x0000000087000000, 0x0000000087100000|  0%| F|  |TAMS 0x0000000087000000| PB 0x0000000087000000| Untracked 
|  11|0x0000000087100000, 0x0000000087100000, 0x0000000087200000|  0%| F|  |TAMS 0x0000000087100000| PB 0x0000000087100000| Untracked 
|  12|0x0000000087200000, 0x0000000087200000, 0x0000000087300000|  0%| F|  |TAMS 0x0000000087200000| PB 0x0000000087200000| Untracked 
|  13|0x0000000087300000, 0x0000000087300000, 0x0000000087400000|  0%| F|  |TAMS 0x0000000087300000| PB 0x0000000087300000| Untracked 
|  14|0x0000000087400000, 0x0000000087400000, 0x0000000087500000|  0%| F|  |TAMS 0x0000000087400000| PB 0x0000000087400000| Untracked 
|  15|0x0000000087500000, 0x0000000087500000, 0x0000000087600000|  0%| F|  |TAMS 0x0000000087500000| PB 0x0000000087500000| Untracked 
|  16|0x0000000087600000, 0x0000000087600000, 0x0000000087700000|  0%| F|  |TAMS 0x0000000087600000| PB 0x0000000087600000| Untracked 
|  17|0x0000000087700000, 0x0000000087700000, 0x0000000087800000|  0%| F|  |TAMS 0x0000000087700000| PB 0x0000000087700000| Untracked 
|  18|0x0000000087800000, 0x0000000087800000, 0x0000000087900000|  0%| F|  |TAMS 0x0000000087800000| PB 0x0000000087800000| Untracked 
|  19|0x0000000087900000, 0x0000000087900000, 0x0000000087a00000|  0%| F|  |TAMS 0x0000000087900000| PB 0x0000000087900000| Untracked 
|  20|0x0000000087a00000, 0x0000000087a00000, 0x0000000087b00000|  0%| F|  |TAMS 0x0000000087a00000| PB 0x0000000087a00000| Untracked 
|  21|0x0000000087b00000, 0x0000000087b00000, 0x0000000087c00000|  0%| F|  |TAMS 0x0000000087b00000| PB 0x0000000087b00000| Untracked 
|  22|0x0000000087c00000, 0x0000000087c00000, 0x0000000087d00000|  0%| F|  |TAMS 0x0000000087c00000| PB 0x0000000087c00000| Untracked 
|  23|0x0000000087d00000, 0x0000000087d00000, 0x0000000087e00000|  0%| F|  |TAMS 0x0000000087d00000| PB 0x0000000087d00000| Untracked 
|  24|0x0000000087e00000, 0x0000000087e00000, 0x0000000087f00000|  0%| F|  |TAMS 0x0000000087e00000| PB 0x0000000087e00000| Untracked 
|  25|0x0000000087f00000, 0x0000000087f00000, 0x0000000088000000|  0%| F|  |TAMS 0x0000000087f00000| PB 0x0000000087f00000| Untracked 
|  26|0x0000000088000000, 0x0000000088000000, 0x0000000088100000|  0%| F|  |TAMS 0x0000000088000000| PB 0x0000000088000000| Untracked 
|  27|0x0000000088100000, 0x0000000088100000, 0x0000000088200000|  0%| F|  |TAMS 0x0000000088100000| PB 0x0000000088100000| Untracked 
|  28|0x0000000088200000, 0x0000000088200000, 0x0000000088300000|  0%| F|  |TAMS 0x0000000088200000| PB 0x0000000088200000| Untracked 
|  29|0x0000000088300000, 0x0000000088300000, 0x0000000088400000|  0%| F|  |TAMS 0x0000000088300000| PB 0x0000000088300000| Untracked 
|  30|0x0000000088400000, 0x0000000088400000, 0x0000000088500000|  0%| F|  |TAMS 0x0000000088400000| PB 0x0000000088400000| Untracked 
|  31|0x0000000088500000, 0x0000000088500000, 0x0000000088600000|  0%| F|  |TAMS 0x0000000088500000| PB 0x0000000088500000| Untracked 
|  32|0x0000000088600000, 0x0000000088600000, 0x0000000088700000|  0%| F|  |TAMS 0x0000000088600000| PB 0x0000000088600000| Untracked 
|  33|0x0000000088700000, 0x0000000088700000, 0x0000000088800000|  0%| F|  |TAMS 0x0000000088700000| PB 0x0000000088700000| Untracked 
|  34|0x0000000088800000, 0x0000000088800000, 0x0000000088900000|  0%| F|  |TAMS 0x0000000088800000| PB 0x0000000088800000| Untracked 
|  35|0x0000000088900000, 0x0000000088900000, 0x0000000088a00000|  0%| F|  |TAMS 0x0000000088900000| PB 0x0000000088900000| Untracked 
|  36|0x0000000088a00000, 0x0000000088a00000, 0x0000000088b00000|  0%| F|  |TAMS 0x0000000088a00000| PB 0x0000000088a00000| Untracked 
|  37|0x0000000088b00000, 0x0000000088b00000, 0x0000000088c00000|  0%| F|  |TAMS 0x0000000088b00000| PB 0x0000000088b00000| Untracked 
|  38|0x0000000088c00000, 0x0000000088c00000, 0x0000000088d00000|  0%| F|  |TAMS 0x0000000088c00000| PB 0x0000000088c00000| Untracked 
|  39|0x0000000088d00000, 0x0000000088d00000, 0x0000000088e00000|  0%| F|  |TAMS 0x0000000088d00000| PB 0x0000000088d00000| Untracked 
|  40|0x0000000088e00000, 0x0000000088e00000, 0x0000000088f00000|  0%| F|  |TAMS 0x0000000088e00000| PB 0x0000000088e00000| Untracked 
|  41|0x0000000088f00000, 0x0000000088f80000, 0x0000000089000000| 50%| E|  |TAMS 0x0000000088f00000| PB 0x0000000088f00000| Complete 
|  42|0x0000000089000000, 0x0000000089100000, 0x0000000089100000|100%| E|CS|TAMS 0x0000000089000000| PB 0x0000000089000000| Complete 
|  43|0x0000000089100000, 0x0000000089200000, 0x0000000089200000|100%| E|CS|TAMS 0x0000000089100000| PB 0x0000000089100000| Complete 
|  44|0x0000000089200000, 0x0000000089300000, 0x0000000089300000|100%| E|CS|TAMS 0x0000000089200000| PB 0x0000000089200000| Complete 
|  45|0x0000000089300000, 0x0000000089400000, 0x0000000089400000|100%| E|CS|TAMS 0x0000000089300000| PB 0x0000000089300000| Complete 
|  46|0x0000000089400000, 0x0000000089500000, 0x0000000089500000|100%| E|CS|TAMS 0x0000000089400000| PB 0x0000000089400000| Complete 
|  47|0x0000000089500000, 0x0000000089600000, 0x0000000089600000|100%| E|CS|TAMS 0x0000000089500000| PB 0x0000000089500000| Complete 
|  48|0x0000000089600000, 0x0000000089700000, 0x0000000089700000|100%| E|CS|TAMS 0x0000000089600000| PB 0x0000000089600000| Complete 
|  92|0x000000008c200000, 0x000000008c300000, 0x000000008c300000|100%| S|CS|TAMS 0x000000008c200000| PB 0x000000008c200000| Complete 
|  93|0x000000008c300000, 0x000000008c400000, 0x000000008c400000|100%| S|CS|TAMS 0x000000008c300000| PB 0x000000008c300000| Complete 
|  94|0x000000008c400000, 0x000000008c500000, 0x000000008c500000|100%| S|CS|TAMS 0x000000008c400000| PB 0x000000008c400000| Complete 
|  95|0x000000008c500000, 0x000000008c600000, 0x000000008c600000|100%| S|CS|TAMS 0x000000008c500000| PB 0x000000008c500000| Complete 
|  96|0x000000008c600000, 0x000000008c700000, 0x000000008c700000|100%| S|CS|TAMS 0x000000008c600000| PB 0x000000008c600000| Complete 
| 121|0x000000008df00000, 0x000000008e000000, 0x000000008e000000|100%| E|CS|TAMS 0x000000008df00000| PB 0x000000008df00000| Complete 
|1944|0x00000000ffe00000, 0x00000000fff00000, 0x00000000fff00000|100%| O|  |TAMS 0x00000000ffe00000| PB 0x00000000ffe00000| Untracked 
|1945|0x00000000fff00000, 0x00000000fff0c840, 0x0000000100000000|  4%| O|Cm|TAMS 0x00000000fff00000| PB 0x00000000fff00000| Complete 

Card table byte_map: [0x0000780bbf85e000,0x0000780bbfc2b000] _byte_map_base: 0x0000780bbf42b000

Marking Bits: (CMBitMap*) 0x0000780bd80718f0
 Bits: [0x0000780bbd9f6000, 0x0000780bbf85e000)

Polling page: 0x0000780bde071000

Metaspace:

Usage:
  Non-class:     18.77 MB used.
      Class:      2.42 MB used.
       Both:     21.19 MB used.

Virtual space:
  Non-class space:       64.00 MB reserved,      18.94 MB ( 30%) committed,  1 nodes.
      Class space:        1.00 GB reserved,       2.62 MB ( <1%) committed,  1 nodes.
             Both:        1.06 GB reserved,      21.56 MB (  2%) committed. 

Chunk freelists:
   Non-Class:  12.50 MB
       Class:  13.36 MB
        Both:  25.86 MB

MaxMetaspaceSize: unlimited
CompressedClassSpaceSize: 1.00 GB
Initial GC threshold: 21.00 MB
Current GC threshold: 35.25 MB
CDS: on
 - commit_granule_bytes: 65536.
 - commit_granule_words: 8192.
 - virtual_space_node_default_size: 8388608.
 - enlarge_chunks_in_place: 1.
 - use_allocation_guard: 0.


Internal statistics:

num_allocs_failed_limit: 3.
num_arena_births: 216.
num_arena_deaths: 0.
num_vsnodes_births: 2.
num_vsnodes_deaths: 0.
num_space_committed: 345.
num_space_uncommitted: 0.
num_chunks_returned_to_freelist: 3.
num_chunks_taken_from_freelist: 983.
num_chunk_merges: 3.
num_chunk_splits: 687.
num_chunks_enlarged: 539.
num_inconsistent_stats: 0.

CodeHeap 'non-profiled nmethods': size=120028Kb used=1880Kb max_used=1880Kb free=118147Kb
 bounds [0x0000780bc82c9000, 0x0000780bc8539000, 0x0000780bcf800000]
CodeHeap 'profiled nmethods': size=120028Kb used=10148Kb max_used=10148Kb free=109879Kb
 bounds [0x0000780bc0800000, 0x0000780bc11f0000, 0x0000780bc7d37000]
CodeHeap 'non-nmethods': size=5704Kb used=1423Kb max_used=1444Kb free=4280Kb
 bounds [0x0000780bc7d37000, 0x0000780bc7fa7000, 0x0000780bc82c9000]
CodeCache: size=245760Kb, used=13451Kb, max_used=13472Kb, free=232306Kb
 total_blobs=5867, nmethods=5337, adapters=434, full_count=0
Compilation: enabled, stopped_count=0, restarted_count=0

Compilation events (20 events):
Event: 2.033 Thread 0x0000780bd815baf0 nmethod 5355 0x0000780bc11dfb90 code [0x0000780bc11dfd20, 0x0000780bc11dfe80]
Event: 2.034 Thread 0x0000780bd815baf0 5362       2       org.codehaus.plexus.interpolation.reflection.ReflectionValueExtractor::evaluate (242 bytes)
Event: 2.035 Thread 0x0000780bd815baf0 nmethod 5362 0x0000780bc11dff10 code [0x0000780bc11e0220, 0x0000780bc11e0eb8]
Event: 2.035 Thread 0x0000780bd815baf0 5372       3       java.util.regex.Pattern::newSlice (181 bytes)
Event: 2.036 Thread 0x0000780bd815baf0 nmethod 5372 0x0000780bc11e1810 code [0x0000780bc11e1b60, 0x0000780bc11e2d40]
Event: 2.036 Thread 0x0000780bd815baf0 5371       3       java.util.regex.Pattern$BnM::optimize (179 bytes)
Event: 2.036 Thread 0x0000780bd815baf0 nmethod 5371 0x0000780bc11e3410 code [0x0000780bc11e3680, 0x0000780bc11e43f8]
Event: 2.036 Thread 0x0000780bd815baf0 5369       1       org.apache.maven.plugins.war.util.DependencyInfo::getDependency (5 bytes)
Event: 2.036 Thread 0x0000780bd815baf0 nmethod 5369 0x0000780bc849ed90 code [0x0000780bc849ef20, 0x0000780bc849efe0]
Event: 2.036 Thread 0x0000780bd815baf0 5361   !   2       org.codehaus.plexus.interpolation.ObjectBasedValueSource::getValue (66 bytes)
Event: 2.036 Thread 0x0000780bd815baf0 nmethod 5361 0x0000780bc11e4790 code [0x0000780bc11e4a00, 0x0000780bc11e4f38]
Event: 2.036 Thread 0x0000780bd815baf0 5364       2       org.codehaus.plexus.interpolation.reflection.ReflectionValueExtractor$Tokenizer::skipChar (37 bytes)
Event: 2.037 Thread 0x0000780bd815baf0 nmethod 5364 0x0000780bc11e5290 code [0x0000780bc11e5440, 0x0000780bc11e56b0]
Event: 2.037 Thread 0x0000780bd815baf0 5363       2       org.codehaus.plexus.interpolation.reflection.ReflectionValueExtractor$Tokenizer::<init> (10 bytes)
Event: 2.037 Thread 0x0000780bd815baf0 nmethod 5363 0x0000780bc11e5890 code [0x0000780bc11e5a20, 0x0000780bc11e5b68]
Event: 2.037 Thread 0x0000780bd815baf0 5365   !   2       org.codehaus.plexus.interpolation.reflection.ReflectionValueExtractor::getPropertyValue (114 bytes)
Event: 2.037 Thread 0x0000780bd815baf0 nmethod 5365 0x0000780bc11e5c10 code [0x0000780bc11e5ee0, 0x0000780bc11e6698]
Event: 2.037 Thread 0x0000780bd815baf0 5376   !   2       org.codehaus.plexus.interpolation.RegexBasedInterpolator::interpolate (313 bytes)
Event: 2.038 Thread 0x0000780bd815baf0 nmethod 5376 0x0000780bc11e6b90 code [0x0000780bc11e6f20, 0x0000780bc11e7da8]
Event: 2.038 Thread 0x0000780bd815baf0 5366       2       org.codehaus.plexus.interpolation.reflection.ReflectionValueExtractor::getClassMap (58 bytes)

GC Heap History (10 events):
Event: 0.343 GC heap before
{Heap before GC invocations=0 (full 0):
 garbage-first heap   total 126976K, used 23602K [0x0000000086600000, 0x0000000100000000)
  region size 1024K, 23 young (23552K), 0 survivors (0K)
 Metaspace       used 5860K, committed 6016K, reserved 1114112K
  class space    used 691K, committed 768K, reserved 1048576K
}
Event: 0.346 GC heap after
{Heap after GC invocations=1 (full 0):
 garbage-first heap   total 126976K, used 4082K [0x0000000086600000, 0x0000000100000000)
  region size 1024K, 3 young (3072K), 3 survivors (3072K)
 Metaspace       used 5860K, committed 6016K, reserved 1114112K
  class space    used 691K, committed 768K, reserved 1048576K
}
Event: 0.857 GC heap before
{Heap before GC invocations=1 (full 0):
 garbage-first heap   total 126976K, used 53234K [0x0000000086600000, 0x0000000100000000)
  region size 1024K, 51 young (52224K), 3 survivors (3072K)
 Metaspace       used 13905K, committed 14144K, reserved 1114112K
  class space    used 1687K, committed 1792K, reserved 1048576K
}
Event: 0.864 GC heap after
{Heap after GC invocations=2 (full 0):
 garbage-first heap   total 126976K, used 7720K [0x0000000086600000, 0x0000000100000000)
  region size 1024K, 7 young (7168K), 7 survivors (7168K)
 Metaspace       used 13905K, committed 14144K, reserved 1114112K
  class space    used 1687K, committed 1792K, reserved 1048576K
}
Event: 1.252 GC heap before
{Heap before GC invocations=2 (full 0):
 garbage-first heap   total 126976K, used 75304K [0x0000000086600000, 0x0000000100000000)
  region size 1024K, 73 young (74752K), 7 survivors (7168K)
 Metaspace       used 16438K, committed 16640K, reserved 1114112K
  class space    used 1907K, committed 1984K, reserved 1048576K
}
Event: 1.262 GC heap after
{Heap after GC invocations=3 (full 0):
 garbage-first heap   total 126976K, used 11495K [0x0000000086600000, 0x0000000100000000)
  region size 1024K, 8 young (8192K), 8 survivors (8192K)
 Metaspace       used 16438K, committed 16640K, reserved 1114112K
  class space    used 1907K, committed 1984K, reserved 1048576K
}
Event: 1.817 GC heap before
{Heap before GC invocations=3 (full 0):
 garbage-first heap   total 126976K, used 78055K [0x0000000086600000, 0x0000000100000000)
  region size 1024K, 73 young (74752K), 8 survivors (8192K)
 Metaspace       used 19919K, committed 20224K, reserved 1114112K
  class space    used 2211K, committed 2304K, reserved 1048576K
}
Event: 1.825 GC heap after
{Heap after GC invocations=4 (full 0):
 garbage-first heap   total 126976K, used 14698K [0x0000000086600000, 0x0000000100000000)
  region size 1024K, 7 young (7168K), 7 survivors (7168K)
 Metaspace       used 19919K, committed 20224K, reserved 1114112K
  class space    used 2211K, committed 2304K, reserved 1048576K
}
Event: 1.952 GC heap before
{Heap before GC invocations=4 (full 0):
 garbage-first heap   total 126976K, used 39274K [0x0000000086600000, 0x0000000100000000)
  region size 1024K, 32 young (32768K), 7 survivors (7168K)
 Metaspace       used 21137K, committed 21504K, reserved 1114112K
  class space    used 2408K, committed 2560K, reserved 1048576K
}
Event: 1.959 GC heap after
{Heap after GC invocations=5 (full 0):
 garbage-first heap   total 126976K, used 16434K [0x0000000086600000, 0x0000000100000000)
  region size 1024K, 5 young (5120K), 5 survivors (5120K)
 Metaspace       used 21137K, committed 21504K, reserved 1114112K
  class space    used 2408K, committed 2560K, reserved 1048576K
}

Dll operation events (8 events):
Event: 0.001 Loaded shared library /usr/lib/jvm/java-21-openjdk-amd64/lib/libjava.so
Event: 0.015 Loaded shared library /usr/lib/jvm/java-21-openjdk-amd64/lib/libjsvml.so
Event: 0.019 Loaded shared library /usr/lib/jvm/java-21-openjdk-amd64/lib/libnio.so
Event: 0.021 Loaded shared library /usr/lib/jvm/java-21-openjdk-amd64/lib/libzip.so
Event: 0.029 Loaded shared library /usr/lib/jvm/java-21-openjdk-amd64/lib/libnet.so
Event: 0.095 Loaded shared library /usr/lib/jvm/java-21-openjdk-amd64/lib/libjimage.so
Event: 0.099 Loaded shared library /tmp/jansi-2.4.1-1f5434ad9ea94563-libjansi.so
Event: 0.104 Loaded shared library /usr/lib/jvm/java-21-openjdk-amd64/lib/libverify.so

Deoptimization events (20 events):
Event: 1.829 Thread 0x0000780bd80192c0 DEOPT PACKING pc=0x0000780bc0d54cf4 sp=0x0000780bdc3fb640
Event: 1.829 Thread 0x0000780bd80192c0 DEOPT UNPACKING pc=0x0000780bc7d8b72f sp=0x0000780bdc3fabb8 mode 0
Event: 1.838 Thread 0x0000780bd80192c0 DEOPT PACKING pc=0x0000780bc0d54cf4 sp=0x0000780bdc3fb860
Event: 1.838 Thread 0x0000780bd80192c0 DEOPT UNPACKING pc=0x0000780bc7d8b72f sp=0x0000780bdc3fadd8 mode 0
Event: 1.844 Thread 0x0000780bd80192c0 DEOPT PACKING pc=0x0000780bc0d54cf4 sp=0x0000780bdc3fb3f0
Event: 1.844 Thread 0x0000780bd80192c0 DEOPT UNPACKING pc=0x0000780bc7d8b72f sp=0x0000780bdc3fa968 mode 0
Event: 1.858 Thread 0x0000780bd80192c0 DEOPT PACKING pc=0x0000780bc0d54cf4 sp=0x0000780bdc3fa6a0
Event: 1.858 Thread 0x0000780bd80192c0 DEOPT UNPACKING pc=0x0000780bc7d8b72f sp=0x0000780bdc3f9c18 mode 0
Event: 1.861 Thread 0x0000780bd80192c0 DEOPT PACKING pc=0x0000780bc0886d7a sp=0x0000780bdc3fb810
Event: 1.861 Thread 0x0000780bd80192c0 DEOPT UNPACKING pc=0x0000780bc7d8b72f sp=0x0000780bdc3fad10 mode 0
Event: 1.868 Thread 0x0000780bd80192c0 DEOPT PACKING pc=0x0000780bc100c554 sp=0x0000780bdc3fce30
Event: 1.868 Thread 0x0000780bd80192c0 DEOPT UNPACKING pc=0x0000780bc7d8b72f sp=0x0000780bdc3fc2e8 mode 0
Event: 1.870 Thread 0x0000780bd80192c0 DEOPT PACKING pc=0x0000780bc0886d7a sp=0x0000780bdc3fca70
Event: 1.870 Thread 0x0000780bd80192c0 DEOPT UNPACKING pc=0x0000780bc7d8b72f sp=0x0000780bdc3fbf70 mode 0
Event: 1.889 Thread 0x0000780bd80192c0 DEOPT PACKING pc=0x0000780bc0fbf16c sp=0x0000780bdc3fc550
Event: 1.889 Thread 0x0000780bd80192c0 DEOPT UNPACKING pc=0x0000780bc7d8b72f sp=0x0000780bdc3fba78 mode 0
Event: 1.903 Thread 0x0000780bd80192c0 DEOPT PACKING pc=0x0000780bc0fbf16c sp=0x0000780bdc3fc550
Event: 1.903 Thread 0x0000780bd80192c0 DEOPT UNPACKING pc=0x0000780bc7d8b72f sp=0x0000780bdc3fba78 mode 0
Event: 2.006 Thread 0x0000780bd80192c0 DEOPT PACKING pc=0x0000780bc0fbf16c sp=0x0000780bdc3f95c0
Event: 2.006 Thread 0x0000780bd80192c0 DEOPT UNPACKING pc=0x0000780bc7d8b72f sp=0x0000780bdc3f8ae8 mode 0

Classes loaded (20 events):
Event: 1.930 Loading class java/io/PrintWriter
Event: 1.930 Loading class java/io/PrintWriter done
Event: 1.931 Loading class java/util/zip/GZIPInputStream
Event: 1.932 Loading class java/util/zip/GZIPInputStream done
Event: 1.933 Loading class java/util/zip/ZipOutputStream
Event: 1.933 Loading class java/util/zip/DeflaterOutputStream
Event: 1.933 Loading class java/util/zip/DeflaterOutputStream done
Event: 1.933 Loading class java/util/zip/ZipOutputStream done
Event: 1.938 Loading class java/util/zip/GZIPOutputStream
Event: 1.938 Loading class java/util/zip/GZIPOutputStream done
Event: 2.009 Loading class java/nio/file/FileVisitor
Event: 2.009 Loading class java/nio/file/FileVisitor done
Event: 2.009 Loading class java/nio/file/SimpleFileVisitor
Event: 2.010 Loading class java/nio/file/SimpleFileVisitor done
Event: 2.010 Loading class java/util/RegularEnumSet$EnumSetIterator
Event: 2.010 Loading class java/util/RegularEnumSet$EnumSetIterator done
Event: 2.010 Loading class java/nio/file/Files$3
Event: 2.010 Loading class java/nio/file/Files$3 done
Event: 2.010 Loading class java/nio/file/FileVisitResult
Event: 2.010 Loading class java/nio/file/FileVisitResult done

Classes unloaded (0 events):
No events

Classes redefined (0 events):
No events

Internal exceptions (20 events):
Event: 0.764 Thread 0x0000780bd80192c0 Exception <a 'java/lang/NoClassDefFoundError'{0x000000008b3fdfc0}: com/google/inject/servlet/ServletModuleTargetVisitor> (0x000000008b3fdfc0) 
thrown [./src/hotspot/share/classfile/systemDictionary.cpp, line 301]
Event: 0.800 Thread 0x0000780bd80192c0 Exception <a 'java/lang/NoSuchMethodError'{0x000000008b0a3b70}: 'void java.lang.invoke.DirectMethodHandle$Holder.invokeVirtual(java.lang.Object, java.lang.Object)'> (0x000000008b0a3b70) 
thrown [./src/hotspot/share/interpreter/linkResolver.cpp, line 772]
Event: 0.887 Thread 0x0000780bd80192c0 Exception <a 'java/lang/NoSuchMethodError'{0x000000008deacfb8}: 'void java.lang.invoke.DirectMethodHandle$Holder.invokeSpecial(java.lang.Object, java.lang.Object, java.lang.Object, java.lang.Object, java.lang.Object)'> (0x000000008deacfb8) 
thrown [./src/hotspot/share/interpreter/linkResolver.cpp, line 772]
Event: 0.888 Thread 0x0000780bd80192c0 Exception <a 'java/lang/NoSuchMethodError'{0x000000008dec7508}: 'java.lang.Object java.lang.invoke.DirectMethodHandle$Holder.invokeVirtual(java.lang.Object, java.lang.Object, java.lang.Object)'> (0x000000008dec7508) 
thrown [./src/hotspot/share/interpreter/linkResolver.cpp, line 772]
Event: 0.889 Thread 0x0000780bd80192c0 Exception <a 'java/lang/NoSuchMethodError'{0x000000008ded47a8}: 'void java.lang.invoke.DirectMethodHandle$Holder.invokeSpecial(java.lang.Object, java.lang.Object, java.lang.Object, java.lang.Object, java.lang.Object, java.lang.Object)'> (0x000000008ded47a8) 
thrown [./src/hotspot/share/interpreter/linkResolver.cpp, line 772]
Event: 0.907 Thread 0x0000780bd80192c0 Exception <a 'java/lang/NoSuchMethodError'{0x000000008dcac7c8}: 'void java.lang.invoke.DirectMethodHandle$Holder.invokeVirtual(java.lang.Object, java.lang.Object, int)'> (0x000000008dcac7c8) 
thrown [./src/hotspot/share/interpreter/linkResolver.cpp, line 772]
Event: 0.907 Thread 0x0000780bd80192c0 Exception <a 'java/lang/NoSuchMethodError'{0x000000008dcb05d8}: 'void java.lang.invoke.DirectMethodHandle$Holder.invokeSpecial(java.lang.Object, java.lang.Object, java.lang.Object, int)'> (0x000000008dcb05d8) 
thrown [./src/hotspot/share/interpreter/linkResolver.cpp, line 772]
Event: 0.908 Thread 0x0000780bd80192c0 Exception <a 'java/lang/NoSuchMethodError'{0x000000008dcb3cb8}: 'void java.lang.invoke.DelegatingMethodHandle$Holder.reinvoke_L(java.lang.Object, java.lang.Object, int)'> (0x000000008dcb3cb8) 
thrown [./src/hotspot/share/interpreter/linkResolver.cpp, line 772]
Event: 1.276 Thread 0x0000780bd80192c0 Implicit null exception at 0x0000780bc837993a to 0x0000780bc8379bc4
Event: 1.276 Thread 0x0000780bd80192c0 Implicit null exception at 0x0000780bc834db3a to 0x0000780bc834ddd8
Event: 1.276 Thread 0x0000780bd80192c0 Implicit null exception at 0x0000780bc8346ac0 to 0x0000780bc8346b45
Event: 1.295 Thread 0x0000780bd80192c0 Exception <a 'java/lang/NoSuchMethodError'{0x000000008da52d90}: 'java.lang.Object java.lang.invoke.DirectMethodHandle$Holder.newInvokeSpecial(java.lang.Object, java.lang.Object, java.lang.Object, java.lang.Object, java.lang.Object, java.lang.Object, java.lang.Object)'> (0x000000008da52d90) 
thrown [./src/hotspot/share/interpreter/linkResolver.cpp, line 772]
Event: 1.343 Thread 0x0000780bd80192c0 Exception <a 'java/lang/NoSuchMethodError'{0x000000008d25fce8}: 'int java.lang.invoke.DirectMethodHandle$Holder.invokeVirtual(java.lang.Object, java.lang.Object)'> (0x000000008d25fce8) 
thrown [./src/hotspot/share/interpreter/linkResolver.cpp, line 772]
Event: 1.350 Thread 0x0000780bd80192c0 Implicit null exception at 0x0000780bc836f166 to 0x0000780bc836f212
Event: 1.354 Thread 0x0000780bd80192c0 Exception <a 'java/lang/NoSuchMethodError'{0x000000008d178748}: 'void java.lang.invoke.Invokers$Holder.invokeExact_MT(java.lang.Object, java.lang.Object, int, java.lang.Object)'> (0x000000008d178748) 
thrown [./src/hotspot/share/interpreter/linkResolver.cpp, line 772]
Event: 1.678 Thread 0x0000780bd8c566c0 Exception <a 'java/lang/NoSuchMethodError'{0x000000008a63afa8}: 'java.lang.Object java.lang.invoke.DirectMethodHandle$Holder.invokeStatic(java.lang.Object, long, java.lang.Object)'> (0x000000008a63afa8) 
thrown [./src/hotspot/share/interpreter/linkResolver.cpp, line 772]
Event: 1.678 Thread 0x0000780bd8c566c0 Exception <a 'java/lang/NoSuchMethodError'{0x000000008a63e4c0}: 'java.lang.Object java.lang.invoke.DirectMethodHandle$Holder.invokeStaticInit(java.lang.Object, long, java.lang.Object)'> (0x000000008a63e4c0) 
thrown [./src/hotspot/share/interpreter/linkResolver.cpp, line 772]
Event: 1.678 Thread 0x0000780bd8c566c0 Exception <a 'java/lang/NoSuchMethodError'{0x000000008a6439d8}: 'java.lang.Object java.lang.invoke.DirectMethodHandle$Holder.newInvokeSpecial(java.lang.Object, long)'> (0x000000008a6439d8) 
thrown [./src/hotspot/share/interpreter/linkResolver.cpp, line 772]
Event: 1.679 Thread 0x0000780bd8c566c0 Exception <a 'java/lang/NoSuchMethodError'{0x000000008a6482b0}: 'long java.lang.invoke.DirectMethodHandle$Holder.invokeInterface(java.lang.Object, java.lang.Object)'> (0x000000008a6482b0) 
thrown [./src/hotspot/share/interpreter/linkResolver.cpp, line 772]
Event: 1.679 Thread 0x0000780bd8c566c0 Exception <a 'java/lang/NoSuchMethodError'{0x000000008a64b7a8}: 'long java.lang.invoke.DelegatingMethodHandle$Holder.reinvoke_L(java.lang.Object, java.lang.Object)'> (0x000000008a64b7a8) 
thrown [./src/hotspot/share/interpreter/linkResolver.cpp, line 772]

ZGC Phase Switch (0 events):
No events

VM Operations (20 events):
Event: 1.374 Executing VM operation: ICBufferFull
Event: 1.374 Executing VM operation: ICBufferFull done
Event: 1.517 Executing VM operation: ICBufferFull
Event: 1.517 Executing VM operation: ICBufferFull done
Event: 1.646 Executing VM operation: HandshakeAllThreads (Deoptimize)
Event: 1.646 Executing VM operation: HandshakeAllThreads (Deoptimize) done
Event: 1.677 Executing VM operation: HandshakeAllThreads (Deoptimize)
Event: 1.677 Executing VM operation: HandshakeAllThreads (Deoptimize) done
Event: 1.706 Executing VM operation: ICBufferFull
Event: 1.706 Executing VM operation: ICBufferFull done
Event: 1.817 Executing VM operation: G1CollectForAllocation (G1 Evacuation Pause)
Event: 1.825 Executing VM operation: G1CollectForAllocation (G1 Evacuation Pause) done
Event: 1.929 Executing VM operation: HandshakeAllThreads (Deoptimize)
Event: 1.929 Executing VM operation: HandshakeAllThreads (Deoptimize) done
Event: 1.952 Executing VM operation: CollectForMetadataAllocation (Metadata GC Threshold)
Event: 1.959 Executing VM operation: CollectForMetadataAllocation (Metadata GC Threshold) done
Event: 1.965 Executing VM operation: G1PauseRemark
Event: 1.969 Executing VM operation: G1PauseRemark done
Event: 1.971 Executing VM operation: G1PauseCleanup
Event: 1.975 Executing VM operation: G1PauseCleanup done

Memory protections (14 events):
Event: 0.001 Protecting memory [0x0000780bdc300000,0x0000780bdc304000] with protection modes 0
Event: 0.014 Protecting memory [0x0000780bbc764000,0x0000780bbc768000] with protection modes 0
Event: 0.014 Protecting memory [0x0000780bbc664000,0x0000780bbc668000] with protection modes 0
Event: 0.014 Protecting memory [0x0000780bbc564000,0x0000780bbc568000] with protection modes 0
Event: 0.014 Protecting memory [0x0000780bbc464000,0x0000780bbc468000] with protection modes 0
Event: 0.014 Protecting memory [0x0000780bbc364000,0x0000780bbc368000] with protection modes 0
Event: 0.015 Protecting memory [0x0000780bbc264000,0x0000780bbc268000] with protection modes 0
Event: 0.015 Protecting memory [0x0000780bbc164000,0x0000780bbc168000] with protection modes 0
Event: 0.017 Protecting memory [0x0000780badf00000,0x0000780badf04000] with protection modes 0
Event: 0.018 Protecting memory [0x0000780bad500000,0x0000780bad504000] with protection modes 0
Event: 0.094 Protecting memory [0x0000780bad400000,0x0000780bad404000] with protection modes 0
Event: 1.647 Protecting memory [0x0000780bad400000,0x0000780bad404000] with protection modes 0
Event: 1.975 Protecting memory [0x0000780bad400000,0x0000780bad404000] with protection modes 0
Event: 1.982 Protecting memory [0x0000780bac4f6000,0x0000780bac4fa000] with protection modes 0

Nmethod flushes (0 events):
No events

Events (16 events):
Event: 0.009 Thread 0x0000780bd80192c0 Thread added: 0x0000780bd80192c0
Event: 0.014 Thread 0x0000780bd80192c0 Thread added: 0x0000780bd8153010
Event: 0.014 Thread 0x0000780bd80192c0 Thread added: 0x0000780bd8154580
Event: 0.014 Thread 0x0000780bd80192c0 Thread added: 0x0000780bd8155d10
Event: 0.014 Thread 0x0000780bd80192c0 Thread added: 0x0000780bd8157350
Event: 0.014 Thread 0x0000780bd80192c0 Thread added: 0x0000780bd81588f0
Event: 0.015 Thread 0x0000780bd80192c0 Thread added: 0x0000780bd815a430
Event: 0.015 Thread 0x0000780bd80192c0 Thread added: 0x0000780bd815baf0
Event: 0.017 Thread 0x0000780bd80192c0 Thread added: 0x0000780bd8167990
Event: 0.018 Thread 0x0000780bd80192c0 Thread added: 0x0000780bd816acc0
Event: 0.094 Thread 0x0000780bd80192c0 Thread added: 0x0000780bd8319070
Event: 0.097 Thread 0x0000780bd8319070 Thread exited: 0x0000780bd8319070
Event: 1.647 Thread 0x0000780bd80192c0 Thread added: 0x0000780bd8c566c0
Event: 1.680 Thread 0x0000780bd8c566c0 Thread exited: 0x0000780bd8c566c0
Event: 1.975 Thread 0x0000780bd815baf0 Thread added: 0x0000780b348f6740
Event: 1.982 Thread 0x0000780bd815baf0 Thread added: 0x0000780b349422b0


Dynamic libraries:
86600000-89700000 rw-p 00000000 00:00 0 
89700000-8c200000 ---p 00000000 00:00 0 
8c200000-8c700000 rw-p 00000000 00:00 0 
8c700000-8df00000 ---p 00000000 00:00 0 
8df00000-8e000000 rw-p 00000000 00:00 0 
8e000000-ffe00000 ---p 00000000 00:00 0 
ffe00000-fff0d000 rw-p 00cdf000 08:22 7482454                            /usr/lib/jvm/java-21-openjdk-amd64/lib/server/classes.jsa
fff0d000-100000000 rw-p 00000000 00:00 0 
567706d01000-567706d02000 r--p 00000000 08:22 7482301                    /usr/lib/jvm/java-21-openjdk-amd64/bin/java
567706d02000-567706d03000 r-xp 00001000 08:22 7482301                    /usr/lib/jvm/java-21-openjdk-amd64/bin/java
567706d03000-567706d04000 r--p 00002000 08:22 7482301                    /usr/lib/jvm/java-21-openjdk-amd64/bin/java
567706d04000-567706d05000 r--p 00002000 08:22 7482301                    /usr/lib/jvm/java-21-openjdk-amd64/bin/java
567706d05000-567706d06000 rw-p 00003000 08:22 7482301                    /usr/lib/jvm/java-21-openjdk-amd64/bin/java
567743d77000-567743dbe000 rw-p 00000000 00:00 0                          [heap]
780afc000000-780afc6f3000 rw-p 00000000 00:00 0 
780afc6f3000-780b00000000 ---p 00000000 00:00 0 
780b00000000-780b003e1000 rw-p 00000000 00:00 0 
780b003e1000-780b04000000 ---p 00000000 00:00 0 
780b04000000-780b04021000 rw-p 00000000 00:00 0 
780b04021000-780b08000000 ---p 00000000 00:00 0 
780b08000000-780b08021000 rw-p 00000000 00:00 0 
780b08021000-780b0c000000 ---p 00000000 00:00 0 
780b0c000000-780b0c021000 rw-p 00000000 00:00 0 
780b0c021000-780b10000000 ---p 00000000 00:00 0 
780b10000000-780b10021000 rw-p 00000000 00:00 0 
780b10021000-780b14000000 ---p 00000000 00:00 0 
780b14000000-780b14021000 rw-p 00000000 00:00 0 
780b14021000-780b18000000 ---p 00000000 00:00 0 
780b18000000-780b18021000 rw-p 00000000 00:00 0 
780b18021000-780b1c000000 ---p 00000000 00:00 0 
780b1c000000-780b1c021000 rw-p 00000000 00:00 0 
780b1c021000-780b20000000 ---p 00000000 00:00 0 
780b20000000-780b20021000 rw-p 00000000 00:00 0 
780b20021000-780b24000000 ---p 00000000 00:00 0 
780b24000000-780b24021000 rw-p 00000000 00:00 0 
780b24021000-780b28000000 ---p 00000000 00:00 0 
780b28000000-780b28021000 rw-p 00000000 00:00 0 
780b28021000-780b2c000000 ---p 00000000 00:00 0 
780b2c000000-780b2c021000 rw-p 00000000 00:00 0 
780b2c021000-780b30000000 ---p 00000000 00:00 0 
780b30000000-780b30021000 rw-p 00000000 00:00 0 
780b30021000-780b34000000 ---p 00000000 00:00 0 
780b34000000-780b34e4b000 rw-p 00000000 00:00 0 
780b34e4b000-780b38000000 ---p 00000000 00:00 0 
780b38000000-780b38021000 rw-p 00000000 00:00 0 
780b38021000-780b3c000000 ---p 00000000 00:00 0 
780b3c000000-780b3c021000 rw-p 00000000 00:00 0 
780b3c021000-780b40000000 ---p 00000000 00:00 0 
780b40000000-780b40f8f000 rw-p 00000000 00:00 0 
780b40f8f000-780b44000000 ---p 00000000 00:00 0 
780b44000000-780b44021000 rw-p 00000000 00:00 0 
780b44021000-780b48000000 ---p 00000000 00:00 0 
780b48000000-780b48021000 rw-p 00000000 00:00 0 
780b48021000-780b4c000000 ---p 00000000 00:00 0 
780b4c000000-780b4c021000 rw-p 00000000 00:00 0 
780b4c021000-780b50000000 ---p 00000000 00:00 0 
780b50000000-780b50021000 rw-p 00000000 00:00 0 
780b50021000-780b54000000 ---p 00000000 00:00 0 
780b54000000-780b54021000 rw-p 00000000 00:00 0 
780b54021000-780b58000000 ---p 00000000 00:00 0 
780b5b000000-780b5b400000 rw-p 00000000 00:00 0 
780b5b400000-780b5bfc0000 rw-p 00000000 00:00 0 
780b5bfc0000-780b5c000000 rw-p 00000000 00:00 0 
780b5c000000-780b5c100000 rw-p 00000000 00:00 0 
780b5c100000-780b5c170000 rw-p 00000000 00:00 0 
780b5c170000-780b5c200000 ---p 00000000 00:00 0 
780b5c200000-780b5c380000 rw-p 00000000 00:00 0 
780b5c380000-780b5f000000 ---p 00000000 00:00 0 
780b5f000000-780b5fca0000 rw-p 00001000 08:22 7482454                    /usr/lib/jvm/java-21-openjdk-amd64/lib/server/classes.jsa
780b5fca0000-780b60000000 ---p 00000000 00:00 0 
780b60000000-780b60040000 rw-p 00000000 00:00 0 
780b60040000-780b60080000 rw-p 00000000 00:00 0 
780b60080000-780b601c0000 rw-p 00000000 00:00 0 
780b601c0000-780b601f0000 rw-p 00000000 00:00 0 
780b601f0000-780b60200000 ---p 00000000 00:00 0 
780b60200000-780b602b0000 rw-p 00000000 00:00 0 
780b602b0000-780ba0000000 ---p 00000000 00:00 0 
780ba0000000-780ba0021000 rw-p 00000000 00:00 0 
780ba0021000-780ba4000000 ---p 00000000 00:00 0 
780ba4000000-780ba4021000 rw-p 00000000 00:00 0 
780ba4021000-780ba8000000 ---p 00000000 00:00 0 
780ba8000000-780ba8021000 rw-p 00000000 00:00 0 
780ba8021000-780bac000000 ---p 00000000 00:00 0 
780bac212000-780bac4f6000 rw-p 00000000 00:00 0 
780bac4f6000-780bac4fa000 ---p 00000000 00:00 0 
780bac4fa000-780bac5f6000 rw-p 00000000 00:00 0 
780bac5f6000-780bac5f7000 ---p 00000000 00:00 0 
780bac5f7000-780bac6f7000 rw-p 00000000 00:00 0 
780bac6f7000-780bac6f8000 ---p 00000000 00:00 0 
780bac6f8000-780bac7f8000 rw-p 00000000 00:00 0 
780bac7f8000-780bac7f9000 ---p 00000000 00:00 0 
780bac7f9000-780bac8f9000 rw-p 00000000 00:00 0 
780bac8f9000-780bac8fa000 ---p 00000000 00:00 0 
780bac8fa000-780bac9fa000 rw-p 00000000 00:00 0 
780bac9fa000-780bac9fb000 ---p 00000000 00:00 0 
780bac9fb000-780bacafb000 rw-p 00000000 00:00 0 
780bacafb000-780bacafc000 ---p 00000000 00:00 0 
780bacafc000-780bacbfc000 rw-p 00000000 00:00 0 
780bacbfc000-780bacbfd000 ---p 00000000 00:00 0 
780bacbfd000-780baccfd000 rw-p 00000000 00:00 0 
780baccfd000-780baccfe000 ---p 00000000 00:00 0 
780baccfe000-780bacdfe000 rw-p 00000000 00:00 0 
780bacdfe000-780bacdff000 ---p 00000000 00:00 0 
780bacdff000-780baceff000 rw-p 00000000 00:00 0 
780baceff000-780bacf00000 ---p 00000000 00:00 0 
780bacf00000-780bad000000 rw-p 00000000 00:00 0 
780bad000000-780bad003000 r-xp 00000000 08:22 19398677                   /tmp/jansi-2.4.1-1f5434ad9ea94563-libjansi.so
780bad003000-780bad202000 ---p 00003000 08:22 19398677                   /tmp/jansi-2.4.1-1f5434ad9ea94563-libjansi.so
780bad202000-780bad203000 r--p 00002000 08:22 19398677                   /tmp/jansi-2.4.1-1f5434ad9ea94563-libjansi.so
780bad203000-780bad204000 rw-p 00003000 08:22 19398677                   /tmp/jansi-2.4.1-1f5434ad9ea94563-libjansi.so
780bad2ff000-780bad300000 ---p 00000000 00:00 0 
780bad300000-780bad400000 rw-p 00000000 00:00 0 
780bad400000-780bad404000 ---p 00000000 00:00 0 
780bad404000-780bad500000 rw-p 00000000 00:00 0 
780bad500000-780bad504000 ---p 00000000 00:00 0 
780bad504000-780bad600000 rw-p 00000000 00:00 0 
780bad600000-780bade03000 r--p 00000000 08:22 6323133                    /usr/lib/locale/locale-archive
780badf00000-780badf04000 ---p 00000000 00:00 0 
780badf04000-780bae000000 rw-p 00000000 00:00 0 
780bae000000-780bb0021000 rw-p 00000000 00:00 0 
780bb0021000-780bb4000000 ---p 00000000 00:00 0 
780bb4000000-780bb4021000 rw-p 00000000 00:00 0 
780bb4021000-780bb8000000 ---p 00000000 00:00 0 
780bb8000000-780bb8021000 rw-p 00000000 00:00 0 
780bb8021000-780bbc000000 ---p 00000000 00:00 0 
780bbc093000-780bbc098000 r--p 00000000 08:22 7482435                    /usr/lib/jvm/java-21-openjdk-amd64/lib/libjsvml.so
780bbc098000-780bbc0d9000 r-xp 00005000 08:22 7482435                    /usr/lib/jvm/java-21-openjdk-amd64/lib/libjsvml.so
780bbc0d9000-780bbc162000 r--p 00046000 08:22 7482435                    /usr/lib/jvm/java-21-openjdk-amd64/lib/libjsvml.so
780bbc162000-780bbc163000 r--p 000ce000 08:22 7482435                    /usr/lib/jvm/java-21-openjdk-amd64/lib/libjsvml.so
780bbc163000-780bbc164000 rw-p 000cf000 08:22 7482435                    /usr/lib/jvm/java-21-openjdk-amd64/lib/libjsvml.so
780bbc164000-780bbc168000 ---p 00000000 00:00 0 
780bbc168000-780bbc264000 rw-p 00000000 00:00 0 
780bbc264000-780bbc268000 ---p 00000000 00:00 0 
780bbc268000-780bbc364000 rw-p 00000000 00:00 0 
780bbc364000-780bbc368000 ---p 00000000 00:00 0 
780bbc368000-780bbc464000 rw-p 00000000 00:00 0 
780bbc464000-780bbc468000 ---p 00000000 00:00 0 
780bbc468000-780bbc564000 rw-p 00000000 00:00 0 
780bbc564000-780bbc568000 ---p 00000000 00:00 0 
780bbc568000-780bbc664000 rw-p 00000000 00:00 0 
780bbc664000-780bbc668000 ---p 00000000 00:00 0 
780bbc668000-780bbc764000 rw-p 00000000 00:00 0 
780bbc764000-780bbc768000 ---p 00000000 00:00 0 
780bbc768000-780bbc864000 rw-p 00000000 00:00 0 
780bbc864000-780bbc865000 ---p 00000000 00:00 0 
780bbc865000-780bbc965000 rw-p 00000000 00:00 0 
780bbc965000-780bbc966000 ---p 00000000 00:00 0 
780bbc966000-780bbca66000 rw-p 00000000 00:00 0 
780bbca66000-780bbcae7000 rw-p 00000000 00:00 0 
780bbcae7000-780bbcae8000 ---p 00000000 00:00 0 
780bbcae8000-780bbcbe8000 rw-p 00000000 00:00 0 
780bbcbe8000-780bbcbe9000 ---p 00000000 00:00 0 
780bbcbe9000-780bbcce9000 rw-p 00000000 00:00 0 
780bbcce9000-780bbd6f3000 rw-p 00000000 00:00 0 
780bbd6f3000-780bbd6f4000 ---p 00000000 00:00 0 
780bbd6f4000-780bbd7f4000 rw-p 00000000 00:00 0 
780bbd7f4000-780bbd7f5000 ---p 00000000 00:00 0 
780bbd7f5000-780bbd8f5000 rw-p 00000000 00:00 0 
780bbd8f5000-780bbd8f6000 ---p 00000000 00:00 0 
780bbd8f6000-780bbd9f6000 rw-p 00000000 00:00 0 
780bbd9f6000-780bbdaba000 rw-p 00000000 00:00 0 
780bbdaba000-780bbdb66000 ---p 00000000 00:00 0 
780bbdb66000-780bbdb7a000 rw-p 00000000 00:00 0 
780bbdb7a000-780bbdbda000 ---p 00000000 00:00 0 
780bbdbda000-780bbdbde000 rw-p 00000000 00:00 0 
780bbdbde000-780bbf856000 ---p 00000000 00:00 0 
780bbf856000-780bbf877000 rw-p 00000000 00:00 0 
780bbf877000-780bbf88c000 ---p 00000000 00:00 0 
780bbf88c000-780bbf88f000 rw-p 00000000 00:00 0 
780bbf88f000-780bbf89a000 ---p 00000000 00:00 0 
780bbf89a000-780bbf89b000 rw-p 00000000 00:00 0 
780bbf89b000-780bbfc2a000 ---p 00000000 00:00 0 
780bbfc2a000-780bbfc44000 rw-p 00000000 00:00 0 
780bbfc44000-780bbfc59000 ---p 00000000 00:00 0 
780bbfc59000-780bbfc5c000 rw-p 00000000 00:00 0 
780bbfc5c000-780bbfc67000 ---p 00000000 00:00 0 
780bbfc67000-780bbfc68000 rw-p 00000000 00:00 0 
780bbfc68000-780bbfff7000 ---p 00000000 00:00 0 
780bbfff7000-780bc0800000 rw-p 00000000 00:00 0 
780bc0800000-780bc11f0000 rwxp 00000000 00:00 0 
780bc11f0000-780bc7d37000 ---p 00000000 00:00 0 
780bc7d37000-780bc7fa7000 rwxp 00000000 00:00 0 
780bc7fa7000-780bc82c9000 ---p 00000000 00:00 0 
780bc82c9000-780bc8539000 rwxp 00000000 00:00 0 
780bc8539000-780bcf800000 ---p 00000000 00:00 0 
780bcf800000-780bd7e34000 r--s 00000000 08:22 7482451                    /usr/lib/jvm/java-21-openjdk-amd64/lib/modules
780bd7ea4000-780bd8efa000 rw-p 00000000 00:00 0 
780bd8efa000-780bdc000000 ---p 00000000 00:00 0 
780bdc022000-780bdc029000 r--s 00000000 08:22 6326854                    /usr/lib/x86_64-linux-gnu/gconv/gconv-modules.cache
780bdc029000-780bdc12f000 rw-p 00000000 00:00 0 
780bdc12f000-780bdc215000 ---p 00000000 00:00 0 
780bdc215000-780bdc229000 rw-p 00000000 00:00 0 
780bdc229000-780bdc300000 ---p 00000000 00:00 0 
780bdc300000-780bdc304000 ---p 00000000 00:00 0 
780bdc304000-780bdc400000 rw-p 00000000 00:00 0 
780bdc400000-780bdc49d000 r--p 00000000 08:22 6325997                    /usr/lib/x86_64-linux-gnu/libstdc++.so.6.0.33
780bdc49d000-780bdc5e5000 r-xp 0009d000 08:22 6325997                    /usr/lib/x86_64-linux-gnu/libstdc++.so.6.0.33
780bdc5e5000-780bdc66c000 r--p 001e5000 08:22 6325997                    /usr/lib/x86_64-linux-gnu/libstdc++.so.6.0.33
780bdc66c000-780bdc677000 r--p 0026b000 08:22 6325997                    /usr/lib/x86_64-linux-gnu/libstdc++.so.6.0.33
780bdc677000-780bdc67a000 rw-p 00276000 08:22 6325997                    /usr/lib/x86_64-linux-gnu/libstdc++.so.6.0.33
780bdc67a000-780bdc67e000 rw-p 00000000 00:00 0 
780bdc67e000-780bdc682000 r--p 00000000 08:22 7482449                    /usr/lib/jvm/java-21-openjdk-amd64/lib/libverify.so
780bdc682000-780bdc689000 r-xp 00004000 08:22 7482449                    /usr/lib/jvm/java-21-openjdk-amd64/lib/libverify.so
780bdc689000-780bdc68b000 r--p 0000b000 08:22 7482449                    /usr/lib/jvm/java-21-openjdk-amd64/lib/libverify.so
780bdc68b000-780bdc68d000 r--p 0000c000 08:22 7482449                    /usr/lib/jvm/java-21-openjdk-amd64/lib/libverify.so
780bdc68d000-780bdc68e000 rw-p 0000e000 08:22 7482449                    /usr/lib/jvm/java-21-openjdk-amd64/lib/libverify.so
780bdc68e000-780bdc690000 r--p 00000000 08:22 7482450                    /usr/lib/jvm/java-21-openjdk-amd64/lib/libzip.so
780bdc690000-780bdc695000 r-xp 00002000 08:22 7482450                    /usr/lib/jvm/java-21-openjdk-amd64/lib/libzip.so
780bdc695000-780bdc697000 r--p 00007000 08:22 7482450                    /usr/lib/jvm/java-21-openjdk-amd64/lib/libzip.so
780bdc697000-780bdc698000 r--p 00008000 08:22 7482450                    /usr/lib/jvm/java-21-openjdk-amd64/lib/libzip.so
780bdc698000-780bdc699000 rw-p 00009000 08:22 7482450                    /usr/lib/jvm/java-21-openjdk-amd64/lib/libzip.so
780bdc699000-780bdc717000 rw-p 00000000 00:00 0 
780bdc717000-780bdc727000 r--p 00000000 08:22 6325486                    /usr/lib/x86_64-linux-gnu/libm.so.6
780bdc727000-780bdc7a6000 r-xp 00010000 08:22 6325486                    /usr/lib/x86_64-linux-gnu/libm.so.6
780bdc7a6000-780bdc7fe000 r--p 0008f000 08:22 6325486                    /usr/lib/x86_64-linux-gnu/libm.so.6
780bdc7fe000-780bdc7ff000 r--p 000e7000 08:22 6325486                    /usr/lib/x86_64-linux-gnu/libm.so.6
780bdc7ff000-780bdc800000 rw-p 000e8000 08:22 6325486                    /usr/lib/x86_64-linux-gnu/libm.so.6
780bdc800000-780bdcaa2000 r--p 00000000 08:22 7482457                    /usr/lib/jvm/java-21-openjdk-amd64/lib/server/libjvm.so
780bdcaa2000-780bdd918000 r-xp 002a2000 08:22 7482457                    /usr/lib/jvm/java-21-openjdk-amd64/lib/server/libjvm.so
780bdd918000-780bddbf2000 r--p 01118000 08:22 7482457                    /usr/lib/jvm/java-21-openjdk-amd64/lib/server/libjvm.so
780bddbf2000-780bddcc6000 r--p 013f2000 08:22 7482457                    /usr/lib/jvm/java-21-openjdk-amd64/lib/server/libjvm.so
780bddcc6000-780bddcf6000 rw-p 014c6000 08:22 7482457                    /usr/lib/jvm/java-21-openjdk-amd64/lib/server/libjvm.so
780bddcf6000-780bddd5c000 rw-p 00000000 00:00 0 
780bddd60000-780bddd63000 r--p 00000000 08:22 7482442                    /usr/lib/jvm/java-21-openjdk-amd64/lib/libnet.so
780bddd63000-780bddd6b000 r-xp 00003000 08:22 7482442                    /usr/lib/jvm/java-21-openjdk-amd64/lib/libnet.so
780bddd6b000-780bddd6d000 r--p 0000b000 08:22 7482442                    /usr/lib/jvm/java-21-openjdk-amd64/lib/libnet.so
780bddd6d000-780bddd6e000 r--p 0000c000 08:22 7482442                    /usr/lib/jvm/java-21-openjdk-amd64/lib/libnet.so
780bddd6e000-780bddd6f000 rw-p 0000d000 08:22 7482442                    /usr/lib/jvm/java-21-openjdk-amd64/lib/libnet.so
780bddd6f000-780bddd76000 r--p 00000000 08:22 7482443                    /usr/lib/jvm/java-21-openjdk-amd64/lib/libnio.so
780bddd76000-780bddd7f000 r-xp 00007000 08:22 7482443                    /usr/lib/jvm/java-21-openjdk-amd64/lib/libnio.so
780bddd7f000-780bddd83000 r--p 00010000 08:22 7482443                    /usr/lib/jvm/java-21-openjdk-amd64/lib/libnio.so
780bddd83000-780bddd84000 r--p 00014000 08:22 7482443                    /usr/lib/jvm/java-21-openjdk-amd64/lib/libnio.so
780bddd84000-780bddd85000 rw-p 00015000 08:22 7482443                    /usr/lib/jvm/java-21-openjdk-amd64/lib/libnio.so
780bddd85000-780bdddcb000 rw-p 00000000 00:00 0 
780bdddcb000-780bdddd2000 ---p 00000000 00:00 0 
780bdddd2000-780bdddd6000 r--p 00000000 08:22 6325096                    /usr/lib/x86_64-linux-gnu/libgcc_s.so.1
780bdddd6000-780bdddfa000 r-xp 00004000 08:22 6325096                    /usr/lib/x86_64-linux-gnu/libgcc_s.so.1
780bdddfa000-780bdddfe000 r--p 00028000 08:22 6325096                    /usr/lib/x86_64-linux-gnu/libgcc_s.so.1
780bdddfe000-780bdddff000 r--p 0002b000 08:22 6325096                    /usr/lib/x86_64-linux-gnu/libgcc_s.so.1
780bdddff000-780bdde00000 rw-p 0002c000 08:22 6325096                    /usr/lib/x86_64-linux-gnu/libgcc_s.so.1
780bdde00000-780bdde28000 r--p 00000000 08:22 6324721                    /usr/lib/x86_64-linux-gnu/libc.so.6
780bdde28000-780bddfb0000 r-xp 00028000 08:22 6324721                    /usr/lib/x86_64-linux-gnu/libc.so.6
780bddfb0000-780bddfff000 r--p 001b0000 08:22 6324721                    /usr/lib/x86_64-linux-gnu/libc.so.6
780bddfff000-780bde003000 r--p 001fe000 08:22 6324721                    /usr/lib/x86_64-linux-gnu/libc.so.6
780bde003000-780bde005000 rw-p 00202000 08:22 6324721                    /usr/lib/x86_64-linux-gnu/libc.so.6
780bde005000-780bde012000 rw-p 00000000 00:00 0 
780bde016000-780bde023000 r--p 00000000 08:22 7482428                    /usr/lib/jvm/java-21-openjdk-amd64/lib/libjava.so
780bde023000-780bde032000 r-xp 0000d000 08:22 7482428                    /usr/lib/jvm/java-21-openjdk-amd64/lib/libjava.so
780bde032000-780bde037000 r--p 0001c000 08:22 7482428                    /usr/lib/jvm/java-21-openjdk-amd64/lib/libjava.so
780bde037000-780bde038000 r--p 00021000 08:22 7482428                    /usr/lib/jvm/java-21-openjdk-amd64/lib/libjava.so
780bde038000-780bde039000 rw-p 00022000 08:22 7482428                    /usr/lib/jvm/java-21-openjdk-amd64/lib/libjava.so
780bde039000-780bde03c000 rw-p 00000000 00:00 0 
780bde03c000-780bde03e000 r--p 00000000 08:22 7482432                    /usr/lib/jvm/java-21-openjdk-amd64/lib/libjli.so
780bde03e000-780bde048000 r-xp 00002000 08:22 7482432                    /usr/lib/jvm/java-21-openjdk-amd64/lib/libjli.so
780bde048000-780bde04b000 r--p 0000c000 08:22 7482432                    /usr/lib/jvm/java-21-openjdk-amd64/lib/libjli.so
780bde04b000-780bde04c000 r--p 0000f000 08:22 7482432                    /usr/lib/jvm/java-21-openjdk-amd64/lib/libjli.so
780bde04c000-780bde04d000 rw-p 00010000 08:22 7482432                    /usr/lib/jvm/java-21-openjdk-amd64/lib/libjli.so
780bde04d000-780bde04f000 r--p 00000000 08:22 6326323                    /usr/lib/x86_64-linux-gnu/libz.so.1.3
780bde04f000-780bde061000 r-xp 00002000 08:22 6326323                    /usr/lib/x86_64-linux-gnu/libz.so.1.3
780bde061000-780bde067000 r--p 00014000 08:22 6326323                    /usr/lib/x86_64-linux-gnu/libz.so.1.3
780bde067000-780bde068000 r--p 0001a000 08:22 6326323                    /usr/lib/x86_64-linux-gnu/libz.so.1.3
780bde068000-780bde069000 rw-p 0001b000 08:22 6326323                    /usr/lib/x86_64-linux-gnu/libz.so.1.3
780bde069000-780bde071000 rw-s 00000000 08:22 19531108                   /tmp/hsperfdata_edu/8314
780bde071000-780bde072000 ---p 00000000 00:00 0 
780bde072000-780bde073000 r--p 00000000 00:00 0 
780bde073000-780bde074000 rwxp 00000000 00:00 0 
780bde074000-780bde076000 r--p 00000000 08:22 7482431                    /usr/lib/jvm/java-21-openjdk-amd64/lib/libjimage.so
780bde076000-780bde079000 r-xp 00002000 08:22 7482431                    /usr/lib/jvm/java-21-openjdk-amd64/lib/libjimage.so
780bde079000-780bde07a000 r--p 00005000 08:22 7482431                    /usr/lib/jvm/java-21-openjdk-amd64/lib/libjimage.so
780bde07a000-780bde07b000 r--p 00006000 08:22 7482431                    /usr/lib/jvm/java-21-openjdk-amd64/lib/libjimage.so
780bde07b000-780bde07c000 rw-p 00007000 08:22 7482431                    /usr/lib/jvm/java-21-openjdk-amd64/lib/libjimage.so
780bde07c000-780bde07e000 rw-p 00000000 00:00 0 
780bde07e000-780bde080000 r--p 00000000 00:00 0                          [vvar]
780bde080000-780bde082000 r--p 00000000 00:00 0                          [vvar_vclock]
780bde082000-780bde084000 r-xp 00000000 00:00 0                          [vdso]
780bde084000-780bde085000 r--p 00000000 08:22 6324291                    /usr/lib/x86_64-linux-gnu/ld-linux-x86-64.so.2
780bde085000-780bde0b0000 r-xp 00001000 08:22 6324291                    /usr/lib/x86_64-linux-gnu/ld-linux-x86-64.so.2
780bde0b0000-780bde0ba000 r--p 0002c000 08:22 6324291                    /usr/lib/x86_64-linux-gnu/ld-linux-x86-64.so.2
780bde0ba000-780bde0bc000 r--p 00036000 08:22 6324291                    /usr/lib/x86_64-linux-gnu/ld-linux-x86-64.so.2
780bde0bc000-780bde0be000 rw-p 00038000 08:22 6324291                    /usr/lib/x86_64-linux-gnu/ld-linux-x86-64.so.2
7ffce83b0000-7ffce83d1000 rw-p 00000000 00:00 0                          [stack]
ffffffffff600000-ffffffffff601000 --xp 00000000 00:00 0                  [vsyscall]
Total number of mappings: 282

JVMTI agents: none


VM Arguments:
jvm_args: -Dclassworlds.conf=/usr/lib/apache-netbeans/java/maven/bin/m2.conf -Dmaven.home=/usr/lib/apache-netbeans/java/maven -Dlibrary.jansi.path=/usr/lib/apache-netbeans/java/maven/lib/jansi-native -Dmaven.multiModuleProjectDirectory=/home/edu/Documentos/IPC-2/Games-app/rest-api-games 
java_command: org.codehaus.plexus.classworlds.launcher.Launcher -Dnetbeans.deploy=true -Dexec.vmArgs= -Dexec.appArgs= -Dmaven.ext.class.path=/usr/lib/apache-netbeans/java/maven-nblib/netbeans-eventspy.jar --no-transfer-progress package
java_class_path (initial): /usr/lib/apache-netbeans/java/maven/boot/plexus-classworlds-2.8.0.jar
Launcher Type: SUN_STANDARD

[Global flags]
     intx CICompilerCount                          = 4                                         {product} {ergonomic}
     uint ConcGCThreads                            = 3                                         {product} {ergonomic}
     uint G1ConcRefinementThreads                  = 10                                        {product} {ergonomic}
   size_t G1HeapRegionSize                         = 1048576                                   {product} {ergonomic}
    uintx GCDrainStackTargetSize                   = 64                                        {product} {ergonomic}
   size_t InitialHeapSize                          = 127926272                                 {product} {ergonomic}
   size_t MarkStackSize                            = 4194304                                   {product} {ergonomic}
   size_t MaxHeapSize                              = 2040528896                                {product} {ergonomic}
   size_t MaxNewSize                               = 1223688192                                {product} {ergonomic}
   size_t MinHeapDeltaBytes                        = 1048576                                   {product} {ergonomic}
   size_t MinHeapSize                              = 8388608                                   {product} {ergonomic}
    uintx NonNMethodCodeHeapSize                   = 5839372                                {pd product} {ergonomic}
    uintx NonProfiledCodeHeapSize                  = 122909434                              {pd product} {ergonomic}
    uintx ProfiledCodeHeapSize                     = 122909434                              {pd product} {ergonomic}
    uintx ReservedCodeCacheSize                    = 251658240                              {pd product} {ergonomic}
     bool SegmentedCodeCache                       = true                                      {product} {ergonomic}
   size_t SoftMaxHeapSize                          = 2040528896                             {manageable} {ergonomic}
     bool UseCompressedOops                        = true                           {product lp64_product} {ergonomic}
     bool UseG1GC                                  = true                                      {product} {ergonomic}

Logging:
Log output configuration:
 #0: stdout all=warning uptime,level,tags foldmultilines=false
 #1: stderr all=off uptime,level,tags foldmultilines=false

Release file:
IMPLEMENTOR="Ubuntu"
JAVA_RUNTIME_VERSION="21.0.9+10-Ubuntu-124.04"
JAVA_VERSION="21.0.9"
JAVA_VERSION_DATE="2025-10-21"
LIBC="gnu"
MODULES="java.base java.compiler java.datatransfer java.xml java.prefs java.desktop java.instrument java.logging java.management java.security.sasl java.naming java.rmi java.management.rmi java.net.http java.scripting java.security.jgss java.transaction.xa java.sql java.sql.rowset java.xml.crypto java.se java.smartcardio jdk.accessibility jdk.internal.jvmstat jdk.attach jdk.charsets jdk.internal.opt jdk.zipfs jdk.compiler jdk.crypto.ec jdk.crypto.cryptoki jdk.dynalink jdk.internal.ed jdk.editpad jdk.hotspot.agent jdk.httpserver jdk.incubator.vector jdk.internal.le jdk.internal.vm.ci jdk.internal.vm.compiler jdk.internal.vm.compiler.management jdk.jartool jdk.javadoc jdk.jcmd jdk.management jdk.management.agent jdk.jconsole jdk.jdeps jdk.jdwp.agent jdk.jdi jdk.jfr jdk.jlink jdk.jpackage jdk.jshell jdk.jsobject jdk.jstatd jdk.localedata jdk.management.jfr jdk.naming.dns jdk.naming.rmi jdk.net jdk.nio.mapmode jdk.random jdk.sctp jdk.security.auth jdk.security.jgss jdk.unsupported jdk.unsupported.desktop jdk.xml.dom"
OS_ARCH="x86_64"
OS_NAME="Linux"
SOURCE=""

Environment Variables:
JAVA_HOME=/usr/lib/jvm/java-21-openjdk-amd64
PATH=/usr/local/sbin:/usr/local/bin:/usr/sbin:/usr/bin:/sbin:/bin:/usr/games:/usr/local/games:/snap/bin
SHELL=/bin/bash
DISPLAY=:0
LANG=es_GT.UTF-8

Active Locale:
LC_ALL=es_GT.UTF-8
LC_COLLATE=es_GT.UTF-8
LC_CTYPE=es_GT.UTF-8
LC_MESSAGES=es_GT.UTF-8
LC_MONETARY=es_GT.UTF-8
LC_NUMERIC=es_GT.UTF-8
LC_TIME=es_GT.UTF-8

Signal Handlers:
   SIGSEGV: crash_handler in libjvm.so, mask=11100100010111111101111111111110, flags=SA_RESTART|SA_SIGINFO, unblocked
    SIGBUS: crash_handler in libjvm.so, mask=11100100010111111101111111111110, flags=SA_RESTART|SA_SIGINFO, unblocked
    SIGFPE: crash_handler in libjvm.so, mask=11100100010111111101111111111110, flags=SA_RESTART|SA_SIGINFO, unblocked
   SIGPIPE: javaSignalHandler in libjvm.so, mask=11100100010111111101111111111110, flags=SA_RESTART|SA_SIGINFO, unblocked
   SIGXFSZ: javaSignalHandler in libjvm.so, mask=11100100010111111101111111111110, flags=SA_RESTART|SA_SIGINFO, unblocked
    SIGILL: crash_handler in libjvm.so, mask=11100100010111111101111111111110, flags=SA_RESTART|SA_SIGINFO, unblocked
   SIGUSR2: SR_handler in libjvm.so, mask=00000000000000000000000000000000, flags=SA_RESTART|SA_SIGINFO, unblocked
    SIGHUP: UserHandler in libjvm.so, mask=11100100010111111101111111111110, flags=SA_RESTART|SA_SIGINFO, unblocked
    SIGINT: SIG_IGN, mask=00000000000000000000000000000000, flags=none, unblocked
   SIGTERM: UserHandler in libjvm.so, mask=11100100010111111101111111111110, flags=SA_RESTART|SA_SIGINFO, unblocked
   SIGQUIT: UserHandler in libjvm.so, mask=11100100010111111101111111111110, flags=SA_RESTART|SA_SIGINFO, blocked
   SIGTRAP: crash_handler in libjvm.so, mask=11100100010111111101111111111110, flags=SA_RESTART|SA_SIGINFO, unblocked


Periodic native trim disabled

---------------  S Y S T E M  ---------------

OS:
DISTRIB_ID=LinuxMint
DISTRIB_RELEASE=22.2
DISTRIB_CODENAME=zara
DISTRIB_DESCRIPTION="Linux Mint 22.2 Zara"
uname: Linux 6.14.0-29-generic #29~24.04.1-Ubuntu SMP PREEMPT_DYNAMIC Thu Aug 14 16:52:50 UTC 2 x86_64
OS uptime: 0 days 0:17 hours
libc: glibc 2.39 NPTL 2.39 
rlimit (soft/hard): STACK 8192k/infinity , CORE 0k/infinity , NPROC 30500/30500 , NOFILE 1048576/1048576 , AS infinity/infinity , CPU infinity/infinity , DATA infinity/infinity , FSIZE infinity/infinity , MEMLOCK 995408k/995408k
load average: 1.52 1.29 0.89

/proc/meminfo:
MemTotal:        7963288 kB
MemFree:          613796 kB
MemAvailable:    1785988 kB
Buffers:           43356 kB
Cached:          1909912 kB
SwapCached:            8 kB
Active:          1199000 kB
Inactive:        5602156 kB
Active(anon):     566644 kB
Inactive(anon):  4893124 kB
Active(file):     632356 kB
Inactive(file):   709032 kB
Unevictable:       55724 kB
Mlocked:             152 kB
SwapTotal:       2097148 kB
SwapFree:        2096892 kB
Zswap:                 0 kB
Zswapped:              0 kB
Dirty:              3900 kB
Writeback:             4 kB
AnonPages:       4903512 kB
Mapped:           723576 kB
Shmem:            611920 kB
KReclaimable:     117560 kB
Slab:             275716 kB
SReclaimable:     117560 kB
SUnreclaim:       158156 kB
KernelStack:       21136 kB
PageTables:        57564 kB
SecPageTables:         0 kB
NFS_Unstable:          0 kB
Bounce:                0 kB
WritebackTmp:          0 kB
CommitLimit:     6078792 kB
Committed_AS:   17383200 kB
VmallocTotal:   34359738367 kB
VmallocUsed:       44348 kB
VmallocChunk:          0 kB
Percpu:             8304 kB
HardwareCorrupted:     0 kB
AnonHugePages:      2048 kB
ShmemHugePages:        0 kB
ShmemPmdMapped:        0 kB
FileHugePages:         0 kB
FilePmdMapped:         0 kB
Unaccepted:            0 kB
HugePages_Total:       0
HugePages_Free:        0
HugePages_Rsvd:        0
HugePages_Surp:        0
Hugepagesize:       2048 kB
Hugetlb:               0 kB
DirectMap4k:      223780 kB
DirectMap2M:     5902336 kB
DirectMap1G:     2097152 kB

/sys/kernel/mm/transparent_hugepage/enabled: always [madvise] never
/sys/kernel/mm/transparent_hugepage/hpage_pmd_size: 2097152
/sys/kernel/mm/transparent_hugepage/defrag (defrag/compaction efforts parameter): always defer defer+madvise [madvise] never

Process Memory:
Virtual Size: 5642192K (peak: 5642192K)
Resident Set Size: 158448K (peak: 203172K) (anon: 131780K, file: 26668K, shmem: 0K)
Swapped out: 0K
C-Heap outstanding allocations: 78057K, retained: 7198K
glibc malloc tunables: (default)

/proc/sys/kernel/threads-max (system-wide limit on the number of threads): 61001
/proc/sys/vm/max_map_count (maximum number of memory map areas a process may have): 1048576
/proc/sys/vm/swappiness (control to define how aggressively the kernel swaps out anonymous memory): 60
/proc/sys/kernel/pid_max (system-wide limit on number of process identifiers): 4194304

container information not found.
Steal ticks since vm start: 0
Steal ticks percentage since vm start:  0.000

CPU: total 12 (initial active 12) (6 cores per cpu, 2 threads per core) family 6 model 165 stepping 3 microcode 0x100, cx8, cmov, fxsr, ht, mmx, 3dnowpref, sse, sse2, sse3, ssse3, sse4.1, sse4.2, popcnt, lzcnt, tsc, tscinvbit, avx, avx2, aes, erms, clmul, bmi1, bmi2, adx, fma, vzeroupper, clflush, clflushopt, rdtscp, f16c
CPU Model and flags from /proc/cpuinfo:
model name	: Intel(R) Core(TM) i5-10400 CPU @ 2.90GHz
flags		: fpu vme de pse tsc msr pae mce cx8 apic sep mtrr pge mca cmov pat pse36 clflush dts acpi mmx fxsr sse sse2 ss ht tm pbe syscall nx pdpe1gb rdtscp lm constant_tsc art arch_perfmon pebs bts rep_good nopl xtopology nonstop_tsc cpuid aperfmperf pni pclmulqdq dtes64 monitor ds_cpl vmx est tm2 ssse3 sdbg fma cx16 xtpr pdcm pcid sse4_1 sse4_2 x2apic movbe popcnt tsc_deadline_timer aes xsave avx f16c rdrand lahf_lm abm 3dnowprefetch cpuid_fault epb ssbd ibrs ibpb stibp ibrs_enhanced tpr_shadow flexpriority ept vpid ept_ad fsgsbase tsc_adjust bmi1 avx2 smep bmi2 erms invpcid mpx rdseed adx smap clflushopt intel_pt xsaveopt xsavec xgetbv1 xsaves dtherm ida arat pln pts hwp hwp_notify hwp_act_window hwp_epp vnmi md_clear flush_l1d arch_capabilities

Online cpus: 0-11
Offline cpus: 
BIOS frequency limitation: <Not Available>
Frequency switch latency (ns): 0
Available cpu frequencies: <Not Available>
Current governor: powersave
Core performance/turbo boost: <Not Available>

Memory: 4k page, physical 7963288k(1785988k free), swap 2097148k(2096892k free)
Page Sizes: 4k

vm_info: OpenJDK 64-Bit Server VM (21.0.9+10-Ubuntu-124.04) for linux-amd64 JRE (21.0.9+10-Ubuntu-124.04), built on 2025-10-23T12:36:23Z by "buildd" with gcc 13.3.0

END.
