#
# A fatal error has been detected by the Java Runtime Environment:
#
#  SIGSEGV (0xb) at pc=0x000075dbbd54ae2c, pid=17611, tid=17629
#
# JRE version: OpenJDK Runtime Environment (21.0.9+10) (build 21.0.9+10-Ubuntu-124.04)
# Java VM: OpenJDK 64-Bit Server VM (21.0.9+10-Ubuntu-124.04, mixed mode, sharing, tiered, compressed oops, compressed class ptrs, g1 gc, linux-amd64)
# Problematic frame:
# V  [libjvm.so+0x74ae2c]  Dictionary::find(Thread*, Symbol*, Handle)+0xcc
#
# Core dump will be written. Default location: Core dumps may be processed with "/usr/lib/systemd/systemd-coredump %P %u %g %s %t 9223372036854775808 %h %d" (or dumping to /home/edu/Documentos/IPC-2/Games-app/rest-api-games/core.17611)
#
# If you would like to submit a bug report, please visit:
#   https://bugs.launchpad.net/ubuntu/+source/openjdk-21
#

---------------  S U M M A R Y ------------

Command Line: -Dclassworlds.conf=/usr/lib/apache-netbeans/java/maven/bin/m2.conf -Dmaven.home=/usr/lib/apache-netbeans/java/maven -Dlibrary.jansi.path=/usr/lib/apache-netbeans/java/maven/lib/jansi-native -Dmaven.multiModuleProjectDirectory=/home/edu/Documentos/IPC-2/Games-app/rest-api-games org.codehaus.plexus.classworlds.launcher.Launcher -Dnetbeans.deploy=true -Dexec.vmArgs= -Dexec.appArgs= -Dmaven.ext.class.path=/usr/lib/apache-netbeans/java/maven-nblib/netbeans-eventspy.jar --no-transfer-progress package

Host: Intel(R) Core(TM) i5-10400 CPU @ 2.90GHz, 12 cores, 7G, Linux Mint 22.2 Zara
Time: Tue Dec 23 23:57:50 2025 CST elapsed time: 0.289648 seconds (0d 0h 0m 0s)

---------------  T H R E A D  ---------------

Current thread (0x000075dbb80192c0):  JavaThread "main"             [_thread_in_vm, id=17629, stack(0x000075dbbc900000,0x000075dbbca00000) (1024K)]

Stack: [0x000075dbbc900000,0x000075dbbca00000],  sp=0x000075dbbc9fd700,  free space=1013k
Native frames: (J=compiled Java code, j=interpreted, Vv=VM code, C=native code)
V  [libjvm.so+0x74ae2c]  Dictionary::find(Thread*, Symbol*, Handle)+0xcc
V  [libjvm.so+0xf4d1ba]  SystemDictionary::resolve_instance_class_or_null(Symbol*, Handle, Handle, JavaThread*)+0xea
V  [libjvm.so+0xf4ee92]  SystemDictionary::resolve_or_fail(Symbol*, Handle, Handle, bool, JavaThread*)+0x52
V  [libjvm.so+0x694f90]  ConstantPool::klass_at_impl(constantPoolHandle const&, int, JavaThread*)+0x160
V  [libjvm.so+0x907ff6]  InterpreterRuntime::_new(JavaThread*, ConstantPool*, int)+0x66
j  com.google.inject.spi.InjectionPoint.forInstanceMethodsAndFields(Lcom/google/inject/TypeLiteral;)Ljava/util/Set;+0
j  com.google.inject.spi.InjectionPoint.forInstanceMethodsAndFields(Ljava/lang/Class;)Ljava/util/Set;+4
j  com.google.inject.internal.BindingBuilder.toInstance(Ljava/lang/Object;)V+12
j  org.codehaus.plexus.DefaultPlexusContainer$ContainerModule.configure(Lcom/google/inject/Binder;)V+15
j  com.google.inject.spi.Elements$RecordingBinder.install(Lcom/google/inject/Module;)V+209
j  com.google.inject.spi.Elements.getElements(Lcom/google/inject/Stage;Ljava/lang/Iterable;)Ljava/util/List;+40
j  com.google.inject.spi.Elements.getElements(Ljava/lang/Iterable;)Ljava/util/List;+4
j  org.eclipse.sisu.wire.WireModule.configure(Lcom/google/inject/Binder;)V+13
j  com.google.inject.spi.Elements$RecordingBinder.install(Lcom/google/inject/Module;)V+209
j  com.google.inject.spi.Elements.getElements(Lcom/google/inject/Stage;Ljava/lang/Iterable;)Ljava/util/List;+40
j  com.google.inject.internal.InjectorShell$Builder.build(Lcom/google/inject/internal/Initializer;Lcom/google/inject/internal/ProcessedBindingData;Lcom/google/inject/internal/util/ContinuousStopwatch;Lcom/google/inject/internal/Errors;)Ljava/util/List;+163
j  com.google.inject.internal.InternalInjectorCreator.build()Lcom/google/inject/Injector;+48
j  com.google.inject.Guice.createInjector(Lcom/google/inject/Stage;Ljava/lang/Iterable;)Lcom/google/inject/Injector;+15
j  com.google.inject.Guice.createInjector(Ljava/lang/Iterable;)Lcom/google/inject/Injector;+4
j  com.google.inject.Guice.createInjector([Lcom/google/inject/Module;)Lcom/google/inject/Injector;+4
j  org.codehaus.plexus.DefaultPlexusContainer.addPlexusInjector(Ljava/util/List;[Lcom/google/inject/Module;)Lcom/google/inject/Injector;+88
j  org.codehaus.plexus.DefaultPlexusContainer.<init>(Lorg/codehaus/plexus/ContainerConfiguration;[Lcom/google/inject/Module;)V+406
j  org.apache.maven.cli.MavenCli.container(Lorg/apache/maven/cli/CliRequest;)Lorg/codehaus/plexus/PlexusContainer;+279
j  org.apache.maven.cli.MavenCli.doMain(Lorg/apache/maven/cli/CliRequest;)I+34
j  org.apache.maven.cli.MavenCli.main([Ljava/lang/String;Lorg/codehaus/plexus/classworlds/ClassWorld;)I+24
j  java.lang.invoke.DirectMethodHandle$Holder.invokeStatic(Ljava/lang/Object;Ljava/lang/Object;Ljava/lang/Object;)I+11 java.base@21.0.9
j  java.lang.invoke.LambdaForm$MH+0x000075db40009400.invoke(Ljava/lang/Object;Ljava/lang/Object;Ljava/lang/Object;Ljava/lang/Object;)Ljava/lang/Object;+54 java.base@21.0.9
j  java.lang.invoke.LambdaForm$MH+0x000075db40009800.invokeExact_MT(Ljava/lang/Object;Ljava/lang/Object;Ljava/lang/Object;Ljava/lang/Object;Ljava/lang/Object;)Ljava/lang/Object;+22 java.base@21.0.9
j  jdk.internal.reflect.DirectMethodHandleAccessor.invokeImpl(Ljava/lang/Object;[Ljava/lang/Object;)Ljava/lang/Object;+72 java.base@21.0.9
j  jdk.internal.reflect.DirectMethodHandleAccessor.invoke(Ljava/lang/Object;[Ljava/lang/Object;)Ljava/lang/Object;+23 java.base@21.0.9
j  java.lang.reflect.Method.invoke(Ljava/lang/Object;[Ljava/lang/Object;)Ljava/lang/Object;+102 java.base@21.0.9
j  org.codehaus.plexus.classworlds.launcher.Launcher.launchEnhanced([Ljava/lang/String;)V+45
j  org.codehaus.plexus.classworlds.launcher.Launcher.launch([Ljava/lang/String;)V+2
j  org.codehaus.plexus.classworlds.launcher.Launcher.mainWithExitCode([Ljava/lang/String;)I+108
j  org.codehaus.plexus.classworlds.launcher.Launcher.main([Ljava/lang/String;)V+1
v  ~StubRoutines::call_stub 0x000075dba7d37cc6
V  [libjvm.so+0x9130ea]  JavaCalls::call_helper(JavaValue*, methodHandle const&, JavaCallArguments*, JavaThread*)+0x2da
V  [libjvm.so+0x9b8b0d]  jni_invoke_static(JNIEnv_*, JavaValue*, _jobject*, JNICallType, _jmethodID*, JNI_ArgumentPusher*, JavaThread*) [clone .constprop.1]+0x35d
V  [libjvm.so+0x9cc072]  jni_CallStaticVoidMethod+0x252
C  [libjli.so+0x55be]  JavaMain+0xfde
C  [libjli.so+0x846d]  ThreadJavaMain+0xd
C  [libc.so.6+0x9caa4]
Java frames: (J=compiled Java code, j=interpreted, Vv=VM code)
j  com.google.inject.spi.InjectionPoint.forInstanceMethodsAndFields(Lcom/google/inject/TypeLiteral;)Ljava/util/Set;+0
j  com.google.inject.spi.InjectionPoint.forInstanceMethodsAndFields(Ljava/lang/Class;)Ljava/util/Set;+4
j  com.google.inject.internal.BindingBuilder.toInstance(Ljava/lang/Object;)V+12
j  org.codehaus.plexus.DefaultPlexusContainer$ContainerModule.configure(Lcom/google/inject/Binder;)V+15
j  com.google.inject.spi.Elements$RecordingBinder.install(Lcom/google/inject/Module;)V+209
j  com.google.inject.spi.Elements.getElements(Lcom/google/inject/Stage;Ljava/lang/Iterable;)Ljava/util/List;+40
j  com.google.inject.spi.Elements.getElements(Ljava/lang/Iterable;)Ljava/util/List;+4
j  org.eclipse.sisu.wire.WireModule.configure(Lcom/google/inject/Binder;)V+13
j  com.google.inject.spi.Elements$RecordingBinder.install(Lcom/google/inject/Module;)V+209
j  com.google.inject.spi.Elements.getElements(Lcom/google/inject/Stage;Ljava/lang/Iterable;)Ljava/util/List;+40
j  com.google.inject.internal.InjectorShell$Builder.build(Lcom/google/inject/internal/Initializer;Lcom/google/inject/internal/ProcessedBindingData;Lcom/google/inject/internal/util/ContinuousStopwatch;Lcom/google/inject/internal/Errors;)Ljava/util/List;+163
j  com.google.inject.internal.InternalInjectorCreator.build()Lcom/google/inject/Injector;+48
j  com.google.inject.Guice.createInjector(Lcom/google/inject/Stage;Ljava/lang/Iterable;)Lcom/google/inject/Injector;+15
j  com.google.inject.Guice.createInjector(Ljava/lang/Iterable;)Lcom/google/inject/Injector;+4
j  com.google.inject.Guice.createInjector([Lcom/google/inject/Module;)Lcom/google/inject/Injector;+4
j  org.codehaus.plexus.DefaultPlexusContainer.addPlexusInjector(Ljava/util/List;[Lcom/google/inject/Module;)Lcom/google/inject/Injector;+88
j  org.codehaus.plexus.DefaultPlexusContainer.<init>(Lorg/codehaus/plexus/ContainerConfiguration;[Lcom/google/inject/Module;)V+406
j  org.apache.maven.cli.MavenCli.container(Lorg/apache/maven/cli/CliRequest;)Lorg/codehaus/plexus/PlexusContainer;+279
j  org.apache.maven.cli.MavenCli.doMain(Lorg/apache/maven/cli/CliRequest;)I+34
j  org.apache.maven.cli.MavenCli.main([Ljava/lang/String;Lorg/codehaus/plexus/classworlds/ClassWorld;)I+24
j  java.lang.invoke.DirectMethodHandle$Holder.invokeStatic(Ljava/lang/Object;Ljava/lang/Object;Ljava/lang/Object;)I+11 java.base@21.0.9
j  java.lang.invoke.LambdaForm$MH+0x000075db40009400.invoke(Ljava/lang/Object;Ljava/lang/Object;Ljava/lang/Object;Ljava/lang/Object;)Ljava/lang/Object;+54 java.base@21.0.9
j  java.lang.invoke.LambdaForm$MH+0x000075db40009800.invokeExact_MT(Ljava/lang/Object;Ljava/lang/Object;Ljava/lang/Object;Ljava/lang/Object;Ljava/lang/Object;)Ljava/lang/Object;+22 java.base@21.0.9
j  jdk.internal.reflect.DirectMethodHandleAccessor.invokeImpl(Ljava/lang/Object;[Ljava/lang/Object;)Ljava/lang/Object;+72 java.base@21.0.9
j  jdk.internal.reflect.DirectMethodHandleAccessor.invoke(Ljava/lang/Object;[Ljava/lang/Object;)Ljava/lang/Object;+23 java.base@21.0.9
j  java.lang.reflect.Method.invoke(Ljava/lang/Object;[Ljava/lang/Object;)Ljava/lang/Object;+102 java.base@21.0.9
j  org.codehaus.plexus.classworlds.launcher.Launcher.launchEnhanced([Ljava/lang/String;)V+45
j  org.codehaus.plexus.classworlds.launcher.Launcher.launch([Ljava/lang/String;)V+2
j  org.codehaus.plexus.classworlds.launcher.Launcher.mainWithExitCode([Ljava/lang/String;)I+108
j  org.codehaus.plexus.classworlds.launcher.Launcher.main([Ljava/lang/String;)V+1
v  ~StubRoutines::call_stub 0x000075dba7d37cc6

siginfo: si_signo: 11 (SIGSEGV), si_code: 1 (SEGV_MAPERR), si_addr: 0x000075d9b8644a00

Registers:
RAX=0x000075dbb8644a20, RBX=0x000075d9b8644a00, RCX=0x0000000000000000, RDX=0x000075dbb8644a20
RSP=0x000075dbbc9fd700, RBP=0x000075dbbc9fd720, RSI=0x000075dbb846ada8, RDI=0x000075dbb80192c0
R8 =0x000075dbb819d5f0, R9 =0x0000000000000000, R10=0x000075dbbe3494a0, R11=0x000075dbb8019eb8
R12=0x000075dbb8019eb8, R13=0x000075dbb846ada8, R14=0x000075dbb81ab730, R15=0x000075dbb8019eb0
RIP=0x000075dbbd54ae2c, EFLAGS=0x0000000000010216, CSGSFS=0x002b000000000033, ERR=0x0000000000000004
  TRAPNO=0x000000000000000e

XMM[0]=0x0000000000000000 0x0000000000000000
XMM[1]=0x000075dbbc9fdae0 0x000075dbbc9fdb30
XMM[2]=0x000075dba7d4fc1d 0x000075dbbc9fdae0
XMM[3]=0x0000000000000000 0x000075dba7d3ea90
XMM[4]=0x000075dbbc9fdb30 0x0000000000000000
XMM[5]=0x0000000000000000 0x000075dbb80192c0
XMM[6]=0x0000000000000000 0x000075dbb80192c0
XMM[7]=0x5952d87076a1926d 0x256d17ae3618890c
XMM[8]=0x0662a674a8efc57d 0xded560a5033c9456
XMM[9]=0x72c7f28172c7f281 0x72c7f281fb7d7b1c
XMM[10]=0x0000000000000000 0x0000000088b5889b
XMM[11]=0x9195ca349195ca34 0x9195ca348d134550
XMM[12]=0x0000000000000000 0x00000000fb7d7b1c
XMM[13]=0x0000000000000000 0x0000000000000000
XMM[14]=0x0000000000000000 0x0000000000000000
XMM[15]=0x0000000000000000 0x0000000000000000
  MXCSR=0x00001fa2


Register to memory mapping:

RAX=0x000075dbb8644a20 points into unknown readable memory: 0x000075d9b84a4240 | 40 42 4a b8 d9 75 00 00
RBX=0x000075d9b8644a00 is an unknown value
RCX=0x0 is null
RDX=0x000075dbb8644a20 points into unknown readable memory: 0x000075d9b84a4240 | 40 42 4a b8 d9 75 00 00
RSP=0x000075dbbc9fd700 is pointing into the stack for thread: 0x000075dbb80192c0
RBP=0x000075dbbc9fd720 is pointing into the stack for thread: 0x000075dbb80192c0
RSI=0x000075dbb846ada8 points into unknown readable memory: 0x6f630021394e0014 | 14 00 4e 39 21 00 63 6f
RDI=0x000075dbb80192c0 is a thread
R8 =0x000075dbb819d5f0 points into unknown readable memory: 0x0000000000000000 | 00 00 00 00 00 00 00 00
R9 =0x0 is null
R10=0x000075dbbe3494a0: <offset 0x00000000015494a0> in /usr/lib/jvm/java-21-openjdk-amd64/lib/server/libjvm.so at 0x000075dbbce00000
R11=0x000075dbb8019eb8 points into unknown readable memory: 0x000000008d9bfc78 | 78 fc 9b 8d 00 00 00 00
R12=0x000075dbb8019eb8 points into unknown readable memory: 0x000000008d9bfc78 | 78 fc 9b 8d 00 00 00 00
R13=0x000075dbb846ada8 points into unknown readable memory: 0x6f630021394e0014 | 14 00 4e 39 21 00 63 6f
R14=0x000075dbb81ab730 points into unknown readable memory: 0x000075dbb81393a8 | a8 93 13 b8 db 75 00 00
R15=0x000075dbb8019eb0 points into unknown readable memory: 0x000000008df521b0 | b0 21 f5 8d 00 00 00 00

Top of Stack: (sp=0x000075dbbc9fd700)
0x000075dbbc9fd700:   000075dbbc9fd720 000075dbb80192c0
0x000075dbbc9fd710:   000075dbb8019ec0 000075dbb846ada8
0x000075dbbc9fd720:   000075dbbc9fd8f0 000075dbbdd4d1ba
0x000075dbbc9fd730:   000075db400afad8 000075db40023630
0x000075dbbc9fd740:   000075dbbc9fd7d0 000075dbbd989238
0x000075dbbc9fd750:   000075dbbc9fd7d0 000075dbbdd4ee92
0x000075dbbc9fd760:   000075dbb8019f88 000075dbb8019ec0
0x000075dbbc9fd770:   000075dbb81abd20 00000000bd45320b
0x000075dbbc9fd780:   000075dbbc9fd7e0 000075dbb8019eb8
0x000075dbbc9fd790:   000075dbbc9fd7d0 000075dbbd454195
0x000075dbbc9fd7a0:   000075dbb8022390 000075dbb80192c0
0x000075dbbc9fd7b0:   0000000000000000 0000000000000000
0x000075dbbc9fd7c0:   000075dbb8000000 000075dbbc9fd820
0x000075dbbc9fd7d0:   000075dbbc9fd8d0 000075dbbd98f503
0x000075dbbc9fd7e0:   000075dbb80192c0 000075dbb8019e60
0x000075dbbc9fd7f0:   000075dbb8019ea0 000075dbb8019ec0
0x000075dbbc9fd800:   000075dbb8019f88 00000000000000d8
0x000075dbbc9fd810:   000075dbbc9fd9b0 000075db3b697870
0x000075dbbc9fd820:   000075db3b697870 000075dbb80192c0
0x000075dbbc9fd830:   000075dbb8019f88 00000000000000d8
0x000075dbbc9fd840:   000075dbbc9fea70 00000001000000b4
0x000075dbbc9fd850:   000075db3f000e90 000075db3b6945c8
0x000075dbbc9fd860:   000075dbbc9fd8a0 000075dbbc9fd8f0
0x000075dbbc9fd870:   000075dbbc9fd890 0000000000000057
0x000075dbbc9fd880:   000075dbbc9fd8d0 000075dbbd988dda
0x000075dbbc9fd890:   0000000000000000 0000000000000000
0x000075dbbc9fd8a0:   000075db3b6945c8 000075dbbc9fd9b0
0x000075dbbc9fd8b0:   000075dbbc9fda30 000075dbbc9fd9b0
0x000075dbbc9fd8c0:   000075dbbc9fda30 000075dbb846ada8
0x000075dbbc9fd8d0:   0000000000000001 000075dbbc9fda30
0x000075dbbc9fd8e0:   000075dbb80192c0 000075dbb8019eb0
0x000075dbbc9fd8f0:   000075dbbc9fd970 000075dbbdd4ee92 

Instructions: (pc=0x000075dbbd54ae2c)
0x000075dbbd54ad2c:   85 d2 74 18 48 8b 42 08 48 8b 08 48 3b 71 18 75
0x000075dbbd54ad3c:   eb 4c 89 87 a8 01 00 00 c3 0f 1f 00 31 c0 4c 89
0x000075dbbd54ad4c:   87 a8 01 00 00 c3 66 66 2e 0f 1f 84 00 00 00 00
0x000075dbbd54ad5c:   00 0f 1f 00 f3 0f 1e fa 55 48 89 f8 48 89 f7 48
0x000075dbbd54ad6c:   89 d6 48 89 e5 41 55 41 54 49 89 cc 53 48 83 ec
0x000075dbbd54ad7c:   08 48 8b 8f a8 01 00 00 4c 8b 40 08 48 89 c8 f6
0x000075dbbd54ad8c:   c1 01 75 12 48 8d 05 69 10 dc 00 48 8b 80 80 00
0x000075dbbd54ad9c:   00 00 48 83 c8 01 48 8d 97 a8 01 00 00 48 87 02
0x000075dbbd54adac:   49 8b 40 50 48 85 c0 74 09 49 8d 50 50 31 c0 48
0x000075dbbd54adbc:   87 02 0f b7 56 04 49 89 f1 8b 06 49 c1 e9 03 c1
0x000075dbbd54adcc:   e2 08 44 31 ca 44 0f b7 4e 06 66 41 c1 c1 08 44
0x000075dbbd54addc:   31 ca 0f ac d0 10 49 8b 50 10 89 c0 4c 8b 4a 18
0x000075dbbd54adec:   48 8b 12 49 21 c1 4a 8d 14 ca 4c 8b 0a 41 83 e1
0x000075dbbd54adfc:   02 74 0f 49 8b 50 18 48 23 42 18 48 8b 12 48 8d
0x000075dbbd54ae0c:   14 c2 48 8b 12 48 89 d0 48 83 e0 fc 48 83 fa 03
0x000075dbbd54ae1c:   77 0a eb 48 48 8b 00 48 85 c0 74 40 48 8b 58 08
0x000075dbbd54ae2c:   48 8b 13 48 3b 72 18 75 eb 48 89 8f a8 01 00 00
0x000075dbbd54ae3c:   48 85 db 74 2e 4d 85 e4 74 10 49 83 3c 24 00 74
0x000075dbbd54ae4c:   09 e8 ae 46 1d 00 84 c0 75 2a 48 8b 03 48 83 c4
0x000075dbbd54ae5c:   08 5b 41 5c 41 5d 5d c3 0f 1f 40 00 48 89 8f a8
0x000075dbbd54ae6c:   01 00 00 48 83 c4 08 31 c0 5b 41 5c 41 5d 5d c3
0x000075dbbd54ae7c:   0f 1f 40 00 48 8b 3b 4d 8b 2c 24 48 8b 07 ff 90
0x000075dbbd54ae8c:   e8 00 00 00 49 39 c5 74 c1 4c 8b 63 08 4d 85 e4
0x000075dbbd54ae9c:   75 0c eb cf 4d 8b 64 24 08 4d 85 e4 74 c5 4c 89
0x000075dbbd54aeac:   e7 e8 ae 7a 61 00 49 39 c5 75 e9 eb 9d 90 66 0f
0x000075dbbd54aebc:   1f 44 00 00 f3 0f 1e fa 48 89 f8 48 89 f7 48 89
0x000075dbbd54aecc:   d6 4c 8b 87 a8 01 00 00 48 8b 48 08 4c 89 c0 41
0x000075dbbd54aedc:   f6 c0 01 75 12 48 8d 05 18 0f dc 00 48 8b 80 80
0x000075dbbd54aeec:   00 00 00 48 83 c8 01 48 8d 97 a8 01 00 00 48 87
0x000075dbbd54aefc:   02 48 8b 41 50 48 85 c0 74 09 48 8d 51 50 31 c0
0x000075dbbd54af0c:   48 87 02 0f b7 56 04 49 89 f1 8b 06 49 c1 e9 03
0x000075dbbd54af1c:   c1 e2 08 44 31 ca 44 0f b7 4e 06 66 41 c1 c1 08 


Stack slot to memory mapping:

stack at sp + 0 slots: 0x000075dbbc9fd720 is pointing into the stack for thread: 0x000075dbb80192c0
stack at sp + 1 slots: 0x000075dbb80192c0 is a thread
stack at sp + 2 slots: 0x000075dbb8019ec0 points into unknown readable memory: 0x000000008df521b0 | b0 21 f5 8d 00 00 00 00
stack at sp + 3 slots: 0x000075dbb846ada8 points into unknown readable memory: 0x6f630021394e0014 | 14 00 4e 39 21 00 63 6f
stack at sp + 4 slots: 0x000075dbbc9fd8f0 is pointing into the stack for thread: 0x000075dbb80192c0
stack at sp + 5 slots: 0x000075dbbdd4d1ba: <offset 0x0000000000f4d1ba> in /usr/lib/jvm/java-21-openjdk-amd64/lib/server/libjvm.so at 0x000075dbbce00000
stack at sp + 6 slots: 0x000075db400afad8 is a pointer to class: 
com.google.inject.spi.InjectionPoint {0x000075db400afad8}
 - instance size:     4
 - klass size:        66
 - access:            public final synchronized 
 - flags:             rewritten has_nonstatic_fields should_verify_class has_localvariable_table 
 - state:             fully_initialized
 - name:              'com/google/inject/spi/InjectionPoint'
 - super:             'java/lang/Object'
 - sub:               
 - arrays:            null
 - methods:           Array<T>(0x000075db3b6960f8)
 - method ordering:   Array<T>(0x000075db3fb39e10)
 - local interfaces:  Array<T>(0x000075db3f61bce0)
 - trans. interfaces: Array<T>(0x000075db3f61bce0)
 - secondary supers: Array<T>(0x000075db3f61b830)
 - hash_slot:         41
 - bitmap:            0x0000000000000000
 - constants:         constant pool [797]/operands[28] {0x000075db3b6945c8} for 'com/google/inject/spi/InjectionPoint' cache=0x000075db3b699928
 - class loader data:  loader data: 0x000075dbb81ab730 for instance a 'org/codehaus/plexus/classworlds/realm/ClassRealm'{0x000000008df521b0}
 - source file:       'InjectionPoint.java'
 - inner classes:     Array<T>(0x000075db3b698a70)
 - nest members:     Array<T>(0x000075db3f61bc68)
 - permitted subclasses:     Array<T>(0x000075db3f61bc68)
 - java mirror:       a 'java/lang/Class'{0x000000008cf923a0} = 'com/google/inject/spi/InjectionPoint'
 - vtable length      5  (start addr: 0x000075db400afca8)
 - itable length      2 (start addr: 0x000075db400afcd0)
 - ---- static fields (1 words):
 - private static final 'logger' 'Ljava/util/logging/Logger;' @112 
 - ---- non-static fields (4 words):
 - private final 'optional' 'Z' @12 
 - private final 'member' 'Ljava/lang/reflect/Member;' @16 
 - private final 'declaringType' 'Lcom/google/inject/TypeLiteral;' @20 
 - private final 'dependencies' 'Lcom/google/common/collect/ImmutableList;' @24 
 - non-static oop maps: 16-24 
stack at sp + 7 slots: 0x000075db40023630 is a pointer to class: 
com.google.inject.TypeLiteral {0x000075db40023630}
 - instance size:     3
 - klass size:        73
 - access:            public synchronized 
 - flags:             rewritten has_nonstatic_fields should_verify_class has_localvariable_table has_final_method 
 - state:             fully_initialized
 - name:              'com/google/inject/TypeLiteral'
 - super:             'java/lang/Object'
 - sub:               
 - arrays:            null
 - methods:           Array<T>(0x000075db3b508a40)
 - method ordering:   Array<T>(0x000075db3fb39e10)
 - local interfaces:  Array<T>(0x000075db3f61bce0)
 - trans. interfaces: Array<T>(0x000075db3f61bce0)
 - secondary supers: Array<T>(0x000075db3f61b830)
 - hash_slot:         26
 - bitmap:            0x0000000000000000
 - constants:         constant pool [298] {0x000075db3b508000} for 'com/google/inject/TypeLiteral' cache=0x000075db3b622968
 - class loader data:  loader data: 0x000075dbb81ab730 for instance a 'org/codehaus/plexus/classworlds/realm/ClassRealm'{0x000000008df521b0}
 - source file:       'TypeLiteral.java'
 - generic signature: '<T:Ljava/lang/Object;>Ljava/lang/Object;'
 - inner classes:     Array<T>(0x000075db3f61bc68)
 - nest members:     Array<T>(0x000075db3f61bc68)
 - permitted subclasses:     Array<T>(0x000075db3f61bc68)
 - java mirror:       a 'java/lang/Class'{0x000000008d7afe30} = 'com/google/inject/TypeLiteral'
 - vtable length      12  (start addr: 0x000075db40023800)
 - itable length      2 (start addr: 0x000075db40023860)
 - ---- static fields (0 words):
 - ---- non-static fields (3 words):
 - final 'hashCode' 'I' @12 
 - final 'rawType' 'Ljava/lang/Class;' @16 
 - final 'type' 'Ljava/lang/reflect/Type;' @20 
 - non-static oop maps: 16-20 


---------------  P R O C E S S  ---------------

Threads class SMR info:
_java_thread_list=0x000075db1000d660, length=10, elements={
0x000075dbb80192c0, 0x000075dbb8153010, 0x000075dbb8154580, 0x000075dbb8155d10,
0x000075dbb8157350, 0x000075dbb81588f0, 0x000075dbb815a430, 0x000075dbb815baf0,
0x000075dbb8167990, 0x000075dbb816acc0
}

Java Threads: ( => current thread )
=>0x000075dbb80192c0 JavaThread "main"                              [_thread_in_vm, id=17629, stack(0x000075dbbc900000,0x000075dbbca00000) (1024K)]
  0x000075dbb8153010 JavaThread "Reference Handler"          daemon [_thread_blocked, id=17637, stack(0x000075db9c500000,0x000075db9c600000) (1024K)]
  0x000075dbb8154580 JavaThread "Finalizer"                  daemon [_thread_blocked, id=17638, stack(0x000075db9c400000,0x000075db9c500000) (1024K)]
  0x000075dbb8155d10 JavaThread "Signal Dispatcher"          daemon [_thread_blocked, id=17639, stack(0x000075db9c300000,0x000075db9c400000) (1024K)]
  0x000075dbb8157350 JavaThread "Service Thread"             daemon [_thread_blocked, id=17640, stack(0x000075db9c200000,0x000075db9c300000) (1024K)]
  0x000075dbb81588f0 JavaThread "Monitor Deflation Thread"   daemon [_thread_blocked, id=17641, stack(0x000075db9c100000,0x000075db9c200000) (1024K)]
  0x000075dbb815a430 JavaThread "C2 CompilerThread0"         daemon [_thread_blocked, id=17642, stack(0x000075db9c000000,0x000075db9c100000) (1024K)]
  0x000075dbb815baf0 JavaThread "C1 CompilerThread0"         daemon [_thread_blocked, id=17643, stack(0x000075db8df00000,0x000075db8e000000) (1024K)]
  0x000075dbb8167990 JavaThread "Notification Thread"        daemon [_thread_blocked, id=17644, stack(0x000075db8de00000,0x000075db8df00000) (1024K)]
  0x000075dbb816acc0 JavaThread "Common-Cleaner"             daemon [_thread_blocked, id=17645, stack(0x000075db8dd00000,0x000075db8de00000) (1024K)]
Total: 10

Other Threads:
  0x000075dbb8149ef0 VMThread "VM Thread"                           [id=17636, stack(0x000075db9ceec000,0x000075db9cfec000) (1024K)]
  0x000075dbb8138080 WatcherThread "VM Periodic Task Thread"        [id=17635, stack(0x000075db9cfed000,0x000075db9d0ed000) (1024K)]
  0x000075dbb8070dc0 WorkerThread "GC Thread#0"                     [id=17630, stack(0x000075db9defc000,0x000075db9dffc000) (1024K)]
  0x000075dbb8081730 ConcurrentGCThread "G1 Main Marker"            [id=17631, stack(0x000075db9ddfb000,0x000075db9defb000) (1024K)]
  0x000075dbb80826e0 WorkerThread "G1 Conc#0"                       [id=17632, stack(0x000075db9dcfa000,0x000075db9ddfa000) (1024K)]
  0x000075dbb811c6a0 ConcurrentGCThread "G1 Refine#0"               [id=17633, stack(0x000075db9d1ef000,0x000075db9d2ef000) (1024K)]
  0x000075dbb811d660 ConcurrentGCThread "G1 Service"                [id=17634, stack(0x000075db9d0ee000,0x000075db9d1ee000) (1024K)]
Total: 7

Threads with active compile tasks:
Total: 0

VM state: not at safepoint (normal execution)

VM Mutex/Monitor currently owned by a thread: None

Heap address: 0x0000000086600000, size: 1946 MB, Compressed Oops mode: 32-bit

CDS archive(s) mapped at: [0x000075db3f000000-0x000075db3fca0000-0x000075db3fca0000), size 13238272, SharedBaseAddress: 0x000075db3f000000, ArchiveRelocationMode: 1.
Compressed class space mapped at: 0x000075db40000000-0x000075db80000000, reserved size: 1073741824
Narrow klass base: 0x000075db3f000000, Narrow klass shift: 0, Narrow klass range: 0x100000000

GC Precious Log:
 CardTable entry size: 512
 Card Set container configuration: InlinePtr #cards 5 size 8 Array Of Cards #cards 12 size 40 Howl #buckets 4 coarsen threshold 1843 Howl Bitmap #cards 512 size 80 coarsen threshold 460 Card regions per heap region 1 cards per card region 2048
 CPUs: 12 total, 12 available
 Memory: 7776M
 Large Page Support: Disabled
 NUMA Support: Disabled
 Compressed Oops: Enabled (32-bit)
 Heap Region Size: 1M
 Heap Min Capacity: 8M
 Heap Initial Capacity: 122M
 Heap Max Capacity: 1946M
 Pre-touch: Disabled
 Parallel Workers: 10
 Concurrent Workers: 3
 Concurrent Refinement Workers: 10
 Periodic GC: Disabled

Heap:
 garbage-first heap   total 126976K, used 16434K [0x0000000086600000, 0x0000000100000000)
  region size 1024K, 17 young (17408K), 0 survivors (0K)
 Metaspace       used 5352K, committed 5504K, reserved 1114112K
  class space    used 628K, committed 704K, reserved 1048576K

Heap Regions: E=young(eden), S=young(survivor), O=old, HS=humongous(starts), HC=humongous(continues), CS=collection set, F=free, TAMS=top-at-mark-start, PB=parsable bottom
|   0|0x0000000086600000, 0x0000000086600000, 0x0000000086700000|  0%| F|  |TAMS 0x0000000086600000| PB 0x0000000086600000| Untracked 
|   1|0x0000000086700000, 0x0000000086700000, 0x0000000086800000|  0%| F|  |TAMS 0x0000000086700000| PB 0x0000000086700000| Untracked 
|   2|0x0000000086800000, 0x0000000086800000, 0x0000000086900000|  0%| F|  |TAMS 0x0000000086800000| PB 0x0000000086800000| Untracked 
|   3|0x0000000086900000, 0x0000000086900000, 0x0000000086a00000|  0%| F|  |TAMS 0x0000000086900000| PB 0x0000000086900000| Untracked 
|   4|0x0000000086a00000, 0x0000000086a00000, 0x0000000086b00000|  0%| F|  |TAMS 0x0000000086a00000| PB 0x0000000086a00000| Untracked 
|   5|0x0000000086b00000, 0x0000000086b00000, 0x0000000086c00000|  0%| F|  |TAMS 0x0000000086b00000| PB 0x0000000086b00000| Untracked 
|   6|0x0000000086c00000, 0x0000000086c00000, 0x0000000086d00000|  0%| F|  |TAMS 0x0000000086c00000| PB 0x0000000086c00000| Untracked 
|   7|0x0000000086d00000, 0x0000000086d00000, 0x0000000086e00000|  0%| F|  |TAMS 0x0000000086d00000| PB 0x0000000086d00000| Untracked 
|   8|0x0000000086e00000, 0x0000000086e00000, 0x0000000086f00000|  0%| F|  |TAMS 0x0000000086e00000| PB 0x0000000086e00000| Untracked 
|   9|0x0000000086f00000, 0x0000000086f00000, 0x0000000087000000|  0%| F|  |TAMS 0x0000000086f00000| PB 0x0000000086f00000| Untracked 
|  10|0x0000000087000000, 0x0000000087000000, 0x0000000087100000|  0%| F|  |TAMS 0x0000000087000000| PB 0x0000000087000000| Untracked 
|  11|0x0000000087100000, 0x0000000087100000, 0x0000000087200000|  0%| F|  |TAMS 0x0000000087100000| PB 0x0000000087100000| Untracked 
|  12|0x0000000087200000, 0x0000000087200000, 0x0000000087300000|  0%| F|  |TAMS 0x0000000087200000| PB 0x0000000087200000| Untracked 
|  13|0x0000000087300000, 0x0000000087300000, 0x0000000087400000|  0%| F|  |TAMS 0x0000000087300000| PB 0x0000000087300000| Untracked 
|  14|0x0000000087400000, 0x0000000087400000, 0x0000000087500000|  0%| F|  |TAMS 0x0000000087400000| PB 0x0000000087400000| Untracked 
|  15|0x0000000087500000, 0x0000000087500000, 0x0000000087600000|  0%| F|  |TAMS 0x0000000087500000| PB 0x0000000087500000| Untracked 
|  16|0x0000000087600000, 0x0000000087600000, 0x0000000087700000|  0%| F|  |TAMS 0x0000000087600000| PB 0x0000000087600000| Untracked 
|  17|0x0000000087700000, 0x0000000087700000, 0x0000000087800000|  0%| F|  |TAMS 0x0000000087700000| PB 0x0000000087700000| Untracked 
|  18|0x0000000087800000, 0x0000000087800000, 0x0000000087900000|  0%| F|  |TAMS 0x0000000087800000| PB 0x0000000087800000| Untracked 
|  19|0x0000000087900000, 0x0000000087900000, 0x0000000087a00000|  0%| F|  |TAMS 0x0000000087900000| PB 0x0000000087900000| Untracked 
|  20|0x0000000087a00000, 0x0000000087a00000, 0x0000000087b00000|  0%| F|  |TAMS 0x0000000087a00000| PB 0x0000000087a00000| Untracked 
|  21|0x0000000087b00000, 0x0000000087b00000, 0x0000000087c00000|  0%| F|  |TAMS 0x0000000087b00000| PB 0x0000000087b00000| Untracked 
|  22|0x0000000087c00000, 0x0000000087c00000, 0x0000000087d00000|  0%| F|  |TAMS 0x0000000087c00000| PB 0x0000000087c00000| Untracked 
|  23|0x0000000087d00000, 0x0000000087d00000, 0x0000000087e00000|  0%| F|  |TAMS 0x0000000087d00000| PB 0x0000000087d00000| Untracked 
|  24|0x0000000087e00000, 0x0000000087e00000, 0x0000000087f00000|  0%| F|  |TAMS 0x0000000087e00000| PB 0x0000000087e00000| Untracked 
|  25|0x0000000087f00000, 0x0000000087f00000, 0x0000000088000000|  0%| F|  |TAMS 0x0000000087f00000| PB 0x0000000087f00000| Untracked 
|  26|0x0000000088000000, 0x0000000088000000, 0x0000000088100000|  0%| F|  |TAMS 0x0000000088000000| PB 0x0000000088000000| Untracked 
|  27|0x0000000088100000, 0x0000000088100000, 0x0000000088200000|  0%| F|  |TAMS 0x0000000088100000| PB 0x0000000088100000| Untracked 
|  28|0x0000000088200000, 0x0000000088200000, 0x0000000088300000|  0%| F|  |TAMS 0x0000000088200000| PB 0x0000000088200000| Untracked 
|  29|0x0000000088300000, 0x0000000088300000, 0x0000000088400000|  0%| F|  |TAMS 0x0000000088300000| PB 0x0000000088300000| Untracked 
|  30|0x0000000088400000, 0x0000000088400000, 0x0000000088500000|  0%| F|  |TAMS 0x0000000088400000| PB 0x0000000088400000| Untracked 
|  31|0x0000000088500000, 0x0000000088500000, 0x0000000088600000|  0%| F|  |TAMS 0x0000000088500000| PB 0x0000000088500000| Untracked 
|  32|0x0000000088600000, 0x0000000088600000, 0x0000000088700000|  0%| F|  |TAMS 0x0000000088600000| PB 0x0000000088600000| Untracked 
|  33|0x0000000088700000, 0x0000000088700000, 0x0000000088800000|  0%| F|  |TAMS 0x0000000088700000| PB 0x0000000088700000| Untracked 
|  34|0x0000000088800000, 0x0000000088800000, 0x0000000088900000|  0%| F|  |TAMS 0x0000000088800000| PB 0x0000000088800000| Untracked 
|  35|0x0000000088900000, 0x0000000088900000, 0x0000000088a00000|  0%| F|  |TAMS 0x0000000088900000| PB 0x0000000088900000| Untracked 
|  36|0x0000000088a00000, 0x0000000088a00000, 0x0000000088b00000|  0%| F|  |TAMS 0x0000000088a00000| PB 0x0000000088a00000| Untracked 
|  37|0x0000000088b00000, 0x0000000088b00000, 0x0000000088c00000|  0%| F|  |TAMS 0x0000000088b00000| PB 0x0000000088b00000| Untracked 
|  38|0x0000000088c00000, 0x0000000088c00000, 0x0000000088d00000|  0%| F|  |TAMS 0x0000000088c00000| PB 0x0000000088c00000| Untracked 
|  39|0x0000000088d00000, 0x0000000088d00000, 0x0000000088e00000|  0%| F|  |TAMS 0x0000000088d00000| PB 0x0000000088d00000| Untracked 
|  40|0x0000000088e00000, 0x0000000088e00000, 0x0000000088f00000|  0%| F|  |TAMS 0x0000000088e00000| PB 0x0000000088e00000| Untracked 
|  41|0x0000000088f00000, 0x0000000088f00000, 0x0000000089000000|  0%| F|  |TAMS 0x0000000088f00000| PB 0x0000000088f00000| Untracked 
|  42|0x0000000089000000, 0x0000000089000000, 0x0000000089100000|  0%| F|  |TAMS 0x0000000089000000| PB 0x0000000089000000| Untracked 
|  43|0x0000000089100000, 0x0000000089100000, 0x0000000089200000|  0%| F|  |TAMS 0x0000000089100000| PB 0x0000000089100000| Untracked 
|  44|0x0000000089200000, 0x0000000089200000, 0x0000000089300000|  0%| F|  |TAMS 0x0000000089200000| PB 0x0000000089200000| Untracked 
|  45|0x0000000089300000, 0x0000000089300000, 0x0000000089400000|  0%| F|  |TAMS 0x0000000089300000| PB 0x0000000089300000| Untracked 
|  46|0x0000000089400000, 0x0000000089400000, 0x0000000089500000|  0%| F|  |TAMS 0x0000000089400000| PB 0x0000000089400000| Untracked 
|  47|0x0000000089500000, 0x0000000089500000, 0x0000000089600000|  0%| F|  |TAMS 0x0000000089500000| PB 0x0000000089500000| Untracked 
|  48|0x0000000089600000, 0x0000000089600000, 0x0000000089700000|  0%| F|  |TAMS 0x0000000089600000| PB 0x0000000089600000| Untracked 
|  49|0x0000000089700000, 0x0000000089700000, 0x0000000089800000|  0%| F|  |TAMS 0x0000000089700000| PB 0x0000000089700000| Untracked 
|  50|0x0000000089800000, 0x0000000089800000, 0x0000000089900000|  0%| F|  |TAMS 0x0000000089800000| PB 0x0000000089800000| Untracked 
|  51|0x0000000089900000, 0x0000000089900000, 0x0000000089a00000|  0%| F|  |TAMS 0x0000000089900000| PB 0x0000000089900000| Untracked 
|  52|0x0000000089a00000, 0x0000000089a00000, 0x0000000089b00000|  0%| F|  |TAMS 0x0000000089a00000| PB 0x0000000089a00000| Untracked 
|  53|0x0000000089b00000, 0x0000000089b00000, 0x0000000089c00000|  0%| F|  |TAMS 0x0000000089b00000| PB 0x0000000089b00000| Untracked 
|  54|0x0000000089c00000, 0x0000000089c00000, 0x0000000089d00000|  0%| F|  |TAMS 0x0000000089c00000| PB 0x0000000089c00000| Untracked 
|  55|0x0000000089d00000, 0x0000000089d00000, 0x0000000089e00000|  0%| F|  |TAMS 0x0000000089d00000| PB 0x0000000089d00000| Untracked 
|  56|0x0000000089e00000, 0x0000000089e00000, 0x0000000089f00000|  0%| F|  |TAMS 0x0000000089e00000| PB 0x0000000089e00000| Untracked 
|  57|0x0000000089f00000, 0x0000000089f00000, 0x000000008a000000|  0%| F|  |TAMS 0x0000000089f00000| PB 0x0000000089f00000| Untracked 
|  58|0x000000008a000000, 0x000000008a000000, 0x000000008a100000|  0%| F|  |TAMS 0x000000008a000000| PB 0x000000008a000000| Untracked 
|  59|0x000000008a100000, 0x000000008a100000, 0x000000008a200000|  0%| F|  |TAMS 0x000000008a100000| PB 0x000000008a100000| Untracked 
|  60|0x000000008a200000, 0x000000008a200000, 0x000000008a300000|  0%| F|  |TAMS 0x000000008a200000| PB 0x000000008a200000| Untracked 
|  61|0x000000008a300000, 0x000000008a300000, 0x000000008a400000|  0%| F|  |TAMS 0x000000008a300000| PB 0x000000008a300000| Untracked 
|  62|0x000000008a400000, 0x000000008a400000, 0x000000008a500000|  0%| F|  |TAMS 0x000000008a400000| PB 0x000000008a400000| Untracked 
|  63|0x000000008a500000, 0x000000008a500000, 0x000000008a600000|  0%| F|  |TAMS 0x000000008a500000| PB 0x000000008a500000| Untracked 
|  64|0x000000008a600000, 0x000000008a600000, 0x000000008a700000|  0%| F|  |TAMS 0x000000008a600000| PB 0x000000008a600000| Untracked 
|  65|0x000000008a700000, 0x000000008a700000, 0x000000008a800000|  0%| F|  |TAMS 0x000000008a700000| PB 0x000000008a700000| Untracked 
|  66|0x000000008a800000, 0x000000008a800000, 0x000000008a900000|  0%| F|  |TAMS 0x000000008a800000| PB 0x000000008a800000| Untracked 
|  67|0x000000008a900000, 0x000000008a900000, 0x000000008aa00000|  0%| F|  |TAMS 0x000000008a900000| PB 0x000000008a900000| Untracked 
|  68|0x000000008aa00000, 0x000000008aa00000, 0x000000008ab00000|  0%| F|  |TAMS 0x000000008aa00000| PB 0x000000008aa00000| Untracked 
|  69|0x000000008ab00000, 0x000000008ab00000, 0x000000008ac00000|  0%| F|  |TAMS 0x000000008ab00000| PB 0x000000008ab00000| Untracked 
|  70|0x000000008ac00000, 0x000000008ac00000, 0x000000008ad00000|  0%| F|  |TAMS 0x000000008ac00000| PB 0x000000008ac00000| Untracked 
|  71|0x000000008ad00000, 0x000000008ad00000, 0x000000008ae00000|  0%| F|  |TAMS 0x000000008ad00000| PB 0x000000008ad00000| Untracked 
|  72|0x000000008ae00000, 0x000000008ae00000, 0x000000008af00000|  0%| F|  |TAMS 0x000000008ae00000| PB 0x000000008ae00000| Untracked 
|  73|0x000000008af00000, 0x000000008af00000, 0x000000008b000000|  0%| F|  |TAMS 0x000000008af00000| PB 0x000000008af00000| Untracked 
|  74|0x000000008b000000, 0x000000008b000000, 0x000000008b100000|  0%| F|  |TAMS 0x000000008b000000| PB 0x000000008b000000| Untracked 
|  75|0x000000008b100000, 0x000000008b100000, 0x000000008b200000|  0%| F|  |TAMS 0x000000008b100000| PB 0x000000008b100000| Untracked 
|  76|0x000000008b200000, 0x000000008b200000, 0x000000008b300000|  0%| F|  |TAMS 0x000000008b200000| PB 0x000000008b200000| Untracked 
|  77|0x000000008b300000, 0x000000008b300000, 0x000000008b400000|  0%| F|  |TAMS 0x000000008b300000| PB 0x000000008b300000| Untracked 
|  78|0x000000008b400000, 0x000000008b400000, 0x000000008b500000|  0%| F|  |TAMS 0x000000008b400000| PB 0x000000008b400000| Untracked 
|  79|0x000000008b500000, 0x000000008b500000, 0x000000008b600000|  0%| F|  |TAMS 0x000000008b500000| PB 0x000000008b500000| Untracked 
|  80|0x000000008b600000, 0x000000008b600000, 0x000000008b700000|  0%| F|  |TAMS 0x000000008b600000| PB 0x000000008b600000| Untracked 
|  81|0x000000008b700000, 0x000000008b700000, 0x000000008b800000|  0%| F|  |TAMS 0x000000008b700000| PB 0x000000008b700000| Untracked 
|  82|0x000000008b800000, 0x000000008b800000, 0x000000008b900000|  0%| F|  |TAMS 0x000000008b800000| PB 0x000000008b800000| Untracked 
|  83|0x000000008b900000, 0x000000008b900000, 0x000000008ba00000|  0%| F|  |TAMS 0x000000008b900000| PB 0x000000008b900000| Untracked 
|  84|0x000000008ba00000, 0x000000008ba00000, 0x000000008bb00000|  0%| F|  |TAMS 0x000000008ba00000| PB 0x000000008ba00000| Untracked 
|  85|0x000000008bb00000, 0x000000008bb00000, 0x000000008bc00000|  0%| F|  |TAMS 0x000000008bb00000| PB 0x000000008bb00000| Untracked 
|  86|0x000000008bc00000, 0x000000008bc00000, 0x000000008bd00000|  0%| F|  |TAMS 0x000000008bc00000| PB 0x000000008bc00000| Untracked 
|  87|0x000000008bd00000, 0x000000008bd00000, 0x000000008be00000|  0%| F|  |TAMS 0x000000008bd00000| PB 0x000000008bd00000| Untracked 
|  88|0x000000008be00000, 0x000000008be00000, 0x000000008bf00000|  0%| F|  |TAMS 0x000000008be00000| PB 0x000000008be00000| Untracked 
|  89|0x000000008bf00000, 0x000000008bf00000, 0x000000008c000000|  0%| F|  |TAMS 0x000000008bf00000| PB 0x000000008bf00000| Untracked 
|  90|0x000000008c000000, 0x000000008c000000, 0x000000008c100000|  0%| F|  |TAMS 0x000000008c000000| PB 0x000000008c000000| Untracked 
|  91|0x000000008c100000, 0x000000008c100000, 0x000000008c200000|  0%| F|  |TAMS 0x000000008c100000| PB 0x000000008c100000| Untracked 
|  92|0x000000008c200000, 0x000000008c200000, 0x000000008c300000|  0%| F|  |TAMS 0x000000008c200000| PB 0x000000008c200000| Untracked 
|  93|0x000000008c300000, 0x000000008c300000, 0x000000008c400000|  0%| F|  |TAMS 0x000000008c300000| PB 0x000000008c300000| Untracked 
|  94|0x000000008c400000, 0x000000008c400000, 0x000000008c500000|  0%| F|  |TAMS 0x000000008c400000| PB 0x000000008c400000| Untracked 
|  95|0x000000008c500000, 0x000000008c500000, 0x000000008c600000|  0%| F|  |TAMS 0x000000008c500000| PB 0x000000008c500000| Untracked 
|  96|0x000000008c600000, 0x000000008c600000, 0x000000008c700000|  0%| F|  |TAMS 0x000000008c600000| PB 0x000000008c600000| Untracked 
|  97|0x000000008c700000, 0x000000008c700000, 0x000000008c800000|  0%| F|  |TAMS 0x000000008c700000| PB 0x000000008c700000| Untracked 
|  98|0x000000008c800000, 0x000000008c800000, 0x000000008c900000|  0%| F|  |TAMS 0x000000008c800000| PB 0x000000008c800000| Untracked 
|  99|0x000000008c900000, 0x000000008c900000, 0x000000008ca00000|  0%| F|  |TAMS 0x000000008c900000| PB 0x000000008c900000| Untracked 
| 100|0x000000008ca00000, 0x000000008ca00000, 0x000000008cb00000|  0%| F|  |TAMS 0x000000008ca00000| PB 0x000000008ca00000| Untracked 
| 101|0x000000008cb00000, 0x000000008cb00000, 0x000000008cc00000|  0%| F|  |TAMS 0x000000008cb00000| PB 0x000000008cb00000| Untracked 
| 102|0x000000008cc00000, 0x000000008cc00000, 0x000000008cd00000|  0%| F|  |TAMS 0x000000008cc00000| PB 0x000000008cc00000| Untracked 
| 103|0x000000008cd00000, 0x000000008cd00000, 0x000000008ce00000|  0%| F|  |TAMS 0x000000008cd00000| PB 0x000000008cd00000| Untracked 
| 104|0x000000008ce00000, 0x000000008ce00000, 0x000000008cf00000|  0%| F|  |TAMS 0x000000008ce00000| PB 0x000000008ce00000| Untracked 
| 105|0x000000008cf00000, 0x000000008cfeb8a0, 0x000000008d000000| 92%| E|  |TAMS 0x000000008cf00000| PB 0x000000008cf00000| Complete 
| 106|0x000000008d000000, 0x000000008d100000, 0x000000008d100000|100%| E|CS|TAMS 0x000000008d000000| PB 0x000000008d000000| Complete 
| 107|0x000000008d100000, 0x000000008d200000, 0x000000008d200000|100%| E|CS|TAMS 0x000000008d100000| PB 0x000000008d100000| Complete 
| 108|0x000000008d200000, 0x000000008d300000, 0x000000008d300000|100%| E|CS|TAMS 0x000000008d200000| PB 0x000000008d200000| Complete 
| 109|0x000000008d300000, 0x000000008d400000, 0x000000008d400000|100%| E|CS|TAMS 0x000000008d300000| PB 0x000000008d300000| Complete 
| 110|0x000000008d400000, 0x000000008d500000, 0x000000008d500000|100%| E|CS|TAMS 0x000000008d400000| PB 0x000000008d400000| Complete 
| 111|0x000000008d500000, 0x000000008d600000, 0x000000008d600000|100%| E|  |TAMS 0x000000008d500000| PB 0x000000008d500000| Complete 
| 112|0x000000008d600000, 0x000000008d700000, 0x000000008d700000|100%| E|CS|TAMS 0x000000008d600000| PB 0x000000008d600000| Complete 
| 113|0x000000008d700000, 0x000000008d800000, 0x000000008d800000|100%| E|CS|TAMS 0x000000008d700000| PB 0x000000008d700000| Complete 
| 114|0x000000008d800000, 0x000000008d900000, 0x000000008d900000|100%| E|CS|TAMS 0x000000008d800000| PB 0x000000008d800000| Complete 
| 115|0x000000008d900000, 0x000000008da00000, 0x000000008da00000|100%| E|CS|TAMS 0x000000008d900000| PB 0x000000008d900000| Complete 
| 116|0x000000008da00000, 0x000000008db00000, 0x000000008db00000|100%| E|CS|TAMS 0x000000008da00000| PB 0x000000008da00000| Complete 
| 117|0x000000008db00000, 0x000000008dc00000, 0x000000008dc00000|100%| E|CS|TAMS 0x000000008db00000| PB 0x000000008db00000| Complete 
| 118|0x000000008dc00000, 0x000000008dd00000, 0x000000008dd00000|100%| E|CS|TAMS 0x000000008dc00000| PB 0x000000008dc00000| Complete 
| 119|0x000000008dd00000, 0x000000008de00000, 0x000000008de00000|100%| E|CS|TAMS 0x000000008dd00000| PB 0x000000008dd00000| Complete 
| 120|0x000000008de00000, 0x000000008df00000, 0x000000008df00000|100%| E|CS|TAMS 0x000000008de00000| PB 0x000000008de00000| Complete 
| 121|0x000000008df00000, 0x000000008e000000, 0x000000008e000000|100%| E|CS|TAMS 0x000000008df00000| PB 0x000000008df00000| Complete 
|1944|0x00000000ffe00000, 0x00000000fff00000, 0x00000000fff00000|100%| O|  |TAMS 0x00000000ffe00000| PB 0x00000000ffe00000| Untracked 
|1945|0x00000000fff00000, 0x00000000fff0c840, 0x0000000100000000|  4%| O|  |TAMS 0x00000000fff00000| PB 0x00000000fff00000| Untracked 

Card table byte_map: [0x000075db9fe64000,0x000075dba0231000] _byte_map_base: 0x000075db9fa31000

Marking Bits: (CMBitMap*) 0x000075dbb80718f0
 Bits: [0x000075db9dffc000, 0x000075db9fe64000)

Polling page: 0x000075dbbe70e000

Metaspace:

Usage:
  Non-class:      4.61 MB used.
      Class:    628.44 KB used.
       Both:      5.23 MB used.

Virtual space:
  Non-class space:       64.00 MB reserved,       4.69 MB (  7%) committed,  1 nodes.
      Class space:        1.00 GB reserved,     704.00 KB ( <1%) committed,  1 nodes.
             Both:        1.06 GB reserved,       5.38 MB ( <1%) committed. 

Chunk freelists:
   Non-Class:  9.39 MB
       Class:  15.32 MB
        Both:  24.71 MB

MaxMetaspaceSize: unlimited
CompressedClassSpaceSize: 1.00 GB
Initial GC threshold: 21.00 MB
Current GC threshold: 21.00 MB
CDS: on
 - commit_granule_bytes: 65536.
 - commit_granule_words: 8192.
 - virtual_space_node_default_size: 8388608.
 - enlarge_chunks_in_place: 1.
 - use_allocation_guard: 0.


Internal statistics:

num_allocs_failed_limit: 0.
num_arena_births: 56.
num_arena_deaths: 0.
num_vsnodes_births: 2.
num_vsnodes_deaths: 0.
num_space_committed: 86.
num_space_uncommitted: 0.
num_chunks_returned_to_freelist: 0.
num_chunks_taken_from_freelist: 210.
num_chunk_merges: 0.
num_chunk_splits: 133.
num_chunks_enlarged: 105.
num_inconsistent_stats: 0.

CodeHeap 'non-profiled nmethods': size=120028Kb used=285Kb max_used=285Kb free=119742Kb
 bounds [0x000075dba82c9000, 0x000075dba8539000, 0x000075dbaf800000]
CodeHeap 'profiled nmethods': size=120028Kb used=1695Kb max_used=1695Kb free=118332Kb
 bounds [0x000075dba0800000, 0x000075dba0a70000, 0x000075dba7d37000]
CodeHeap 'non-nmethods': size=5704Kb used=1344Kb max_used=1365Kb free=4360Kb
 bounds [0x000075dba7d37000, 0x000075dba7fa7000, 0x000075dba82c9000]
CodeCache: size=245760Kb, used=3324Kb, max_used=3345Kb, free=242434Kb
 total_blobs=1355, nmethods=892, adapters=369, full_count=0
Compilation: enabled, stopped_count=0, restarted_count=0

Compilation events (20 events):
Event: 0.261 Thread 0x000075dbb815baf0  876       3       java.util.LinkedHashMap$LinkedHashIterator::hasNext (13 bytes)
Event: 0.261 Thread 0x000075dbb815baf0 nmethod 876 0x000075dba09a1710 code [0x000075dba09a18a0, 0x000075dba09a19f8]
Event: 0.261 Thread 0x000075dbb815baf0  883   !   3       java.util.zip.ZipFile$Source::readAt (39 bytes)
Event: 0.261 Thread 0x000075dbb815baf0 nmethod 883 0x000075dba09a1a90 code [0x000075dba09a1c60, 0x000075dba09a1f70]
Event: 0.261 Thread 0x000075dbb815baf0  884   !   3       java.util.zip.Inflater::setInput (56 bytes)
Event: 0.261 Thread 0x000075dbb815baf0 nmethod 884 0x000075dba09a2190 code [0x000075dba09a2360, 0x000075dba09a2738]
Event: 0.261 Thread 0x000075dbb815baf0  881       3       jdk.internal.org.objectweb.asm.Label::getCanonicalInstance (19 bytes)
Event: 0.262 Thread 0x000075dbb815baf0 nmethod 881 0x000075dba09a2910 code [0x000075dba09a2aa0, 0x000075dba09a2bf8]
Event: 0.263 Thread 0x000075dbb815baf0  887       3       java.lang.invoke.MethodType::genericMethodType (95 bytes)
Event: 0.264 Thread 0x000075dbb815baf0 nmethod 887 0x000075dba09a2c90 code [0x000075dba09a2f20, 0x000075dba09a3bb8]
Event: 0.264 Thread 0x000075dbb815baf0  886       3       java.lang.invoke.MemberName::<init> (50 bytes)
Event: 0.264 Thread 0x000075dbb815baf0 nmethod 886 0x000075dba09a3f90 code [0x000075dba09a4180, 0x000075dba09a4498]
Event: 0.264 Thread 0x000075dbb815baf0  888       3       sun.invoke.util.Wrapper::forPrimitiveType (122 bytes)
Event: 0.264 Thread 0x000075dbb815baf0 nmethod 888 0x000075dba09a4610 code [0x000075dba09a48e0, 0x000075dba09a53b8]
Event: 0.265 Thread 0x000075dbb815baf0  889       3       java.lang.invoke.MemberName::isResolved (13 bytes)
Event: 0.265 Thread 0x000075dbb815baf0 nmethod 889 0x000075dba09a5690 code [0x000075dba09a5820, 0x000075dba09a5978]
Event: 0.265 Thread 0x000075dbb815baf0  891       3       java.lang.ClassLoader::definePackage (85 bytes)
Event: 0.266 Thread 0x000075dbb815baf0 nmethod 891 0x000075dba09a5a10 code [0x000075dba09a5ce0, 0x000075dba09a6b60]
Event: 0.266 Thread 0x000075dbb815baf0  892       3       java.lang.ClassLoader::compareCerts (197 bytes)
Event: 0.266 Thread 0x000075dbb815baf0 nmethod 892 0x000075dba09a7010 code [0x000075dba09a7240, 0x000075dba09a7a78]

GC Heap History (0 events):
No events

Dll operation events (8 events):
Event: 0.001 Loaded shared library /usr/lib/jvm/java-21-openjdk-amd64/lib/libjava.so
Event: 0.015 Loaded shared library /usr/lib/jvm/java-21-openjdk-amd64/lib/libjsvml.so
Event: 0.018 Loaded shared library /usr/lib/jvm/java-21-openjdk-amd64/lib/libnio.so
Event: 0.020 Loaded shared library /usr/lib/jvm/java-21-openjdk-amd64/lib/libzip.so
Event: 0.025 Loaded shared library /usr/lib/jvm/java-21-openjdk-amd64/lib/libnet.so
Event: 0.074 Loaded shared library /usr/lib/jvm/java-21-openjdk-amd64/lib/libjimage.so
Event: 0.078 Loaded shared library /tmp/jansi-2.4.1-f4d977a0251afea0-libjansi.so
Event: 0.083 Loaded shared library /usr/lib/jvm/java-21-openjdk-amd64/lib/libverify.so

Deoptimization events (20 events):
Event: 0.076 Thread 0x000075dbb8309250 DEOPT PACKING pc=0x000075dba08050c9 sp=0x000075db8dcfe5e0
Event: 0.076 Thread 0x000075dbb8309250 DEOPT UNPACKING pc=0x000075dba7d8b72f sp=0x000075db8dcfda68 mode 0
Event: 0.079 Thread 0x000075dbb80192c0 Uncommon trap: trap_request=0xffffff45 fr.pc=0x000075dba82e0d34 relative=0x0000000000000194
Event: 0.079 Thread 0x000075dbb80192c0 Uncommon trap: reason=unstable_if action=reinterpret pc=0x000075dba82e0d34 method=jdk.internal.util.ArraysSupport.vectorizedHashCode(Ljava/lang/Object;IIII)I @ 2 c2
Event: 0.079 Thread 0x000075dbb80192c0 DEOPT PACKING pc=0x000075dba82e0d34 sp=0x000075dbbc9fd7e0
Event: 0.079 Thread 0x000075dbb80192c0 DEOPT UNPACKING pc=0x000075dba7d8af99 sp=0x000075dbbc9fd7b0 mode 2
Event: 0.114 Thread 0x000075dbb80192c0 DEOPT PACKING pc=0x000075dba0833078 sp=0x000075dbbc9fdbe0
Event: 0.114 Thread 0x000075dbb80192c0 DEOPT UNPACKING pc=0x000075dba7d8b72f sp=0x000075dbbc9fd1d8 mode 0
Event: 0.158 Thread 0x000075dbb80192c0 Uncommon trap: trap_request=0xffffff45 fr.pc=0x000075dba82f6198 relative=0x0000000000000598
Event: 0.158 Thread 0x000075dbb80192c0 Uncommon trap: reason=unstable_if action=reinterpret pc=0x000075dba82f6198 method=java.util.regex.Matcher.search(I)Z @ 30 c2
Event: 0.158 Thread 0x000075dbb80192c0 DEOPT PACKING pc=0x000075dba82f6198 sp=0x000075dbbc9fd3b0
Event: 0.158 Thread 0x000075dbb80192c0 DEOPT UNPACKING pc=0x000075dba7d8af99 sp=0x000075dbbc9fd3a0 mode 2
Event: 0.161 Thread 0x000075dbb80192c0 Uncommon trap: trap_request=0xffffff45 fr.pc=0x000075dba82cede0 relative=0x00000000000000c0
Event: 0.161 Thread 0x000075dbb80192c0 Uncommon trap: reason=unstable_if action=reinterpret pc=0x000075dba82cede0 method=java.lang.String.isLatin1()Z @ 10 c2
Event: 0.161 Thread 0x000075dbb80192c0 DEOPT PACKING pc=0x000075dba82cede0 sp=0x000075dbbc9fd6a0
Event: 0.161 Thread 0x000075dbb80192c0 DEOPT UNPACKING pc=0x000075dba7d8af99 sp=0x000075dbbc9fd600 mode 2
Event: 0.161 Thread 0x000075dbb80192c0 Uncommon trap: trap_request=0xffffff45 fr.pc=0x000075dba82d4bec relative=0x000000000000006c
Event: 0.161 Thread 0x000075dbb80192c0 Uncommon trap: reason=unstable_if action=reinterpret pc=0x000075dba82d4bec method=java.lang.String.isLatin1()Z @ 10 c2
Event: 0.161 Thread 0x000075dbb80192c0 DEOPT PACKING pc=0x000075dba82d4bec sp=0x000075dbbc9fa270
Event: 0.161 Thread 0x000075dbb80192c0 DEOPT UNPACKING pc=0x000075dba7d8af99 sp=0x000075dbbc9fa220 mode 2

Classes loaded (20 events):
Event: 0.255 Loading class java/lang/reflect/UndeclaredThrowableException
Event: 0.255 Loading class java/lang/reflect/UndeclaredThrowableException done
Event: 0.256 Loading class java/lang/annotation/Target
Event: 0.256 Loading class java/lang/annotation/Target done
Event: 0.256 Loading class java/lang/annotation/ElementType
Event: 0.256 Loading class java/lang/annotation/ElementType done
Event: 0.256 Loading class java/lang/annotation/Documented
Event: 0.256 Loading class java/lang/annotation/Documented done
Event: 0.262 Loading class java/util/concurrent/TimeoutException
Event: 0.262 Loading class java/util/concurrent/TimeoutException done
Event: 0.262 Loading class java/util/concurrent/CancellationException
Event: 0.262 Loading class java/util/concurrent/CancellationException done
Event: 0.263 Loading class java/security/PrivilegedActionException
Event: 0.263 Loading class java/security/PrivilegedActionException done
Event: 0.263 Loading class sun/misc/Unsafe
Event: 0.263 Loading class sun/misc/Unsafe done
Event: 0.263 Loading class java/lang/invoke/DirectMethodHandle$StaticAccessor
Event: 0.263 Loading class java/lang/invoke/DirectMethodHandle$StaticAccessor done
Event: 0.266 Loading class java/lang/reflect/ParameterizedType
Event: 0.266 Loading class java/lang/reflect/ParameterizedType done

Classes unloaded (0 events):
No events

Classes redefined (0 events):
No events

Internal exceptions (20 events):
Event: 0.072 Thread 0x000075dbb80192c0 Exception <a 'java/lang/NullPointerException'{0x000000008dc83308}> (0x000000008dc83308) 
thrown [./src/hotspot/share/interpreter/linkResolver.cpp, line 1372]
Event: 0.077 Thread 0x000075dbb80192c0 Exception <a 'sun/nio/fs/UnixException'{0x000000008dcae758}> (0x000000008dcae758) 
thrown [./src/hotspot/share/prims/jni.cpp, line 520]
Event: 0.079 Thread 0x000075dbb80192c0 Exception <a 'java/lang/NullPointerException'{0x000000008dcc87a8}> (0x000000008dcc87a8) 
thrown [./src/hotspot/share/interpreter/linkResolver.cpp, line 1372]
Event: 0.079 Thread 0x000075dbb80192c0 Exception <a 'java/lang/NullPointerException'{0x000000008dcc8a88}> (0x000000008dcc8a88) 
thrown [./src/hotspot/share/interpreter/linkResolver.cpp, line 1372]
Event: 0.079 Thread 0x000075dbb80192c0 Exception <a 'java/lang/NullPointerException'{0x000000008dcc8d68}> (0x000000008dcc8d68) 
thrown [./src/hotspot/share/interpreter/linkResolver.cpp, line 1372]
Event: 0.080 Thread 0x000075dbb80192c0 Exception <a 'java/lang/NullPointerException'{0x000000008dcce838}> (0x000000008dcce838) 
thrown [./src/hotspot/share/interpreter/linkResolver.cpp, line 1372]
Event: 0.081 Thread 0x000075dbb80192c0 Exception <a 'java/lang/NullPointerException'{0x000000008dce1fe8}> (0x000000008dce1fe8) 
thrown [./src/hotspot/share/interpreter/linkResolver.cpp, line 1372]
Event: 0.081 Thread 0x000075dbb80192c0 Exception <a 'java/lang/NullPointerException'{0x000000008dce22c8}> (0x000000008dce22c8) 
thrown [./src/hotspot/share/interpreter/linkResolver.cpp, line 1372]
Event: 0.081 Thread 0x000075dbb80192c0 Exception <a 'java/lang/NullPointerException'{0x000000008dce25a8}> (0x000000008dce25a8) 
thrown [./src/hotspot/share/interpreter/linkResolver.cpp, line 1372]
Event: 0.081 Thread 0x000075dbb80192c0 Exception <a 'java/lang/NullPointerException'{0x000000008dce28f0}> (0x000000008dce28f0) 
thrown [./src/hotspot/share/interpreter/linkResolver.cpp, line 1372]
Event: 0.088 Thread 0x000075dbb80192c0 Exception <a 'java/lang/NoSuchMethodError'{0x000000008db6f3e0}: 'void java.lang.invoke.DirectMethodHandle$Holder.invokeStatic(java.lang.Object, java.lang.Object)'> (0x000000008db6f3e0) 
thrown [./src/hotspot/share/interpreter/linkResolver.cpp, line 772]
Event: 0.088 Thread 0x000075dbb80192c0 Exception <a 'java/lang/NoSuchMethodError'{0x000000008db727f0}: 'void java.lang.invoke.DirectMethodHandle$Holder.invokeStaticInit(java.lang.Object, java.lang.Object)'> (0x000000008db727f0) 
thrown [./src/hotspot/share/interpreter/linkResolver.cpp, line 772]
Event: 0.093 Thread 0x000075dbb80192c0 Exception <a 'java/lang/NoSuchMethodError'{0x000000008dbb8d00}: 'void java.lang.invoke.DirectMethodHandle$Holder.invokeStatic(java.lang.Object, java.lang.Object, java.lang.Object)'> (0x000000008dbb8d00) 
thrown [./src/hotspot/share/interpreter/linkResolver.cpp, line 772]
Event: 0.125 Thread 0x000075dbb80192c0 Exception <a 'java/lang/NoSuchMethodError'{0x000000008d992430}: 'java.lang.Object java.lang.invoke.DirectMethodHandle$Holder.invokeSpecialIFC(java.lang.Object, java.lang.Object, java.lang.Object, java.lang.Object)'> (0x000000008d992430) 
thrown [./src/hotspot/share/interpreter/linkResolver.cpp, line 772]
Event: 0.206 Thread 0x000075dbb80192c0 Exception <a 'java/lang/NoSuchMethodError'{0x000000008d32c718}: 'void java.lang.invoke.DirectMethodHandle$Holder.invokeSpecial(java.lang.Object, java.lang.Object, java.lang.Object)'> (0x000000008d32c718) 
thrown [./src/hotspot/share/interpreter/linkResolver.cpp, line 772]
Event: 0.223 Thread 0x000075dbb80192c0 Exception <a 'java/lang/NoSuchMethodError'{0x000000008d288b18}: 'java.lang.Object java.lang.invoke.DirectMethodHandle$Holder.invokeInterface(java.lang.Object, java.lang.Object)'> (0x000000008d288b18) 
thrown [./src/hotspot/share/interpreter/linkResolver.cpp, line 772]
Event: 0.231 Thread 0x000075dbb80192c0 Exception <a 'java/lang/NoSuchMethodError'{0x000000008d12ba48}: 'int java.lang.invoke.DirectMethodHandle$Holder.invokeStatic(java.lang.Object, java.lang.Object, java.lang.Object, java.lang.Object)'> (0x000000008d12ba48) 
thrown [./src/hotspot/share/interpreter/linkResolver.cpp, line 772]
Event: 0.231 Thread 0x000075dbb80192c0 Exception <a 'java/lang/NoSuchMethodError'{0x000000008d12f118}: 'java.lang.Object java.lang.invoke.Invokers$Holder.invokeExact_MT(java.lang.Object, java.lang.Object, java.lang.Object, java.lang.Object, java.lang.Object, java.lang.Object)'> (0x000000008d12f118) 
thrown [./src/hotspot/share/interpreter/linkResolver.cpp, line 772]
Event: 0.233 Thread 0x000075dbb80192c0 Exception <a 'java/lang/NoSuchMethodError'{0x000000008d13daf8}: 'int java.lang.invoke.DirectMethodHandle$Holder.invokeSpecialIFC(java.lang.Object, java.lang.Object, java.lang.Object, java.lang.Object, java.lang.Object)'> (0x000000008d13daf8) 
thrown [./src/hotspot/share/interpreter/linkResolver.cpp, line 772]
Event: 0.257 Thread 0x000075dbb80192c0 Exception <a 'java/lang/NoSuchMethodError'{0x000000008d0da808}: 'java.lang.Object java.lang.invoke.DirectMethodHandle$Holder.newInvokeSpecial(java.lang.Object, java.lang.Object, java.lang.Object, java.lang.Object, java.lang.Object)'> (0x000000008d0da808) 
thrown [./src/hotspot/share/interpreter/linkResolver.cpp, line 772]

ZGC Phase Switch (0 events):
No events

VM Operations (2 events):
Event: 0.076 Executing VM operation: HandshakeAllThreads (Deoptimize)
Event: 0.076 Executing VM operation: HandshakeAllThreads (Deoptimize) done

Memory protections (11 events):
Event: 0.001 Protecting memory [0x000075dbbc900000,0x000075dbbc904000] with protection modes 0
Event: 0.014 Protecting memory [0x000075db9c500000,0x000075db9c504000] with protection modes 0
Event: 0.014 Protecting memory [0x000075db9c400000,0x000075db9c404000] with protection modes 0
Event: 0.014 Protecting memory [0x000075db9c300000,0x000075db9c304000] with protection modes 0
Event: 0.014 Protecting memory [0x000075db9c200000,0x000075db9c204000] with protection modes 0
Event: 0.014 Protecting memory [0x000075db9c100000,0x000075db9c104000] with protection modes 0
Event: 0.014 Protecting memory [0x000075db9c000000,0x000075db9c004000] with protection modes 0
Event: 0.014 Protecting memory [0x000075db8df00000,0x000075db8df04000] with protection modes 0
Event: 0.016 Protecting memory [0x000075db8de00000,0x000075db8de04000] with protection modes 0
Event: 0.017 Protecting memory [0x000075db8dd00000,0x000075db8dd04000] with protection modes 0
Event: 0.073 Protecting memory [0x000075db8dc00000,0x000075db8dc04000] with protection modes 0

Nmethod flushes (0 events):
No events

Events (12 events):
Event: 0.008 Thread 0x000075dbb80192c0 Thread added: 0x000075dbb80192c0
Event: 0.014 Thread 0x000075dbb80192c0 Thread added: 0x000075dbb8153010
Event: 0.014 Thread 0x000075dbb80192c0 Thread added: 0x000075dbb8154580
Event: 0.014 Thread 0x000075dbb80192c0 Thread added: 0x000075dbb8155d10
Event: 0.014 Thread 0x000075dbb80192c0 Thread added: 0x000075dbb8157350
Event: 0.014 Thread 0x000075dbb80192c0 Thread added: 0x000075dbb81588f0
Event: 0.014 Thread 0x000075dbb80192c0 Thread added: 0x000075dbb815a430
Event: 0.014 Thread 0x000075dbb80192c0 Thread added: 0x000075dbb815baf0
Event: 0.016 Thread 0x000075dbb80192c0 Thread added: 0x000075dbb8167990
Event: 0.017 Thread 0x000075dbb80192c0 Thread added: 0x000075dbb816acc0
Event: 0.073 Thread 0x000075dbb80192c0 Thread added: 0x000075dbb8309250
Event: 0.076 Thread 0x000075dbb8309250 Thread exited: 0x000075dbb8309250


Dynamic libraries:
86600000-8e000000 rw-p 00000000 00:00 0 
8e000000-ffe00000 ---p 00000000 00:00 0 
ffe00000-fff0d000 rw-p 00cdf000 08:22 7482454                            /usr/lib/jvm/java-21-openjdk-amd64/lib/server/classes.jsa
fff0d000-100000000 rw-p 00000000 00:00 0 
63d92ff95000-63d92ff96000 r--p 00000000 08:22 7482301                    /usr/lib/jvm/java-21-openjdk-amd64/bin/java
63d92ff96000-63d92ff97000 r-xp 00001000 08:22 7482301                    /usr/lib/jvm/java-21-openjdk-amd64/bin/java
63d92ff97000-63d92ff98000 r--p 00002000 08:22 7482301                    /usr/lib/jvm/java-21-openjdk-amd64/bin/java
63d92ff98000-63d92ff99000 r--p 00002000 08:22 7482301                    /usr/lib/jvm/java-21-openjdk-amd64/bin/java
63d92ff99000-63d92ff9a000 rw-p 00003000 08:22 7482301                    /usr/lib/jvm/java-21-openjdk-amd64/bin/java
63d93d6fd000-63d93d744000 rw-p 00000000 00:00 0                          [heap]
75db0c000000-75db0c021000 rw-p 00000000 00:00 0 
75db0c021000-75db10000000 ---p 00000000 00:00 0 
75db10000000-75db10021000 rw-p 00000000 00:00 0 
75db10021000-75db14000000 ---p 00000000 00:00 0 
75db14000000-75db1435b000 rw-p 00000000 00:00 0 
75db1435b000-75db18000000 ---p 00000000 00:00 0 
75db18000000-75db18021000 rw-p 00000000 00:00 0 
75db18021000-75db1c000000 ---p 00000000 00:00 0 
75db1c000000-75db1c021000 rw-p 00000000 00:00 0 
75db1c021000-75db20000000 ---p 00000000 00:00 0 
75db20000000-75db203e3000 rw-p 00000000 00:00 0 
75db203e3000-75db24000000 ---p 00000000 00:00 0 
75db24000000-75db24021000 rw-p 00000000 00:00 0 
75db24021000-75db28000000 ---p 00000000 00:00 0 
75db28000000-75db28021000 rw-p 00000000 00:00 0 
75db28021000-75db2c000000 ---p 00000000 00:00 0 
75db2c000000-75db2c021000 rw-p 00000000 00:00 0 
75db2c021000-75db30000000 ---p 00000000 00:00 0 
75db30000000-75db30021000 rw-p 00000000 00:00 0 
75db30021000-75db34000000 ---p 00000000 00:00 0 
75db34000000-75db34021000 rw-p 00000000 00:00 0 
75db34021000-75db38000000 ---p 00000000 00:00 0 
75db3b000000-75db3b210000 rw-p 00000000 00:00 0 
75db3b210000-75db3b400000 ---p 00000000 00:00 0 
75db3b400000-75db3b6a0000 rw-p 00000000 00:00 0 
75db3b6a0000-75db3f000000 ---p 00000000 00:00 0 
75db3f000000-75db3fca0000 rw-p 00001000 08:22 7482454                    /usr/lib/jvm/java-21-openjdk-amd64/lib/server/classes.jsa
75db3fca0000-75db40000000 ---p 00000000 00:00 0 
75db40000000-75db40040000 rw-p 00000000 00:00 0 
75db40040000-75db40080000 rw-p 00000000 00:00 0 
75db40080000-75db400b0000 rw-p 00000000 00:00 0 
75db400b0000-75db80000000 ---p 00000000 00:00 0 
75db80000000-75db80021000 rw-p 00000000 00:00 0 
75db80021000-75db84000000 ---p 00000000 00:00 0 
75db84000000-75db84021000 rw-p 00000000 00:00 0 
75db84021000-75db88000000 ---p 00000000 00:00 0 
75db88000000-75db88021000 rw-p 00000000 00:00 0 
75db88021000-75db8c000000 ---p 00000000 00:00 0 
75db8d51c000-75db8d800000 rw-p 00000000 00:00 0 
75db8d800000-75db8d803000 r-xp 00000000 08:22 19398738                   /tmp/jansi-2.4.1-f4d977a0251afea0-libjansi.so
75db8d803000-75db8da02000 ---p 00003000 08:22 19398738                   /tmp/jansi-2.4.1-f4d977a0251afea0-libjansi.so
75db8da02000-75db8da03000 r--p 00002000 08:22 19398738                   /tmp/jansi-2.4.1-f4d977a0251afea0-libjansi.so
75db8da03000-75db8da04000 rw-p 00003000 08:22 19398738                   /tmp/jansi-2.4.1-f4d977a0251afea0-libjansi.so
75db8da7e000-75db8dc00000 rw-p 00000000 00:00 0 
75db8dc00000-75db8dc04000 ---p 00000000 00:00 0 
75db8dc04000-75db8dd00000 rw-p 00000000 00:00 0 
75db8dd00000-75db8dd04000 ---p 00000000 00:00 0 
75db8dd04000-75db8de00000 rw-p 00000000 00:00 0 
75db8de00000-75db8de04000 ---p 00000000 00:00 0 
75db8de04000-75db8df00000 rw-p 00000000 00:00 0 
75db8df00000-75db8df04000 ---p 00000000 00:00 0 
75db8df04000-75db8e000000 rw-p 00000000 00:00 0 
75db8e000000-75db90021000 rw-p 00000000 00:00 0 
75db90021000-75db94000000 ---p 00000000 00:00 0 
75db94000000-75db94021000 rw-p 00000000 00:00 0 
75db94021000-75db98000000 ---p 00000000 00:00 0 
75db98000000-75db98021000 rw-p 00000000 00:00 0 
75db98021000-75db9c004000 ---p 00000000 00:00 0 
75db9c004000-75db9c100000 rw-p 00000000 00:00 0 
75db9c100000-75db9c104000 ---p 00000000 00:00 0 
75db9c104000-75db9c200000 rw-p 00000000 00:00 0 
75db9c200000-75db9c204000 ---p 00000000 00:00 0 
75db9c204000-75db9c300000 rw-p 00000000 00:00 0 
75db9c300000-75db9c304000 ---p 00000000 00:00 0 
75db9c304000-75db9c400000 rw-p 00000000 00:00 0 
75db9c400000-75db9c404000 ---p 00000000 00:00 0 
75db9c404000-75db9c500000 rw-p 00000000 00:00 0 
75db9c500000-75db9c504000 ---p 00000000 00:00 0 
75db9c504000-75db9c600000 rw-p 00000000 00:00 0 
75db9c600000-75db9ce03000 r--p 00000000 08:22 6323133                    /usr/lib/locale/locale-archive
75db9ce1a000-75db9ce1f000 r--p 00000000 08:22 7482435                    /usr/lib/jvm/java-21-openjdk-amd64/lib/libjsvml.so
75db9ce1f000-75db9ce60000 r-xp 00005000 08:22 7482435                    /usr/lib/jvm/java-21-openjdk-amd64/lib/libjsvml.so
75db9ce60000-75db9cee9000 r--p 00046000 08:22 7482435                    /usr/lib/jvm/java-21-openjdk-amd64/lib/libjsvml.so
75db9cee9000-75db9ceea000 r--p 000ce000 08:22 7482435                    /usr/lib/jvm/java-21-openjdk-amd64/lib/libjsvml.so
75db9ceea000-75db9ceeb000 rw-p 000cf000 08:22 7482435                    /usr/lib/jvm/java-21-openjdk-amd64/lib/libjsvml.so
75db9ceeb000-75db9ceec000 ---p 00000000 00:00 0 
75db9ceec000-75db9cfec000 rw-p 00000000 00:00 0 
75db9cfec000-75db9cfed000 ---p 00000000 00:00 0 
75db9cfed000-75db9d0ed000 rw-p 00000000 00:00 0 
75db9d0ed000-75db9d0ee000 ---p 00000000 00:00 0 
75db9d0ee000-75db9d1ee000 rw-p 00000000 00:00 0 
75db9d1ee000-75db9d1ef000 ---p 00000000 00:00 0 
75db9d1ef000-75db9d2ef000 rw-p 00000000 00:00 0 
75db9d2ef000-75db9dcf9000 rw-p 00000000 00:00 0 
75db9dcf9000-75db9dcfa000 ---p 00000000 00:00 0 
75db9dcfa000-75db9ddfa000 rw-p 00000000 00:00 0 
75db9ddfa000-75db9ddfb000 ---p 00000000 00:00 0 
75db9ddfb000-75db9defb000 rw-p 00000000 00:00 0 
75db9defb000-75db9defc000 ---p 00000000 00:00 0 
75db9defc000-75db9dffc000 rw-p 00000000 00:00 0 
75db9dffc000-75db9e1e4000 rw-p 00000000 00:00 0 
75db9e1e4000-75db9fe5c000 ---p 00000000 00:00 0 
75db9fe5c000-75db9fea1000 rw-p 00000000 00:00 0 
75db9fea1000-75dba0230000 ---p 00000000 00:00 0 
75dba0230000-75dba026e000 rw-p 00000000 00:00 0 
75dba026e000-75dba05fd000 ---p 00000000 00:00 0 
75dba05fd000-75dba0800000 rw-p 00000000 00:00 0 
75dba0800000-75dba0a70000 rwxp 00000000 00:00 0 
75dba0a70000-75dba7d37000 ---p 00000000 00:00 0 
75dba7d37000-75dba7fa7000 rwxp 00000000 00:00 0 
75dba7fa7000-75dba82c9000 ---p 00000000 00:00 0 
75dba82c9000-75dba8539000 rwxp 00000000 00:00 0 
75dba8539000-75dbaf800000 ---p 00000000 00:00 0 
75dbaf800000-75dbb7e34000 r--s 00000000 08:22 7482451                    /usr/lib/jvm/java-21-openjdk-amd64/lib/modules
75dbb7e7e000-75dbb8679000 rw-p 00000000 00:00 0 
75dbb8679000-75dbbc000000 ---p 00000000 00:00 0 
75dbbc023000-75dbbc72f000 rw-p 00000000 00:00 0 
75dbbc72f000-75dbbc815000 ---p 00000000 00:00 0 
75dbbc815000-75dbbc81a000 rw-p 00000000 00:00 0 
75dbbc81a000-75dbbc900000 ---p 00000000 00:00 0 
75dbbc900000-75dbbc904000 ---p 00000000 00:00 0 
75dbbc904000-75dbbca00000 rw-p 00000000 00:00 0 
75dbbca00000-75dbbca9d000 r--p 00000000 08:22 6325997                    /usr/lib/x86_64-linux-gnu/libstdc++.so.6.0.33
75dbbca9d000-75dbbcbe5000 r-xp 0009d000 08:22 6325997                    /usr/lib/x86_64-linux-gnu/libstdc++.so.6.0.33
75dbbcbe5000-75dbbcc6c000 r--p 001e5000 08:22 6325997                    /usr/lib/x86_64-linux-gnu/libstdc++.so.6.0.33
75dbbcc6c000-75dbbcc77000 r--p 0026b000 08:22 6325997                    /usr/lib/x86_64-linux-gnu/libstdc++.so.6.0.33
75dbbcc77000-75dbbcc7a000 rw-p 00276000 08:22 6325997                    /usr/lib/x86_64-linux-gnu/libstdc++.so.6.0.33
75dbbcc7a000-75dbbcc7e000 rw-p 00000000 00:00 0 
75dbbccbc000-75dbbcd17000 rw-p 00000000 00:00 0 
75dbbcd17000-75dbbcd27000 r--p 00000000 08:22 6325486                    /usr/lib/x86_64-linux-gnu/libm.so.6
75dbbcd27000-75dbbcda6000 r-xp 00010000 08:22 6325486                    /usr/lib/x86_64-linux-gnu/libm.so.6
75dbbcda6000-75dbbcdfe000 r--p 0008f000 08:22 6325486                    /usr/lib/x86_64-linux-gnu/libm.so.6
75dbbcdfe000-75dbbcdff000 r--p 000e7000 08:22 6325486                    /usr/lib/x86_64-linux-gnu/libm.so.6
75dbbcdff000-75dbbce00000 rw-p 000e8000 08:22 6325486                    /usr/lib/x86_64-linux-gnu/libm.so.6
75dbbce00000-75dbbd0a2000 r--p 00000000 08:22 7482457                    /usr/lib/jvm/java-21-openjdk-amd64/lib/server/libjvm.so
75dbbd0a2000-75dbbdf18000 r-xp 002a2000 08:22 7482457                    /usr/lib/jvm/java-21-openjdk-amd64/lib/server/libjvm.so
75dbbdf18000-75dbbe1f2000 r--p 01118000 08:22 7482457                    /usr/lib/jvm/java-21-openjdk-amd64/lib/server/libjvm.so
75dbbe1f2000-75dbbe2c6000 r--p 013f2000 08:22 7482457                    /usr/lib/jvm/java-21-openjdk-amd64/lib/server/libjvm.so
75dbbe2c6000-75dbbe2f6000 rw-p 014c6000 08:22 7482457                    /usr/lib/jvm/java-21-openjdk-amd64/lib/server/libjvm.so
75dbbe2f6000-75dbbe35c000 rw-p 00000000 00:00 0 
75dbbe360000-75dbbe367000 r--s 00000000 08:22 6326854                    /usr/lib/x86_64-linux-gnu/gconv/gconv-modules.cache
75dbbe367000-75dbbe36b000 r--p 00000000 08:22 7482449                    /usr/lib/jvm/java-21-openjdk-amd64/lib/libverify.so
75dbbe36b000-75dbbe372000 r-xp 00004000 08:22 7482449                    /usr/lib/jvm/java-21-openjdk-amd64/lib/libverify.so
75dbbe372000-75dbbe374000 r--p 0000b000 08:22 7482449                    /usr/lib/jvm/java-21-openjdk-amd64/lib/libverify.so
75dbbe374000-75dbbe376000 r--p 0000c000 08:22 7482449                    /usr/lib/jvm/java-21-openjdk-amd64/lib/libverify.so
75dbbe376000-75dbbe377000 rw-p 0000e000 08:22 7482449                    /usr/lib/jvm/java-21-openjdk-amd64/lib/libverify.so
75dbbe377000-75dbbe379000 r--p 00000000 08:22 7482450                    /usr/lib/jvm/java-21-openjdk-amd64/lib/libzip.so
75dbbe379000-75dbbe37e000 r-xp 00002000 08:22 7482450                    /usr/lib/jvm/java-21-openjdk-amd64/lib/libzip.so
75dbbe37e000-75dbbe380000 r--p 00007000 08:22 7482450                    /usr/lib/jvm/java-21-openjdk-amd64/lib/libzip.so
75dbbe380000-75dbbe381000 r--p 00008000 08:22 7482450                    /usr/lib/jvm/java-21-openjdk-amd64/lib/libzip.so
75dbbe381000-75dbbe382000 rw-p 00009000 08:22 7482450                    /usr/lib/jvm/java-21-openjdk-amd64/lib/libzip.so
75dbbe382000-75dbbe400000 rw-p 00000000 00:00 0 
75dbbe400000-75dbbe428000 r--p 00000000 08:22 6324721                    /usr/lib/x86_64-linux-gnu/libc.so.6
75dbbe428000-75dbbe5b0000 r-xp 00028000 08:22 6324721                    /usr/lib/x86_64-linux-gnu/libc.so.6
75dbbe5b0000-75dbbe5ff000 r--p 001b0000 08:22 6324721                    /usr/lib/x86_64-linux-gnu/libc.so.6
75dbbe5ff000-75dbbe603000 r--p 001fe000 08:22 6324721                    /usr/lib/x86_64-linux-gnu/libc.so.6
75dbbe603000-75dbbe605000 rw-p 00202000 08:22 6324721                    /usr/lib/x86_64-linux-gnu/libc.so.6
75dbbe605000-75dbbe612000 rw-p 00000000 00:00 0 
75dbbe613000-75dbbe616000 r--p 00000000 08:22 7482442                    /usr/lib/jvm/java-21-openjdk-amd64/lib/libnet.so
75dbbe616000-75dbbe61e000 r-xp 00003000 08:22 7482442                    /usr/lib/jvm/java-21-openjdk-amd64/lib/libnet.so
75dbbe61e000-75dbbe620000 r--p 0000b000 08:22 7482442                    /usr/lib/jvm/java-21-openjdk-amd64/lib/libnet.so
75dbbe620000-75dbbe621000 r--p 0000c000 08:22 7482442                    /usr/lib/jvm/java-21-openjdk-amd64/lib/libnet.so
75dbbe621000-75dbbe622000 rw-p 0000d000 08:22 7482442                    /usr/lib/jvm/java-21-openjdk-amd64/lib/libnet.so
75dbbe622000-75dbbe629000 r--p 00000000 08:22 7482443                    /usr/lib/jvm/java-21-openjdk-amd64/lib/libnio.so
75dbbe629000-75dbbe632000 r-xp 00007000 08:22 7482443                    /usr/lib/jvm/java-21-openjdk-amd64/lib/libnio.so
75dbbe632000-75dbbe636000 r--p 00010000 08:22 7482443                    /usr/lib/jvm/java-21-openjdk-amd64/lib/libnio.so
75dbbe636000-75dbbe637000 r--p 00014000 08:22 7482443                    /usr/lib/jvm/java-21-openjdk-amd64/lib/libnio.so
75dbbe637000-75dbbe638000 rw-p 00015000 08:22 7482443                    /usr/lib/jvm/java-21-openjdk-amd64/lib/libnio.so
75dbbe638000-75dbbe67e000 rw-p 00000000 00:00 0 
75dbbe67e000-75dbbe685000 ---p 00000000 00:00 0 
75dbbe685000-75dbbe692000 r--p 00000000 08:22 7482428                    /usr/lib/jvm/java-21-openjdk-amd64/lib/libjava.so
75dbbe692000-75dbbe6a1000 r-xp 0000d000 08:22 7482428                    /usr/lib/jvm/java-21-openjdk-amd64/lib/libjava.so
75dbbe6a1000-75dbbe6a6000 r--p 0001c000 08:22 7482428                    /usr/lib/jvm/java-21-openjdk-amd64/lib/libjava.so
75dbbe6a6000-75dbbe6a7000 r--p 00021000 08:22 7482428                    /usr/lib/jvm/java-21-openjdk-amd64/lib/libjava.so
75dbbe6a7000-75dbbe6a8000 rw-p 00022000 08:22 7482428                    /usr/lib/jvm/java-21-openjdk-amd64/lib/libjava.so
75dbbe6a8000-75dbbe6a9000 rw-p 00000000 00:00 0 
75dbbe6a9000-75dbbe6ad000 r--p 00000000 08:22 6325096                    /usr/lib/x86_64-linux-gnu/libgcc_s.so.1
75dbbe6ad000-75dbbe6d1000 r-xp 00004000 08:22 6325096                    /usr/lib/x86_64-linux-gnu/libgcc_s.so.1
75dbbe6d1000-75dbbe6d5000 r--p 00028000 08:22 6325096                    /usr/lib/x86_64-linux-gnu/libgcc_s.so.1
75dbbe6d5000-75dbbe6d6000 r--p 0002b000 08:22 6325096                    /usr/lib/x86_64-linux-gnu/libgcc_s.so.1
75dbbe6d6000-75dbbe6d7000 rw-p 0002c000 08:22 6325096                    /usr/lib/x86_64-linux-gnu/libgcc_s.so.1
75dbbe6d7000-75dbbe6d9000 rw-p 00000000 00:00 0 
75dbbe6d9000-75dbbe6db000 r--p 00000000 08:22 7482432                    /usr/lib/jvm/java-21-openjdk-amd64/lib/libjli.so
75dbbe6db000-75dbbe6e5000 r-xp 00002000 08:22 7482432                    /usr/lib/jvm/java-21-openjdk-amd64/lib/libjli.so
75dbbe6e5000-75dbbe6e8000 r--p 0000c000 08:22 7482432                    /usr/lib/jvm/java-21-openjdk-amd64/lib/libjli.so
75dbbe6e8000-75dbbe6e9000 r--p 0000f000 08:22 7482432                    /usr/lib/jvm/java-21-openjdk-amd64/lib/libjli.so
75dbbe6e9000-75dbbe6ea000 rw-p 00010000 08:22 7482432                    /usr/lib/jvm/java-21-openjdk-amd64/lib/libjli.so
75dbbe6ea000-75dbbe6ec000 r--p 00000000 08:22 6326323                    /usr/lib/x86_64-linux-gnu/libz.so.1.3
75dbbe6ec000-75dbbe6fe000 r-xp 00002000 08:22 6326323                    /usr/lib/x86_64-linux-gnu/libz.so.1.3
75dbbe6fe000-75dbbe704000 r--p 00014000 08:22 6326323                    /usr/lib/x86_64-linux-gnu/libz.so.1.3
75dbbe704000-75dbbe705000 r--p 0001a000 08:22 6326323                    /usr/lib/x86_64-linux-gnu/libz.so.1.3
75dbbe705000-75dbbe706000 rw-p 0001b000 08:22 6326323                    /usr/lib/x86_64-linux-gnu/libz.so.1.3
75dbbe706000-75dbbe70e000 rw-s 00000000 08:22 19529792                   /tmp/hsperfdata_edu/17611
75dbbe70e000-75dbbe70f000 ---p 00000000 00:00 0 
75dbbe70f000-75dbbe710000 r--p 00000000 00:00 0 
75dbbe710000-75dbbe711000 ---p 00000000 00:00 0 
75dbbe711000-75dbbe713000 r--p 00000000 08:22 7482431                    /usr/lib/jvm/java-21-openjdk-amd64/lib/libjimage.so
75dbbe713000-75dbbe716000 r-xp 00002000 08:22 7482431                    /usr/lib/jvm/java-21-openjdk-amd64/lib/libjimage.so
75dbbe716000-75dbbe717000 r--p 00005000 08:22 7482431                    /usr/lib/jvm/java-21-openjdk-amd64/lib/libjimage.so
75dbbe717000-75dbbe718000 r--p 00006000 08:22 7482431                    /usr/lib/jvm/java-21-openjdk-amd64/lib/libjimage.so
75dbbe718000-75dbbe719000 rw-p 00007000 08:22 7482431                    /usr/lib/jvm/java-21-openjdk-amd64/lib/libjimage.so
75dbbe719000-75dbbe71b000 rw-p 00000000 00:00 0 
75dbbe71b000-75dbbe71d000 r--p 00000000 00:00 0                          [vvar]
75dbbe71d000-75dbbe71f000 r--p 00000000 00:00 0                          [vvar_vclock]
75dbbe71f000-75dbbe721000 r-xp 00000000 00:00 0                          [vdso]
75dbbe721000-75dbbe722000 r--p 00000000 08:22 6324291                    /usr/lib/x86_64-linux-gnu/ld-linux-x86-64.so.2
75dbbe722000-75dbbe74d000 r-xp 00001000 08:22 6324291                    /usr/lib/x86_64-linux-gnu/ld-linux-x86-64.so.2
75dbbe74d000-75dbbe757000 r--p 0002c000 08:22 6324291                    /usr/lib/x86_64-linux-gnu/ld-linux-x86-64.so.2
75dbbe757000-75dbbe759000 r--p 00036000 08:22 6324291                    /usr/lib/x86_64-linux-gnu/ld-linux-x86-64.so.2
75dbbe759000-75dbbe75b000 rw-p 00038000 08:22 6324291                    /usr/lib/x86_64-linux-gnu/ld-linux-x86-64.so.2
7ffff35db000-7ffff35fc000 rw-p 00000000 00:00 0                          [stack]
ffffffffff600000-ffffffffff601000 --xp 00000000 00:00 0                  [vsyscall]
Total number of mappings: 212

JVMTI agents: none


VM Arguments:
jvm_args: -Dclassworlds.conf=/usr/lib/apache-netbeans/java/maven/bin/m2.conf -Dmaven.home=/usr/lib/apache-netbeans/java/maven -Dlibrary.jansi.path=/usr/lib/apache-netbeans/java/maven/lib/jansi-native -Dmaven.multiModuleProjectDirectory=/home/edu/Documentos/IPC-2/Games-app/rest-api-games 
java_command: org.codehaus.plexus.classworlds.launcher.Launcher -Dnetbeans.deploy=true -Dexec.vmArgs= -Dexec.appArgs= -Dmaven.ext.class.path=/usr/lib/apache-netbeans/java/maven-nblib/netbeans-eventspy.jar --no-transfer-progress package
java_class_path (initial): /usr/lib/apache-netbeans/java/maven/boot/plexus-classworlds-2.8.0.jar
Launcher Type: SUN_STANDARD

[Global flags]
     intx CICompilerCount                          = 4                                         {product} {ergonomic}
     uint ConcGCThreads                            = 3                                         {product} {ergonomic}
     uint G1ConcRefinementThreads                  = 10                                        {product} {ergonomic}
   size_t G1HeapRegionSize                         = 1048576                                   {product} {ergonomic}
    uintx GCDrainStackTargetSize                   = 64                                        {product} {ergonomic}
   size_t InitialHeapSize                          = 127926272                                 {product} {ergonomic}
   size_t MarkStackSize                            = 4194304                                   {product} {ergonomic}
   size_t MaxHeapSize                              = 2040528896                                {product} {ergonomic}
   size_t MaxNewSize                               = 1223688192                                {product} {ergonomic}
   size_t MinHeapDeltaBytes                        = 1048576                                   {product} {ergonomic}
   size_t MinHeapSize                              = 8388608                                   {product} {ergonomic}
    uintx NonNMethodCodeHeapSize                   = 5839372                                {pd product} {ergonomic}
    uintx NonProfiledCodeHeapSize                  = 122909434                              {pd product} {ergonomic}
    uintx ProfiledCodeHeapSize                     = 122909434                              {pd product} {ergonomic}
    uintx ReservedCodeCacheSize                    = 251658240                              {pd product} {ergonomic}
     bool SegmentedCodeCache                       = true                                      {product} {ergonomic}
   size_t SoftMaxHeapSize                          = 2040528896                             {manageable} {ergonomic}
     bool UseCompressedOops                        = true                           {product lp64_product} {ergonomic}
     bool UseG1GC                                  = true                                      {product} {ergonomic}

Logging:
Log output configuration:
 #0: stdout all=warning uptime,level,tags foldmultilines=false
 #1: stderr all=off uptime,level,tags foldmultilines=false

Release file:
IMPLEMENTOR="Ubuntu"
JAVA_RUNTIME_VERSION="21.0.9+10-Ubuntu-124.04"
JAVA_VERSION="21.0.9"
JAVA_VERSION_DATE="2025-10-21"
LIBC="gnu"
MODULES="java.base java.compiler java.datatransfer java.xml java.prefs java.desktop java.instrument java.logging java.management java.security.sasl java.naming java.rmi java.management.rmi java.net.http java.scripting java.security.jgss java.transaction.xa java.sql java.sql.rowset java.xml.crypto java.se java.smartcardio jdk.accessibility jdk.internal.jvmstat jdk.attach jdk.charsets jdk.internal.opt jdk.zipfs jdk.compiler jdk.crypto.ec jdk.crypto.cryptoki jdk.dynalink jdk.internal.ed jdk.editpad jdk.hotspot.agent jdk.httpserver jdk.incubator.vector jdk.internal.le jdk.internal.vm.ci jdk.internal.vm.compiler jdk.internal.vm.compiler.management jdk.jartool jdk.javadoc jdk.jcmd jdk.management jdk.management.agent jdk.jconsole jdk.jdeps jdk.jdwp.agent jdk.jdi jdk.jfr jdk.jlink jdk.jpackage jdk.jshell jdk.jsobject jdk.jstatd jdk.localedata jdk.management.jfr jdk.naming.dns jdk.naming.rmi jdk.net jdk.nio.mapmode jdk.random jdk.sctp jdk.security.auth jdk.security.jgss jdk.unsupported jdk.unsupported.desktop jdk.xml.dom"
OS_ARCH="x86_64"
OS_NAME="Linux"
SOURCE=""

Environment Variables:
JAVA_HOME=/usr/lib/jvm/java-21-openjdk-amd64
PATH=/usr/local/sbin:/usr/local/bin:/usr/sbin:/usr/bin:/sbin:/bin:/usr/games:/usr/local/games:/snap/bin
SHELL=/bin/bash
DISPLAY=:0
LANG=es_GT.UTF-8

Active Locale:
LC_ALL=es_GT.UTF-8
LC_COLLATE=es_GT.UTF-8
LC_CTYPE=es_GT.UTF-8
LC_MESSAGES=es_GT.UTF-8
LC_MONETARY=es_GT.UTF-8
LC_NUMERIC=es_GT.UTF-8
LC_TIME=es_GT.UTF-8

Signal Handlers:
   SIGSEGV: crash_handler in libjvm.so, mask=11100100010111111101111111111110, flags=SA_RESTART|SA_SIGINFO, unblocked
    SIGBUS: crash_handler in libjvm.so, mask=11100100010111111101111111111110, flags=SA_RESTART|SA_SIGINFO, unblocked
    SIGFPE: crash_handler in libjvm.so, mask=11100100010111111101111111111110, flags=SA_RESTART|SA_SIGINFO, unblocked
   SIGPIPE: javaSignalHandler in libjvm.so, mask=11100100010111111101111111111110, flags=SA_RESTART|SA_SIGINFO, blocked
   SIGXFSZ: javaSignalHandler in libjvm.so, mask=11100100010111111101111111111110, flags=SA_RESTART|SA_SIGINFO, blocked
    SIGILL: crash_handler in libjvm.so, mask=11100100010111111101111111111110, flags=SA_RESTART|SA_SIGINFO, unblocked
   SIGUSR2: SR_handler in libjvm.so, mask=00000000000000000000000000000000, flags=SA_RESTART|SA_SIGINFO, blocked
    SIGHUP: UserHandler in libjvm.so, mask=11100100010111111101111111111110, flags=SA_RESTART|SA_SIGINFO, blocked
    SIGINT: SIG_IGN, mask=00000000000000000000000000000000, flags=none, blocked
   SIGTERM: UserHandler in libjvm.so, mask=11100100010111111101111111111110, flags=SA_RESTART|SA_SIGINFO, blocked
   SIGQUIT: UserHandler in libjvm.so, mask=11100100010111111101111111111110, flags=SA_RESTART|SA_SIGINFO, blocked
   SIGTRAP: crash_handler in libjvm.so, mask=11100100010111111101111111111110, flags=SA_RESTART|SA_SIGINFO, unblocked


Periodic native trim disabled

---------------  S Y S T E M  ---------------

OS:
DISTRIB_ID=LinuxMint
DISTRIB_RELEASE=22.2
DISTRIB_CODENAME=zara
DISTRIB_DESCRIPTION="Linux Mint 22.2 Zara"
uname: Linux 6.14.0-29-generic #29~24.04.1-Ubuntu SMP PREEMPT_DYNAMIC Thu Aug 14 16:52:50 UTC 2 x86_64
OS uptime: 0 days 2:27 hours
libc: glibc 2.39 NPTL 2.39 
rlimit (soft/hard): STACK 8192k/infinity , CORE 0k/infinity , NPROC 30500/30500 , NOFILE 1048576/1048576 , AS infinity/infinity , CPU infinity/infinity , DATA infinity/infinity , FSIZE infinity/infinity , MEMLOCK 995408k/995408k
load average: 0.74 0.53 0.49

/proc/meminfo:
MemTotal:        7963292 kB
MemFree:          334012 kB
MemAvailable:    1135720 kB
Buffers:           12904 kB
Cached:          1699100 kB
SwapCached:        22496 kB
Active:          1242792 kB
Inactive:        5580912 kB
Active(anon):     663876 kB
Inactive(anon):  5185532 kB
Active(file):     578916 kB
Inactive(file):   395380 kB
Unevictable:      267052 kB
Mlocked:              96 kB
SwapTotal:       2097148 kB
SwapFree:         391232 kB
Zswap:                 0 kB
Zswapped:              0 kB
Dirty:             50372 kB
Writeback:             0 kB
AnonPages:       5356548 kB
Mapped:           708372 kB
Shmem:            737704 kB
KReclaimable:     102592 kB
Slab:             281504 kB
SReclaimable:     102592 kB
SUnreclaim:       178912 kB
KernelStack:       30420 kB
PageTables:        84180 kB
SecPageTables:         0 kB
NFS_Unstable:          0 kB
Bounce:                0 kB
WritebackTmp:          0 kB
CommitLimit:     6078792 kB
Committed_AS:   27996764 kB
VmallocTotal:   34359738367 kB
VmallocUsed:       53724 kB
VmallocChunk:          0 kB
Percpu:             7728 kB
HardwareCorrupted:     0 kB
AnonHugePages:      2048 kB
ShmemHugePages:        0 kB
ShmemPmdMapped:        0 kB
FileHugePages:         0 kB
FilePmdMapped:         0 kB
Unaccepted:            0 kB
HugePages_Total:       0
HugePages_Free:        0
HugePages_Rsvd:        0
HugePages_Surp:        0
Hugepagesize:       2048 kB
Hugetlb:               0 kB
DirectMap4k:      188964 kB
DirectMap2M:     3840000 kB
DirectMap1G:     4194304 kB

/sys/kernel/mm/transparent_hugepage/enabled: always [madvise] never
/sys/kernel/mm/transparent_hugepage/hpage_pmd_size: 2097152
/sys/kernel/mm/transparent_hugepage/defrag (defrag/compaction efforts parameter): always defer defer+madvise [madvise] never

Process Memory:
Virtual Size: 4844972K (peak: 4844972K)
Resident Set Size: 80336K (peak: 80336K) (anon: 55228K, file: 25108K, shmem: 0K)
Swapped out: 0K
C-Heap outstanding allocations: 39095K, retained: 2552K
glibc malloc tunables: (default)

/proc/sys/kernel/threads-max (system-wide limit on the number of threads): 61001
/proc/sys/vm/max_map_count (maximum number of memory map areas a process may have): 1048576
/proc/sys/vm/swappiness (control to define how aggressively the kernel swaps out anonymous memory): 60
/proc/sys/kernel/pid_max (system-wide limit on number of process identifiers): 4194304

container information not found.
Steal ticks since vm start: 0
Steal ticks percentage since vm start:  0.000

CPU: total 12 (initial active 12) (6 cores per cpu, 2 threads per core) family 6 model 165 stepping 3 microcode 0x100, cx8, cmov, fxsr, ht, mmx, 3dnowpref, sse, sse2, sse3, ssse3, sse4.1, sse4.2, popcnt, lzcnt, tsc, tscinvbit, avx, avx2, aes, erms, clmul, bmi1, bmi2, adx, fma, vzeroupper, clflush, clflushopt, rdtscp, f16c
CPU Model and flags from /proc/cpuinfo:
model name	: Intel(R) Core(TM) i5-10400 CPU @ 2.90GHz
flags		: fpu vme de pse tsc msr pae mce cx8 apic sep mtrr pge mca cmov pat pse36 clflush dts acpi mmx fxsr sse sse2 ss ht tm pbe syscall nx pdpe1gb rdtscp lm constant_tsc art arch_perfmon pebs bts rep_good nopl xtopology nonstop_tsc cpuid aperfmperf pni pclmulqdq dtes64 monitor ds_cpl vmx est tm2 ssse3 sdbg fma cx16 xtpr pdcm pcid sse4_1 sse4_2 x2apic movbe popcnt tsc_deadline_timer aes xsave avx f16c rdrand lahf_lm abm 3dnowprefetch cpuid_fault epb ssbd ibrs ibpb stibp ibrs_enhanced tpr_shadow flexpriority ept vpid ept_ad fsgsbase tsc_adjust bmi1 avx2 smep bmi2 erms invpcid mpx rdseed adx smap clflushopt intel_pt xsaveopt xsavec xgetbv1 xsaves dtherm ida arat pln pts hwp hwp_notify hwp_act_window hwp_epp vnmi md_clear flush_l1d arch_capabilities

Online cpus: 0-11
Offline cpus: 
BIOS frequency limitation: <Not Available>
Frequency switch latency (ns): 0
Available cpu frequencies: <Not Available>
Current governor: powersave
Core performance/turbo boost: <Not Available>

Memory: 4k page, physical 7963292k(1127512k free), swap 2097148k(391232k free)
Page Sizes: 4k

vm_info: OpenJDK 64-Bit Server VM (21.0.9+10-Ubuntu-124.04) for linux-amd64 JRE (21.0.9+10-Ubuntu-124.04), built on 2025-10-23T12:36:23Z by "buildd" with gcc 13.3.0

END.
