#
# A fatal error has been detected by the Java Runtime Environment:
#
#  SIGSEGV (0xb) at pc=0x00007f67d49db5b3, pid=7312, tid=7359
#
# JRE version: OpenJDK Runtime Environment (21.0.9+10) (build 21.0.9+10-Ubuntu-124.04)
# Java VM: OpenJDK 64-Bit Server VM (21.0.9+10-Ubuntu-124.04, mixed mode, sharing, tiered, compressed oops, compressed class ptrs, g1 gc, linux-amd64)
# Problematic frame:
# V  [libjvm.so+0x7db5b3]  void G1CMTask::process_grey_task_entry<true>(G1TaskQueueEntry)+0xd3
#
# Core dump will be written. Default location: Core dumps may be processed with "/usr/lib/systemd/systemd-coredump %P %u %g %s %t 9223372036854775808 %h %d" (or dumping to /home/edu/IPC2-2025/Games-app/rest-api-games/core.7312)
#
# If you would like to submit a bug report, please visit:
#   https://bugs.launchpad.net/ubuntu/+source/openjdk-21
#

---------------  S U M M A R Y ------------

Command Line: -Dclassworlds.conf=/usr/lib/apache-netbeans/java/maven/bin/m2.conf -Dmaven.home=/usr/lib/apache-netbeans/java/maven -Dlibrary.jansi.path=/usr/lib/apache-netbeans/java/maven/lib/jansi-native -Dmaven.multiModuleProjectDirectory=/home/edu/IPC2-2025/Games-app/rest-api-games org.codehaus.plexus.classworlds.launcher.Launcher -Dnetbeans.deploy=true -Dexec.vmArgs= -Dexec.appArgs= -Dmaven.ext.class.path=/usr/lib/apache-netbeans/java/maven-nblib/netbeans-eventspy.jar --no-transfer-progress package

Host: Intel(R) Core(TM) i5-10400 CPU @ 2.90GHz, 12 cores, 7G, Linux Mint 22.1 Xia
Time: Sun Dec 14 23:18:48 2025 CST elapsed time: 1.757177 seconds (0d 0h 0m 1s)

---------------  T H R E A D  ---------------

Current thread (0x00007f67a8000d80):  WorkerThread "G1 Conc#1"      [id=7359, stack(0x00007f67a3cff000,0x00007f67a3dff000) (1024K)]

Stack: [0x00007f67a3cff000,0x00007f67a3dff000],  sp=0x00007f67a3dfdc30,  free space=1019k
Native frames: (J=compiled Java code, j=interpreted, Vv=VM code, C=native code)
V  [libjvm.so+0x7db5b3]  void G1CMTask::process_grey_task_entry<true>(G1TaskQueueEntry)+0xd3
V  [libjvm.so+0x7d624f]  G1CMTask::drain_local_queue(bool) [clone .part.0] [clone .constprop.1]+0x6f
V  [libjvm.so+0x7d7e7a]  G1CMTask::do_marking_step(double, bool, bool)+0x69a
V  [libjvm.so+0x7dcad4]  G1CMConcurrentMarkingTask::work(unsigned int)+0xc4
V  [libjvm.so+0x104a370]  WorkerThread::run()+0x80
V  [libjvm.so+0xf8ee77]  Thread::call_run()+0xa7
V  [libjvm.so+0xd054f5]  thread_native_entry(Thread*)+0xd5
C  [libc.so.6+0x9caa4]

siginfo: si_signo: 11 (SIGSEGV), si_code: 1 (SEGV_MAPERR), si_addr: 0x00007f68d570aa38

Registers:
RAX=0x00007f67d570a640, RBX=0x00007f67cc088170, RCX=0x000000002000007f, RDX=0x00007f6757000011
RSP=0x00007f67a3dfdc30, RBP=0x00007f67a3dfdc60, RSI=0x000000008661e2e0, RDI=0x00007f67a3dfdd00
R8 =0x0000000000000040, R9 =0x00007f67d570d674, R10=0x00007f67a3dfdd00, R11=0x0000000000000001
R12=0x000000008661e2e0, R13=0x000000000ceae000, R14=0x00007f67a3dfdd00, R15=0x00007f6757000011
RIP=0x00007f67d49db5b3, EFLAGS=0x0000000000010206, CSGSFS=0x002b000000000033, ERR=0x0000000000000004
  TRAPNO=0x000000000000000e

XMM[0]=0x0000000000000000 0x3fb2f1a9fbe76c90
XMM[1]=0x0000000000000000 0x0000000000000000
XMM[2]=0x0000000000000000 0x3fe0000000000000
XMM[3]=0x0000000000000000 0x4022000000000000
XMM[4]=0x0000000000000000 0x3fe0000000000000
XMM[5]=0x0000000000000000 0x0000000000000000
XMM[6]=0x00007f67d5afbc17 0x00007f67a3dfde60
XMM[7]=0x0000000000000000 0x00007f67cc088170
XMM[8]=0xcafebabecafebabe 0xcafebabecafebabe
XMM[9]=0x0020202020202020 0x2000202020202020
XMM[10]=0x3f3f3f3f3f3f3f3f 0x3f3f3f3f3f3f3f3f
XMM[11]=0x9999999999999999 0x9999999999999999
XMM[12]=0x2020202020202020 0x2020202020202020
XMM[13]=0x0000000000000000 0x0000000000000000
XMM[14]=0x0000000000000000 0x0000000000000000
XMM[15]=0xcafebabecafebabe 0xcafebabecafebabe
  MXCSR=0x00001fa2


Register to memory mapping:

RAX=0x00007f67d570a640: <offset 0x000000000150a640> in /usr/lib/jvm/java-21-openjdk-amd64/lib/server/libjvm.so at 0x00007f67d4200000
RBX=0x00007f67cc088170 points into unknown readable memory: 0x00007f67d55ffd68 | 68 fd 5f d5 67 7f 00 00
RCX=0x000000002000007f is an unknown value
RDX=0x00007f6757000011 is pointing into metadata
RSP=0x00007f67a3dfdc30 points into unknown readable memory: 0x0000000000000003 | 03 00 00 00 00 00 00 00
RBP=0x00007f67a3dfdc60 points into unknown readable memory: 0x00007f67a3dfdca0 | a0 dc df a3 67 7f 00 00
RSI=0x000000008661e2e0 is pointing into object: java.util.ArrayList 
{0x000000008661e2d0} - klass: 'java/util/ArrayList'
 - ---- fields (total size 3 words):
 - protected transient 'modCount' 'I' @12  1 (0x00000001)
 - private 'size' 'I' @16  1 (0x00000001)
 - transient 'elementData' '[Ljava/lang/Object;' @20  a 'java/lang/Object'[5] {0x000000008661e2e8} (0x8661e2e8)
RDI=0x00007f67a3dfdd00 points into unknown readable memory: 0x00007f67d55ffa78 | 78 fa 5f d5 67 7f 00 00
R8 =0x0000000000000040 is an unknown value
R9 =0x00007f67d570d674: <offset 0x000000000150d674> in /usr/lib/jvm/java-21-openjdk-amd64/lib/server/libjvm.so at 0x00007f67d4200000
R10=0x00007f67a3dfdd00 points into unknown readable memory: 0x00007f67d55ffa78 | 78 fa 5f d5 67 7f 00 00
R11=0x0000000000000001 is an unknown value
R12=0x000000008661e2e0 is pointing into object: java.util.ArrayList 
{0x000000008661e2d0} - klass: 'java/util/ArrayList'
 - ---- fields (total size 3 words):
 - protected transient 'modCount' 'I' @12  1 (0x00000001)
 - private 'size' 'I' @16  1 (0x00000001)
 - transient 'elementData' '[Ljava/lang/Object;' @20  a 'java/lang/Object'[5] {0x000000008661e2e8} (0x8661e2e8)
R13=0x000000000ceae000 is an unknown value
R14=0x00007f67a3dfdd00 points into unknown readable memory: 0x00007f67d55ffa78 | 78 fa 5f d5 67 7f 00 00
R15=0x00007f6757000011 is pointing into metadata

Top of Stack: (sp=0x00007f67a3dfdc30)
0x00007f67a3dfdc30:   0000000000000003 0000000000000040
0x00007f67a3dfdc40:   00007f67a3dfdc78 00007f67cc088170
0x00007f67a3dfdc50:   00000000000a0000 00007f67cc071c90
0x00007f67a3dfdc60:   00007f67a3dfdca0 00007f67d49d624f
0x00007f67a3dfdc70:   0000000000000003 000000008661e2e0
0x00007f67a3dfdc80:   00007f67cc088170 0000000000086221
0x00007f67a3dfdc90:   00007f67cc088170 0000000086a31108
0x00007f67a3dfdca0:   00007f67a3dfdd60 00007f67d49d7e7a
0x00007f67a3dfdcb0:   00007f6700000000 01007f6700000001
0x00007f67a3dfdcc0:   00007f67cc0882a8 00007f6700000000
0x00007f67a3dfdcd0:   00007f67cc088170 00007f67cc071cb0
0x00007f67a3dfdce0:   0000000000000000 0000000000000000
0x00007f67a3dfdcf0:   00007f67cc071c80 00007f67cc088170
0x00007f67a3dfdd00:   00007f67d55ffa78 00007f67cc147a30
0x00007f67a3dfdd10:   0000000000000003 00007f67cc02d050
0x00007f67a3dfdd20:   00007f67cc088170 00007f67a8000d80
0x00007f67a3dfdd30:   00007f67a3dfdd40 00007f67cc088170
0x00007f67a3dfdd40:   00007f67d27feb70 00007f67d5734de8
0x00007f67a3dfdd50:   00007f67a8001120 00007f67d56cbf38
0x00007f67a3dfdd60:   00007f67a3dfdde0 00007f67d49dcad4
0x00007f67a3dfdd70:   00007f6720029dc0 00007f6720029dd0
0x00007f67a3dfdd80:   00000000000003d8 00007f672002a1a8
0x00007f67a3dfdd90:   00000001cc071c80 00007f6720029dd0
0x00007f67a3dfdda0:   00007f6720029dc0 3f588b11409a2403
0x00007f67a3dfddb0:   00007f67a3dfddfc 00007f67cc082a28
0x00007f67a3dfddc0:   00007f67a3dfddfc 00007f67a8000d80
0x00007f67a3dfddd0:   0000000000000001 0000000000000001
0x00007f67a3dfdde0:   00007f67a3dfde30 00007f67d524a370
0x00007f67a3dfddf0:   0000000000100000 ffffffff00000000
0x00007f67a3dfde00:   00007f67a3dfde30 00007f67a8000d80
0x00007f67a3dfde10:   00007f67a3cff000 0000000000100000
0x00007f67a3dfde20:   0000000000000000 00007f67d27fe800 

Instructions: (pc=0x00007f67d49db5b3)
0x00007f67d49db4b3:   33 ff ff ff 48 8d 05 b2 fa ce 00 be 86 00 00 00
0x00007f67d49db4c3:   48 8d 3d 96 6e 97 00 48 8b 00 c6 00 58 e8 5b 84
0x00007f67d49db4d3:   ed ff 66 2e 0f 1f 84 00 00 00 00 00 90 f3 0f 1e
0x00007f67d49db4e3:   fa 55 48 89 e5 41 57 41 56 41 55 41 54 49 89 f4
0x00007f67d49db4f3:   53 48 89 fb 48 83 ec 08 83 e6 01 74 60 4c 89 e6
0x00007f67d49db503:   48 8d 7f 08 48 83 e6 fe e8 00 2d 00 00 48 03 83
0x00007f67d49db513:   a0 00 00 00 48 89 83 a0 00 00 00 48 3b 83 a8 00
0x00007f67d49db523:   00 00 73 10 48 8b 83 c0 00 00 00 48 39 83 b8 00
0x00007f67d49db533:   00 00 72 13 48 89 df e8 91 8e ff ff 84 c0 75 07
0x00007f67d49db543:   c6 83 d0 00 00 00 01 48 83 c4 08 5b 41 5c 41 5d
0x00007f67d49db553:   41 5e 41 5f 5d c3 0f 1f 80 00 00 00 00 4c 8d 2d
0x00007f67d49db563:   a1 11 cf 00 41 80 7d 00 00 74 5a 48 8d 05 2b f9
0x00007f67d49db573:   ce 00 45 8b 7c 24 08 8b 48 08 49 d3 e7 4c 03 38
0x00007f67d49db583:   41 83 7f 0c 06 74 4a 4c 8b b3 80 00 00 00 4c 89
0x00007f67d49db593:   fe 4c 89 e7 e8 14 e5 ff ff 49 63 4f 0c 4c 89 fa
0x00007f67d49db5a3:   4c 89 e6 49 89 c5 48 8d 05 90 f0 d2 00 4c 89 f7
0x00007f67d49db5b3:   ff 14 c8 48 8b 83 a0 00 00 00 4c 01 e8 e9 52 ff
0x00007f67d49db5c3:   ff ff 0f 1f 00 4d 8b 7c 24 08 41 83 7f 0c 06 75
0x00007f67d49db5d3:   b6 4c 89 e7 e8 04 20 ff ff 48 3d ff 0f 00 00 77
0x00007f67d49db5e3:   2c 41 80 7d 00 00 4c 8b b3 80 00 00 00 74 36 48
0x00007f67d49db5f3:   8d 15 a7 f8 ce 00 41 8b 44 24 08 8b 4a 08 48 d3
0x00007f67d49db603:   e0 48 03 02 49 89 c7 eb 85 0f 1f 40 00 48 8d 7b
0x00007f67d49db613:   08 4c 89 e6 e8 c4 29 00 00 48 03 83 a0 00 00 00
0x00007f67d49db623:   e9 ef fe ff ff 4d 8b 7c 24 08 e9 5f ff ff ff 66
0x00007f67d49db633:   2e 0f 1f 84 00 00 00 00 00 0f 1f 40 00 f3 0f 1e
0x00007f67d49db643:   fa 55 48 89 e5 48 81 ec d0 00 00 00 48 89 b5 58
0x00007f67d49db653:   ff ff ff 48 89 95 60 ff ff ff 48 89 8d 68 ff ff
0x00007f67d49db663:   ff 4c 89 85 70 ff ff ff 4c 89 8d 78 ff ff ff 84
0x00007f67d49db673:   c0 74 20 0f 29 45 80 0f 29 4d 90 0f 29 55 a0 0f
0x00007f67d49db683:   29 5d b0 0f 29 65 c0 0f 29 6d d0 0f 29 75 e0 0f
0x00007f67d49db693:   29 7d f0 48 8d 45 10 48 8d 8d 38 ff ff ff 48 89
0x00007f67d49db6a3:   fa be 03 00 00 00 48 89 85 40 ff ff ff 48 8d 3d 


Stack slot to memory mapping:

stack at sp + 0 slots: 0x0000000000000003 is an unknown value
stack at sp + 1 slots: 0x0000000000000040 is an unknown value
stack at sp + 2 slots: 0x00007f67a3dfdc78 points into unknown readable memory: 0x000000008661e2e0 | e0 e2 61 86 00 00 00 00
stack at sp + 3 slots: 0x00007f67cc088170 points into unknown readable memory: 0x00007f67d55ffd68 | 68 fd 5f d5 67 7f 00 00
stack at sp + 4 slots: 0x00000000000a0000 is an unknown value
stack at sp + 5 slots: 0x00007f67cc071c90 points into unknown readable memory: 0x00007f67d55ffdd8 | d8 fd 5f d5 67 7f 00 00
stack at sp + 6 slots: 0x00007f67a3dfdca0 points into unknown readable memory: 0x00007f67a3dfdd60 | 60 dd df a3 67 7f 00 00
stack at sp + 7 slots: 0x00007f67d49d624f: <offset 0x00000000007d624f> in /usr/lib/jvm/java-21-openjdk-amd64/lib/server/libjvm.so at 0x00007f67d4200000


---------------  P R O C E S S  ---------------

Threads class SMR info:
_java_thread_list=0x00007f66c80134f0, length=12, elements={
0x00007f67cc019790, 0x00007f67cc1532d0, 0x00007f67cc154840, 0x00007f67cc155fd0,
0x00007f67cc157610, 0x00007f67cc158bb0, 0x00007f67cc15a6f0, 0x00007f67cc15bdb0,
0x00007f67cc167c50, 0x00007f67cc16af80, 0x00007f671c14d720, 0x00007f671c1d8750
}

Java Threads: ( => current thread )
  0x00007f67cc019790 JavaThread "main"                              [_thread_in_Java, id=7329, stack(0x00007f67d3d00000,0x00007f67d3e00000) (1024K)]
  0x00007f67cc1532d0 JavaThread "Reference Handler"          daemon [_thread_blocked, id=7337, stack(0x00007f67adf00000,0x00007f67ae000000) (1024K)]
  0x00007f67cc154840 JavaThread "Finalizer"                  daemon [_thread_blocked, id=7338, stack(0x00007f67ad500000,0x00007f67ad600000) (1024K)]
  0x00007f67cc155fd0 JavaThread "Signal Dispatcher"          daemon [_thread_blocked, id=7339, stack(0x00007f67ad400000,0x00007f67ad500000) (1024K)]
  0x00007f67cc157610 JavaThread "Service Thread"             daemon [_thread_blocked, id=7340, stack(0x00007f67ad300000,0x00007f67ad400000) (1024K)]
  0x00007f67cc158bb0 JavaThread "Monitor Deflation Thread"   daemon [_thread_blocked, id=7341, stack(0x00007f67ad200000,0x00007f67ad300000) (1024K)]
  0x00007f67cc15a6f0 JavaThread "C2 CompilerThread0"         daemon [_thread_in_native, id=7342, stack(0x00007f67ad100000,0x00007f67ad200000) (1024K)]
  0x00007f67cc15bdb0 JavaThread "C1 CompilerThread0"         daemon [_thread_in_native, id=7343, stack(0x00007f67ad000000,0x00007f67ad100000) (1024K)]
  0x00007f67cc167c50 JavaThread "Notification Thread"        daemon [_thread_blocked, id=7344, stack(0x00007f67acf00000,0x00007f67ad000000) (1024K)]
  0x00007f67cc16af80 JavaThread "Common-Cleaner"             daemon [_thread_blocked, id=7345, stack(0x00007f67ace00000,0x00007f67acf00000) (1024K)]
  0x00007f671c14d720 JavaThread "C2 CompilerThread1"         daemon [_thread_in_native, id=7347, stack(0x00007f67acd00000,0x00007f67ace00000) (1024K)]
  0x00007f671c1d8750 JavaThread "C2 CompilerThread2"         daemon [_thread_in_native, id=7348, stack(0x00007f67acc00000,0x00007f67acd00000) (1024K)]
Total: 12

Other Threads:
  0x00007f67cc14a1b0 VMThread "VM Thread"                           [id=7336, stack(0x00007f67b40fa000,0x00007f67b41fa000) (1024K)]
  0x00007f67cc138340 WatcherThread "VM Periodic Task Thread"        [id=7335, stack(0x00007f67b41fb000,0x00007f67b42fb000) (1024K)]
  0x00007f67cc071160 WorkerThread "GC Thread#0"                     [id=7330, stack(0x00007f67d3020000,0x00007f67d3120000) (1024K)]
  0x00007f6744008190 WorkerThread "GC Thread#1"                     [id=7349, stack(0x00007f67acb00000,0x00007f67acc00000) (1024K)]
  0x00007f6744010c00 WorkerThread "GC Thread#2"                     [id=7350, stack(0x00007f67ac700000,0x00007f67ac800000) (1024K)]
  0x00007f6744010140 WorkerThread "GC Thread#3"                     [id=7351, stack(0x00007f67ac5ff000,0x00007f67ac6ff000) (1024K)]
  0x00007f6744013570 WorkerThread "GC Thread#4"                     [id=7352, stack(0x00007f67ac4fe000,0x00007f67ac5fe000) (1024K)]
  0x00007f6744014020 WorkerThread "GC Thread#5"                     [id=7353, stack(0x00007f67ac3fd000,0x00007f67ac4fd000) (1024K)]
  0x00007f6744014b10 WorkerThread "GC Thread#6"                     [id=7354, stack(0x00007f67ac2fc000,0x00007f67ac3fc000) (1024K)]
  0x00007f6744015600 WorkerThread "GC Thread#7"                     [id=7355, stack(0x00007f67ac1fb000,0x00007f67ac2fb000) (1024K)]
  0x00007f6744016130 WorkerThread "GC Thread#8"                     [id=7356, stack(0x00007f67ac0fa000,0x00007f67ac1fa000) (1024K)]
  0x00007f6744012a60 WorkerThread "GC Thread#9"                     [id=7357, stack(0x00007f67a3f00000,0x00007f67a4000000) (1024K)]
  0x00007f67cc081ad0 ConcurrentGCThread "G1 Main Marker"            [id=7331, stack(0x00007f67d2700000,0x00007f67d2800000) (1024K)]
  0x00007f67cc082a80 WorkerThread "G1 Conc#0"                       [id=7332, stack(0x00007f67d0700000,0x00007f67d0800000) (1024K)]
=>0x00007f67a8000d80 WorkerThread "G1 Conc#1"                       [id=7359, stack(0x00007f67a3cff000,0x00007f67a3dff000) (1024K)]
  0x00007f67a8001600 WorkerThread "G1 Conc#2"                       [id=7360, stack(0x00007f67a3bfe000,0x00007f67a3cfe000) (1024K)]
  0x00007f67cc11ca40 ConcurrentGCThread "G1 Refine#0"               [id=7333, stack(0x00007f67b43fd000,0x00007f67b44fd000) (1024K)]
  0x00007f67cc11da00 ConcurrentGCThread "G1 Service"                [id=7334, stack(0x00007f67b42fc000,0x00007f67b43fc000) (1024K)]
Total: 18

Threads with active compile tasks:
C2 CompilerThread0  1761 5106       4       java.lang.Class::copyMethods (36 bytes)
C1 CompilerThread0  1761 5115       3       com.google.inject.internal.asm.$SymbolTable::addConstant (330 bytes)
C2 CompilerThread1  1761 4988       4       org.eclipse.aether.util.graph.transformer.ConflictResolver$State::push (457 bytes)
C2 CompilerThread2  1761 4613       4       org.codehaus.plexus.interpolation.AbstractDelegatingValueSource::getValue (11 bytes)
Total: 4

VM state: not at safepoint (normal execution)

VM Mutex/Monitor currently owned by a thread: None

Heap address: 0x0000000086600000, size: 1946 MB, Compressed Oops mode: 32-bit

CDS archive(s) mapped at: [0x00007f6757000000-0x00007f6757ca0000-0x00007f6757ca0000), size 13238272, SharedBaseAddress: 0x00007f6757000000, ArchiveRelocationMode: 1.
Compressed class space mapped at: 0x00007f6758000000-0x00007f6798000000, reserved size: 1073741824
Narrow klass base: 0x00007f6757000000, Narrow klass shift: 0, Narrow klass range: 0x100000000

GC Precious Log:
 CardTable entry size: 512
 Card Set container configuration: InlinePtr #cards 5 size 8 Array Of Cards #cards 12 size 40 Howl #buckets 4 coarsen threshold 1843 Howl Bitmap #cards 512 size 80 coarsen threshold 460 Card regions per heap region 1 cards per card region 2048
 CPUs: 12 total, 12 available
 Memory: 7776M
 Large Page Support: Disabled
 NUMA Support: Disabled
 Compressed Oops: Enabled (32-bit)
 Heap Region Size: 1M
 Heap Min Capacity: 8M
 Heap Initial Capacity: 122M
 Heap Max Capacity: 1946M
 Pre-touch: Disabled
 Parallel Workers: 10
 Concurrent Workers: 3
 Concurrent Refinement Workers: 10
 Periodic GC: Disabled

Heap:
 garbage-first heap   total 126976K, used 17234K [0x0000000086600000, 0x0000000100000000)
  region size 1024K, 7 young (7168K), 6 survivors (6144K)
 Metaspace       used 21220K, committed 21632K, reserved 1114112K
  class space    used 2425K, committed 2624K, reserved 1048576K

Heap Regions: E=young(eden), S=young(survivor), O=old, HS=humongous(starts), HC=humongous(continues), CS=collection set, F=free, TAMS=top-at-mark-start, PB=parsable bottom
|   0|0x0000000086600000, 0x0000000086700000, 0x0000000086700000|100%| O|  |TAMS 0x0000000086700000| PB 0x0000000086600000| Untracked 
|   1|0x0000000086700000, 0x0000000086800000, 0x0000000086800000|100%| O|  |TAMS 0x0000000086800000| PB 0x0000000086700000| Untracked 
|   2|0x0000000086800000, 0x0000000086900000, 0x0000000086900000|100%| O|  |TAMS 0x0000000086900000| PB 0x0000000086800000| Untracked 
|   3|0x0000000086900000, 0x0000000086a00000, 0x0000000086a00000|100%| O|  |TAMS 0x0000000086a00000| PB 0x0000000086900000| Untracked 
|   4|0x0000000086a00000, 0x0000000086b00000, 0x0000000086b00000|100%| O|  |TAMS 0x0000000086b00000| PB 0x0000000086a00000| Untracked 
|   5|0x0000000086b00000, 0x0000000086c00000, 0x0000000086c00000|100%| O|  |TAMS 0x0000000086c00000| PB 0x0000000086b00000| Untracked 
|   6|0x0000000086c00000, 0x0000000086d00000, 0x0000000086d00000|100%| O|  |TAMS 0x0000000086c95e80| PB 0x0000000086c00000| Untracked 
|   7|0x0000000086d00000, 0x0000000086e00000, 0x0000000086e00000|100%| O|  |TAMS 0x0000000086d00000| PB 0x0000000086d00000| Untracked 
|   8|0x0000000086e00000, 0x0000000086f00000, 0x0000000086f00000|100%| O|  |TAMS 0x0000000086e00000| PB 0x0000000086e00000| Untracked 
|   9|0x0000000086f00000, 0x0000000087000000, 0x0000000087000000|100%| O|  |TAMS 0x0000000086f00000| PB 0x0000000086f00000| Untracked 
|  10|0x0000000087000000, 0x00000000870482d8, 0x0000000087100000| 28%| O|  |TAMS 0x0000000087000000| PB 0x0000000087000000| Untracked 
|  11|0x0000000087100000, 0x0000000087100000, 0x0000000087200000|  0%| F|  |TAMS 0x0000000087100000| PB 0x0000000087100000| Untracked 
|  12|0x0000000087200000, 0x0000000087200000, 0x0000000087300000|  0%| F|  |TAMS 0x0000000087200000| PB 0x0000000087200000| Untracked 
|  13|0x0000000087300000, 0x0000000087300000, 0x0000000087400000|  0%| F|  |TAMS 0x0000000087300000| PB 0x0000000087300000| Untracked 
|  14|0x0000000087400000, 0x0000000087400000, 0x0000000087500000|  0%| F|  |TAMS 0x0000000087400000| PB 0x0000000087400000| Untracked 
|  15|0x0000000087500000, 0x0000000087500000, 0x0000000087600000|  0%| F|  |TAMS 0x0000000087500000| PB 0x0000000087500000| Untracked 
|  16|0x0000000087600000, 0x0000000087600000, 0x0000000087700000|  0%| F|  |TAMS 0x0000000087600000| PB 0x0000000087600000| Untracked 
|  17|0x0000000087700000, 0x0000000087700000, 0x0000000087800000|  0%| F|  |TAMS 0x0000000087700000| PB 0x0000000087700000| Untracked 
|  18|0x0000000087800000, 0x0000000087800000, 0x0000000087900000|  0%| F|  |TAMS 0x0000000087800000| PB 0x0000000087800000| Untracked 
|  19|0x0000000087900000, 0x0000000087900000, 0x0000000087a00000|  0%| F|  |TAMS 0x0000000087900000| PB 0x0000000087900000| Untracked 
|  20|0x0000000087a00000, 0x0000000087a00000, 0x0000000087b00000|  0%| F|  |TAMS 0x0000000087a00000| PB 0x0000000087a00000| Untracked 
|  21|0x0000000087b00000, 0x0000000087b00000, 0x0000000087c00000|  0%| F|  |TAMS 0x0000000087b00000| PB 0x0000000087b00000| Untracked 
|  22|0x0000000087c00000, 0x0000000087c00000, 0x0000000087d00000|  0%| F|  |TAMS 0x0000000087c00000| PB 0x0000000087c00000| Untracked 
|  23|0x0000000087d00000, 0x0000000087d00000, 0x0000000087e00000|  0%| F|  |TAMS 0x0000000087d00000| PB 0x0000000087d00000| Untracked 
|  24|0x0000000087e00000, 0x0000000087e00000, 0x0000000087f00000|  0%| F|  |TAMS 0x0000000087e00000| PB 0x0000000087e00000| Untracked 
|  25|0x0000000087f00000, 0x0000000087f00000, 0x0000000088000000|  0%| F|  |TAMS 0x0000000087f00000| PB 0x0000000087f00000| Untracked 
|  26|0x0000000088000000, 0x0000000088000000, 0x0000000088100000|  0%| F|  |TAMS 0x0000000088000000| PB 0x0000000088000000| Untracked 
|  27|0x0000000088100000, 0x0000000088100000, 0x0000000088200000|  0%| F|  |TAMS 0x0000000088100000| PB 0x0000000088100000| Untracked 
|  28|0x0000000088200000, 0x0000000088200000, 0x0000000088300000|  0%| F|  |TAMS 0x0000000088200000| PB 0x0000000088200000| Untracked 
|  29|0x0000000088300000, 0x0000000088300000, 0x0000000088400000|  0%| F|  |TAMS 0x0000000088300000| PB 0x0000000088300000| Untracked 
|  30|0x0000000088400000, 0x0000000088400000, 0x0000000088500000|  0%| F|  |TAMS 0x0000000088400000| PB 0x0000000088400000| Untracked 
|  31|0x0000000088500000, 0x0000000088500000, 0x0000000088600000|  0%| F|  |TAMS 0x0000000088500000| PB 0x0000000088500000| Untracked 
|  32|0x0000000088600000, 0x0000000088600000, 0x0000000088700000|  0%| F|  |TAMS 0x0000000088600000| PB 0x0000000088600000| Untracked 
|  33|0x0000000088700000, 0x0000000088700000, 0x0000000088800000|  0%| F|  |TAMS 0x0000000088700000| PB 0x0000000088700000| Untracked 
|  34|0x0000000088800000, 0x0000000088800000, 0x0000000088900000|  0%| F|  |TAMS 0x0000000088800000| PB 0x0000000088800000| Untracked 
|  35|0x0000000088900000, 0x0000000088900000, 0x0000000088a00000|  0%| F|  |TAMS 0x0000000088900000| PB 0x0000000088900000| Untracked 
|  36|0x0000000088a00000, 0x0000000088a00000, 0x0000000088b00000|  0%| F|  |TAMS 0x0000000088a00000| PB 0x0000000088a00000| Untracked 
|  37|0x0000000088b00000, 0x0000000088b00000, 0x0000000088c00000|  0%| F|  |TAMS 0x0000000088b00000| PB 0x0000000088b00000| Untracked 
|  38|0x0000000088c00000, 0x0000000088c00000, 0x0000000088d00000|  0%| F|  |TAMS 0x0000000088c00000| PB 0x0000000088c00000| Untracked 
|  39|0x0000000088d00000, 0x0000000088d00000, 0x0000000088e00000|  0%| F|  |TAMS 0x0000000088d00000| PB 0x0000000088d00000| Untracked 
|  40|0x0000000088e00000, 0x0000000088e00000, 0x0000000088f00000|  0%| F|  |TAMS 0x0000000088e00000| PB 0x0000000088e00000| Untracked 
|  41|0x0000000088f00000, 0x0000000088f00000, 0x0000000089000000|  0%| F|  |TAMS 0x0000000088f00000| PB 0x0000000088f00000| Untracked 
|  42|0x0000000089000000, 0x0000000089000000, 0x0000000089100000|  0%| F|  |TAMS 0x0000000089000000| PB 0x0000000089000000| Untracked 
|  43|0x0000000089100000, 0x0000000089100000, 0x0000000089200000|  0%| F|  |TAMS 0x0000000089100000| PB 0x0000000089100000| Untracked 
|  44|0x0000000089200000, 0x0000000089200000, 0x0000000089300000|  0%| F|  |TAMS 0x0000000089200000| PB 0x0000000089200000| Untracked 
|  45|0x0000000089300000, 0x0000000089300000, 0x0000000089400000|  0%| F|  |TAMS 0x0000000089300000| PB 0x0000000089300000| Untracked 
|  46|0x0000000089400000, 0x0000000089400000, 0x0000000089500000|  0%| F|  |TAMS 0x0000000089400000| PB 0x0000000089400000| Untracked 
|  47|0x0000000089500000, 0x0000000089500000, 0x0000000089600000|  0%| F|  |TAMS 0x0000000089500000| PB 0x0000000089500000| Untracked 
|  48|0x0000000089600000, 0x0000000089600000, 0x0000000089700000|  0%| F|  |TAMS 0x0000000089600000| PB 0x0000000089600000| Untracked 
|  49|0x0000000089700000, 0x0000000089700000, 0x0000000089800000|  0%| F|  |TAMS 0x0000000089700000| PB 0x0000000089700000| Untracked 
|  50|0x0000000089800000, 0x0000000089800000, 0x0000000089900000|  0%| F|  |TAMS 0x0000000089800000| PB 0x0000000089800000| Untracked 
|  51|0x0000000089900000, 0x0000000089900000, 0x0000000089a00000|  0%| F|  |TAMS 0x0000000089900000| PB 0x0000000089900000| Untracked 
|  52|0x0000000089a00000, 0x0000000089a00000, 0x0000000089b00000|  0%| F|  |TAMS 0x0000000089a00000| PB 0x0000000089a00000| Untracked 
|  53|0x0000000089b00000, 0x0000000089b00000, 0x0000000089c00000|  0%| F|  |TAMS 0x0000000089b00000| PB 0x0000000089b00000| Untracked 
|  54|0x0000000089c00000, 0x0000000089c00000, 0x0000000089d00000|  0%| F|  |TAMS 0x0000000089c00000| PB 0x0000000089c00000| Untracked 
|  55|0x0000000089d00000, 0x0000000089d00000, 0x0000000089e00000|  0%| F|  |TAMS 0x0000000089d00000| PB 0x0000000089d00000| Untracked 
|  56|0x0000000089e00000, 0x0000000089e00000, 0x0000000089f00000|  0%| F|  |TAMS 0x0000000089e00000| PB 0x0000000089e00000| Untracked 
|  57|0x0000000089f00000, 0x0000000089f00000, 0x000000008a000000|  0%| F|  |TAMS 0x0000000089f00000| PB 0x0000000089f00000| Untracked 
|  58|0x000000008a000000, 0x000000008a000000, 0x000000008a100000|  0%| F|  |TAMS 0x000000008a000000| PB 0x000000008a000000| Untracked 
|  59|0x000000008a100000, 0x000000008a100000, 0x000000008a200000|  0%| F|  |TAMS 0x000000008a100000| PB 0x000000008a100000| Untracked 
|  60|0x000000008a200000, 0x000000008a200000, 0x000000008a300000|  0%| F|  |TAMS 0x000000008a200000| PB 0x000000008a200000| Untracked 
|  61|0x000000008a300000, 0x000000008a300000, 0x000000008a400000|  0%| F|  |TAMS 0x000000008a300000| PB 0x000000008a300000| Untracked 
|  62|0x000000008a400000, 0x000000008a400000, 0x000000008a500000|  0%| F|  |TAMS 0x000000008a400000| PB 0x000000008a400000| Untracked 
|  63|0x000000008a500000, 0x000000008a500000, 0x000000008a600000|  0%| F|  |TAMS 0x000000008a500000| PB 0x000000008a500000| Untracked 
|  64|0x000000008a600000, 0x000000008a600000, 0x000000008a700000|  0%| F|  |TAMS 0x000000008a600000| PB 0x000000008a600000| Untracked 
|  65|0x000000008a700000, 0x000000008a700000, 0x000000008a800000|  0%| F|  |TAMS 0x000000008a700000| PB 0x000000008a700000| Untracked 
|  66|0x000000008a800000, 0x000000008a800000, 0x000000008a900000|  0%| F|  |TAMS 0x000000008a800000| PB 0x000000008a800000| Untracked 
|  67|0x000000008a900000, 0x000000008a900000, 0x000000008aa00000|  0%| F|  |TAMS 0x000000008a900000| PB 0x000000008a900000| Untracked 
|  68|0x000000008aa00000, 0x000000008aa00000, 0x000000008ab00000|  0%| F|  |TAMS 0x000000008aa00000| PB 0x000000008aa00000| Untracked 
|  69|0x000000008ab00000, 0x000000008ab00000, 0x000000008ac00000|  0%| F|  |TAMS 0x000000008ab00000| PB 0x000000008ab00000| Untracked 
|  70|0x000000008ac00000, 0x000000008ac00000, 0x000000008ad00000|  0%| F|  |TAMS 0x000000008ac00000| PB 0x000000008ac00000| Untracked 
|  71|0x000000008ad00000, 0x000000008ad00000, 0x000000008ae00000|  0%| F|  |TAMS 0x000000008ad00000| PB 0x000000008ad00000| Untracked 
|  72|0x000000008ae00000, 0x000000008ae00000, 0x000000008af00000|  0%| F|  |TAMS 0x000000008ae00000| PB 0x000000008ae00000| Untracked 
|  73|0x000000008af00000, 0x000000008af00000, 0x000000008b000000|  0%| F|  |TAMS 0x000000008af00000| PB 0x000000008af00000| Untracked 
|  74|0x000000008b000000, 0x000000008b000000, 0x000000008b100000|  0%| F|  |TAMS 0x000000008b000000| PB 0x000000008b000000| Untracked 
|  75|0x000000008b100000, 0x000000008b100000, 0x000000008b200000|  0%| F|  |TAMS 0x000000008b100000| PB 0x000000008b100000| Untracked 
|  76|0x000000008b200000, 0x000000008b200000, 0x000000008b300000|  0%| F|  |TAMS 0x000000008b200000| PB 0x000000008b200000| Untracked 
|  77|0x000000008b300000, 0x000000008b300000, 0x000000008b400000|  0%| F|  |TAMS 0x000000008b300000| PB 0x000000008b300000| Untracked 
|  78|0x000000008b400000, 0x000000008b400000, 0x000000008b500000|  0%| F|  |TAMS 0x000000008b400000| PB 0x000000008b400000| Untracked 
|  79|0x000000008b500000, 0x000000008b500000, 0x000000008b600000|  0%| F|  |TAMS 0x000000008b500000| PB 0x000000008b500000| Untracked 
|  80|0x000000008b600000, 0x000000008b600000, 0x000000008b700000|  0%| F|  |TAMS 0x000000008b600000| PB 0x000000008b600000| Untracked 
|  81|0x000000008b700000, 0x000000008b700000, 0x000000008b800000|  0%| F|  |TAMS 0x000000008b700000| PB 0x000000008b700000| Untracked 
|  82|0x000000008b800000, 0x000000008b800000, 0x000000008b900000|  0%| F|  |TAMS 0x000000008b800000| PB 0x000000008b800000| Untracked 
|  83|0x000000008b900000, 0x000000008b900000, 0x000000008ba00000|  0%| F|  |TAMS 0x000000008b900000| PB 0x000000008b900000| Untracked 
|  84|0x000000008ba00000, 0x000000008ba00000, 0x000000008bb00000|  0%| F|  |TAMS 0x000000008ba00000| PB 0x000000008ba00000| Untracked 
|  85|0x000000008bb00000, 0x000000008bb00000, 0x000000008bc00000|  0%| F|  |TAMS 0x000000008bb00000| PB 0x000000008bb00000| Untracked 
|  86|0x000000008bc00000, 0x000000008bc00000, 0x000000008bd00000|  0%| F|  |TAMS 0x000000008bc00000| PB 0x000000008bc00000| Untracked 
|  87|0x000000008bd00000, 0x000000008bd00000, 0x000000008be00000|  0%| F|  |TAMS 0x000000008bd00000| PB 0x000000008bd00000| Untracked 
|  88|0x000000008be00000, 0x000000008be00000, 0x000000008bf00000|  0%| F|  |TAMS 0x000000008be00000| PB 0x000000008be00000| Untracked 
|  89|0x000000008bf00000, 0x000000008bf00000, 0x000000008c000000|  0%| F|  |TAMS 0x000000008bf00000| PB 0x000000008bf00000| Untracked 
|  90|0x000000008c000000, 0x000000008c000000, 0x000000008c100000|  0%| F|  |TAMS 0x000000008c000000| PB 0x000000008c000000| Untracked 
|  91|0x000000008c100000, 0x000000008c100000, 0x000000008c200000|  0%| F|  |TAMS 0x000000008c100000| PB 0x000000008c100000| Untracked 
|  92|0x000000008c200000, 0x000000008c280000, 0x000000008c300000| 50%| S|CS|TAMS 0x000000008c200000| PB 0x000000008c200000| Complete 
|  93|0x000000008c300000, 0x000000008c400000, 0x000000008c400000|100%| S|CS|TAMS 0x000000008c300000| PB 0x000000008c300000| Complete 
|  94|0x000000008c400000, 0x000000008c500000, 0x000000008c500000|100%| S|CS|TAMS 0x000000008c400000| PB 0x000000008c400000| Complete 
|  95|0x000000008c500000, 0x000000008c600000, 0x000000008c600000|100%| S|CS|TAMS 0x000000008c500000| PB 0x000000008c500000| Complete 
|  96|0x000000008c600000, 0x000000008c700000, 0x000000008c700000|100%| S|CS|TAMS 0x000000008c600000| PB 0x000000008c600000| Complete 
|  97|0x000000008c700000, 0x000000008c800000, 0x000000008c800000|100%| S|CS|TAMS 0x000000008c700000| PB 0x000000008c700000| Complete 
|  98|0x000000008c800000, 0x000000008c800000, 0x000000008c900000|  0%| F|  |TAMS 0x000000008c800000| PB 0x000000008c800000| Untracked 
|  99|0x000000008c900000, 0x000000008c900000, 0x000000008ca00000|  0%| F|  |TAMS 0x000000008c900000| PB 0x000000008c900000| Untracked 
| 100|0x000000008ca00000, 0x000000008ca00000, 0x000000008cb00000|  0%| F|  |TAMS 0x000000008ca00000| PB 0x000000008ca00000| Untracked 
| 101|0x000000008cb00000, 0x000000008cb00000, 0x000000008cc00000|  0%| F|  |TAMS 0x000000008cb00000| PB 0x000000008cb00000| Untracked 
| 102|0x000000008cc00000, 0x000000008cc00000, 0x000000008cd00000|  0%| F|  |TAMS 0x000000008cc00000| PB 0x000000008cc00000| Untracked 
| 103|0x000000008cd00000, 0x000000008cd00000, 0x000000008ce00000|  0%| F|  |TAMS 0x000000008cd00000| PB 0x000000008cd00000| Untracked 
| 104|0x000000008ce00000, 0x000000008ce00000, 0x000000008cf00000|  0%| F|  |TAMS 0x000000008ce00000| PB 0x000000008ce00000| Untracked 
| 105|0x000000008cf00000, 0x000000008cf00000, 0x000000008d000000|  0%| F|  |TAMS 0x000000008cf00000| PB 0x000000008cf00000| Untracked 
| 106|0x000000008d000000, 0x000000008d000000, 0x000000008d100000|  0%| F|  |TAMS 0x000000008d000000| PB 0x000000008d000000| Untracked 
| 107|0x000000008d100000, 0x000000008d100000, 0x000000008d200000|  0%| F|  |TAMS 0x000000008d100000| PB 0x000000008d100000| Untracked 
| 108|0x000000008d200000, 0x000000008d200000, 0x000000008d300000|  0%| F|  |TAMS 0x000000008d200000| PB 0x000000008d200000| Untracked 
| 109|0x000000008d300000, 0x000000008d300000, 0x000000008d400000|  0%| F|  |TAMS 0x000000008d300000| PB 0x000000008d300000| Untracked 
| 110|0x000000008d400000, 0x000000008d400000, 0x000000008d500000|  0%| F|  |TAMS 0x000000008d400000| PB 0x000000008d400000| Untracked 
| 111|0x000000008d500000, 0x000000008d500000, 0x000000008d600000|  0%| F|  |TAMS 0x000000008d500000| PB 0x000000008d500000| Untracked 
| 112|0x000000008d600000, 0x000000008d600000, 0x000000008d700000|  0%| F|  |TAMS 0x000000008d600000| PB 0x000000008d600000| Untracked 
| 113|0x000000008d700000, 0x000000008d700000, 0x000000008d800000|  0%| F|  |TAMS 0x000000008d700000| PB 0x000000008d700000| Untracked 
| 114|0x000000008d800000, 0x000000008d800000, 0x000000008d900000|  0%| F|  |TAMS 0x000000008d800000| PB 0x000000008d800000| Untracked 
| 115|0x000000008d900000, 0x000000008d900000, 0x000000008da00000|  0%| F|  |TAMS 0x000000008d900000| PB 0x000000008d900000| Untracked 
| 116|0x000000008da00000, 0x000000008da00000, 0x000000008db00000|  0%| F|  |TAMS 0x000000008da00000| PB 0x000000008da00000| Untracked 
| 117|0x000000008db00000, 0x000000008db00000, 0x000000008dc00000|  0%| F|  |TAMS 0x000000008db00000| PB 0x000000008db00000| Untracked 
| 118|0x000000008dc00000, 0x000000008dc00000, 0x000000008dd00000|  0%| F|  |TAMS 0x000000008dc00000| PB 0x000000008dc00000| Untracked 
| 119|0x000000008dd00000, 0x000000008dd00000, 0x000000008de00000|  0%| F|  |TAMS 0x000000008dd00000| PB 0x000000008dd00000| Untracked 
| 120|0x000000008de00000, 0x000000008de80000, 0x000000008df00000| 50%| E|  |TAMS 0x000000008de00000| PB 0x000000008de00000| Complete 
| 121|0x000000008df00000, 0x000000008e000000, 0x000000008e000000|100%| E|CS|TAMS 0x000000008df00000| PB 0x000000008df00000| Complete 
|1944|0x00000000ffe00000, 0x00000000fff00000, 0x00000000fff00000|100%| O|  |TAMS 0x00000000fff00000| PB 0x00000000ffe00000| Untracked 
|1945|0x00000000fff00000, 0x00000000fff0c840, 0x0000000100000000|  4%| O|  |TAMS 0x00000000fff0c840| PB 0x00000000fff00000| Untracked 

Card table byte_map: [0x00007f67d2800000,0x00007f67d2bcd000] _byte_map_base: 0x00007f67d23cd000

Marking Bits: (CMBitMap*) 0x00007f67cc071c90
 Bits: [0x00007f67d0800000, 0x00007f67d2668000)

Polling page: 0x00007f67d5adb000

Metaspace:

Usage:
  Non-class:     18.36 MB used.
      Class:      2.37 MB used.
       Both:     20.74 MB used.

Virtual space:
  Non-class space:       64.00 MB reserved,      18.56 MB ( 29%) committed,  1 nodes.
      Class space:        1.00 GB reserved,       2.56 MB ( <1%) committed,  1 nodes.
             Both:        1.06 GB reserved,      21.12 MB (  2%) committed. 

Chunk freelists:
   Non-Class:  12.88 MB
       Class:  13.38 MB
        Both:  26.25 MB

MaxMetaspaceSize: unlimited
CompressedClassSpaceSize: 1.00 GB
Initial GC threshold: 21.00 MB
Current GC threshold: 21.31 MB
CDS: on
 - commit_granule_bytes: 65536.
 - commit_granule_words: 8192.
 - virtual_space_node_default_size: 8388608.
 - enlarge_chunks_in_place: 1.
 - use_allocation_guard: 0.


Internal statistics:

num_allocs_failed_limit: 3.
num_arena_births: 210.
num_arena_deaths: 0.
num_vsnodes_births: 2.
num_vsnodes_deaths: 0.
num_space_committed: 338.
num_space_uncommitted: 0.
num_chunks_returned_to_freelist: 3.
num_chunks_taken_from_freelist: 971.
num_chunk_merges: 0.
num_chunk_splits: 664.
num_chunks_enlarged: 524.
num_inconsistent_stats: 0.

CodeHeap 'non-profiled nmethods': size=120028Kb used=2640Kb max_used=2640Kb free=117387Kb
 bounds [0x00007f67bc2c9000, 0x00007f67bc569000, 0x00007f67c3800000]
CodeHeap 'profiled nmethods': size=120028Kb used=10977Kb max_used=10977Kb free=109050Kb
 bounds [0x00007f67b4800000, 0x00007f67b52c0000, 0x00007f67bbd37000]
CodeHeap 'non-nmethods': size=5704Kb used=1424Kb max_used=1502Kb free=4279Kb
 bounds [0x00007f67bbd37000, 0x00007f67bbfa7000, 0x00007f67bc2c9000]
CodeCache: size=245760Kb, used=15041Kb, max_used=15119Kb, free=230716Kb
 total_blobs=5640, nmethods=5112, adapters=433, full_count=0
Compilation: enabled, stopped_count=0, restarted_count=0

Compilation events (20 events):
Event: 1.744 Thread 0x00007f67cc15bdb0 5079       3       com.google.inject.internal.ProvisionListenerCallbackStore$1::load (9 bytes)
Event: 1.744 Thread 0x00007f67cc15bdb0 nmethod 5079 0x00007f67b52a6e10 code [0x00007f67b52a6fe0, 0x00007f67b52a72d8]
Event: 1.744 Thread 0x00007f67cc15bdb0 5080       3       com.google.inject.internal.ProvisionListenerCallbackStore$1::load (12 bytes)
Event: 1.744 Thread 0x00007f67cc15bdb0 nmethod 5080 0x00007f67b52a7410 code [0x00007f67b52a75c0, 0x00007f67b52a7768]
Event: 1.744 Thread 0x00007f67cc15bdb0 5081       3       com.google.inject.internal.ProvisionListenerCallbackStore::access$000 (6 bytes)
Event: 1.744 Thread 0x00007f67cc15bdb0 nmethod 5081 0x00007f67b52a7890 code [0x00007f67b52a7a40, 0x00007f67b52a7b60]
Event: 1.744 Thread 0x00007f67cc15bdb0 5089       3       com.google.inject.internal.asm.$FieldWriter::computeFieldInfoSize (86 bytes)
Event: 1.745 Thread 0x00007f67cc15bdb0 nmethod 5089 0x00007f67b52a7c10 code [0x00007f67b52a7de0, 0x00007f67b52a80a8]
Event: 1.745 Thread 0x00007f67cc15bdb0 5090       3       com.google.inject.internal.asm.$FieldWriter::putFieldInfo (269 bytes)
Event: 1.745 Thread 0x00007f67cc15bdb0 nmethod 5090 0x00007f67b52a8210 code [0x00007f67b52a84a0, 0x00007f67b52a8d70]
Event: 1.745 Thread 0x00007f67cc15bdb0 5091       3       jdk.internal.reflect.Reflection::verifyModuleAccess (24 bytes)
Event: 1.752 Thread 0x00007f67cc15a6f0 nmethod 4920 0x00007f67bc55ab10 code [0x00007f67bc55acc0, 0x00007f67bc55afc0]
Event: 1.752 Thread 0x00007f67cc15a6f0 4867       4       java.lang.StringUTF16::length (5 bytes)
Event: 1.752 Thread 0x00007f67cc15bdb0 nmethod 5091 0x00007f67b52a9110 code [0x00007f67b52a9320, 0x00007f67b52a9830]
Event: 1.752 Thread 0x00007f67cc15bdb0 5088       1       com.google.inject.internal.Scoping$3::getScopeAnnotation (3 bytes)
Event: 1.752 Thread 0x00007f67cc15a6f0 nmethod 4867 0x00007f67bc55b210 code [0x00007f67bc55b380, 0x00007f67bc55b400]
Event: 1.752 Thread 0x00007f67cc15a6f0 4869       4       java.lang.Integer::rotateLeft (9 bytes)
Event: 1.752 Thread 0x00007f67cc15bdb0 nmethod 5088 0x00007f67bc55b510 code [0x00007f67bc55b6a0, 0x00007f67bc55b768]
Event: 1.752 Thread 0x00007f67cc15a6f0 nmethod 4869 0x00007f67bc55b810 code [0x00007f67bc55b980, 0x00007f67bc55b9f0]
Event: 1.752 Thread 0x00007f67cc15a6f0 4997       4       java.lang.StringConcatHelper::simpleConcat (94 bytes)

GC Heap History (10 events):
Event: 0.323 GC heap before
{Heap before GC invocations=0 (full 0):
 garbage-first heap   total 126976K, used 23602K [0x0000000086600000, 0x0000000100000000)
  region size 1024K, 23 young (23552K), 0 survivors (0K)
 Metaspace       used 5799K, committed 5952K, reserved 1114112K
  class space    used 686K, committed 768K, reserved 1048576K
}
Event: 0.326 GC heap after
{Heap after GC invocations=1 (full 0):
 garbage-first heap   total 126976K, used 4186K [0x0000000086600000, 0x0000000100000000)
  region size 1024K, 3 young (3072K), 3 survivors (3072K)
 Metaspace       used 5799K, committed 5952K, reserved 1114112K
  class space    used 686K, committed 768K, reserved 1048576K
}
Event: 0.845 GC heap before
{Heap before GC invocations=1 (full 0):
 garbage-first heap   total 126976K, used 52314K [0x0000000086600000, 0x0000000100000000)
  region size 1024K, 50 young (51200K), 3 survivors (3072K)
 Metaspace       used 13796K, committed 14080K, reserved 1114112K
  class space    used 1671K, committed 1792K, reserved 1048576K
}
Event: 0.852 GC heap after
{Heap after GC invocations=2 (full 0):
 garbage-first heap   total 126976K, used 7770K [0x0000000086600000, 0x0000000100000000)
  region size 1024K, 7 young (7168K), 7 survivors (7168K)
 Metaspace       used 13796K, committed 14080K, reserved 1114112K
  class space    used 1671K, committed 1792K, reserved 1048576K
}
Event: 1.276 GC heap before
{Heap before GC invocations=2 (full 0):
 garbage-first heap   total 126976K, used 75354K [0x0000000086600000, 0x0000000100000000)
  region size 1024K, 73 young (74752K), 7 survivors (7168K)
 Metaspace       used 16435K, committed 16704K, reserved 1114112K
  class space    used 1909K, committed 1984K, reserved 1048576K
}
Event: 1.288 GC heap after
{Heap after GC invocations=3 (full 0):
 garbage-first heap   total 126976K, used 11576K [0x0000000086600000, 0x0000000100000000)
  region size 1024K, 8 young (8192K), 8 survivors (8192K)
 Metaspace       used 16435K, committed 16704K, reserved 1114112K
  class space    used 1909K, committed 1984K, reserved 1048576K
}
Event: 1.611 GC heap before
{Heap before GC invocations=3 (full 0):
 garbage-first heap   total 126976K, used 78136K [0x0000000086600000, 0x0000000100000000)
  region size 1024K, 73 young (74752K), 8 survivors (8192K)
 Metaspace       used 19882K, committed 20224K, reserved 1114112K
  class space    used 2215K, committed 2368K, reserved 1048576K
}
Event: 1.624 GC heap after
{Heap after GC invocations=4 (full 0):
 garbage-first heap   total 126976K, used 14985K [0x0000000086600000, 0x0000000100000000)
  region size 1024K, 7 young (7168K), 7 survivors (7168K)
 Metaspace       used 19882K, committed 20224K, reserved 1114112K
  class space    used 2215K, committed 2368K, reserved 1048576K
}
Event: 1.745 GC heap before
{Heap before GC invocations=4 (full 0):
 garbage-first heap   total 126976K, used 38537K [0x0000000086600000, 0x0000000100000000)
  region size 1024K, 31 young (31744K), 7 survivors (7168K)
 Metaspace       used 21125K, committed 21504K, reserved 1114112K
  class space    used 2410K, committed 2624K, reserved 1048576K
}
Event: 1.752 GC heap after
{Heap after GC invocations=5 (full 0):
 garbage-first heap   total 126976K, used 17234K [0x0000000086600000, 0x0000000100000000)
  region size 1024K, 6 young (6144K), 6 survivors (6144K)
 Metaspace       used 21125K, committed 21504K, reserved 1114112K
  class space    used 2410K, committed 2624K, reserved 1048576K
}

Dll operation events (8 events):
Event: 0.001 Loaded shared library /usr/lib/jvm/java-21-openjdk-amd64/lib/libjava.so
Event: 0.015 Loaded shared library /usr/lib/jvm/java-21-openjdk-amd64/lib/libjsvml.so
Event: 0.019 Loaded shared library /usr/lib/jvm/java-21-openjdk-amd64/lib/libnio.so
Event: 0.021 Loaded shared library /usr/lib/jvm/java-21-openjdk-amd64/lib/libzip.so
Event: 0.027 Loaded shared library /usr/lib/jvm/java-21-openjdk-amd64/lib/libnet.so
Event: 0.092 Loaded shared library /usr/lib/jvm/java-21-openjdk-amd64/lib/libjimage.so
Event: 0.097 Loaded shared library /tmp/jansi-2.4.1-43c840209c82d00d-libjansi.so
Event: 0.103 Loaded shared library /usr/lib/jvm/java-21-openjdk-amd64/lib/libverify.so

Deoptimization events (20 events):
Event: 1.580 Thread 0x00007f67cc019790 DEOPT PACKING pc=0x00007f67bc3c6d2c sp=0x00007f67d3dfd510
Event: 1.580 Thread 0x00007f67cc019790 DEOPT UNPACKING pc=0x00007f67bbd8af99 sp=0x00007f67d3dfd458 mode 2
Event: 1.581 Thread 0x00007f67cc019790 Uncommon trap: trap_request=0xffffffde fr.pc=0x00007f67bc3c6d2c relative=0x000000000000050c
Event: 1.581 Thread 0x00007f67cc019790 Uncommon trap: reason=class_check action=maybe_recompile pc=0x00007f67bc3c6d2c method=com.google.inject.internal.MoreTypes.getRawType(Ljava/lang/reflect/Type;)Ljava/lang/Class; @ 13 c2
Event: 1.581 Thread 0x00007f67cc019790 DEOPT PACKING pc=0x00007f67bc3c6d2c sp=0x00007f67d3dfd510
Event: 1.581 Thread 0x00007f67cc019790 DEOPT UNPACKING pc=0x00007f67bbd8af99 sp=0x00007f67d3dfd458 mode 2
Event: 1.581 Thread 0x00007f67cc019790 Uncommon trap: trap_request=0xffffffde fr.pc=0x00007f67bc3ba2e4 relative=0x00000000000000a4
Event: 1.581 Thread 0x00007f67cc019790 Uncommon trap: reason=class_check action=maybe_recompile pc=0x00007f67bc3ba2e4 method=com.google.inject.internal.MoreTypes.getRawType(Ljava/lang/reflect/Type;)Ljava/lang/Class; @ 13 c2
Event: 1.581 Thread 0x00007f67cc019790 DEOPT PACKING pc=0x00007f67bc3ba2e4 sp=0x00007f67d3dfd4a0
Event: 1.581 Thread 0x00007f67cc019790 DEOPT UNPACKING pc=0x00007f67bbd8af99 sp=0x00007f67d3dfd450 mode 2
Event: 1.584 Thread 0x00007f67ccd29300 Uncommon trap: trap_request=0xffffff45 fr.pc=0x00007f67bc47dcc0 relative=0x0000000000000280
Event: 1.584 Thread 0x00007f67ccd29300 Uncommon trap: reason=unstable_if action=reinterpret pc=0x00007f67bc47dcc0 method=java.util.concurrent.ConcurrentHashMap.get(Ljava/lang/Object;)Ljava/lang/Object; @ 86 c2
Event: 1.584 Thread 0x00007f67ccd29300 DEOPT PACKING pc=0x00007f67bc47dcc0 sp=0x00007f67a3efc6d0
Event: 1.584 Thread 0x00007f67ccd29300 DEOPT UNPACKING pc=0x00007f67bbd8af99 sp=0x00007f67a3efc658 mode 2
Event: 1.589 Thread 0x00007f67cc019790 DEOPT PACKING pc=0x00007f67b5060f6c sp=0x00007f67d3dfc800
Event: 1.589 Thread 0x00007f67cc019790 DEOPT UNPACKING pc=0x00007f67bbd8b72f sp=0x00007f67d3dfbd28 mode 0
Event: 1.695 Thread 0x00007f67cc019790 DEOPT PACKING pc=0x00007f67b5060f6c sp=0x00007f67d3dfc480
Event: 1.695 Thread 0x00007f67cc019790 DEOPT UNPACKING pc=0x00007f67bbd8b72f sp=0x00007f67d3dfb9a8 mode 0
Event: 1.715 Thread 0x00007f67cc019790 DEOPT PACKING pc=0x00007f67b5060f6c sp=0x00007f67d3df83d0
Event: 1.715 Thread 0x00007f67cc019790 DEOPT UNPACKING pc=0x00007f67bbd8b72f sp=0x00007f67d3df78f8 mode 0

Classes loaded (20 events):
Event: 1.590 Loading class java/security/MessageDigest$Delegate
Event: 1.590 Loading class sun/security/util/MessageDigestSpi2
Event: 1.590 Loading class sun/security/util/MessageDigestSpi2 done
Event: 1.590 Loading class java/security/MessageDigest$Delegate done
Event: 1.590 Loading class java/security/MessageDigest$Delegate$CloneableDelegate
Event: 1.590 Loading class java/security/MessageDigest$Delegate$CloneableDelegate done
Event: 1.590 Loading class sun/security/provider/ByteArrayAccess
Event: 1.590 Loading class sun/security/provider/ByteArrayAccess done
Event: 1.590 Loading class sun/security/provider/ByteArrayAccess$BE
Event: 1.590 Loading class sun/security/provider/ByteArrayAccess$BE done
Event: 1.725 Loading class java/io/PrintWriter
Event: 1.725 Loading class java/io/PrintWriter done
Event: 1.726 Loading class java/util/zip/GZIPInputStream
Event: 1.726 Loading class java/util/zip/GZIPInputStream done
Event: 1.726 Loading class java/util/zip/ZipOutputStream
Event: 1.727 Loading class java/util/zip/DeflaterOutputStream
Event: 1.727 Loading class java/util/zip/DeflaterOutputStream done
Event: 1.727 Loading class java/util/zip/ZipOutputStream done
Event: 1.732 Loading class java/util/zip/GZIPOutputStream
Event: 1.732 Loading class java/util/zip/GZIPOutputStream done

Classes unloaded (0 events):
No events

Classes redefined (0 events):
No events

Internal exceptions (20 events):
Event: 0.778 Thread 0x00007f67cc019790 Exception <a 'java/lang/NoSuchMethodError'{0x000000008b1e4248}: 'void java.lang.invoke.DirectMethodHandle$Holder.invokeVirtual(java.lang.Object, java.lang.Object)'> (0x000000008b1e4248) 
thrown [./src/hotspot/share/interpreter/linkResolver.cpp, line 772]
Event: 0.882 Thread 0x00007f67cc019790 Exception <a 'java/lang/NoSuchMethodError'{0x000000008dd43338}: 'void java.lang.invoke.DirectMethodHandle$Holder.invokeSpecial(java.lang.Object, java.lang.Object, java.lang.Object, java.lang.Object, java.lang.Object)'> (0x000000008dd43338) 
thrown [./src/hotspot/share/interpreter/linkResolver.cpp, line 772]
Event: 0.883 Thread 0x00007f67cc019790 Exception <a 'java/lang/NoSuchMethodError'{0x000000008dd5d268}: 'java.lang.Object java.lang.invoke.DirectMethodHandle$Holder.invokeVirtual(java.lang.Object, java.lang.Object, java.lang.Object)'> (0x000000008dd5d268) 
thrown [./src/hotspot/share/interpreter/linkResolver.cpp, line 772]
Event: 0.884 Thread 0x00007f67cc019790 Exception <a 'java/lang/NoSuchMethodError'{0x000000008dd6a508}: 'void java.lang.invoke.DirectMethodHandle$Holder.invokeSpecial(java.lang.Object, java.lang.Object, java.lang.Object, java.lang.Object, java.lang.Object, java.lang.Object)'> (0x000000008dd6a508) 
thrown [./src/hotspot/share/interpreter/linkResolver.cpp, line 772]
Event: 0.903 Thread 0x00007f67cc019790 Exception <a 'java/lang/NoSuchMethodError'{0x000000008dcf1258}: 'void java.lang.invoke.DirectMethodHandle$Holder.invokeVirtual(java.lang.Object, java.lang.Object, int)'> (0x000000008dcf1258) 
thrown [./src/hotspot/share/interpreter/linkResolver.cpp, line 772]
Event: 0.904 Thread 0x00007f67cc019790 Exception <a 'java/lang/NoSuchMethodError'{0x000000008dcf5068}: 'void java.lang.invoke.DirectMethodHandle$Holder.invokeSpecial(java.lang.Object, java.lang.Object, java.lang.Object, int)'> (0x000000008dcf5068) 
thrown [./src/hotspot/share/interpreter/linkResolver.cpp, line 772]
Event: 0.904 Thread 0x00007f67cc019790 Exception <a 'java/lang/NoSuchMethodError'{0x000000008dcf8748}: 'void java.lang.invoke.DelegatingMethodHandle$Holder.reinvoke_L(java.lang.Object, java.lang.Object, int)'> (0x000000008dcf8748) 
thrown [./src/hotspot/share/interpreter/linkResolver.cpp, line 772]
Event: 1.303 Thread 0x00007f67cc019790 Implicit null exception at 0x00007f67bc384bba to 0x00007f67bc384e44
Event: 1.303 Thread 0x00007f67cc019790 Implicit null exception at 0x00007f67bc36333a to 0x00007f67bc3635d8
Event: 1.303 Thread 0x00007f67cc019790 Implicit null exception at 0x00007f67bc3adac0 to 0x00007f67bc3adb45
Event: 1.321 Thread 0x00007f67cc019790 Exception <a 'java/lang/NoSuchMethodError'{0x000000008da88fc0}: 'java.lang.Object java.lang.invoke.DirectMethodHandle$Holder.newInvokeSpecial(java.lang.Object, java.lang.Object, java.lang.Object, java.lang.Object, java.lang.Object, java.lang.Object, java.lang.Object)'> (0x000000008da88fc0) 
thrown [./src/hotspot/share/interpreter/linkResolver.cpp, line 772]
Event: 1.364 Thread 0x00007f67cc019790 Implicit null exception at 0x00007f67bc4add54 to 0x00007f67bc4ae584
Event: 1.368 Thread 0x00007f67cc019790 Exception <a 'java/lang/NoSuchMethodError'{0x000000008d2906a0}: 'int java.lang.invoke.DirectMethodHandle$Holder.invokeVirtual(java.lang.Object, java.lang.Object)'> (0x000000008d2906a0) 
thrown [./src/hotspot/share/interpreter/linkResolver.cpp, line 772]
Event: 1.375 Thread 0x00007f67cc019790 Implicit null exception at 0x00007f67bc3802e6 to 0x00007f67bc380392
Event: 1.380 Thread 0x00007f67cc019790 Exception <a 'java/lang/NoSuchMethodError'{0x000000008d1a2fb0}: 'void java.lang.invoke.Invokers$Holder.invokeExact_MT(java.lang.Object, java.lang.Object, int, java.lang.Object)'> (0x000000008d1a2fb0) 
thrown [./src/hotspot/share/interpreter/linkResolver.cpp, line 772]
Event: 1.582 Thread 0x00007f67ccd29300 Exception <a 'java/lang/NoSuchMethodError'{0x000000008a7b5110}: 'java.lang.Object java.lang.invoke.DirectMethodHandle$Holder.invokeStatic(java.lang.Object, long, java.lang.Object)'> (0x000000008a7b5110) 
thrown [./src/hotspot/share/interpreter/linkResolver.cpp, line 772]
Event: 1.582 Thread 0x00007f67ccd29300 Exception <a 'java/lang/NoSuchMethodError'{0x000000008a7b8628}: 'java.lang.Object java.lang.invoke.DirectMethodHandle$Holder.invokeStaticInit(java.lang.Object, long, java.lang.Object)'> (0x000000008a7b8628) 
thrown [./src/hotspot/share/interpreter/linkResolver.cpp, line 772]
Event: 1.582 Thread 0x00007f67ccd29300 Exception <a 'java/lang/NoSuchMethodError'{0x000000008a7bdb40}: 'java.lang.Object java.lang.invoke.DirectMethodHandle$Holder.newInvokeSpecial(java.lang.Object, long)'> (0x000000008a7bdb40) 
thrown [./src/hotspot/share/interpreter/linkResolver.cpp, line 772]
Event: 1.583 Thread 0x00007f67ccd29300 Exception <a 'java/lang/NoSuchMethodError'{0x000000008a7c2418}: 'long java.lang.invoke.DirectMethodHandle$Holder.invokeInterface(java.lang.Object, java.lang.Object)'> (0x000000008a7c2418) 
thrown [./src/hotspot/share/interpreter/linkResolver.cpp, line 772]
Event: 1.583 Thread 0x00007f67ccd29300 Exception <a 'java/lang/NoSuchMethodError'{0x000000008a7c5910}: 'long java.lang.invoke.DelegatingMethodHandle$Holder.reinvoke_L(java.lang.Object, java.lang.Object)'> (0x000000008a7c5910) 
thrown [./src/hotspot/share/interpreter/linkResolver.cpp, line 772]

ZGC Phase Switch (0 events):
No events

VM Operations (20 events):
Event: 1.168 Executing VM operation: ICBufferFull
Event: 1.168 Executing VM operation: ICBufferFull done
Event: 1.276 Executing VM operation: G1CollectForAllocation (G1 Evacuation Pause)
Event: 1.288 Executing VM operation: G1CollectForAllocation (G1 Evacuation Pause) done
Event: 1.366 Executing VM operation: ICBufferFull
Event: 1.366 Executing VM operation: ICBufferFull done
Event: 1.449 Executing VM operation: ICBufferFull
Event: 1.449 Executing VM operation: ICBufferFull done
Event: 1.572 Executing VM operation: ICBufferFull
Event: 1.572 Executing VM operation: ICBufferFull done
Event: 1.577 Executing VM operation: HandshakeAllThreads (Deoptimize)
Event: 1.577 Executing VM operation: HandshakeAllThreads (Deoptimize) done
Event: 1.588 Executing VM operation: HandshakeAllThreads (Deoptimize)
Event: 1.588 Executing VM operation: HandshakeAllThreads (Deoptimize) done
Event: 1.611 Executing VM operation: G1CollectForAllocation (G1 Evacuation Pause)
Event: 1.624 Executing VM operation: G1CollectForAllocation (G1 Evacuation Pause) done
Event: 1.724 Executing VM operation: HandshakeAllThreads (Deoptimize)
Event: 1.724 Executing VM operation: HandshakeAllThreads (Deoptimize) done
Event: 1.745 Executing VM operation: CollectForMetadataAllocation (Metadata GC Threshold)
Event: 1.752 Executing VM operation: CollectForMetadataAllocation (Metadata GC Threshold) done

Memory protections (14 events):
Event: 0.001 Protecting memory [0x00007f67d3d00000,0x00007f67d3d04000] with protection modes 0
Event: 0.014 Protecting memory [0x00007f67adf00000,0x00007f67adf04000] with protection modes 0
Event: 0.014 Protecting memory [0x00007f67ad500000,0x00007f67ad504000] with protection modes 0
Event: 0.014 Protecting memory [0x00007f67ad400000,0x00007f67ad404000] with protection modes 0
Event: 0.014 Protecting memory [0x00007f67ad300000,0x00007f67ad304000] with protection modes 0
Event: 0.015 Protecting memory [0x00007f67ad200000,0x00007f67ad204000] with protection modes 0
Event: 0.015 Protecting memory [0x00007f67ad100000,0x00007f67ad104000] with protection modes 0
Event: 0.015 Protecting memory [0x00007f67ad000000,0x00007f67ad004000] with protection modes 0
Event: 0.017 Protecting memory [0x00007f67acf00000,0x00007f67acf04000] with protection modes 0
Event: 0.018 Protecting memory [0x00007f67ace00000,0x00007f67ace04000] with protection modes 0
Event: 0.091 Protecting memory [0x00007f67acd00000,0x00007f67acd04000] with protection modes 0
Event: 0.127 Protecting memory [0x00007f67acd00000,0x00007f67acd04000] with protection modes 0
Event: 0.302 Protecting memory [0x00007f67acc00000,0x00007f67acc04000] with protection modes 0
Event: 1.578 Protecting memory [0x00007f67a3dff000,0x00007f67a3e03000] with protection modes 0

Nmethod flushes (0 events):
No events

Events (16 events):
Event: 0.009 Thread 0x00007f67cc019790 Thread added: 0x00007f67cc019790
Event: 0.014 Thread 0x00007f67cc019790 Thread added: 0x00007f67cc1532d0
Event: 0.014 Thread 0x00007f67cc019790 Thread added: 0x00007f67cc154840
Event: 0.014 Thread 0x00007f67cc019790 Thread added: 0x00007f67cc155fd0
Event: 0.014 Thread 0x00007f67cc019790 Thread added: 0x00007f67cc157610
Event: 0.015 Thread 0x00007f67cc019790 Thread added: 0x00007f67cc158bb0
Event: 0.015 Thread 0x00007f67cc019790 Thread added: 0x00007f67cc15a6f0
Event: 0.015 Thread 0x00007f67cc019790 Thread added: 0x00007f67cc15bdb0
Event: 0.017 Thread 0x00007f67cc019790 Thread added: 0x00007f67cc167c50
Event: 0.018 Thread 0x00007f67cc019790 Thread added: 0x00007f67cc16af80
Event: 0.091 Thread 0x00007f67cc019790 Thread added: 0x00007f67cc38e180
Event: 0.094 Thread 0x00007f67cc38e180 Thread exited: 0x00007f67cc38e180
Event: 0.127 Thread 0x00007f67cc15bdb0 Thread added: 0x00007f671c14d720
Event: 0.302 Thread 0x00007f67cc15bdb0 Thread added: 0x00007f671c1d8750
Event: 1.578 Thread 0x00007f67cc019790 Thread added: 0x00007f67ccd29300
Event: 1.584 Thread 0x00007f67ccd29300 Thread exited: 0x00007f67ccd29300


Dynamic libraries:
86600000-8e000000 rw-p 00000000 00:00 0 
8e000000-ffe00000 ---p 00000000 00:00 0 
ffe00000-fff0d000 rw-p 00cdf000 08:25 2549391                            /usr/lib/jvm/java-21-openjdk-amd64/lib/server/classes.jsa
fff0d000-100000000 rw-p 00000000 00:00 0 
6058b76f2000-6058b76f3000 r--p 00000000 08:25 2148470                    /usr/lib/jvm/java-21-openjdk-amd64/bin/java
6058b76f3000-6058b76f4000 r-xp 00001000 08:25 2148470                    /usr/lib/jvm/java-21-openjdk-amd64/bin/java
6058b76f4000-6058b76f5000 r--p 00002000 08:25 2148470                    /usr/lib/jvm/java-21-openjdk-amd64/bin/java
6058b76f5000-6058b76f6000 r--p 00002000 08:25 2148470                    /usr/lib/jvm/java-21-openjdk-amd64/bin/java
6058b76f6000-6058b76f7000 rw-p 00003000 08:25 2148470                    /usr/lib/jvm/java-21-openjdk-amd64/bin/java
6058e13ad000-6058e13f4000 rw-p 00000000 00:00 0                          [heap]
7f66c0000000-7f66c0021000 rw-p 00000000 00:00 0 
7f66c0021000-7f66c4000000 ---p 00000000 00:00 0 
7f66c8000000-7f66c81b4000 rw-p 00000000 00:00 0 
7f66c81b4000-7f66cc000000 ---p 00000000 00:00 0 
7f66cc000000-7f66cc021000 rw-p 00000000 00:00 0 
7f66cc021000-7f66d0000000 ---p 00000000 00:00 0 
7f66d4000000-7f66d4021000 rw-p 00000000 00:00 0 
7f66d4021000-7f66d8000000 ---p 00000000 00:00 0 
7f66d8000000-7f66d8021000 rw-p 00000000 00:00 0 
7f66d8021000-7f66dc000000 ---p 00000000 00:00 0 
7f66e0000000-7f66e0021000 rw-p 00000000 00:00 0 
7f66e0021000-7f66e4000000 ---p 00000000 00:00 0 
7f66e4000000-7f66e4021000 rw-p 00000000 00:00 0 
7f66e4021000-7f66e8000000 ---p 00000000 00:00 0 
7f66ec000000-7f66ec021000 rw-p 00000000 00:00 0 
7f66ec021000-7f66f0000000 ---p 00000000 00:00 0 
7f66f0000000-7f66f0021000 rw-p 00000000 00:00 0 
7f66f0021000-7f66f4000000 ---p 00000000 00:00 0 
7f66f8000000-7f66f8021000 rw-p 00000000 00:00 0 
7f66f8021000-7f66fc000000 ---p 00000000 00:00 0 
7f66fc000000-7f66fc021000 rw-p 00000000 00:00 0 
7f66fc021000-7f6700000000 ---p 00000000 00:00 0 
7f6704000000-7f6705084000 rw-p 00000000 00:00 0 
7f6705084000-7f6708000000 ---p 00000000 00:00 0 
7f6708000000-7f6708f95000 rw-p 00000000 00:00 0 
7f6708f95000-7f670c000000 ---p 00000000 00:00 0 
7f6710000000-7f6710021000 rw-p 00000000 00:00 0 
7f6710021000-7f6714000000 ---p 00000000 00:00 0 
7f6714000000-7f6714021000 rw-p 00000000 00:00 0 
7f6714021000-7f6718000000 ---p 00000000 00:00 0 
7f671c000000-7f671c98c000 rw-p 00000000 00:00 0 
7f671c98c000-7f6720000000 ---p 00000000 00:00 0 
7f6720000000-7f67212e5000 rw-p 00000000 00:00 0 
7f67212e5000-7f6724000000 ---p 00000000 00:00 0 
7f6728000000-7f6728021000 rw-p 00000000 00:00 0 
7f6728021000-7f672c000000 ---p 00000000 00:00 0 
7f672c000000-7f672c021000 rw-p 00000000 00:00 0 
7f672c021000-7f6730000000 ---p 00000000 00:00 0 
7f6734000000-7f6734021000 rw-p 00000000 00:00 0 
7f6734021000-7f6738000000 ---p 00000000 00:00 0 
7f6738000000-7f6738021000 rw-p 00000000 00:00 0 
7f6738021000-7f673c000000 ---p 00000000 00:00 0 
7f6740000000-7f6740021000 rw-p 00000000 00:00 0 
7f6740021000-7f6744000000 ---p 00000000 00:00 0 
7f6744000000-7f6744021000 rw-p 00000000 00:00 0 
7f6744021000-7f6748000000 ---p 00000000 00:00 0 
7f674c000000-7f674c3f0000 rw-p 00000000 00:00 0 
7f674c3f0000-7f674cff0000 rw-p 00000000 00:00 0 
7f674cff0000-7f674d0f0000 rw-p 00000000 00:00 0 
7f674d0f0000-7f674d170000 rw-p 00000000 00:00 0 
7f674d170000-7f674d200000 ---p 00000000 00:00 0 
7f674d200000-7f674d330000 rw-p 00000000 00:00 0 
7f674d330000-7f6750000000 ---p 00000000 00:00 0 
7f6750000000-7f6750021000 rw-p 00000000 00:00 0 
7f6750021000-7f6754000000 ---p 00000000 00:00 0 
7f6757000000-7f6757ca0000 rw-p 00001000 08:25 2549391                    /usr/lib/jvm/java-21-openjdk-amd64/lib/server/classes.jsa
7f6757ca0000-7f6758000000 ---p 00000000 00:00 0 
7f6758000000-7f6758030000 rw-p 00000000 00:00 0 
7f6758030000-7f6758070000 rw-p 00000000 00:00 0 
7f6758070000-7f67581b0000 rw-p 00000000 00:00 0 
7f67581b0000-7f67581f0000 rw-p 00000000 00:00 0 
7f67581f0000-7f6758200000 ---p 00000000 00:00 0 
7f6758200000-7f67582a0000 rw-p 00000000 00:00 0 
7f67582a0000-7f6798000000 ---p 00000000 00:00 0 
7f6798000000-7f6798021000 rw-p 00000000 00:00 0 
7f6798021000-7f679c000000 ---p 00000000 00:00 0 
7f679c000000-7f679c021000 rw-p 00000000 00:00 0 
7f679c021000-7f67a0000000 ---p 00000000 00:00 0 
7f67a3800000-7f67a3ae4000 rw-p 00000000 00:00 0 
7f67a3bfd000-7f67a3bfe000 ---p 00000000 00:00 0 
7f67a3bfe000-7f67a3cfe000 rw-p 00000000 00:00 0 
7f67a3cfe000-7f67a3cff000 ---p 00000000 00:00 0 
7f67a3cff000-7f67a3dff000 rw-p 00000000 00:00 0 
7f67a3dff000-7f67a3e03000 ---p 00000000 00:00 0 
7f67a3e03000-7f67a3eff000 rw-p 00000000 00:00 0 
7f67a3eff000-7f67a3f00000 ---p 00000000 00:00 0 
7f67a3f00000-7f67a4000000 rw-p 00000000 00:00 0 
7f67a4000000-7f67a4021000 rw-p 00000000 00:00 0 
7f67a4021000-7f67a8000000 ---p 00000000 00:00 0 
7f67a8000000-7f67a8021000 rw-p 00000000 00:00 0 
7f67a8021000-7f67ac000000 ---p 00000000 00:00 0 
7f67ac0f9000-7f67ac0fa000 ---p 00000000 00:00 0 
7f67ac0fa000-7f67ac1fa000 rw-p 00000000 00:00 0 
7f67ac1fa000-7f67ac1fb000 ---p 00000000 00:00 0 
7f67ac1fb000-7f67ac2fb000 rw-p 00000000 00:00 0 
7f67ac2fb000-7f67ac2fc000 ---p 00000000 00:00 0 
7f67ac2fc000-7f67ac3fc000 rw-p 00000000 00:00 0 
7f67ac3fc000-7f67ac3fd000 ---p 00000000 00:00 0 
7f67ac3fd000-7f67ac4fd000 rw-p 00000000 00:00 0 
7f67ac4fd000-7f67ac4fe000 ---p 00000000 00:00 0 
7f67ac4fe000-7f67ac5fe000 rw-p 00000000 00:00 0 
7f67ac5fe000-7f67ac5ff000 ---p 00000000 00:00 0 
7f67ac5ff000-7f67ac6ff000 rw-p 00000000 00:00 0 
7f67ac6ff000-7f67ac700000 ---p 00000000 00:00 0 
7f67ac700000-7f67ac800000 rw-p 00000000 00:00 0 
7f67ac800000-7f67ac803000 r-xp 00000000 08:25 2261890                    /tmp/jansi-2.4.1-43c840209c82d00d-libjansi.so
7f67ac803000-7f67aca02000 ---p 00003000 08:25 2261890                    /tmp/jansi-2.4.1-43c840209c82d00d-libjansi.so
7f67aca02000-7f67aca03000 r--p 00002000 08:25 2261890                    /tmp/jansi-2.4.1-43c840209c82d00d-libjansi.so
7f67aca03000-7f67aca04000 rw-p 00003000 08:25 2261890                    /tmp/jansi-2.4.1-43c840209c82d00d-libjansi.so
7f67acaff000-7f67acb00000 ---p 00000000 00:00 0 
7f67acb00000-7f67acc00000 rw-p 00000000 00:00 0 
7f67acc00000-7f67acc04000 ---p 00000000 00:00 0 
7f67acc04000-7f67acd00000 rw-p 00000000 00:00 0 
7f67acd00000-7f67acd04000 ---p 00000000 00:00 0 
7f67acd04000-7f67ace00000 rw-p 00000000 00:00 0 
7f67ace00000-7f67ace04000 ---p 00000000 00:00 0 
7f67ace04000-7f67acf00000 rw-p 00000000 00:00 0 
7f67acf00000-7f67acf04000 ---p 00000000 00:00 0 
7f67acf04000-7f67ad000000 rw-p 00000000 00:00 0 
7f67ad000000-7f67ad004000 ---p 00000000 00:00 0 
7f67ad004000-7f67ad100000 rw-p 00000000 00:00 0 
7f67ad100000-7f67ad104000 ---p 00000000 00:00 0 
7f67ad104000-7f67ad200000 rw-p 00000000 00:00 0 
7f67ad200000-7f67ad204000 ---p 00000000 00:00 0 
7f67ad204000-7f67ad300000 rw-p 00000000 00:00 0 
7f67ad300000-7f67ad304000 ---p 00000000 00:00 0 
7f67ad304000-7f67ad400000 rw-p 00000000 00:00 0 
7f67ad400000-7f67ad404000 ---p 00000000 00:00 0 
7f67ad404000-7f67ad500000 rw-p 00000000 00:00 0 
7f67ad500000-7f67ad504000 ---p 00000000 00:00 0 
7f67ad504000-7f67ad600000 rw-p 00000000 00:00 0 
7f67ad600000-7f67ade03000 r--p 00000000 08:25 1835695                    /usr/lib/locale/locale-archive
7f67adf00000-7f67adf04000 ---p 00000000 00:00 0 
7f67adf04000-7f67ae000000 rw-p 00000000 00:00 0 
7f67ae000000-7f67b0021000 rw-p 00000000 00:00 0 
7f67b0021000-7f67b4000000 ---p 00000000 00:00 0 
7f67b4028000-7f67b402d000 r--p 00000000 08:25 2549357                    /usr/lib/jvm/java-21-openjdk-amd64/lib/libjsvml.so
7f67b402d000-7f67b406e000 r-xp 00005000 08:25 2549357                    /usr/lib/jvm/java-21-openjdk-amd64/lib/libjsvml.so
7f67b406e000-7f67b40f7000 r--p 00046000 08:25 2549357                    /usr/lib/jvm/java-21-openjdk-amd64/lib/libjsvml.so
7f67b40f7000-7f67b40f8000 r--p 000ce000 08:25 2549357                    /usr/lib/jvm/java-21-openjdk-amd64/lib/libjsvml.so
7f67b40f8000-7f67b40f9000 rw-p 000cf000 08:25 2549357                    /usr/lib/jvm/java-21-openjdk-amd64/lib/libjsvml.so
7f67b40f9000-7f67b40fa000 ---p 00000000 00:00 0 
7f67b40fa000-7f67b41fa000 rw-p 00000000 00:00 0 
7f67b41fa000-7f67b41fb000 ---p 00000000 00:00 0 
7f67b41fb000-7f67b42fb000 rw-p 00000000 00:00 0 
7f67b42fb000-7f67b42fc000 ---p 00000000 00:00 0 
7f67b42fc000-7f67b43fc000 rw-p 00000000 00:00 0 
7f67b43fc000-7f67b43fd000 ---p 00000000 00:00 0 
7f67b43fd000-7f67b44fd000 rw-p 00000000 00:00 0 
7f67b44fd000-7f67b4800000 rw-p 00000000 00:00 0 
7f67b4800000-7f67b52c0000 rwxp 00000000 00:00 0 
7f67b52c0000-7f67bbd37000 ---p 00000000 00:00 0 
7f67bbd37000-7f67bbfa7000 rwxp 00000000 00:00 0 
7f67bbfa7000-7f67bc2c9000 ---p 00000000 00:00 0 
7f67bc2c9000-7f67bc569000 rwxp 00000000 00:00 0 
7f67bc569000-7f67c3800000 ---p 00000000 00:00 0 
7f67c3800000-7f67cbe34000 r--s 00000000 08:25 2549389                    /usr/lib/jvm/java-21-openjdk-amd64/lib/modules
7f67cbeff000-7f67ccea0000 rw-p 00000000 00:00 0 
7f67ccea0000-7f67d0000000 ---p 00000000 00:00 0 
7f67d0078000-7f67d06ff000 rw-p 00000000 00:00 0 
7f67d06ff000-7f67d0700000 ---p 00000000 00:00 0 
7f67d0700000-7f67d0800000 rw-p 00000000 00:00 0 
7f67d0800000-7f67d09e8000 rw-p 00000000 00:00 0 
7f67d09e8000-7f67d2660000 ---p 00000000 00:00 0 
7f67d2660000-7f67d2668000 rw-p 00000000 00:00 0 
7f67d26a4000-7f67d26ff000 rw-p 00000000 00:00 0 
7f67d26ff000-7f67d2700000 ---p 00000000 00:00 0 
7f67d2700000-7f67d2800000 rw-p 00000000 00:00 0 
7f67d2800000-7f67d283d000 rw-p 00000000 00:00 0 
7f67d283d000-7f67d2bcc000 ---p 00000000 00:00 0 
7f67d2bcc000-7f67d2bcd000 rw-p 00000000 00:00 0 
7f67d2c00000-7f67d2c3d000 rw-p 00000000 00:00 0 
7f67d2c3d000-7f67d2fcc000 ---p 00000000 00:00 0 
7f67d2fcc000-7f67d2fcd000 rw-p 00000000 00:00 0 
7f67d301f000-7f67d3020000 ---p 00000000 00:00 0 
7f67d3020000-7f67d3120000 rw-p 00000000 00:00 0 
7f67d3120000-7f67d3b30000 rw-p 00000000 00:00 0 
7f67d3b30000-7f67d3c15000 ---p 00000000 00:00 0 
7f67d3c15000-7f67d3c2b000 rw-p 00000000 00:00 0 
7f67d3c2b000-7f67d3d00000 ---p 00000000 00:00 0 
7f67d3d00000-7f67d3d04000 ---p 00000000 00:00 0 
7f67d3d04000-7f67d3e00000 rw-p 00000000 00:00 0 
7f67d3e00000-7f67d3e9d000 r--p 00000000 08:25 1869011                    /usr/lib/x86_64-linux-gnu/libstdc++.so.6.0.33
7f67d3e9d000-7f67d3fe5000 r-xp 0009d000 08:25 1869011                    /usr/lib/x86_64-linux-gnu/libstdc++.so.6.0.33
7f67d3fe5000-7f67d406c000 r--p 001e5000 08:25 1869011                    /usr/lib/x86_64-linux-gnu/libstdc++.so.6.0.33
7f67d406c000-7f67d4077000 r--p 0026b000 08:25 1869011                    /usr/lib/x86_64-linux-gnu/libstdc++.so.6.0.33
7f67d4077000-7f67d407a000 rw-p 00276000 08:25 1869011                    /usr/lib/x86_64-linux-gnu/libstdc++.so.6.0.33
7f67d407a000-7f67d407e000 rw-p 00000000 00:00 0 
7f67d40d6000-7f67d4117000 rw-p 00000000 00:00 0 
7f67d4117000-7f67d4127000 r--p 00000000 08:25 1838280                    /usr/lib/x86_64-linux-gnu/libm.so.6
7f67d4127000-7f67d41a6000 r-xp 00010000 08:25 1838280                    /usr/lib/x86_64-linux-gnu/libm.so.6
7f67d41a6000-7f67d41fe000 r--p 0008f000 08:25 1838280                    /usr/lib/x86_64-linux-gnu/libm.so.6
7f67d41fe000-7f67d41ff000 r--p 000e7000 08:25 1838280                    /usr/lib/x86_64-linux-gnu/libm.so.6
7f67d41ff000-7f67d4200000 rw-p 000e8000 08:25 1838280                    /usr/lib/x86_64-linux-gnu/libm.so.6
7f67d4200000-7f67d44a2000 r--p 00000000 08:25 2549397                    /usr/lib/jvm/java-21-openjdk-amd64/lib/server/libjvm.so
7f67d44a2000-7f67d5318000 r-xp 002a2000 08:25 2549397                    /usr/lib/jvm/java-21-openjdk-amd64/lib/server/libjvm.so
7f67d5318000-7f67d55f2000 r--p 01118000 08:25 2549397                    /usr/lib/jvm/java-21-openjdk-amd64/lib/server/libjvm.so
7f67d55f2000-7f67d56c6000 r--p 013f2000 08:25 2549397                    /usr/lib/jvm/java-21-openjdk-amd64/lib/server/libjvm.so
7f67d56c6000-7f67d56f6000 rw-p 014c6000 08:25 2549397                    /usr/lib/jvm/java-21-openjdk-amd64/lib/server/libjvm.so
7f67d56f6000-7f67d575c000 rw-p 00000000 00:00 0 
7f67d576b000-7f67d5772000 r--s 00000000 08:25 1838266                    /usr/lib/x86_64-linux-gnu/gconv/gconv-modules.cache
7f67d5772000-7f67d5776000 r--p 00000000 08:25 2549385                    /usr/lib/jvm/java-21-openjdk-amd64/lib/libverify.so
7f67d5776000-7f67d577d000 r-xp 00004000 08:25 2549385                    /usr/lib/jvm/java-21-openjdk-amd64/lib/libverify.so
7f67d577d000-7f67d577f000 r--p 0000b000 08:25 2549385                    /usr/lib/jvm/java-21-openjdk-amd64/lib/libverify.so
7f67d577f000-7f67d5781000 r--p 0000c000 08:25 2549385                    /usr/lib/jvm/java-21-openjdk-amd64/lib/libverify.so
7f67d5781000-7f67d5782000 rw-p 0000e000 08:25 2549385                    /usr/lib/jvm/java-21-openjdk-amd64/lib/libverify.so
7f67d5782000-7f67d5800000 rw-p 00000000 00:00 0 
7f67d5800000-7f67d5828000 r--p 00000000 08:25 1838277                    /usr/lib/x86_64-linux-gnu/libc.so.6
7f67d5828000-7f67d59b0000 r-xp 00028000 08:25 1838277                    /usr/lib/x86_64-linux-gnu/libc.so.6
7f67d59b0000-7f67d59ff000 r--p 001b0000 08:25 1838277                    /usr/lib/x86_64-linux-gnu/libc.so.6
7f67d59ff000-7f67d5a03000 r--p 001fe000 08:25 1838277                    /usr/lib/x86_64-linux-gnu/libc.so.6
7f67d5a03000-7f67d5a05000 rw-p 00202000 08:25 1838277                    /usr/lib/x86_64-linux-gnu/libc.so.6
7f67d5a05000-7f67d5a12000 rw-p 00000000 00:00 0 
7f67d5a15000-7f67d5a17000 r--p 00000000 08:25 2549387                    /usr/lib/jvm/java-21-openjdk-amd64/lib/libzip.so
7f67d5a17000-7f67d5a1c000 r-xp 00002000 08:25 2549387                    /usr/lib/jvm/java-21-openjdk-amd64/lib/libzip.so
7f67d5a1c000-7f67d5a1e000 r--p 00007000 08:25 2549387                    /usr/lib/jvm/java-21-openjdk-amd64/lib/libzip.so
7f67d5a1e000-7f67d5a1f000 r--p 00008000 08:25 2549387                    /usr/lib/jvm/java-21-openjdk-amd64/lib/libzip.so
7f67d5a1f000-7f67d5a20000 rw-p 00009000 08:25 2549387                    /usr/lib/jvm/java-21-openjdk-amd64/lib/libzip.so
7f67d5a20000-7f67d5a23000 r--p 00000000 08:25 2549371                    /usr/lib/jvm/java-21-openjdk-amd64/lib/libnet.so
7f67d5a23000-7f67d5a2b000 r-xp 00003000 08:25 2549371                    /usr/lib/jvm/java-21-openjdk-amd64/lib/libnet.so
7f67d5a2b000-7f67d5a2d000 r--p 0000b000 08:25 2549371                    /usr/lib/jvm/java-21-openjdk-amd64/lib/libnet.so
7f67d5a2d000-7f67d5a2e000 r--p 0000c000 08:25 2549371                    /usr/lib/jvm/java-21-openjdk-amd64/lib/libnet.so
7f67d5a2e000-7f67d5a2f000 rw-p 0000d000 08:25 2549371                    /usr/lib/jvm/java-21-openjdk-amd64/lib/libnet.so
7f67d5a2f000-7f67d5a36000 r--p 00000000 08:25 2549373                    /usr/lib/jvm/java-21-openjdk-amd64/lib/libnio.so
7f67d5a36000-7f67d5a3f000 r-xp 00007000 08:25 2549373                    /usr/lib/jvm/java-21-openjdk-amd64/lib/libnio.so
7f67d5a3f000-7f67d5a43000 r--p 00010000 08:25 2549373                    /usr/lib/jvm/java-21-openjdk-amd64/lib/libnio.so
7f67d5a43000-7f67d5a44000 r--p 00014000 08:25 2549373                    /usr/lib/jvm/java-21-openjdk-amd64/lib/libnio.so
7f67d5a44000-7f67d5a45000 rw-p 00015000 08:25 2549373                    /usr/lib/jvm/java-21-openjdk-amd64/lib/libnio.so
7f67d5a45000-7f67d5a4a000 rw-p 00000000 00:00 0 
7f67d5a4a000-7f67d5a51000 ---p 00000000 00:00 0 
7f67d5a51000-7f67d5a5e000 r--p 00000000 08:25 2549343                    /usr/lib/jvm/java-21-openjdk-amd64/lib/libjava.so
7f67d5a5e000-7f67d5a6d000 r-xp 0000d000 08:25 2549343                    /usr/lib/jvm/java-21-openjdk-amd64/lib/libjava.so
7f67d5a6d000-7f67d5a72000 r--p 0001c000 08:25 2549343                    /usr/lib/jvm/java-21-openjdk-amd64/lib/libjava.so
7f67d5a72000-7f67d5a73000 r--p 00021000 08:25 2549343                    /usr/lib/jvm/java-21-openjdk-amd64/lib/libjava.so
7f67d5a73000-7f67d5a74000 rw-p 00022000 08:25 2549343                    /usr/lib/jvm/java-21-openjdk-amd64/lib/libjava.so
7f67d5a74000-7f67d5a75000 rw-p 00000000 00:00 0 
7f67d5a75000-7f67d5a79000 r--p 00000000 08:25 1868124                    /usr/lib/x86_64-linux-gnu/libgcc_s.so.1
7f67d5a79000-7f67d5a9d000 r-xp 00004000 08:25 1868124                    /usr/lib/x86_64-linux-gnu/libgcc_s.so.1
7f67d5a9d000-7f67d5aa1000 r--p 00028000 08:25 1868124                    /usr/lib/x86_64-linux-gnu/libgcc_s.so.1
7f67d5aa1000-7f67d5aa2000 r--p 0002b000 08:25 1868124                    /usr/lib/x86_64-linux-gnu/libgcc_s.so.1
7f67d5aa2000-7f67d5aa3000 rw-p 0002c000 08:25 1868124                    /usr/lib/x86_64-linux-gnu/libgcc_s.so.1
7f67d5aa3000-7f67d5aa5000 rw-p 00000000 00:00 0 
7f67d5aa5000-7f67d5aa7000 r--p 00000000 08:25 2549351                    /usr/lib/jvm/java-21-openjdk-amd64/lib/libjli.so
7f67d5aa7000-7f67d5ab1000 r-xp 00002000 08:25 2549351                    /usr/lib/jvm/java-21-openjdk-amd64/lib/libjli.so
7f67d5ab1000-7f67d5ab4000 r--p 0000c000 08:25 2549351                    /usr/lib/jvm/java-21-openjdk-amd64/lib/libjli.so
7f67d5ab4000-7f67d5ab5000 r--p 0000f000 08:25 2549351                    /usr/lib/jvm/java-21-openjdk-amd64/lib/libjli.so
7f67d5ab5000-7f67d5ab6000 rw-p 00010000 08:25 2549351                    /usr/lib/jvm/java-21-openjdk-amd64/lib/libjli.so
7f67d5ab6000-7f67d5ab8000 r--p 00000000 08:25 1869333                    /usr/lib/x86_64-linux-gnu/libz.so.1.3
7f67d5ab8000-7f67d5aca000 r-xp 00002000 08:25 1869333                    /usr/lib/x86_64-linux-gnu/libz.so.1.3
7f67d5aca000-7f67d5ad0000 r--p 00014000 08:25 1869333                    /usr/lib/x86_64-linux-gnu/libz.so.1.3
7f67d5ad0000-7f67d5ad1000 r--p 0001a000 08:25 1869333                    /usr/lib/x86_64-linux-gnu/libz.so.1.3
7f67d5ad1000-7f67d5ad2000 rw-p 0001b000 08:25 1869333                    /usr/lib/x86_64-linux-gnu/libz.so.1.3
7f67d5ad3000-7f67d5adb000 rw-s 00000000 08:25 179520                     /tmp/hsperfdata_edu/7312
7f67d5adb000-7f67d5adc000 ---p 00000000 00:00 0 
7f67d5adc000-7f67d5add000 r--p 00000000 00:00 0 
7f67d5add000-7f67d5ade000 ---p 00000000 00:00 0 
7f67d5ade000-7f67d5ae0000 r--p 00000000 08:25 2549349                    /usr/lib/jvm/java-21-openjdk-amd64/lib/libjimage.so
7f67d5ae0000-7f67d5ae3000 r-xp 00002000 08:25 2549349                    /usr/lib/jvm/java-21-openjdk-amd64/lib/libjimage.so
7f67d5ae3000-7f67d5ae4000 r--p 00005000 08:25 2549349                    /usr/lib/jvm/java-21-openjdk-amd64/lib/libjimage.so
7f67d5ae4000-7f67d5ae5000 r--p 00006000 08:25 2549349                    /usr/lib/jvm/java-21-openjdk-amd64/lib/libjimage.so
7f67d5ae5000-7f67d5ae6000 rw-p 00007000 08:25 2549349                    /usr/lib/jvm/java-21-openjdk-amd64/lib/libjimage.so
7f67d5ae6000-7f67d5ae8000 rw-p 00000000 00:00 0 
7f67d5ae8000-7f67d5ae9000 r--p 00000000 08:25 1838274                    /usr/lib/x86_64-linux-gnu/ld-linux-x86-64.so.2
7f67d5ae9000-7f67d5b14000 r-xp 00001000 08:25 1838274                    /usr/lib/x86_64-linux-gnu/ld-linux-x86-64.so.2
7f67d5b14000-7f67d5b1e000 r--p 0002c000 08:25 1838274                    /usr/lib/x86_64-linux-gnu/ld-linux-x86-64.so.2
7f67d5b1e000-7f67d5b20000 r--p 00036000 08:25 1838274                    /usr/lib/x86_64-linux-gnu/ld-linux-x86-64.so.2
7f67d5b20000-7f67d5b22000 rw-p 00038000 08:25 1838274                    /usr/lib/x86_64-linux-gnu/ld-linux-x86-64.so.2
7ffc0ca31000-7ffc0ca52000 rw-p 00000000 00:00 0                          [stack]
7ffc0ca96000-7ffc0ca9a000 r--p 00000000 00:00 0                          [vvar]
7ffc0ca9a000-7ffc0ca9c000 r-xp 00000000 00:00 0                          [vdso]
ffffffffff600000-ffffffffff601000 --xp 00000000 00:00 0                  [vsyscall]
Total number of mappings: 271

JVMTI agents: none


VM Arguments:
jvm_args: -Dclassworlds.conf=/usr/lib/apache-netbeans/java/maven/bin/m2.conf -Dmaven.home=/usr/lib/apache-netbeans/java/maven -Dlibrary.jansi.path=/usr/lib/apache-netbeans/java/maven/lib/jansi-native -Dmaven.multiModuleProjectDirectory=/home/edu/IPC2-2025/Games-app/rest-api-games 
java_command: org.codehaus.plexus.classworlds.launcher.Launcher -Dnetbeans.deploy=true -Dexec.vmArgs= -Dexec.appArgs= -Dmaven.ext.class.path=/usr/lib/apache-netbeans/java/maven-nblib/netbeans-eventspy.jar --no-transfer-progress package
java_class_path (initial): /usr/lib/apache-netbeans/java/maven/boot/plexus-classworlds-2.8.0.jar
Launcher Type: SUN_STANDARD

[Global flags]
     intx CICompilerCount                          = 4                                         {product} {ergonomic}
     uint ConcGCThreads                            = 3                                         {product} {ergonomic}
     uint G1ConcRefinementThreads                  = 10                                        {product} {ergonomic}
   size_t G1HeapRegionSize                         = 1048576                                   {product} {ergonomic}
    uintx GCDrainStackTargetSize                   = 64                                        {product} {ergonomic}
   size_t InitialHeapSize                          = 127926272                                 {product} {ergonomic}
   size_t MarkStackSize                            = 4194304                                   {product} {ergonomic}
   size_t MaxHeapSize                              = 2040528896                                {product} {ergonomic}
   size_t MaxNewSize                               = 1223688192                                {product} {ergonomic}
   size_t MinHeapDeltaBytes                        = 1048576                                   {product} {ergonomic}
   size_t MinHeapSize                              = 8388608                                   {product} {ergonomic}
    uintx NonNMethodCodeHeapSize                   = 5839372                                {pd product} {ergonomic}
    uintx NonProfiledCodeHeapSize                  = 122909434                              {pd product} {ergonomic}
    uintx ProfiledCodeHeapSize                     = 122909434                              {pd product} {ergonomic}
    uintx ReservedCodeCacheSize                    = 251658240                              {pd product} {ergonomic}
     bool SegmentedCodeCache                       = true                                      {product} {ergonomic}
   size_t SoftMaxHeapSize                          = 2040528896                             {manageable} {ergonomic}
     bool UseCompressedOops                        = true                           {product lp64_product} {ergonomic}
     bool UseG1GC                                  = true                                      {product} {ergonomic}

Logging:
Log output configuration:
 #0: stdout all=warning uptime,level,tags foldmultilines=false
 #1: stderr all=off uptime,level,tags foldmultilines=false

Release file:
IMPLEMENTOR="Ubuntu"
JAVA_RUNTIME_VERSION="21.0.9+10-Ubuntu-124.04"
JAVA_VERSION="21.0.9"
JAVA_VERSION_DATE="2025-10-21"
LIBC="gnu"
MODULES="java.base java.compiler java.datatransfer java.xml java.prefs java.desktop java.instrument java.logging java.management java.security.sasl java.naming java.rmi java.management.rmi java.net.http java.scripting java.security.jgss java.transaction.xa java.sql java.sql.rowset java.xml.crypto java.se java.smartcardio jdk.accessibility jdk.internal.jvmstat jdk.attach jdk.charsets jdk.internal.opt jdk.zipfs jdk.compiler jdk.crypto.ec jdk.crypto.cryptoki jdk.dynalink jdk.internal.ed jdk.editpad jdk.hotspot.agent jdk.httpserver jdk.incubator.vector jdk.internal.le jdk.internal.vm.ci jdk.internal.vm.compiler jdk.internal.vm.compiler.management jdk.jartool jdk.javadoc jdk.jcmd jdk.management jdk.management.agent jdk.jconsole jdk.jdeps jdk.jdwp.agent jdk.jdi jdk.jfr jdk.jlink jdk.jpackage jdk.jshell jdk.jsobject jdk.jstatd jdk.localedata jdk.management.jfr jdk.naming.dns jdk.naming.rmi jdk.net jdk.nio.mapmode jdk.random jdk.sctp jdk.security.auth jdk.security.jgss jdk.unsupported jdk.unsupported.desktop jdk.xml.dom"
OS_ARCH="x86_64"
OS_NAME="Linux"
SOURCE=""

Environment Variables:
JAVA_HOME=/usr/lib/jvm/java-21-openjdk-amd64
PATH=/usr/local/sbin:/usr/local/bin:/usr/sbin:/usr/bin:/sbin:/bin:/usr/games:/usr/local/games:/snap/bin
SHELL=/bin/bash
DISPLAY=:0
LANG=es_GT.UTF-8

Active Locale:
LC_ALL=es_GT.UTF-8
LC_COLLATE=es_GT.UTF-8
LC_CTYPE=es_GT.UTF-8
LC_MESSAGES=es_GT.UTF-8
LC_MONETARY=es_GT.UTF-8
LC_NUMERIC=es_GT.UTF-8
LC_TIME=es_GT.UTF-8

Signal Handlers:
   SIGSEGV: crash_handler in libjvm.so, mask=11100100010111111101111111111110, flags=SA_RESTART|SA_SIGINFO, unblocked
    SIGBUS: crash_handler in libjvm.so, mask=11100100010111111101111111111110, flags=SA_RESTART|SA_SIGINFO, unblocked
    SIGFPE: crash_handler in libjvm.so, mask=11100100010111111101111111111110, flags=SA_RESTART|SA_SIGINFO, unblocked
   SIGPIPE: javaSignalHandler in libjvm.so, mask=11100100010111111101111111111110, flags=SA_RESTART|SA_SIGINFO, blocked
   SIGXFSZ: javaSignalHandler in libjvm.so, mask=11100100010111111101111111111110, flags=SA_RESTART|SA_SIGINFO, blocked
    SIGILL: crash_handler in libjvm.so, mask=11100100010111111101111111111110, flags=SA_RESTART|SA_SIGINFO, unblocked
   SIGUSR2: SR_handler in libjvm.so, mask=00000000000000000000000000000000, flags=SA_RESTART|SA_SIGINFO, blocked
    SIGHUP: UserHandler in libjvm.so, mask=11100100010111111101111111111110, flags=SA_RESTART|SA_SIGINFO, blocked
    SIGINT: SIG_IGN, mask=00000000000000000000000000000000, flags=none, blocked
   SIGTERM: UserHandler in libjvm.so, mask=11100100010111111101111111111110, flags=SA_RESTART|SA_SIGINFO, blocked
   SIGQUIT: UserHandler in libjvm.so, mask=11100100010111111101111111111110, flags=SA_RESTART|SA_SIGINFO, blocked
   SIGTRAP: crash_handler in libjvm.so, mask=11100100010111111101111111111110, flags=SA_RESTART|SA_SIGINFO, unblocked


Periodic native trim disabled

---------------  S Y S T E M  ---------------

OS:
DISTRIB_ID=LinuxMint
DISTRIB_RELEASE=22.1
DISTRIB_CODENAME=xia
DISTRIB_DESCRIPTION="Linux Mint 22.1 Xia"
uname: Linux 6.8.0-51-generic #52-Ubuntu SMP PREEMPT_DYNAMIC Thu Dec  5 13:09:44 UTC 2024 x86_64
OS uptime: 0 days 0:24 hours
libc: glibc 2.39 NPTL 2.39 
rlimit (soft/hard): STACK 8192k/infinity , CORE 0k/infinity , NPROC 30769/30769 , NOFILE 1048576/1048576 , AS infinity/infinity , CPU infinity/infinity , DATA infinity/infinity , FSIZE infinity/infinity , MEMLOCK 995356k/995356k
load average: 2.34 1.83 1.17

/proc/meminfo:
MemTotal:        7962872 kB
MemFree:          546136 kB
MemAvailable:    2464092 kB
Buffers:           76992 kB
Cached:          2421088 kB
SwapCached:        38680 kB
Active:          2232252 kB
Inactive:        4344180 kB
Active(anon):    1643576 kB
Inactive(anon):  2948952 kB
Active(file):     588676 kB
Inactive(file):  1395228 kB
Unevictable:      150584 kB
Mlocked:              96 kB
SwapTotal:      15997944 kB
SwapFree:       14340088 kB
Zswap:                 0 kB
Zswapped:              0 kB
Dirty:               780 kB
Writeback:             0 kB
AnonPages:       4200852 kB
Mapped:           650964 kB
Shmem:            514176 kB
KReclaimable:     242512 kB
Slab:             410856 kB
SReclaimable:     242512 kB
SUnreclaim:       168344 kB
KernelStack:       22096 kB
PageTables:        71992 kB
SecPageTables:         0 kB
NFS_Unstable:          0 kB
Bounce:                0 kB
WritebackTmp:          0 kB
CommitLimit:    19979380 kB
Committed_AS:   32852784 kB
VmallocTotal:   34359738367 kB
VmallocUsed:       46600 kB
VmallocChunk:          0 kB
Percpu:             7728 kB
HardwareCorrupted:     0 kB
AnonHugePages:      2048 kB
ShmemHugePages:        0 kB
ShmemPmdMapped:        0 kB
FileHugePages:         0 kB
FilePmdMapped:         0 kB
Unaccepted:            0 kB
HugePages_Total:       0
HugePages_Free:        0
HugePages_Rsvd:        0
HugePages_Surp:        0
Hugepagesize:       2048 kB
Hugetlb:               0 kB
DirectMap4k:      193060 kB
DirectMap2M:     4884480 kB
DirectMap1G:     3145728 kB

/sys/kernel/mm/transparent_hugepage/enabled: always [madvise] never
/sys/kernel/mm/transparent_hugepage/hpage_pmd_size: 2097152
/sys/kernel/mm/transparent_hugepage/defrag (defrag/compaction efforts parameter): always defer defer+madvise [madvise] never

Process Memory:
Virtual Size: 5643216K (peak: 5705764K)
Resident Set Size: 247240K (peak: 247240K) (anon: 220632K, file: 26608K, shmem: 0K)
Swapped out: 0K
C-Heap outstanding allocations: 86701K, retained: 18770K
glibc malloc tunables: (default)

/proc/sys/kernel/threads-max (system-wide limit on the number of threads): 61539
/proc/sys/vm/max_map_count (maximum number of memory map areas a process may have): 1048576
/proc/sys/vm/swappiness (control to define how aggressively the kernel swaps out anonymous memory): 60
/proc/sys/kernel/pid_max (system-wide limit on number of process identifiers): 4194304

container information not found.
Steal ticks since vm start: 0
Steal ticks percentage since vm start:  0.000

CPU: total 12 (initial active 12) (6 cores per cpu, 2 threads per core) family 6 model 165 stepping 3 microcode 0x100, cx8, cmov, fxsr, ht, mmx, 3dnowpref, sse, sse2, sse3, ssse3, sse4.1, sse4.2, popcnt, lzcnt, tsc, tscinvbit, avx, avx2, aes, erms, clmul, bmi1, bmi2, adx, fma, vzeroupper, clflush, clflushopt, rdtscp, f16c
CPU Model and flags from /proc/cpuinfo:
model name	: Intel(R) Core(TM) i5-10400 CPU @ 2.90GHz
flags		: fpu vme de pse tsc msr pae mce cx8 apic sep mtrr pge mca cmov pat pse36 clflush dts acpi mmx fxsr sse sse2 ss ht tm pbe syscall nx pdpe1gb rdtscp lm constant_tsc art arch_perfmon pebs bts rep_good nopl xtopology nonstop_tsc cpuid aperfmperf pni pclmulqdq dtes64 monitor ds_cpl vmx est tm2 ssse3 sdbg fma cx16 xtpr pdcm pcid sse4_1 sse4_2 x2apic movbe popcnt tsc_deadline_timer aes xsave avx f16c rdrand lahf_lm abm 3dnowprefetch cpuid_fault epb ssbd ibrs ibpb stibp ibrs_enhanced tpr_shadow flexpriority ept vpid ept_ad fsgsbase tsc_adjust bmi1 avx2 smep bmi2 erms invpcid mpx rdseed adx smap clflushopt intel_pt xsaveopt xsavec xgetbv1 xsaves dtherm ida arat pln pts hwp hwp_notify hwp_act_window hwp_epp vnmi md_clear flush_l1d arch_capabilities

Online cpus: 0-11
Offline cpus: 
BIOS frequency limitation: <Not Available>
Frequency switch latency (ns): 0
Available cpu frequencies: <Not Available>
Current governor: powersave
Core performance/turbo boost: <Not Available>

Memory: 4k page, physical 7962872k(2464092k free), swap 15997944k(14340088k free)
Page Sizes: 4k

vm_info: OpenJDK 64-Bit Server VM (21.0.9+10-Ubuntu-124.04) for linux-amd64 JRE (21.0.9+10-Ubuntu-124.04), built on 2025-10-23T12:36:23Z by "buildd" with gcc 13.3.0

END.
