#
# A fatal error has been detected by the Java Runtime Environment:
#
#  SIGSEGV (0xb) at pc=0x00007072674e5426, pid=7131, tid=7148
#
# JRE version:  (21.0.9+10) (build )
# Java VM: OpenJDK 64-Bit Server VM (21.0.9+10-Ubuntu-124.04, mixed mode, sharing, tiered, compressed oops, compressed class ptrs, g1 gc, linux-amd64)
# Problematic frame:
# V  [libjvm.so+0x2e5426]  AbstractInterpreter::method_kind(methodHandle const&)+0x46
#
# Core dump will be written. Default location: Core dumps may be processed with "/usr/lib/systemd/systemd-coredump %P %u %g %s %t 9223372036854775808 %h %d" (or dumping to /home/edu/IPC2-2025/Games-app/rest-api-games/core.7131)
#
#

---------------  S U M M A R Y ------------

Command Line: -Dclassworlds.conf=/usr/lib/apache-netbeans/java/maven/bin/m2.conf -Dmaven.home=/usr/lib/apache-netbeans/java/maven -Dlibrary.jansi.path=/usr/lib/apache-netbeans/java/maven/lib/jansi-native -Dmaven.multiModuleProjectDirectory=/home/edu/IPC2-2025/Games-app/rest-api-games org.codehaus.plexus.classworlds.launcher.Launcher -Dmaven.ext.class.path=/usr/lib/apache-netbeans/java/maven-nblib/netbeans-eventspy.jar --no-transfer-progress clean install

Host: Intel(R) Core(TM) i5-10400 CPU @ 2.90GHz, 12 cores, 7G, Linux Mint 22.1 Xia
Time: Sun Dec 14 23:18:37 2025 CST elapsed time: 0.019992 seconds (0d 0h 0m 0s)

---------------  T H R E A D  ---------------

Current thread (0x0000707260019730):  JavaThread "main"             [_thread_in_vm, id=7148, stack(0x0000707266d00000,0x0000707266e00000) (1024K)]

Stack: [0x0000707266d00000,0x0000707266e00000],  sp=0x0000707266dfd800,  free space=1014k
Native frames: (J=compiled Java code, j=interpreted, Vv=VM code, C=native code)
V  [libjvm.so+0x2e5426]  AbstractInterpreter::method_kind(methodHandle const&)+0x46
V  [libjvm.so+0xc87e5c]  Method::link_method(methodHandle const&, JavaThread*)+0x2c
V  [libjvm.so+0x8e514f]  InstanceKlass::link_methods(JavaThread*)+0x6f
V  [libjvm.so+0x8e53d4]  InstanceKlass::link_class_impl(JavaThread*)+0x1d4
V  [libjvm.so+0x8eab33]  InstanceKlass::initialize_impl(JavaThread*)+0x2e3
V  [libjvm.so+0x9080c8]  InterpreterRuntime::_new(JavaThread*, ConstantPool*, int)+0x138
j  java.nio.Buffer.<clinit>()V+41 java.base@21.0.9
v  ~StubRoutines::call_stub 0x000070724fd37cc6
V  [libjvm.so+0x9130ea]  JavaCalls::call_helper(JavaValue*, methodHandle const&, JavaCallArguments*, JavaThread*)+0x2da
V  [libjvm.so+0x8e9eaa]  InstanceKlass::call_class_initializer(JavaThread*)+0x2da
V  [libjvm.so+0x8eae54]  InstanceKlass::initialize_impl(JavaThread*)+0x604
V  [libjvm.so+0x8eb3ec]  InstanceKlass::initialize_impl(JavaThread*)+0xb9c
V  [libjvm.so+0xb8f54a]  LinkResolver::resolve_static_call(CallInfo&, LinkInfo const&, bool, JavaThread*)+0x15a
V  [libjvm.so+0xb8fc7b]  LinkResolver::resolve_invoke(CallInfo&, Handle, constantPoolHandle const&, int, Bytecodes::Code, JavaThread*)+0x17b
V  [libjvm.so+0x90ada8]  InterpreterRuntime::resolve_invoke(JavaThread*, Bytecodes::Code)+0x188
V  [libjvm.so+0x90b377]  InterpreterRuntime::resolve_from_cache(JavaThread*, Bytecodes::Code)+0x37
j  sun.nio.cs.StreamEncoder.<init>(Ljava/io/OutputStream;Ljava/lang/Object;Ljava/nio/charset/CharsetEncoder;)V+42 java.base@21.0.9
j  sun.nio.cs.StreamEncoder.<init>(Ljava/io/OutputStream;Ljava/lang/Object;Ljava/nio/charset/Charset;)V+19 java.base@21.0.9
j  sun.nio.cs.StreamEncoder.forOutputStreamWriter(Ljava/io/OutputStream;Ljava/lang/Object;Ljava/nio/charset/Charset;)Lsun/nio/cs/StreamEncoder;+7 java.base@21.0.9
j  java.io.OutputStreamWriter.<init>(Ljava/io/OutputStream;Ljava/nio/charset/Charset;)V+26 java.base@21.0.9
j  java.io.PrintStream.<init>(Ljava/io/OutputStream;ZLjava/nio/charset/Charset;)V+27 java.base@21.0.9
j  java.lang.System.newPrintStream(Ljava/io/OutputStream;Ljava/lang/String;)Ljava/io/PrintStream;+27 java.base@21.0.9
j  java.lang.System.initPhase1()V+147 java.base@21.0.9
v  ~StubRoutines::call_stub 0x000070724fd37cc6
V  [libjvm.so+0x9130ea]  JavaCalls::call_helper(JavaValue*, methodHandle const&, JavaCallArguments*, JavaThread*)+0x2da
V  [libjvm.so+0x913ca2]  JavaCalls::call_static(JavaValue*, Klass*, Symbol*, Symbol*, JavaThread*)+0x162
V  [libjvm.so+0xf9a9e8]  Threads::initialize_java_lang_classes(JavaThread*, JavaThread*)+0x2f8
V  [libjvm.so+0xf9c847]  Threads::create_vm(JavaVMInitArgs*, bool*)+0x457
V  [libjvm.so+0x9b6863]  JNI_CreateJavaVM+0x53
C  [libjli.so+0x4673]  JavaMain+0x93
C  [libjli.so+0x846d]  ThreadJavaMain+0xd
C  [libc.so.6+0x9caa4]
Java frames: (J=compiled Java code, j=interpreted, Vv=VM code)
j  java.nio.Buffer.<clinit>()V+41 java.base@21.0.9
v  ~StubRoutines::call_stub 0x000070724fd37cc6
j  sun.nio.cs.StreamEncoder.<init>(Ljava/io/OutputStream;Ljava/lang/Object;Ljava/nio/charset/CharsetEncoder;)V+42 java.base@21.0.9
j  sun.nio.cs.StreamEncoder.<init>(Ljava/io/OutputStream;Ljava/lang/Object;Ljava/nio/charset/Charset;)V+19 java.base@21.0.9
j  sun.nio.cs.StreamEncoder.forOutputStreamWriter(Ljava/io/OutputStream;Ljava/lang/Object;Ljava/nio/charset/Charset;)Lsun/nio/cs/StreamEncoder;+7 java.base@21.0.9
j  java.io.OutputStreamWriter.<init>(Ljava/io/OutputStream;Ljava/nio/charset/Charset;)V+26 java.base@21.0.9
j  java.io.PrintStream.<init>(Ljava/io/OutputStream;ZLjava/nio/charset/Charset;)V+27 java.base@21.0.9
j  java.lang.System.newPrintStream(Ljava/io/OutputStream;Ljava/lang/String;)Ljava/io/PrintStream;+27 java.base@21.0.9
j  java.lang.System.initPhase1()V+147 java.base@21.0.9
v  ~StubRoutines::call_stub 0x000070724fd37cc6

siginfo: si_signo: 11 (SIGSEGV), si_code: 1 (SEGV_MAPERR), si_addr: 0x00007073e7854fd2

Registers:
RAX=0x00007073e7854fb0, RBX=0x0000707266dfd870, RCX=0x000070726001b6e0, RDX=0x00007072683b4480
RSP=0x0000707266dfd800, RBP=0x0000707266dfd820, RSI=0x0000707266dfd870, RDI=0x00007071e7192128
R8 =0x0000000000000006, R9 =0x0000000000000000, R10=0x0000000000000000, R11=0x0000000000000000
R12=0x0000000000000000, R13=0x000000000000007a, R14=0x0000000000000080, R15=0x00007071e7190ad8
RIP=0x00007072674e5426, EFLAGS=0x0000000000010246, CSGSFS=0x002b000000000033, ERR=0x0000000000000004
  TRAPNO=0x000000000000000e

XMM[0]=0x0000707260019730 0x00007071e7192128
XMM[1]=0x0000000000000000 0x0000707260019730
XMM[2]=0x0000000000000000 0x000070726001ba04
XMM[3]=0x000000b400000000 0x00040000001a0000
XMM[4]=0x0000000000b40000 0x000000040000001a
XMM[5]=0x0000000000000000 0x0000707260019730
XMM[6]=0x0000000000000000 0x0000707260019730
XMM[7]=0x0000000000000000 0x000070724fd3ea90
XMM[8]=0x484824748b484024 0x7c8b483824448b4c
XMM[9]=0x0e22121204020220 0x050415081304090f
XMM[10]=0x281504063e13040d 0x0d0e13150f0e2212
XMM[11]=0x9999999999999999 0x9999999999999999
XMM[12]=0x2020202020202020 0x2020202020202020
XMM[13]=0x0000000000000000 0x0000000000000000
XMM[14]=0x0000000000000000 0x0000000000000000
XMM[15]=0x0000000000000000 0x0000000000000000
  MXCSR=0x00001fa2


Register to memory mapping:

RAX=0x00007073e7854fb0 is an unknown value
RBX=0x0000707266dfd870 is pointing into the stack for thread: 0x0000707260019730
RCX=0x000070726001b6e0 points into unknown readable memory: 0x00007071e701acb8 | b8 ac 01 e7 71 70 00 00
RDX=0x00007072683b4480: <offset 0x00000000011b4480> in /usr/lib/jvm/java-21-openjdk-amd64/lib/server/libjvm.so at 0x0000707267200000
RSP=0x0000707266dfd800 is pointing into the stack for thread: 0x0000707260019730
RBP=0x0000707266dfd820 is pointing into the stack for thread: 0x0000707260019730
RSI=0x0000707266dfd870 is pointing into the stack for thread: 0x0000707260019730
RDI=0x00007071e7192128 is pointing into metadata
R8 =0x0000000000000006 is an unknown value
R9 =0x0 is null
R10=0x0 is null
R11=0x0 is null
R12=0x0 is null
R13=0x000000000000007a is an unknown value
R14=0x0000000000000080 is an unknown value
R15=0x00007071e7190ad8 is a pointer to class: 
java.nio.Buffer$2 {0x00007071e7190ad8}
 - instance size:     2
 - klass size:        105
 - access:            synchronized 
 - flags:             rewritten is_shared_boot_class has_localvariable_table has_vanilla_constructor 
 - state:             loaded
 - name:              'java/nio/Buffer$2'
 - super:             'java/lang/Object'
 - sub:               
 - arrays:            null
 - methods:           Array<T>(0x00007071e7855188)
 - method ordering:   Array<T>(0x00007071e7855280)
 - local interfaces:  Array<T>(0x00007071e7853f80)
 - trans. interfaces: Array<T>(0x00007071e7853f80)
 - secondary supers: Array<T>(0x00007071e7853f80)
 - hash_slot:         27
 - bitmap:            0x0000100000000000
 - constants:         constant pool [172] {0x00007071e78542e0} for 'java/nio/Buffer$2' cache=0x00007071e7191860
 - class loader data:  loader data: 0x0000707260129790 of 'bootstrap'
 - source file:       'Buffer.java'
 - inner classes:     Array<T>(0x00007071e7855168)
 - nest members:     Array<T>(0x00007071e761bc68)
 - permitted subclasses:     Array<T>(0x00007071e761bc68)
 - java mirror:       a 'java/lang/Class'{0x00000000ffe97488} = 'java/nio/Buffer$2'
 - vtable length      24  (start addr: 0x00007071e7190ca8)
 - itable length      23 (start addr: 0x00007071e7190d68)
 - ---- static fields (0 words):
 - ---- non-static fields (0 words):
 - non-static oop maps: 

Top of Stack: (sp=0x0000707266dfd800)
0x0000707266dfd800:   00007071e7192128 0000707266dfd870
0x0000707266dfd810:   0000707260019730 0000000000000008
0x0000707266dfd820:   0000707266dfd850 0000707267e87e5c
0x0000707266dfd830:   0000000000000090 0000707260019730
0x0000707266dfd840:   0000707266dfd870 0000000000000008
0x0000707266dfd850:   0000707266dfd8b0 0000707267ae514f
0x0000707266dfd860:   0000707266dfd870 00007072688ec96d
0x0000707266dfd870:   00007071e7192128 0000707260019730
0x0000707266dfd880:   00000000000005a6 0000707260019730
0x0000707266dfd890:   00007071e7190ad8 0000707266dfd8d0
0x0000707266dfd8a0:   0000707266dfd950 0000707266dfd910
0x0000707266dfd8b0:   0000707266dfd9d0 0000707267ae53d4
0x0000707266dfd8c0:   0000707260001760 00007071e748fe10
0x0000707266dfd8d0:   0000707260019730 000070726001a2d8
0x0000707266dfd8e0:   0000000000000001 0000000000000000
0x0000707266dfd8f0:   0000707260019730 00007071e74116b0
0x0000707266dfd900:   0000000000000000 0000000000000000
0x0000707266dfd910:   0000707260019730 0000707260007730
0x0000707266dfd920:   000070726001a290 000070726001a2d8
0x0000707266dfd930:   000070726001a378 00000000000000d8
0x0000707266dfd940:   0000707266dfda80 000070726001a2d8
0x0000707266dfd950:   0000000000000000 0000000000ecfea6
0x0000707266dfd960:   0000707266dfdb01 0000707260022820
0x0000707266dfd970:   0000707260022870 0000707260022970
0x0000707266dfd980:   000070726001ba04 000070726001ba18
0x0000707266dfd990:   0000000300000001 0000707267d88d0c
0x0000707266dfd9a0:   0000707266dfdb10 00007071e7190ad8
0x0000707266dfd9b0:   0000707260019730 0000707266dfdb80
0x0000707266dfd9c0:   00000000000000a7 0000707260019730
0x0000707266dfd9d0:   0000707266dfdb70 0000707267aeab33
0x0000707266dfd9e0:   0000000000000001 00007071e7190ad8
0x0000707266dfd9f0:   0000707266dfda30 0000707267f92e9f 

Instructions: (pc=0x00007072674e5426)
0x00007072674e5326:   c0 8d 90 ff 03 00 00 48 8d 35 d5 2d e3 00 0f 49
0x00007072674e5336:   d0 31 c0 c1 fa 0a e8 6f cf a2 00 48 8b 3b e8 07
0x00007072674e5346:   d5 a2 00 48 8b 05 88 04 21 01 48 8b 3b 48 8d 35
0x00007072674e5356:   cd 2d e3 00 8b 50 20 31 c0 e8 4c cf a2 00 48 8b
0x00007072674e5366:   3d 6d 04 21 01 44 8b 47 20 45 85 c0 74 3e 8b 57
0x00007072674e5376:   10 8b 77 18 2b 77 1c 48 8b 3b 8d 4e ff 8d 42 ff
0x00007072674e5386:   01 ca 85 c9 48 8d 35 ad 2d e3 00 0f 48 ca 29 c8
0x00007072674e5396:   99 41 f7 f8 89 c2 31 c0 e8 0d cf a2 00 48 8b 3b
0x00007072674e53a6:   e8 a5 d4 a2 00 48 8b 3d 26 04 21 01 e8 49 5d c3
0x00007072674e53b6:   00 48 8b 3b 4c 89 e6 31 c0 e8 ec ce a2 00 48 8b
0x00007072674e53c6:   3b 5b 41 5c 5d e9 80 d4 a2 00 f3 0f 1e fa 48 c7
0x00007072674e53d6:   07 00 00 00 00 c3 0f 1f 40 00 f3 0f 1e fa 55 48
0x00007072674e53e6:   89 e5 41 56 41 55 41 54 53 48 89 fb 48 8b 3f 8b
0x00007072674e53f6:   47 28 41 89 c4 41 81 e4 00 04 00 00 75 76 44 0f
0x00007072674e5406:   b7 77 34 45 89 f5 45 85 f6 75 7f f6 c4 01 0f 85
0x00007072674e5416:   b6 00 00 00 a8 20 0f 85 ce 00 00 00 48 8b 47 08
0x00007072674e5426:   66 83 78 22 01 0f 84 df 00 00 00 e8 fa 19 9a 00
0x00007072674e5436:   84 c0 0f 85 ea 00 00 00 48 8b 3b e8 ba 1a 9a 00
0x00007072674e5446:   5b 84 c0 b8 06 00 00 00 44 0f 45 e0 44 89 e0 41
0x00007072674e5456:   5c 41 5d 41 5e 5d c3 0f 1f 00 48 8b 3b 8b 47 28
0x00007072674e5466:   f6 c4 01 74 af 0f b7 57 34 81 ea c3 00 00 00 83
0x00007072674e5476:   fa 01 77 56 41 bc 07 00 00 00 5b 44 89 e0 41 5c
0x00007072674e5486:   41 5d 41 5e 5d c3 0f 1f 40 00 e8 bb 2e 9a 00 84
0x00007072674e5496:   c0 75 67 66 41 81 fe bf 00 0f 87 ab 01 00 00 66
0x00007072674e54a6:   41 83 fe 05 76 b4 41 83 ed 06 66 41 81 fd b9 00
0x00007072674e54b6:   77 a8 48 8d 15 c1 ef ec 00 45 0f b7 ed 4a 63 04
0x00007072674e54c6:   aa 48 01 d0 3e ff e0 0f 1f 00 45 31 e4 a8 20 5b
0x00007072674e54d6:   41 0f 95 c4 41 83 c4 02 44 89 e0 41 5c 41 5d 41
0x00007072674e54e6:   5e 5d c3 0f 1f 80 00 00 00 00 41 bc 01 00 00 00
0x00007072674e54f6:   eb 88 0f 1f 84 00 00 00 00 00 45 8d a6 81 fe ff
0x00007072674e5506:   ff e9 74 ff ff ff 0f 1f 40 00 80 78 38 b1 0f 85
0x00007072674e5516:   17 ff ff ff 41 bc 04 00 00 00 e9 5b ff ff ff 0f 


Stack slot to memory mapping:

stack at sp + 0 slots: {method} {0x00007071e7192128} 
[error occurred during error reporting (inspecting top of stack), id 0xb, SIGSEGV (0xb) at pc=0x0000707267e8547d]
stack at sp + 1 slots: 0x0000707266dfd870 is pointing into the stack for thread: 0x0000707260019730
stack at sp + 2 slots: 0x0000707260019730 is a thread
stack at sp + 3 slots: 0x0000000000000008 is an unknown value
stack at sp + 4 slots: 0x0000707266dfd850 is pointing into the stack for thread: 0x0000707260019730
stack at sp + 5 slots: 0x0000707267e87e5c: <offset 0x0000000000c87e5c> in /usr/lib/jvm/java-21-openjdk-amd64/lib/server/libjvm.so at 0x0000707267200000
stack at sp + 6 slots: 0x0000000000000090 is an unknown value
stack at sp + 7 slots: 0x0000707260019730 is a thread


---------------  P R O C E S S  ---------------

Threads class SMR info:
_java_thread_list=0x00007072601391e0, length=1, elements={
0x0000707260019730
}

Java Threads: ( => current thread )
=>0x0000707260019730 JavaThread "main"                              [_thread_in_vm, id=7148, stack(0x0000707266d00000,0x0000707266e00000) (1024K)]
Total: 1

Other Threads:
  0x000070726014a170 VMThread "VM Thread"                           [id=7155, stack(0x00007072647f1000,0x00007072648f1000) (1024K)]
  0x0000707260138300 WatcherThread "VM Periodic Task Thread"        [id=7154, stack(0x00007072648f2000,0x00007072649f2000) (1024K)]
  0x0000707260071100 WorkerThread "GC Thread#0"                     [id=7149, stack(0x0000707266020000,0x0000707266120000) (1024K)]
  0x0000707260081a70 ConcurrentGCThread "G1 Main Marker"            [id=7150, stack(0x0000707265700000,0x0000707265800000) (1024K)]
  0x0000707260082a20 WorkerThread "G1 Conc#0"                       [id=7151, stack(0x00007072655ff000,0x00007072656ff000) (1024K)]
  0x000070726011c9e0 ConcurrentGCThread "G1 Refine#0"               [id=7152, stack(0x0000707264af4000,0x0000707264bf4000) (1024K)]
  0x000070726011d9a0 ConcurrentGCThread "G1 Service"                [id=7153, stack(0x00007072649f3000,0x0000707264af3000) (1024K)]
Total: 7

Threads with active compile tasks:
Total: 0

VM state: not at safepoint (normal execution)

VM Mutex/Monitor currently owned by a thread: None

Heap address: 0x0000000086600000, size: 1946 MB, Compressed Oops mode: 32-bit

CDS archive(s) mapped at: [0x00007071e7000000-0x00007071e7ca0000-0x00007071e7ca0000), size 13238272, SharedBaseAddress: 0x00007071e7000000, ArchiveRelocationMode: 1.
Compressed class space mapped at: 0x00007071e8000000-0x0000707228000000, reserved size: 1073741824
Narrow klass base: 0x00007071e7000000, Narrow klass shift: 0, Narrow klass range: 0x100000000

GC Precious Log:
 CardTable entry size: 512
 Card Set container configuration: InlinePtr #cards 5 size 8 Array Of Cards #cards 12 size 40 Howl #buckets 4 coarsen threshold 1843 Howl Bitmap #cards 512 size 80 coarsen threshold 460 Card regions per heap region 1 cards per card region 2048
 CPUs: 12 total, 12 available
 Memory: 7776M
 Large Page Support: Disabled
 NUMA Support: Disabled
 Compressed Oops: Enabled (32-bit)
 Heap Region Size: 1M
 Heap Min Capacity: 8M
 Heap Initial Capacity: 122M
 Heap Max Capacity: 1946M
 Pre-touch: Disabled
 Parallel Workers: 10
 Concurrent Workers: 3
 Concurrent Refinement Workers: 10
 Periodic GC: Disabled

Heap:
 garbage-first heap   total 126976K, used 1074K [0x0000000086600000, 0x0000000100000000)
  region size 1024K, 1 young (1024K), 0 survivors (0K)
 Metaspace       used 25K, committed 128K, reserved 1114112K
  class space    used 2K, committed 64K, reserved 1048576K

Heap Regions: E=young(eden), S=young(survivor), O=old, HS=humongous(starts), HC=humongous(continues), CS=collection set, F=free, TAMS=top-at-mark-start, PB=parsable bottom
|   0|0x0000000086600000, 0x0000000086600000, 0x0000000086700000|  0%| F|  |TAMS 0x0000000086600000| PB 0x0000000086600000| Untracked 
|   1|0x0000000086700000, 0x0000000086700000, 0x0000000086800000|  0%| F|  |TAMS 0x0000000086700000| PB 0x0000000086700000| Untracked 
|   2|0x0000000086800000, 0x0000000086800000, 0x0000000086900000|  0%| F|  |TAMS 0x0000000086800000| PB 0x0000000086800000| Untracked 
|   3|0x0000000086900000, 0x0000000086900000, 0x0000000086a00000|  0%| F|  |TAMS 0x0000000086900000| PB 0x0000000086900000| Untracked 
|   4|0x0000000086a00000, 0x0000000086a00000, 0x0000000086b00000|  0%| F|  |TAMS 0x0000000086a00000| PB 0x0000000086a00000| Untracked 
|   5|0x0000000086b00000, 0x0000000086b00000, 0x0000000086c00000|  0%| F|  |TAMS 0x0000000086b00000| PB 0x0000000086b00000| Untracked 
|   6|0x0000000086c00000, 0x0000000086c00000, 0x0000000086d00000|  0%| F|  |TAMS 0x0000000086c00000| PB 0x0000000086c00000| Untracked 
|   7|0x0000000086d00000, 0x0000000086d00000, 0x0000000086e00000|  0%| F|  |TAMS 0x0000000086d00000| PB 0x0000000086d00000| Untracked 
|   8|0x0000000086e00000, 0x0000000086e00000, 0x0000000086f00000|  0%| F|  |TAMS 0x0000000086e00000| PB 0x0000000086e00000| Untracked 
|   9|0x0000000086f00000, 0x0000000086f00000, 0x0000000087000000|  0%| F|  |TAMS 0x0000000086f00000| PB 0x0000000086f00000| Untracked 
|  10|0x0000000087000000, 0x0000000087000000, 0x0000000087100000|  0%| F|  |TAMS 0x0000000087000000| PB 0x0000000087000000| Untracked 
|  11|0x0000000087100000, 0x0000000087100000, 0x0000000087200000|  0%| F|  |TAMS 0x0000000087100000| PB 0x0000000087100000| Untracked 
|  12|0x0000000087200000, 0x0000000087200000, 0x0000000087300000|  0%| F|  |TAMS 0x0000000087200000| PB 0x0000000087200000| Untracked 
|  13|0x0000000087300000, 0x0000000087300000, 0x0000000087400000|  0%| F|  |TAMS 0x0000000087300000| PB 0x0000000087300000| Untracked 
|  14|0x0000000087400000, 0x0000000087400000, 0x0000000087500000|  0%| F|  |TAMS 0x0000000087400000| PB 0x0000000087400000| Untracked 
|  15|0x0000000087500000, 0x0000000087500000, 0x0000000087600000|  0%| F|  |TAMS 0x0000000087500000| PB 0x0000000087500000| Untracked 
|  16|0x0000000087600000, 0x0000000087600000, 0x0000000087700000|  0%| F|  |TAMS 0x0000000087600000| PB 0x0000000087600000| Untracked 
|  17|0x0000000087700000, 0x0000000087700000, 0x0000000087800000|  0%| F|  |TAMS 0x0000000087700000| PB 0x0000000087700000| Untracked 
|  18|0x0000000087800000, 0x0000000087800000, 0x0000000087900000|  0%| F|  |TAMS 0x0000000087800000| PB 0x0000000087800000| Untracked 
|  19|0x0000000087900000, 0x0000000087900000, 0x0000000087a00000|  0%| F|  |TAMS 0x0000000087900000| PB 0x0000000087900000| Untracked 
|  20|0x0000000087a00000, 0x0000000087a00000, 0x0000000087b00000|  0%| F|  |TAMS 0x0000000087a00000| PB 0x0000000087a00000| Untracked 
|  21|0x0000000087b00000, 0x0000000087b00000, 0x0000000087c00000|  0%| F|  |TAMS 0x0000000087b00000| PB 0x0000000087b00000| Untracked 
|  22|0x0000000087c00000, 0x0000000087c00000, 0x0000000087d00000|  0%| F|  |TAMS 0x0000000087c00000| PB 0x0000000087c00000| Untracked 
|  23|0x0000000087d00000, 0x0000000087d00000, 0x0000000087e00000|  0%| F|  |TAMS 0x0000000087d00000| PB 0x0000000087d00000| Untracked 
|  24|0x0000000087e00000, 0x0000000087e00000, 0x0000000087f00000|  0%| F|  |TAMS 0x0000000087e00000| PB 0x0000000087e00000| Untracked 
|  25|0x0000000087f00000, 0x0000000087f00000, 0x0000000088000000|  0%| F|  |TAMS 0x0000000087f00000| PB 0x0000000087f00000| Untracked 
|  26|0x0000000088000000, 0x0000000088000000, 0x0000000088100000|  0%| F|  |TAMS 0x0000000088000000| PB 0x0000000088000000| Untracked 
|  27|0x0000000088100000, 0x0000000088100000, 0x0000000088200000|  0%| F|  |TAMS 0x0000000088100000| PB 0x0000000088100000| Untracked 
|  28|0x0000000088200000, 0x0000000088200000, 0x0000000088300000|  0%| F|  |TAMS 0x0000000088200000| PB 0x0000000088200000| Untracked 
|  29|0x0000000088300000, 0x0000000088300000, 0x0000000088400000|  0%| F|  |TAMS 0x0000000088300000| PB 0x0000000088300000| Untracked 
|  30|0x0000000088400000, 0x0000000088400000, 0x0000000088500000|  0%| F|  |TAMS 0x0000000088400000| PB 0x0000000088400000| Untracked 
|  31|0x0000000088500000, 0x0000000088500000, 0x0000000088600000|  0%| F|  |TAMS 0x0000000088500000| PB 0x0000000088500000| Untracked 
|  32|0x0000000088600000, 0x0000000088600000, 0x0000000088700000|  0%| F|  |TAMS 0x0000000088600000| PB 0x0000000088600000| Untracked 
|  33|0x0000000088700000, 0x0000000088700000, 0x0000000088800000|  0%| F|  |TAMS 0x0000000088700000| PB 0x0000000088700000| Untracked 
|  34|0x0000000088800000, 0x0000000088800000, 0x0000000088900000|  0%| F|  |TAMS 0x0000000088800000| PB 0x0000000088800000| Untracked 
|  35|0x0000000088900000, 0x0000000088900000, 0x0000000088a00000|  0%| F|  |TAMS 0x0000000088900000| PB 0x0000000088900000| Untracked 
|  36|0x0000000088a00000, 0x0000000088a00000, 0x0000000088b00000|  0%| F|  |TAMS 0x0000000088a00000| PB 0x0000000088a00000| Untracked 
|  37|0x0000000088b00000, 0x0000000088b00000, 0x0000000088c00000|  0%| F|  |TAMS 0x0000000088b00000| PB 0x0000000088b00000| Untracked 
|  38|0x0000000088c00000, 0x0000000088c00000, 0x0000000088d00000|  0%| F|  |TAMS 0x0000000088c00000| PB 0x0000000088c00000| Untracked 
|  39|0x0000000088d00000, 0x0000000088d00000, 0x0000000088e00000|  0%| F|  |TAMS 0x0000000088d00000| PB 0x0000000088d00000| Untracked 
|  40|0x0000000088e00000, 0x0000000088e00000, 0x0000000088f00000|  0%| F|  |TAMS 0x0000000088e00000| PB 0x0000000088e00000| Untracked 
|  41|0x0000000088f00000, 0x0000000088f00000, 0x0000000089000000|  0%| F|  |TAMS 0x0000000088f00000| PB 0x0000000088f00000| Untracked 
|  42|0x0000000089000000, 0x0000000089000000, 0x0000000089100000|  0%| F|  |TAMS 0x0000000089000000| PB 0x0000000089000000| Untracked 
|  43|0x0000000089100000, 0x0000000089100000, 0x0000000089200000|  0%| F|  |TAMS 0x0000000089100000| PB 0x0000000089100000| Untracked 
|  44|0x0000000089200000, 0x0000000089200000, 0x0000000089300000|  0%| F|  |TAMS 0x0000000089200000| PB 0x0000000089200000| Untracked 
|  45|0x0000000089300000, 0x0000000089300000, 0x0000000089400000|  0%| F|  |TAMS 0x0000000089300000| PB 0x0000000089300000| Untracked 
|  46|0x0000000089400000, 0x0000000089400000, 0x0000000089500000|  0%| F|  |TAMS 0x0000000089400000| PB 0x0000000089400000| Untracked 
|  47|0x0000000089500000, 0x0000000089500000, 0x0000000089600000|  0%| F|  |TAMS 0x0000000089500000| PB 0x0000000089500000| Untracked 
|  48|0x0000000089600000, 0x0000000089600000, 0x0000000089700000|  0%| F|  |TAMS 0x0000000089600000| PB 0x0000000089600000| Untracked 
|  49|0x0000000089700000, 0x0000000089700000, 0x0000000089800000|  0%| F|  |TAMS 0x0000000089700000| PB 0x0000000089700000| Untracked 
|  50|0x0000000089800000, 0x0000000089800000, 0x0000000089900000|  0%| F|  |TAMS 0x0000000089800000| PB 0x0000000089800000| Untracked 
|  51|0x0000000089900000, 0x0000000089900000, 0x0000000089a00000|  0%| F|  |TAMS 0x0000000089900000| PB 0x0000000089900000| Untracked 
|  52|0x0000000089a00000, 0x0000000089a00000, 0x0000000089b00000|  0%| F|  |TAMS 0x0000000089a00000| PB 0x0000000089a00000| Untracked 
|  53|0x0000000089b00000, 0x0000000089b00000, 0x0000000089c00000|  0%| F|  |TAMS 0x0000000089b00000| PB 0x0000000089b00000| Untracked 
|  54|0x0000000089c00000, 0x0000000089c00000, 0x0000000089d00000|  0%| F|  |TAMS 0x0000000089c00000| PB 0x0000000089c00000| Untracked 
|  55|0x0000000089d00000, 0x0000000089d00000, 0x0000000089e00000|  0%| F|  |TAMS 0x0000000089d00000| PB 0x0000000089d00000| Untracked 
|  56|0x0000000089e00000, 0x0000000089e00000, 0x0000000089f00000|  0%| F|  |TAMS 0x0000000089e00000| PB 0x0000000089e00000| Untracked 
|  57|0x0000000089f00000, 0x0000000089f00000, 0x000000008a000000|  0%| F|  |TAMS 0x0000000089f00000| PB 0x0000000089f00000| Untracked 
|  58|0x000000008a000000, 0x000000008a000000, 0x000000008a100000|  0%| F|  |TAMS 0x000000008a000000| PB 0x000000008a000000| Untracked 
|  59|0x000000008a100000, 0x000000008a100000, 0x000000008a200000|  0%| F|  |TAMS 0x000000008a100000| PB 0x000000008a100000| Untracked 
|  60|0x000000008a200000, 0x000000008a200000, 0x000000008a300000|  0%| F|  |TAMS 0x000000008a200000| PB 0x000000008a200000| Untracked 
|  61|0x000000008a300000, 0x000000008a300000, 0x000000008a400000|  0%| F|  |TAMS 0x000000008a300000| PB 0x000000008a300000| Untracked 
|  62|0x000000008a400000, 0x000000008a400000, 0x000000008a500000|  0%| F|  |TAMS 0x000000008a400000| PB 0x000000008a400000| Untracked 
|  63|0x000000008a500000, 0x000000008a500000, 0x000000008a600000|  0%| F|  |TAMS 0x000000008a500000| PB 0x000000008a500000| Untracked 
|  64|0x000000008a600000, 0x000000008a600000, 0x000000008a700000|  0%| F|  |TAMS 0x000000008a600000| PB 0x000000008a600000| Untracked 
|  65|0x000000008a700000, 0x000000008a700000, 0x000000008a800000|  0%| F|  |TAMS 0x000000008a700000| PB 0x000000008a700000| Untracked 
|  66|0x000000008a800000, 0x000000008a800000, 0x000000008a900000|  0%| F|  |TAMS 0x000000008a800000| PB 0x000000008a800000| Untracked 
|  67|0x000000008a900000, 0x000000008a900000, 0x000000008aa00000|  0%| F|  |TAMS 0x000000008a900000| PB 0x000000008a900000| Untracked 
|  68|0x000000008aa00000, 0x000000008aa00000, 0x000000008ab00000|  0%| F|  |TAMS 0x000000008aa00000| PB 0x000000008aa00000| Untracked 
|  69|0x000000008ab00000, 0x000000008ab00000, 0x000000008ac00000|  0%| F|  |TAMS 0x000000008ab00000| PB 0x000000008ab00000| Untracked 
|  70|0x000000008ac00000, 0x000000008ac00000, 0x000000008ad00000|  0%| F|  |TAMS 0x000000008ac00000| PB 0x000000008ac00000| Untracked 
|  71|0x000000008ad00000, 0x000000008ad00000, 0x000000008ae00000|  0%| F|  |TAMS 0x000000008ad00000| PB 0x000000008ad00000| Untracked 
|  72|0x000000008ae00000, 0x000000008ae00000, 0x000000008af00000|  0%| F|  |TAMS 0x000000008ae00000| PB 0x000000008ae00000| Untracked 
|  73|0x000000008af00000, 0x000000008af00000, 0x000000008b000000|  0%| F|  |TAMS 0x000000008af00000| PB 0x000000008af00000| Untracked 
|  74|0x000000008b000000, 0x000000008b000000, 0x000000008b100000|  0%| F|  |TAMS 0x000000008b000000| PB 0x000000008b000000| Untracked 
|  75|0x000000008b100000, 0x000000008b100000, 0x000000008b200000|  0%| F|  |TAMS 0x000000008b100000| PB 0x000000008b100000| Untracked 
|  76|0x000000008b200000, 0x000000008b200000, 0x000000008b300000|  0%| F|  |TAMS 0x000000008b200000| PB 0x000000008b200000| Untracked 
|  77|0x000000008b300000, 0x000000008b300000, 0x000000008b400000|  0%| F|  |TAMS 0x000000008b300000| PB 0x000000008b300000| Untracked 
|  78|0x000000008b400000, 0x000000008b400000, 0x000000008b500000|  0%| F|  |TAMS 0x000000008b400000| PB 0x000000008b400000| Untracked 
|  79|0x000000008b500000, 0x000000008b500000, 0x000000008b600000|  0%| F|  |TAMS 0x000000008b500000| PB 0x000000008b500000| Untracked 
|  80|0x000000008b600000, 0x000000008b600000, 0x000000008b700000|  0%| F|  |TAMS 0x000000008b600000| PB 0x000000008b600000| Untracked 
|  81|0x000000008b700000, 0x000000008b700000, 0x000000008b800000|  0%| F|  |TAMS 0x000000008b700000| PB 0x000000008b700000| Untracked 
|  82|0x000000008b800000, 0x000000008b800000, 0x000000008b900000|  0%| F|  |TAMS 0x000000008b800000| PB 0x000000008b800000| Untracked 
|  83|0x000000008b900000, 0x000000008b900000, 0x000000008ba00000|  0%| F|  |TAMS 0x000000008b900000| PB 0x000000008b900000| Untracked 
|  84|0x000000008ba00000, 0x000000008ba00000, 0x000000008bb00000|  0%| F|  |TAMS 0x000000008ba00000| PB 0x000000008ba00000| Untracked 
|  85|0x000000008bb00000, 0x000000008bb00000, 0x000000008bc00000|  0%| F|  |TAMS 0x000000008bb00000| PB 0x000000008bb00000| Untracked 
|  86|0x000000008bc00000, 0x000000008bc00000, 0x000000008bd00000|  0%| F|  |TAMS 0x000000008bc00000| PB 0x000000008bc00000| Untracked 
|  87|0x000000008bd00000, 0x000000008bd00000, 0x000000008be00000|  0%| F|  |TAMS 0x000000008bd00000| PB 0x000000008bd00000| Untracked 
|  88|0x000000008be00000, 0x000000008be00000, 0x000000008bf00000|  0%| F|  |TAMS 0x000000008be00000| PB 0x000000008be00000| Untracked 
|  89|0x000000008bf00000, 0x000000008bf00000, 0x000000008c000000|  0%| F|  |TAMS 0x000000008bf00000| PB 0x000000008bf00000| Untracked 
|  90|0x000000008c000000, 0x000000008c000000, 0x000000008c100000|  0%| F|  |TAMS 0x000000008c000000| PB 0x000000008c000000| Untracked 
|  91|0x000000008c100000, 0x000000008c100000, 0x000000008c200000|  0%| F|  |TAMS 0x000000008c100000| PB 0x000000008c100000| Untracked 
|  92|0x000000008c200000, 0x000000008c200000, 0x000000008c300000|  0%| F|  |TAMS 0x000000008c200000| PB 0x000000008c200000| Untracked 
|  93|0x000000008c300000, 0x000000008c300000, 0x000000008c400000|  0%| F|  |TAMS 0x000000008c300000| PB 0x000000008c300000| Untracked 
|  94|0x000000008c400000, 0x000000008c400000, 0x000000008c500000|  0%| F|  |TAMS 0x000000008c400000| PB 0x000000008c400000| Untracked 
|  95|0x000000008c500000, 0x000000008c500000, 0x000000008c600000|  0%| F|  |TAMS 0x000000008c500000| PB 0x000000008c500000| Untracked 
|  96|0x000000008c600000, 0x000000008c600000, 0x000000008c700000|  0%| F|  |TAMS 0x000000008c600000| PB 0x000000008c600000| Untracked 
|  97|0x000000008c700000, 0x000000008c700000, 0x000000008c800000|  0%| F|  |TAMS 0x000000008c700000| PB 0x000000008c700000| Untracked 
|  98|0x000000008c800000, 0x000000008c800000, 0x000000008c900000|  0%| F|  |TAMS 0x000000008c800000| PB 0x000000008c800000| Untracked 
|  99|0x000000008c900000, 0x000000008c900000, 0x000000008ca00000|  0%| F|  |TAMS 0x000000008c900000| PB 0x000000008c900000| Untracked 
| 100|0x000000008ca00000, 0x000000008ca00000, 0x000000008cb00000|  0%| F|  |TAMS 0x000000008ca00000| PB 0x000000008ca00000| Untracked 
| 101|0x000000008cb00000, 0x000000008cb00000, 0x000000008cc00000|  0%| F|  |TAMS 0x000000008cb00000| PB 0x000000008cb00000| Untracked 
| 102|0x000000008cc00000, 0x000000008cc00000, 0x000000008cd00000|  0%| F|  |TAMS 0x000000008cc00000| PB 0x000000008cc00000| Untracked 
| 103|0x000000008cd00000, 0x000000008cd00000, 0x000000008ce00000|  0%| F|  |TAMS 0x000000008cd00000| PB 0x000000008cd00000| Untracked 
| 104|0x000000008ce00000, 0x000000008ce00000, 0x000000008cf00000|  0%| F|  |TAMS 0x000000008ce00000| PB 0x000000008ce00000| Untracked 
| 105|0x000000008cf00000, 0x000000008cf00000, 0x000000008d000000|  0%| F|  |TAMS 0x000000008cf00000| PB 0x000000008cf00000| Untracked 
| 106|0x000000008d000000, 0x000000008d000000, 0x000000008d100000|  0%| F|  |TAMS 0x000000008d000000| PB 0x000000008d000000| Untracked 
| 107|0x000000008d100000, 0x000000008d100000, 0x000000008d200000|  0%| F|  |TAMS 0x000000008d100000| PB 0x000000008d100000| Untracked 
| 108|0x000000008d200000, 0x000000008d200000, 0x000000008d300000|  0%| F|  |TAMS 0x000000008d200000| PB 0x000000008d200000| Untracked 
| 109|0x000000008d300000, 0x000000008d300000, 0x000000008d400000|  0%| F|  |TAMS 0x000000008d300000| PB 0x000000008d300000| Untracked 
| 110|0x000000008d400000, 0x000000008d400000, 0x000000008d500000|  0%| F|  |TAMS 0x000000008d400000| PB 0x000000008d400000| Untracked 
| 111|0x000000008d500000, 0x000000008d500000, 0x000000008d600000|  0%| F|  |TAMS 0x000000008d500000| PB 0x000000008d500000| Untracked 
| 112|0x000000008d600000, 0x000000008d600000, 0x000000008d700000|  0%| F|  |TAMS 0x000000008d600000| PB 0x000000008d600000| Untracked 
| 113|0x000000008d700000, 0x000000008d700000, 0x000000008d800000|  0%| F|  |TAMS 0x000000008d700000| PB 0x000000008d700000| Untracked 
| 114|0x000000008d800000, 0x000000008d800000, 0x000000008d900000|  0%| F|  |TAMS 0x000000008d800000| PB 0x000000008d800000| Untracked 
| 115|0x000000008d900000, 0x000000008d900000, 0x000000008da00000|  0%| F|  |TAMS 0x000000008d900000| PB 0x000000008d900000| Untracked 
| 116|0x000000008da00000, 0x000000008da00000, 0x000000008db00000|  0%| F|  |TAMS 0x000000008da00000| PB 0x000000008da00000| Untracked 
| 117|0x000000008db00000, 0x000000008db00000, 0x000000008dc00000|  0%| F|  |TAMS 0x000000008db00000| PB 0x000000008db00000| Untracked 
| 118|0x000000008dc00000, 0x000000008dc00000, 0x000000008dd00000|  0%| F|  |TAMS 0x000000008dc00000| PB 0x000000008dc00000| Untracked 
| 119|0x000000008dd00000, 0x000000008dd00000, 0x000000008de00000|  0%| F|  |TAMS 0x000000008dd00000| PB 0x000000008dd00000| Untracked 
| 120|0x000000008de00000, 0x000000008de00000, 0x000000008df00000|  0%| F|  |TAMS 0x000000008de00000| PB 0x000000008de00000| Untracked 
| 121|0x000000008df00000, 0x000000008df75c38, 0x000000008e000000| 46%| E|  |TAMS 0x000000008df00000| PB 0x000000008df00000| Complete 
|1944|0x00000000ffe00000, 0x00000000fff00000, 0x00000000fff00000|100%| O|  |TAMS 0x00000000ffe00000| PB 0x00000000ffe00000| Untracked 
|1945|0x00000000fff00000, 0x00000000fff0c840, 0x0000000100000000|  4%| O|  |TAMS 0x00000000fff00000| PB 0x00000000fff00000| Untracked 

Card table byte_map: [0x0000707265800000,0x0000707265bcd000] _byte_map_base: 0x00007072653cd000

Marking Bits: (CMBitMap*) 0x0000707260071c30
 Bits: [0x0000707246800000, 0x0000707248668000)

Polling page: 0x0000707268b2d000

Metaspace:

Usage:
  Non-class:     23.17 KB used.
      Class:      2.08 KB used.
       Both:     25.25 KB used.

Virtual space:
  Non-class space:       64.00 MB reserved,      64.00 KB ( <1%) committed,  1 nodes.
      Class space:        1.00 GB reserved,      64.00 KB ( <1%) committed,  1 nodes.
             Both:        1.06 GB reserved,     128.00 KB ( <1%) committed. 

Chunk freelists:
   Non-Class:  12.00 MB
       Class:  15.75 MB
        Both:  27.75 MB

MaxMetaspaceSize: unlimited
CompressedClassSpaceSize: 1.00 GB
Initial GC threshold: 21.00 MB
Current GC threshold: 17179869184.00 GB
CDS: on
 - commit_granule_bytes: 65536.
 - commit_granule_words: 8192.
 - virtual_space_node_default_size: 8388608.
 - enlarge_chunks_in_place: 1.
 - use_allocation_guard: 0.


Internal statistics:

num_allocs_failed_limit: 0.
num_arena_births: 2.
num_arena_deaths: 0.
num_vsnodes_births: 2.
num_vsnodes_deaths: 0.
num_space_committed: 2.
num_space_uncommitted: 0.
num_chunks_returned_to_freelist: 0.
num_chunks_taken_from_freelist: 3.
num_chunk_merges: 0.
num_chunk_splits: 2.
num_chunks_enlarged: 0.
num_inconsistent_stats: 0.

CodeHeap 'non-profiled nmethods': size=120028Kb used=0Kb max_used=0Kb free=120028Kb
 bounds [0x00007072502c9000, 0x0000707250539000, 0x0000707257800000]
CodeHeap 'profiled nmethods': size=120028Kb used=0Kb max_used=0Kb free=120028Kb
 bounds [0x0000707248800000, 0x0000707248a70000, 0x000070724fd37000]
CodeHeap 'non-nmethods': size=5704Kb used=442Kb max_used=442Kb free=5261Kb
 bounds [0x000070724fd37000, 0x000070724ffa7000, 0x00007072502c9000]
CodeCache: size=245760Kb, used=442Kb, max_used=442Kb, free=245317Kb
 total_blobs=195, nmethods=0, adapters=166, full_count=0
Compilation: enabled, stopped_count=0, restarted_count=0

Compilation events (0 events):
No events

GC Heap History (0 events):
No events

Dll operation events (1 events):
Event: 0.001 Loaded shared library /usr/lib/jvm/java-21-openjdk-amd64/lib/libjava.so

Deoptimization events (0 events):
No events

Classes loaded (2 events):
Event: 0.015 Loading class sun/nio/cs/UTF_8$Encoder
Event: 0.015 Loading class sun/nio/cs/UTF_8$Encoder done

Classes unloaded (0 events):
No events

Classes redefined (0 events):
No events

Internal exceptions (0 events):
No events

ZGC Phase Switch (0 events):
No events

VM Operations (0 events):
No events

Memory protections (1 events):
Event: 0.001 Protecting memory [0x0000707266d00000,0x0000707266d04000] with protection modes 0

Nmethod flushes (0 events):
No events

Events (1 events):
Event: 0.010 Thread 0x0000707260019730 Thread added: 0x0000707260019730


Dynamic libraries:
86600000-8e000000 rw-p 00000000 00:00 0 
8e000000-ffe00000 ---p 00000000 00:00 0 
ffe00000-fff0d000 rw-p 00cdf000 08:25 2549391                            /usr/lib/jvm/java-21-openjdk-amd64/lib/server/classes.jsa
fff0d000-100000000 rw-p 00000000 00:00 0 
613178c58000-613178c59000 r--p 00000000 08:25 2148470                    /usr/lib/jvm/java-21-openjdk-amd64/bin/java
613178c59000-613178c5a000 r-xp 00001000 08:25 2148470                    /usr/lib/jvm/java-21-openjdk-amd64/bin/java
613178c5a000-613178c5b000 r--p 00002000 08:25 2148470                    /usr/lib/jvm/java-21-openjdk-amd64/bin/java
613178c5b000-613178c5c000 r--p 00002000 08:25 2148470                    /usr/lib/jvm/java-21-openjdk-amd64/bin/java
613178c5c000-613178c5d000 rw-p 00003000 08:25 2148470                    /usr/lib/jvm/java-21-openjdk-amd64/bin/java
61319fe16000-61319fe5d000 rw-p 00000000 00:00 0                          [heap]
7071d4000000-7071d4021000 rw-p 00000000 00:00 0 
7071d4021000-7071d8000000 ---p 00000000 00:00 0 
7071dc000000-7071dc010000 rw-p 00000000 00:00 0 
7071dc010000-7071e0000000 ---p 00000000 00:00 0 
7071e0000000-7071e0021000 rw-p 00000000 00:00 0 
7071e0021000-7071e4000000 ---p 00000000 00:00 0 
7071e7000000-7071e7ca0000 rw-p 00001000 08:25 2549391                    /usr/lib/jvm/java-21-openjdk-amd64/lib/server/classes.jsa
7071e7ca0000-7071e8040000 ---p 00000000 00:00 0 
7071e8040000-7071e8050000 rw-p 00000000 00:00 0 
7071e8050000-707228000000 ---p 00000000 00:00 0 
707228000000-707228021000 rw-p 00000000 00:00 0 
707228021000-70722c000000 ---p 00000000 00:00 0 
70722c000000-70722c021000 rw-p 00000000 00:00 0 
70722c021000-707230000000 ---p 00000000 00:00 0 
707234000000-707234021000 rw-p 00000000 00:00 0 
707234021000-707238000000 ---p 00000000 00:00 0 
707238000000-707238021000 rw-p 00000000 00:00 0 
707238021000-70723c000000 ---p 00000000 00:00 0 
70723f600000-70723fe03000 r--p 00000000 08:25 1835695                    /usr/lib/locale/locale-archive
707240000000-707240021000 rw-p 00000000 00:00 0 
707240021000-707244000000 ---p 00000000 00:00 0 
707244800000-7072469e8000 rw-p 00000000 00:00 0 
7072469e8000-707248660000 ---p 00000000 00:00 0 
707248660000-707248668000 rw-p 00000000 00:00 0 
707248800000-707248a70000 rwxp 00000000 00:00 0 
707248a70000-70724fd37000 ---p 00000000 00:00 0 
70724fd37000-70724ffa7000 rwxp 00000000 00:00 0 
70724ffa7000-7072502c9000 ---p 00000000 00:00 0 
7072502c9000-707250539000 rwxp 00000000 00:00 0 
707250539000-707257800000 ---p 00000000 00:00 0 
707257800000-70725fe34000 r--s 00000000 08:25 2549389                    /usr/lib/jvm/java-21-openjdk-amd64/lib/modules
707260000000-70726017c000 rw-p 00000000 00:00 0 
70726017c000-707264000000 ---p 00000000 00:00 0 
707264200000-7072644e4000 rw-p 00000000 00:00 0 
70726466e000-7072647f0000 rw-p 00000000 00:00 0 
7072647f0000-7072647f1000 ---p 00000000 00:00 0 
7072647f1000-7072648f1000 rw-p 00000000 00:00 0 
7072648f1000-7072648f2000 ---p 00000000 00:00 0 
7072648f2000-7072649f2000 rw-p 00000000 00:00 0 
7072649f2000-7072649f3000 ---p 00000000 00:00 0 
7072649f3000-707264af3000 rw-p 00000000 00:00 0 
707264af3000-707264af4000 ---p 00000000 00:00 0 
707264af4000-707264bf4000 rw-p 00000000 00:00 0 
707264bf4000-7072655fe000 rw-p 00000000 00:00 0 
7072655fe000-7072655ff000 ---p 00000000 00:00 0 
7072655ff000-7072656ff000 rw-p 00000000 00:00 0 
7072656ff000-707265700000 ---p 00000000 00:00 0 
707265700000-707265800000 rw-p 00000000 00:00 0 
707265800000-70726583d000 rw-p 00000000 00:00 0 
70726583d000-707265bcc000 ---p 00000000 00:00 0 
707265bcc000-707265bcd000 rw-p 00000000 00:00 0 
707265c00000-707265c3d000 rw-p 00000000 00:00 0 
707265c3d000-707265fcc000 ---p 00000000 00:00 0 
707265fcc000-707265fcd000 rw-p 00000000 00:00 0 
70726601f000-707266020000 ---p 00000000 00:00 0 
707266020000-707266120000 rw-p 00000000 00:00 0 
707266120000-707266b2f000 rw-p 00000000 00:00 0 
707266b2f000-707266c15000 ---p 00000000 00:00 0 
707266c15000-707266c1a000 rw-p 00000000 00:00 0 
707266c1a000-707266d00000 ---p 00000000 00:00 0 
707266d00000-707266d04000 ---p 00000000 00:00 0 
707266d04000-707266e00000 rw-p 00000000 00:00 0 
707266e00000-707266e9d000 r--p 00000000 08:25 1869011                    /usr/lib/x86_64-linux-gnu/libstdc++.so.6.0.33
707266e9d000-707266fe5000 r-xp 0009d000 08:25 1869011                    /usr/lib/x86_64-linux-gnu/libstdc++.so.6.0.33
707266fe5000-70726706c000 r--p 001e5000 08:25 1869011                    /usr/lib/x86_64-linux-gnu/libstdc++.so.6.0.33
70726706c000-707267077000 r--p 0026b000 08:25 1869011                    /usr/lib/x86_64-linux-gnu/libstdc++.so.6.0.33
707267077000-70726707a000 rw-p 00276000 08:25 1869011                    /usr/lib/x86_64-linux-gnu/libstdc++.so.6.0.33
70726707a000-70726707e000 rw-p 00000000 00:00 0 
707267096000-707267117000 rw-p 00000000 00:00 0 
707267117000-707267127000 r--p 00000000 08:25 1838280                    /usr/lib/x86_64-linux-gnu/libm.so.6
707267127000-7072671a6000 r-xp 00010000 08:25 1838280                    /usr/lib/x86_64-linux-gnu/libm.so.6
7072671a6000-7072671fe000 r--p 0008f000 08:25 1838280                    /usr/lib/x86_64-linux-gnu/libm.so.6
7072671fe000-7072671ff000 r--p 000e7000 08:25 1838280                    /usr/lib/x86_64-linux-gnu/libm.so.6
7072671ff000-707267200000 rw-p 000e8000 08:25 1838280                    /usr/lib/x86_64-linux-gnu/libm.so.6
707267200000-7072674a2000 r--p 00000000 08:25 2549397                    /usr/lib/jvm/java-21-openjdk-amd64/lib/server/libjvm.so
7072674a2000-707268318000 r-xp 002a2000 08:25 2549397                    /usr/lib/jvm/java-21-openjdk-amd64/lib/server/libjvm.so
707268318000-7072685f2000 r--p 01118000 08:25 2549397                    /usr/lib/jvm/java-21-openjdk-amd64/lib/server/libjvm.so
7072685f2000-7072686c6000 r--p 013f2000 08:25 2549397                    /usr/lib/jvm/java-21-openjdk-amd64/lib/server/libjvm.so
7072686c6000-7072686f6000 rw-p 014c6000 08:25 2549397                    /usr/lib/jvm/java-21-openjdk-amd64/lib/server/libjvm.so
7072686f6000-70726875c000 rw-p 00000000 00:00 0 
707268764000-707268800000 rw-p 00000000 00:00 0 
707268800000-707268828000 r--p 00000000 08:25 1838277                    /usr/lib/x86_64-linux-gnu/libc.so.6
707268828000-7072689b0000 r-xp 00028000 08:25 1838277                    /usr/lib/x86_64-linux-gnu/libc.so.6
7072689b0000-7072689ff000 r--p 001b0000 08:25 1838277                    /usr/lib/x86_64-linux-gnu/libc.so.6
7072689ff000-707268a03000 r--p 001fe000 08:25 1838277                    /usr/lib/x86_64-linux-gnu/libc.so.6
707268a03000-707268a05000 rw-p 00202000 08:25 1838277                    /usr/lib/x86_64-linux-gnu/libc.so.6
707268a05000-707268a12000 rw-p 00000000 00:00 0 
707268a12000-707268a19000 r--s 00000000 08:25 1838266                    /usr/lib/x86_64-linux-gnu/gconv/gconv-modules.cache
707268a19000-707268a9c000 rw-p 00000000 00:00 0 
707268a9c000-707268aa3000 ---p 00000000 00:00 0 
707268aa3000-707268ab0000 r--p 00000000 08:25 2549343                    /usr/lib/jvm/java-21-openjdk-amd64/lib/libjava.so
707268ab0000-707268abf000 r-xp 0000d000 08:25 2549343                    /usr/lib/jvm/java-21-openjdk-amd64/lib/libjava.so
707268abf000-707268ac4000 r--p 0001c000 08:25 2549343                    /usr/lib/jvm/java-21-openjdk-amd64/lib/libjava.so
707268ac4000-707268ac5000 r--p 00021000 08:25 2549343                    /usr/lib/jvm/java-21-openjdk-amd64/lib/libjava.so
707268ac5000-707268ac6000 rw-p 00022000 08:25 2549343                    /usr/lib/jvm/java-21-openjdk-amd64/lib/libjava.so
707268ac6000-707268ac7000 rw-p 00000000 00:00 0 
707268ac7000-707268acb000 r--p 00000000 08:25 1868124                    /usr/lib/x86_64-linux-gnu/libgcc_s.so.1
707268acb000-707268aef000 r-xp 00004000 08:25 1868124                    /usr/lib/x86_64-linux-gnu/libgcc_s.so.1
707268aef000-707268af3000 r--p 00028000 08:25 1868124                    /usr/lib/x86_64-linux-gnu/libgcc_s.so.1
707268af3000-707268af4000 r--p 0002b000 08:25 1868124                    /usr/lib/x86_64-linux-gnu/libgcc_s.so.1
707268af4000-707268af5000 rw-p 0002c000 08:25 1868124                    /usr/lib/x86_64-linux-gnu/libgcc_s.so.1
707268af5000-707268af7000 rw-p 00000000 00:00 0 
707268af7000-707268af9000 r--p 00000000 08:25 2549351                    /usr/lib/jvm/java-21-openjdk-amd64/lib/libjli.so
707268af9000-707268b03000 r-xp 00002000 08:25 2549351                    /usr/lib/jvm/java-21-openjdk-amd64/lib/libjli.so
707268b03000-707268b06000 r--p 0000c000 08:25 2549351                    /usr/lib/jvm/java-21-openjdk-amd64/lib/libjli.so
707268b06000-707268b07000 r--p 0000f000 08:25 2549351                    /usr/lib/jvm/java-21-openjdk-amd64/lib/libjli.so
707268b07000-707268b08000 rw-p 00010000 08:25 2549351                    /usr/lib/jvm/java-21-openjdk-amd64/lib/libjli.so
707268b08000-707268b0a000 r--p 00000000 08:25 1869333                    /usr/lib/x86_64-linux-gnu/libz.so.1.3
707268b0a000-707268b1c000 r-xp 00002000 08:25 1869333                    /usr/lib/x86_64-linux-gnu/libz.so.1.3
707268b1c000-707268b22000 r--p 00014000 08:25 1869333                    /usr/lib/x86_64-linux-gnu/libz.so.1.3
707268b22000-707268b23000 r--p 0001a000 08:25 1869333                    /usr/lib/x86_64-linux-gnu/libz.so.1.3
707268b23000-707268b24000 rw-p 0001b000 08:25 1869333                    /usr/lib/x86_64-linux-gnu/libz.so.1.3
707268b25000-707268b2d000 rw-s 00000000 08:25 179520                     /tmp/hsperfdata_edu/7131
707268b2d000-707268b2e000 ---p 00000000 00:00 0 
707268b2e000-707268b2f000 r--p 00000000 00:00 0 
707268b2f000-707268b30000 ---p 00000000 00:00 0 
707268b30000-707268b32000 r--p 00000000 08:25 2549349                    /usr/lib/jvm/java-21-openjdk-amd64/lib/libjimage.so
707268b32000-707268b35000 r-xp 00002000 08:25 2549349                    /usr/lib/jvm/java-21-openjdk-amd64/lib/libjimage.so
707268b35000-707268b36000 r--p 00005000 08:25 2549349                    /usr/lib/jvm/java-21-openjdk-amd64/lib/libjimage.so
707268b36000-707268b37000 r--p 00006000 08:25 2549349                    /usr/lib/jvm/java-21-openjdk-amd64/lib/libjimage.so
707268b37000-707268b38000 rw-p 00007000 08:25 2549349                    /usr/lib/jvm/java-21-openjdk-amd64/lib/libjimage.so
707268b38000-707268b3a000 rw-p 00000000 00:00 0 
707268b3a000-707268b3b000 r--p 00000000 08:25 1838274                    /usr/lib/x86_64-linux-gnu/ld-linux-x86-64.so.2
707268b3b000-707268b66000 r-xp 00001000 08:25 1838274                    /usr/lib/x86_64-linux-gnu/ld-linux-x86-64.so.2
707268b66000-707268b70000 r--p 0002c000 08:25 1838274                    /usr/lib/x86_64-linux-gnu/ld-linux-x86-64.so.2
707268b70000-707268b72000 r--p 00036000 08:25 1838274                    /usr/lib/x86_64-linux-gnu/ld-linux-x86-64.so.2
707268b72000-707268b74000 rw-p 00038000 08:25 1838274                    /usr/lib/x86_64-linux-gnu/ld-linux-x86-64.so.2
7ffd14467000-7ffd14488000 rw-p 00000000 00:00 0                          [stack]
7ffd144b0000-7ffd144b4000 r--p 00000000 00:00 0                          [vvar]
7ffd144b4000-7ffd144b6000 r-xp 00000000 00:00 0                          [vdso]
ffffffffff600000-ffffffffff601000 --xp 00000000 00:00 0                  [vsyscall]
Total number of mappings: 141

JVMTI agents: none


VM Arguments:
jvm_args: -Dclassworlds.conf=/usr/lib/apache-netbeans/java/maven/bin/m2.conf -Dmaven.home=/usr/lib/apache-netbeans/java/maven -Dlibrary.jansi.path=/usr/lib/apache-netbeans/java/maven/lib/jansi-native -Dmaven.multiModuleProjectDirectory=/home/edu/IPC2-2025/Games-app/rest-api-games 
java_command: org.codehaus.plexus.classworlds.launcher.Launcher -Dmaven.ext.class.path=/usr/lib/apache-netbeans/java/maven-nblib/netbeans-eventspy.jar --no-transfer-progress clean install
java_class_path (initial): /usr/lib/apache-netbeans/java/maven/boot/plexus-classworlds-2.8.0.jar
Launcher Type: SUN_STANDARD

[Global flags]
     intx CICompilerCount                          = 4                                         {product} {ergonomic}
     uint ConcGCThreads                            = 3                                         {product} {ergonomic}
     uint G1ConcRefinementThreads                  = 10                                        {product} {ergonomic}
   size_t G1HeapRegionSize                         = 1048576                                   {product} {ergonomic}
    uintx GCDrainStackTargetSize                   = 64                                        {product} {ergonomic}
   size_t InitialHeapSize                          = 127926272                                 {product} {ergonomic}
   size_t MarkStackSize                            = 4194304                                   {product} {ergonomic}
   size_t MaxHeapSize                              = 2040528896                                {product} {ergonomic}
   size_t MaxNewSize                               = 1223688192                                {product} {ergonomic}
   size_t MinHeapDeltaBytes                        = 1048576                                   {product} {ergonomic}
   size_t MinHeapSize                              = 8388608                                   {product} {ergonomic}
    uintx NonNMethodCodeHeapSize                   = 5839372                                {pd product} {ergonomic}
    uintx NonProfiledCodeHeapSize                  = 122909434                              {pd product} {ergonomic}
    uintx ProfiledCodeHeapSize                     = 122909434                              {pd product} {ergonomic}
    uintx ReservedCodeCacheSize                    = 251658240                              {pd product} {ergonomic}
     bool SegmentedCodeCache                       = true                                      {product} {ergonomic}
   size_t SoftMaxHeapSize                          = 2040528896                             {manageable} {ergonomic}
     bool UseCompressedOops                        = true                           {product lp64_product} {ergonomic}
     bool UseG1GC                                  = true                                      {product} {ergonomic}

Logging:
Log output configuration:
 #0: stdout all=warning uptime,level,tags foldmultilines=false
 #1: stderr all=off uptime,level,tags foldmultilines=false

Release file:
<release file has not been read>
Environment Variables:
JAVA_HOME=/usr/lib/jvm/java-21-openjdk-amd64
PATH=/usr/local/sbin:/usr/local/bin:/usr/sbin:/usr/bin:/sbin:/bin:/usr/games:/usr/local/games:/snap/bin
SHELL=/bin/bash
DISPLAY=:0
LANG=es_GT.UTF-8

Active Locale:
LC_ALL=es_GT.UTF-8
LC_COLLATE=es_GT.UTF-8
LC_CTYPE=es_GT.UTF-8
LC_MESSAGES=es_GT.UTF-8
LC_MONETARY=es_GT.UTF-8
LC_NUMERIC=es_GT.UTF-8
LC_TIME=es_GT.UTF-8

Signal Handlers:
   SIGSEGV: crash_handler in libjvm.so, mask=11100100010111111101111111111110, flags=SA_RESTART|SA_SIGINFO, unblocked
    SIGBUS: crash_handler in libjvm.so, mask=11100100010111111101111111111110, flags=SA_RESTART|SA_SIGINFO, unblocked
    SIGFPE: crash_handler in libjvm.so, mask=11100100010111111101111111111110, flags=SA_RESTART|SA_SIGINFO, unblocked
   SIGPIPE: javaSignalHandler in libjvm.so, mask=11100100010111111101111111111110, flags=SA_RESTART|SA_SIGINFO, blocked
   SIGXFSZ: javaSignalHandler in libjvm.so, mask=11100100010111111101111111111110, flags=SA_RESTART|SA_SIGINFO, blocked
    SIGILL: crash_handler in libjvm.so, mask=11100100010111111101111111111110, flags=SA_RESTART|SA_SIGINFO, unblocked
   SIGUSR2: SR_handler in libjvm.so, mask=00000000000000000000000000000000, flags=SA_RESTART|SA_SIGINFO, blocked
    SIGHUP: SIG_DFL, mask=00000000000000000000000000000000, flags=none, blocked
    SIGINT: SIG_IGN, mask=00000000000000000000000000000000, flags=none, blocked
   SIGTERM: SIG_DFL, mask=00000000000000000000000000000000, flags=none, blocked
   SIGQUIT: UserHandler in libjvm.so, mask=11100100010111111101111111111110, flags=SA_RESTART|SA_SIGINFO, blocked
   SIGTRAP: crash_handler in libjvm.so, mask=11100100010111111101111111111110, flags=SA_RESTART|SA_SIGINFO, unblocked


Periodic native trim disabled

---------------  S Y S T E M  ---------------

OS:
DISTRIB_ID=LinuxMint
DISTRIB_RELEASE=22.1
DISTRIB_CODENAME=xia
DISTRIB_DESCRIPTION="Linux Mint 22.1 Xia"
uname: Linux 6.8.0-51-generic #52-Ubuntu SMP PREEMPT_DYNAMIC Thu Dec  5 13:09:44 UTC 2024 x86_64
OS uptime: 0 days 0:24 hours
libc: glibc 2.39 NPTL 2.39 
rlimit (soft/hard): STACK 8192k/infinity , CORE 0k/infinity , NPROC 30769/30769 , NOFILE 1048576/1048576 , AS infinity/infinity , CPU infinity/infinity , DATA infinity/infinity , FSIZE infinity/infinity , MEMLOCK 995356k/995356k
load average: 0.85 1.52 1.07

/proc/meminfo:
MemTotal:        7962872 kB
MemFree:          883376 kB
MemAvailable:    2676920 kB
Buffers:           76700 kB
Cached:          2299300 kB
SwapCached:        38424 kB
Active:          1997992 kB
Inactive:        4223180 kB
Active(anon):    1409516 kB
Inactive(anon):  2948952 kB
Active(file):     588476 kB
Inactive(file):  1274228 kB
Unevictable:      149704 kB
Mlocked:              96 kB
SwapTotal:      15997944 kB
SwapFree:       14339576 kB
Zswap:                 0 kB
Zswapped:              0 kB
Dirty:               580 kB
Writeback:             0 kB
AnonPages:       3966588 kB
Mapped:           649564 kB
Shmem:            513296 kB
KReclaimable:     239300 kB
Slab:             407404 kB
SReclaimable:     239300 kB
SUnreclaim:       168104 kB
KernelStack:       21816 kB
PageTables:        71540 kB
SecPageTables:         0 kB
NFS_Unstable:          0 kB
Bounce:                0 kB
WritebackTmp:          0 kB
CommitLimit:    19979380 kB
Committed_AS:   32688276 kB
VmallocTotal:   34359738367 kB
VmallocUsed:       46328 kB
VmallocChunk:          0 kB
Percpu:             7728 kB
HardwareCorrupted:     0 kB
AnonHugePages:      2048 kB
ShmemHugePages:        0 kB
ShmemPmdMapped:        0 kB
FileHugePages:         0 kB
FilePmdMapped:         0 kB
Unaccepted:            0 kB
HugePages_Total:       0
HugePages_Free:        0
HugePages_Rsvd:        0
HugePages_Surp:        0
Hugepagesize:       2048 kB
Hugetlb:               0 kB
DirectMap4k:      193060 kB
DirectMap2M:     4884480 kB
DirectMap1G:     3145728 kB

/sys/kernel/mm/transparent_hugepage/enabled: always [madvise] never
/sys/kernel/mm/transparent_hugepage/hpage_pmd_size: 2097152
/sys/kernel/mm/transparent_hugepage/defrag (defrag/compaction efforts parameter): always defer defer+madvise [madvise] never

Process Memory:
Virtual Size: 4176216K (peak: 4229016K)
Resident Set Size: 40432K (peak: 40432K) (anon: 20224K, file: 20208K, shmem: 0K)
Swapped out: 0K
C-Heap outstanding allocations: 27843K, retained: 1108K
glibc malloc tunables: (default)

/proc/sys/kernel/threads-max (system-wide limit on the number of threads): 61539
/proc/sys/vm/max_map_count (maximum number of memory map areas a process may have): 1048576
/proc/sys/vm/swappiness (control to define how aggressively the kernel swaps out anonymous memory): 60
/proc/sys/kernel/pid_max (system-wide limit on number of process identifiers): 4194304

container information not found.
Steal ticks since vm start: 0
Steal ticks percentage since vm start:  0.000

CPU: total 12 (initial active 12) (6 cores per cpu, 2 threads per core) family 6 model 165 stepping 3 microcode 0x100, cx8, cmov, fxsr, ht, mmx, 3dnowpref, sse, sse2, sse3, ssse3, sse4.1, sse4.2, popcnt, lzcnt, tsc, tscinvbit, avx, avx2, aes, erms, clmul, bmi1, bmi2, adx, fma, vzeroupper, clflush, clflushopt, rdtscp, f16c
CPU Model and flags from /proc/cpuinfo:
model name	: Intel(R) Core(TM) i5-10400 CPU @ 2.90GHz
flags		: fpu vme de pse tsc msr pae mce cx8 apic sep mtrr pge mca cmov pat pse36 clflush dts acpi mmx fxsr sse sse2 ss ht tm pbe syscall nx pdpe1gb rdtscp lm constant_tsc art arch_perfmon pebs bts rep_good nopl xtopology nonstop_tsc cpuid aperfmperf pni pclmulqdq dtes64 monitor ds_cpl vmx est tm2 ssse3 sdbg fma cx16 xtpr pdcm pcid sse4_1 sse4_2 x2apic movbe popcnt tsc_deadline_timer aes xsave avx f16c rdrand lahf_lm abm 3dnowprefetch cpuid_fault epb ssbd ibrs ibpb stibp ibrs_enhanced tpr_shadow flexpriority ept vpid ept_ad fsgsbase tsc_adjust bmi1 avx2 smep bmi2 erms invpcid mpx rdseed adx smap clflushopt intel_pt xsaveopt xsavec xgetbv1 xsaves dtherm ida arat pln pts hwp hwp_notify hwp_act_window hwp_epp vnmi md_clear flush_l1d arch_capabilities

Online cpus: 0-11
Offline cpus: 
BIOS frequency limitation: <Not Available>
Frequency switch latency (ns): 0
Available cpu frequencies: <Not Available>
Current governor: powersave
Core performance/turbo boost: <Not Available>

Memory: 4k page, physical 7962872k(2676920k free), swap 15997944k(14339576k free)
Page Sizes: 4k

vm_info: OpenJDK 64-Bit Server VM (21.0.9+10-Ubuntu-124.04) for linux-amd64 JRE (21.0.9+10-Ubuntu-124.04), built on 2025-10-23T12:36:23Z by "buildd" with gcc 13.3.0

END.
