#
# A fatal error has been detected by the Java Runtime Environment:
#
#  SIGSEGV (0xb) at pc=0x0000764f08819129, pid=7212, tid=7231
#
# JRE version: OpenJDK Runtime Environment (21.0.9+10) (build 21.0.9+10-Ubuntu-124.04)
# Java VM: OpenJDK 64-Bit Server VM (21.0.9+10-Ubuntu-124.04, mixed mode, sharing, tiered, compressed oops, compressed class ptrs, g1 gc, linux-amd64)
# Problematic frame:
# V  [libjvm.so+0x819129]  G1ParScanThreadState::trim_queue_to_threshold(unsigned int)+0x1b29
#
# Core dump will be written. Default location: Core dumps may be processed with "/usr/lib/systemd/systemd-coredump %P %u %g %s %t 9223372036854775808 %h %d" (or dumping to /home/edu/IPC2-2025/Games-app/rest-api-games/core.7212)
#
# If you would like to submit a bug report, please visit:
#   https://bugs.launchpad.net/ubuntu/+source/openjdk-21
#

---------------  S U M M A R Y ------------

Command Line: -Dclassworlds.conf=/usr/lib/apache-netbeans/java/maven/bin/m2.conf -Dmaven.home=/usr/lib/apache-netbeans/java/maven -Dlibrary.jansi.path=/usr/lib/apache-netbeans/java/maven/lib/jansi-native -Dmaven.multiModuleProjectDirectory=/home/edu/IPC2-2025/Games-app/rest-api-games org.codehaus.plexus.classworlds.launcher.Launcher -Dmaven.ext.class.path=/usr/lib/apache-netbeans/java/maven-nblib/netbeans-eventspy.jar --no-transfer-progress clean install

Host: Intel(R) Core(TM) i5-10400 CPU @ 2.90GHz, 12 cores, 7G, Linux Mint 22.1 Xia
Time: Sun Dec 14 23:18:40 2025 CST elapsed time: 0.389715 seconds (0d 0h 0m 0s)

---------------  T H R E A D  ---------------

Current thread (0x0000764f00071130):  WorkerThread "GC Thread#0"    [id=7231, stack(0x0000764f06e20000,0x0000764f06f20000) (1024K)]

Stack: [0x0000764f06e20000,0x0000764f06f20000],  sp=0x0000764f06f1e9f0,  free space=1018k
Native frames: (J=compiled Java code, j=interpreted, Vv=VM code, C=native code)
V  [libjvm.so+0x819129]  G1ParScanThreadState::trim_queue_to_threshold(unsigned int)+0x1b29
V  [libjvm.so+0x8309e7]  G1ScanHRForRegionClosure::scan_heap_roots(HeapRegion*)+0x467
V  [libjvm.so+0x82e2ed]  G1RemSet::scan_heap_roots(G1ParScanThreadState*, unsigned int, G1GCPhaseTimes::GCParPhases, G1GCPhaseTimes::GCParPhases, bool)+0x1ed
V  [libjvm.so+0x85170f]  G1EvacuateRegionsTask::scan_roots(G1ParScanThreadState*, unsigned int)+0x4f
V  [libjvm.so+0x851959]  G1EvacuateRegionsBaseTask::work(unsigned int)+0x89
V  [libjvm.so+0x104a370]  WorkerThread::run()+0x80
V  [libjvm.so+0xf8ee77]  Thread::call_run()+0xa7
V  [libjvm.so+0xd054f5]  thread_native_entry(Thread*)+0xd5
C  [libc.so.6+0x9caa4]

siginfo: si_signo: 11 (SIGSEGV), si_code: 1 (SEGV_MAPERR), si_addr: 0x0000764f187a74b8

Registers:
RAX=0x0000764f187a74b0, RBX=0x0000764ee4000d80, RCX=0x0000000000000000, RDX=0x0000000000000000
RSP=0x0000764f06f1e9f0, RBP=0x0000764f06f1ea90, RSI=0x0000764f094caea0, RDI=0x0000000000000000
R8 =0x0000000000000001, R9 =0x0000000000000000, R10=0x0000000000000005, R11=0x8d7a7458002f24c8
R12=0x000000008c630515, R13=0x000000008d7a7518, R14=0x0000764f094cc708, R15=0x0000764f094caeb0
RIP=0x0000764f08819129, EFLAGS=0x0000000000010202, CSGSFS=0x002b000000000033, ERR=0x0000000000000004
  TRAPNO=0x000000000000000e

XMM[0]=0x000008000017fea8 0x0000000000000001
XMM[1]=0x0000000000000000 0x0000000000000000
XMM[2]=0x0000000000000000 0x8df00e108df00e10
XMM[3]=0x0000000000000000 0x0000000000014f50
XMM[4]=0x0000000100000000 0x0000000000000000
XMM[5]=0x0000000000000000 0xffffffffffffffff
XMM[6]=0x0000000000000000 0x0000000100000000
XMM[7]=0x0000000000000000 0x0000000000000000
XMM[8]=0xfffffffeffffffff 0xffffffffffffffff
XMM[9]=0x0020202020202020 0x2000202020202020
XMM[10]=0x3f3f3f3f3f3f3f3f 0x3f3f3f3f3f3f3f3f
XMM[11]=0x9999999999999999 0x9999999999999999
XMM[12]=0x2020202020202020 0x2020202020202020
XMM[13]=0x0000000000000000 0x0000000000000000
XMM[14]=0x0000000000000000 0x0000000000000000
XMM[15]=0xcafebabecafebabe 0xcafebabecafebabe
  MXCSR=0x00001fa2


Register to memory mapping:

RAX=0x0000764f187a74b0 is an unknown value
RBX=0x0000764ee4000d80 points into unknown readable memory: 0x0000764f094005f8 | f8 05 40 09 4f 76 00 00
RCX=0x0 is null
RDX=0x0 is null
RSP=0x0000764f06f1e9f0 points into unknown readable memory: 0x0000764ee4000d80 | 80 0d 00 e4 4e 76 00 00
RBP=0x0000764f06f1ea90 points into unknown readable memory: 0x0000764f06f1ebd0 | d0 eb f1 06 4f 76 00 00
RSI=0x0000764f094caea0: <offset 0x00000000014caea0> in /usr/lib/jvm/java-21-openjdk-amd64/lib/server/libjvm.so at 0x0000764f08000000
RDI=0x0 is null
R8 =0x0000000000000001 is an unknown value
R9 =0x0 is null
R10=0x0000000000000005 is an unknown value
R11=0x8d7a7458002f24c8 is an unknown value
R12=
[error occurred during error reporting (printing register info), id 0xb, SIGSEGV (0xb) at pc=0x0000764f087c7347]
R13=
[error occurred during error reporting (printing register info, attempt 2), id 0xb, SIGSEGV (0xb) at pc=0x0000764f087c73a3]
R14=0x0000764f094cc708: <offset 0x00000000014cc708> in /usr/lib/jvm/java-21-openjdk-amd64/lib/server/libjvm.so at 0x0000764f08000000
R15=0x0000764f094caeb0: <offset 0x00000000014caeb0> in /usr/lib/jvm/java-21-openjdk-amd64/lib/server/libjvm.so at 0x0000764f08000000

Top of Stack: (sp=0x0000764f06f1e9f0)
0x0000764f06f1e9f0:   0000764ee4000d80 000000000000000f
0x0000764f06f1ea00:   000000008c62d000 0000004e8b017200
0x0000764f06f1ea10:   0000000000000001 0000000000000402
0x0000764f06f1ea20:   0000000000000000 0000764f00114730
0x0000764f06f1ea30:   0000764e8b03e968 000000008c630508
0x0000764f06f1ea40:   0000004006f1ea50 0000764f0950d674
0x0000764f06f1ea50:   0001764f06f1ea70 0000000200000001
0x0000764f06f1ea60:   00000000000005a9 0000764f069cc60a
0x0000764f06f1ea70:   0000764ee4000d80 00000000ffec1438
0x0000764f06f1ea80:   0000764f094cc708 0000764f069cc620
0x0000764f06f1ea90:   0000764f06f1ebd0 0000764f088309e7
0x0000764f06f1eaa0:   0000764f0002c000 0000764f0002c010
0x0000764f06f1eab0:   0000764f0002c000 0000764f0002c010
0x0000764f06f1eac0:   00000000000003d8 0000764f000714d0
0x0000764f06f1ead0:   0000764f06f1ebe0 0000764f0883d0bb
0x0000764f06f1eae0:   0000764f06f1eb30 0000764f06f1eb50
0x0000764f06f1eaf0:   0000764ee40013c0 0000000000001e60
0x0000764f06f1eb00:   0000000000000798 0000764f0002c3e8
0x0000764f06f1eb10:   0000764f0004bdf0 0000764f06f1ec80
0x0000764f06f1eb20:   0000764f069cc60a 0100764f06f1ec50
0x0000764f06f1eb30:   0000000000000280 0000764f06f1ec80
0x0000764f06f1eb40:   00000000ffec1400 0000000042c8bc6b
0x0000764f06f1eb50:   000000000000000a 0000000000003cc0
0x0000764f06f1eb60:   0000000017140a19 0000000042c91a78
0x0000764f06f1eb70:   0000764f094006f8 0000000000000000
0x0000764f06f1eb80:   0000764f0002d020 0000764ee4000d80
0x0000764f06f1eb90:   0000764f06f1ecd0 0000764f08801a12
0x0000764f06f1eba0:   00000000170cb4a2 0000764f0002d020
0x0000764f06f1ebb0:   0000764f00125150 0000764f06f1ec50
0x0000764f06f1ebc0:   0000764f0950d658 0000000000000000
0x0000764f06f1ebd0:   0000764f06f1ed40 0000764f0882e2ed
0x0000764f06f1ebe0:   0000764f0004bdb0 0000001400000001 

Instructions: (pc=0x0000764f08819129)
0x0000764f08819029:   0f 84 0b 22 00 00 4d 89 d8 49 c1 e8 03 41 83 e0
0x0000764f08819039:   0f 44 3b 83 80 01 00 00 b8 00 00 00 00 44 0f 43
0x0000764f08819049:   c8 0f 93 c2 48 8b 73 08 48 8d 3d 1c 46 cf 00 44
0x0000764f08819059:   88 4d c6 88 55 c7 8b 8e 18 02 00 00 48 8b 86 10
0x0000764f08819069:   02 00 00 48 89 7d b8 48 d3 e0 48 89 c1 4c 89 e8
0x0000764f08819079:   48 29 c8 8b 0f 48 d3 e8 48 8b 8e f8 01 00 00 89
0x0000764f08819089:   c0 48 8b 04 c1 8b b8 8c 00 00 00 48 89 45 98 48
0x0000764f08819099:   8b 43 70 89 7d 90 84 d2 0f 85 a7 12 00 00 48 8b
0x0000764f088190a9:   48 10 89 fa 48 8b 14 d1 4c 8b 4a 30 48 8b 42 38
0x0000764f088190b9:   4c 29 c8 48 c1 e8 03 4c 39 f8 0f 82 1c 11 00 00
0x0000764f088190c9:   4b 8d 04 f9 48 89 42 30 4d 85 c9 0f 84 0b 11 00
0x0000764f088190d9:   00 48 8d 05 3f 2a cb 00 48 8b 00 41 0f 18 0c 01
0x0000764f088190e9:   49 83 ff 08 0f 87 17 24 00 00 48 8d 15 72 94 9b
0x0000764f088190f9:   00 4a 63 04 ba 48 01 d0 3e ff e0 4c 8d 35 fd 35
0x0000764f08819109:   cb 00 41 80 3e 00 0f 84 46 0a 00 00 48 8d 35 84
0x0000764f08819119:   1d cb 00 41 8b 45 08 8b 4e 08 48 d3 e0 48 03 06
0x0000764f08819129:   8b 48 08 48 89 45 a0 85 c9 0f 8e a2 17 00 00 f6
0x0000764f08819139:   c1 01 74 1e 48 8b 45 a0 48 8d 35 a8 d6 ac ff 48
0x0000764f08819149:   8b 00 48 8b 80 00 01 00 00 48 39 f0 0f 85 b7 28
0x0000764f08819159:   00 00 c1 f9 03 4c 63 d1 4c 89 5d c8 84 d2 0f 85
0x0000764f08819169:   94 11 00 00 48 8d 05 34 2e cb 00 83 38 02 0f 84
0x0000764f08819179:   e7 20 00 00 41 f6 c3 01 0f 84 e7 20 00 00 4c 89
0x0000764f08819189:   d8 48 c1 e8 03 83 e0 0f 89 45 a8 3b 83 80 01 00
0x0000764f08819199:   00 b8 00 00 00 00 44 0f 43 c0 0f 93 c2 48 8b 73
0x0000764f088191a9:   08 48 8d 3d c3 44 cf 00 44 88 45 c6 88 55 c7 8b
0x0000764f088191b9:   8e 18 02 00 00 48 8b 86 10 02 00 00 48 89 7d b8
0x0000764f088191c9:   48 d3 e0 48 89 c1 4c 89 e8 48 29 c8 8b 0f 48 d3
0x0000764f088191d9:   e8 48 8b 8e f8 01 00 00 89 c0 48 8b 04 c1 8b b8
0x0000764f088191e9:   8c 00 00 00 48 89 45 98 48 8b 43 70 89 7d 90 84
0x0000764f088191f9:   d2 0f 85 f5 10 00 00 48 8b 48 10 89 fa 48 8b 14
0x0000764f08819209:   d1 4c 8b 4a 30 48 8b 42 38 4c 29 c8 4d 89 c8 48
0x0000764f08819219:   c1 e8 03 4c 39 d0 0f 82 77 10 00 00 4b 8d 04 d1 


Stack slot to memory mapping:

stack at sp + 0 slots: 0x0000764ee4000d80 points into unknown readable memory: 0x0000764f094005f8 | f8 05 40 09 4f 76 00 00
stack at sp + 1 slots: 0x000000000000000f is an unknown value
stack at sp + 2 slots: 0x000000008c62d000 is an oop: [Ljava.util.concurrent.ConcurrentHashMap$Node; 
{0x000000008c62d000} - klass: 'java/util/concurrent/ConcurrentHashMap$Node'[]
 - length: 448
stack at sp + 3 slots: 0x0000004e8b017200 is an unknown value
stack at sp + 4 slots: 0x0000000000000001 is an unknown value
stack at sp + 5 slots: 0x0000000000000402 is an unknown value
stack at sp + 6 slots: 0x0 is null
stack at sp + 7 slots: 0x0000764f00114730 points into unknown readable memory: 0x000000008d700000 | 00 00 70 8d 00 00 00 00


---------------  P R O C E S S  ---------------

Threads class SMR info:
_java_thread_list=0x0000764e501e9790, length=12, elements={
0x0000764f00019760, 0x0000764f00153280, 0x0000764f001547f0, 0x0000764f00155f80,
0x0000764f001575c0, 0x0000764f00158b60, 0x0000764f0015a6a0, 0x0000764f0015bd60,
0x0000764f00167c00, 0x0000764f0016af30, 0x0000764e500fcad0, 0x0000764e501e8a60
}

Java Threads: ( => current thread )
  0x0000764f00019760 JavaThread "main"                              [_thread_blocked, id=7230, stack(0x0000764f07b00000,0x0000764f07c00000) (1024K)]
  0x0000764f00153280 JavaThread "Reference Handler"          daemon [_thread_blocked, id=7242, stack(0x0000764ee1cfe000,0x0000764ee1dfe000) (1024K)]
  0x0000764f001547f0 JavaThread "Finalizer"                  daemon [_thread_blocked, id=7243, stack(0x0000764ee1300000,0x0000764ee1400000) (1024K)]
  0x0000764f00155f80 JavaThread "Signal Dispatcher"          daemon [_thread_blocked, id=7244, stack(0x0000764ee1200000,0x0000764ee1300000) (1024K)]
  0x0000764f001575c0 JavaThread "Service Thread"             daemon [_thread_blocked, id=7245, stack(0x0000764ee1100000,0x0000764ee1200000) (1024K)]
  0x0000764f00158b60 JavaThread "Monitor Deflation Thread"   daemon [_thread_blocked, id=7246, stack(0x0000764ee1000000,0x0000764ee1100000) (1024K)]
  0x0000764f0015a6a0 JavaThread "C2 CompilerThread0"         daemon [_thread_blocked, id=7247, stack(0x0000764ee0f00000,0x0000764ee1000000) (1024K)]
  0x0000764f0015bd60 JavaThread "C1 CompilerThread0"         daemon [_thread_blocked, id=7248, stack(0x0000764ee0e00000,0x0000764ee0f00000) (1024K)]
  0x0000764f00167c00 JavaThread "Notification Thread"        daemon [_thread_blocked, id=7249, stack(0x0000764ee0d00000,0x0000764ee0e00000) (1024K)]
  0x0000764f0016af30 JavaThread "Common-Cleaner"             daemon [_thread_blocked, id=7250, stack(0x0000764ee0c00000,0x0000764ee0d00000) (1024K)]
  0x0000764e500fcad0 JavaThread "C2 CompilerThread1"         daemon [_thread_blocked, id=7254, stack(0x0000764ee0b00000,0x0000764ee0c00000) (1024K)]
  0x0000764e501e8a60 JavaThread "C2 CompilerThread2"         daemon [_thread_in_native, id=7256, stack(0x0000764ee0a00000,0x0000764ee0b00000) (1024K)]
Total: 12

Other Threads:
  0x0000764f0014a160 VMThread "VM Thread"                           [id=7238, stack(0x0000764ee1dff000,0x0000764ee1eff000) (1024K)]
  0x0000764f001382f0 WatcherThread "VM Periodic Task Thread"        [id=7236, stack(0x0000764ee1f00000,0x0000764ee2000000) (1024K)]
=>0x0000764f00071130 WorkerThread "GC Thread#0"                     [id=7231, stack(0x0000764f06e20000,0x0000764f06f20000) (1024K)]
  0x0000764e78008190 WorkerThread "GC Thread#1"                     [id=7257, stack(0x0000764ee0900000,0x0000764ee0a00000) (1024K)]
  0x0000764f00081aa0 ConcurrentGCThread "G1 Main Marker"            [id=7232, stack(0x0000764f06500000,0x0000764f06600000) (1024K)]
  0x0000764f00082a50 WorkerThread "G1 Conc#0"                       [id=7233, stack(0x0000764f04500000,0x0000764f04600000) (1024K)]
  0x0000764f0011ca10 ConcurrentGCThread "G1 Refine#0"               [id=7234, stack(0x0000764ee81fb000,0x0000764ee82fb000) (1024K)]
  0x0000764f0011d9d0 ConcurrentGCThread "G1 Service"                [id=7235, stack(0x0000764ee80fa000,0x0000764ee81fa000) (1024K)]
Total: 8

Threads with active compile tasks:
C2 CompilerThread0  392 1019       4       org.codehaus.plexus.util.xml.XmlReader::read (11 bytes)
C2 CompilerThread1  392 1036       4       sun.nio.cs.StreamDecoder::implRead (232 bytes)
C2 CompilerThread2  392 1010       4       java.io.InputStreamReader::read (11 bytes)
Total: 3

VM state: at safepoint (normal execution)

VM Mutex/Monitor currently owned by a thread:  ([mutex/lock_event])
[0x0000764f09527e98] Threads_lock - owner thread: 0x0000764f0014a160
[0x0000764f09527d98] Heap_lock - owner thread: 0x0000764f00019760

Heap address: 0x0000000086600000, size: 1946 MB, Compressed Oops mode: 32-bit

CDS archive(s) mapped at: [0x0000764e8b000000-0x0000764e8bca0000-0x0000764e8bca0000), size 13238272, SharedBaseAddress: 0x0000764e8b000000, ArchiveRelocationMode: 1.
Compressed class space mapped at: 0x0000764e8c000000-0x0000764ecc000000, reserved size: 1073741824
Narrow klass base: 0x0000764e8b000000, Narrow klass shift: 0, Narrow klass range: 0x100000000

GC Precious Log:
 CardTable entry size: 512
 Card Set container configuration: InlinePtr #cards 5 size 8 Array Of Cards #cards 12 size 40 Howl #buckets 4 coarsen threshold 1843 Howl Bitmap #cards 512 size 80 coarsen threshold 460 Card regions per heap region 1 cards per card region 2048
 CPUs: 12 total, 12 available
 Memory: 7776M
 Large Page Support: Disabled
 NUMA Support: Disabled
 Compressed Oops: Enabled (32-bit)
 Heap Region Size: 1M
 Heap Min Capacity: 8M
 Heap Initial Capacity: 122M
 Heap Max Capacity: 1946M
 Pre-touch: Disabled
 Parallel Workers: 10
 Concurrent Workers: 3
 Concurrent Refinement Workers: 10
 Periodic GC: Disabled

Heap:
 garbage-first heap   total 126976K, used 24626K [0x0000000086600000, 0x0000000100000000)
  region size 1024K, 26 young (26624K), 3 survivors (3072K)
 Metaspace       used 5783K, committed 5952K, reserved 1114112K
  class space    used 686K, committed 768K, reserved 1048576K

Heap Regions: E=young(eden), S=young(survivor), O=old, HS=humongous(starts), HC=humongous(continues), CS=collection set, F=free, TAMS=top-at-mark-start, PB=parsable bottom
|   0|0x0000000086600000, 0x0000000086600000, 0x0000000086700000|  0%| F|  |TAMS 0x0000000086600000| PB 0x0000000086600000| Untracked 
|   1|0x0000000086700000, 0x0000000086700000, 0x0000000086800000|  0%| F|  |TAMS 0x0000000086700000| PB 0x0000000086700000| Untracked 
|   2|0x0000000086800000, 0x0000000086800000, 0x0000000086900000|  0%| F|  |TAMS 0x0000000086800000| PB 0x0000000086800000| Untracked 
|   3|0x0000000086900000, 0x0000000086900000, 0x0000000086a00000|  0%| F|  |TAMS 0x0000000086900000| PB 0x0000000086900000| Untracked 
|   4|0x0000000086a00000, 0x0000000086a00000, 0x0000000086b00000|  0%| F|  |TAMS 0x0000000086a00000| PB 0x0000000086a00000| Untracked 
|   5|0x0000000086b00000, 0x0000000086b00000, 0x0000000086c00000|  0%| F|  |TAMS 0x0000000086b00000| PB 0x0000000086b00000| Untracked 
|   6|0x0000000086c00000, 0x0000000086c00000, 0x0000000086d00000|  0%| F|  |TAMS 0x0000000086c00000| PB 0x0000000086c00000| Untracked 
|   7|0x0000000086d00000, 0x0000000086d00000, 0x0000000086e00000|  0%| F|  |TAMS 0x0000000086d00000| PB 0x0000000086d00000| Untracked 
|   8|0x0000000086e00000, 0x0000000086e00000, 0x0000000086f00000|  0%| F|  |TAMS 0x0000000086e00000| PB 0x0000000086e00000| Untracked 
|   9|0x0000000086f00000, 0x0000000086f00000, 0x0000000087000000|  0%| F|  |TAMS 0x0000000086f00000| PB 0x0000000086f00000| Untracked 
|  10|0x0000000087000000, 0x0000000087000000, 0x0000000087100000|  0%| F|  |TAMS 0x0000000087000000| PB 0x0000000087000000| Untracked 
|  11|0x0000000087100000, 0x0000000087100000, 0x0000000087200000|  0%| F|  |TAMS 0x0000000087100000| PB 0x0000000087100000| Untracked 
|  12|0x0000000087200000, 0x0000000087200000, 0x0000000087300000|  0%| F|  |TAMS 0x0000000087200000| PB 0x0000000087200000| Untracked 
|  13|0x0000000087300000, 0x0000000087300000, 0x0000000087400000|  0%| F|  |TAMS 0x0000000087300000| PB 0x0000000087300000| Untracked 
|  14|0x0000000087400000, 0x0000000087400000, 0x0000000087500000|  0%| F|  |TAMS 0x0000000087400000| PB 0x0000000087400000| Untracked 
|  15|0x0000000087500000, 0x0000000087500000, 0x0000000087600000|  0%| F|  |TAMS 0x0000000087500000| PB 0x0000000087500000| Untracked 
|  16|0x0000000087600000, 0x0000000087600000, 0x0000000087700000|  0%| F|  |TAMS 0x0000000087600000| PB 0x0000000087600000| Untracked 
|  17|0x0000000087700000, 0x0000000087700000, 0x0000000087800000|  0%| F|  |TAMS 0x0000000087700000| PB 0x0000000087700000| Untracked 
|  18|0x0000000087800000, 0x0000000087800000, 0x0000000087900000|  0%| F|  |TAMS 0x0000000087800000| PB 0x0000000087800000| Untracked 
|  19|0x0000000087900000, 0x0000000087900000, 0x0000000087a00000|  0%| F|  |TAMS 0x0000000087900000| PB 0x0000000087900000| Untracked 
|  20|0x0000000087a00000, 0x0000000087a00000, 0x0000000087b00000|  0%| F|  |TAMS 0x0000000087a00000| PB 0x0000000087a00000| Untracked 
|  21|0x0000000087b00000, 0x0000000087b00000, 0x0000000087c00000|  0%| F|  |TAMS 0x0000000087b00000| PB 0x0000000087b00000| Untracked 
|  22|0x0000000087c00000, 0x0000000087c00000, 0x0000000087d00000|  0%| F|  |TAMS 0x0000000087c00000| PB 0x0000000087c00000| Untracked 
|  23|0x0000000087d00000, 0x0000000087d00000, 0x0000000087e00000|  0%| F|  |TAMS 0x0000000087d00000| PB 0x0000000087d00000| Untracked 
|  24|0x0000000087e00000, 0x0000000087e00000, 0x0000000087f00000|  0%| F|  |TAMS 0x0000000087e00000| PB 0x0000000087e00000| Untracked 
|  25|0x0000000087f00000, 0x0000000087f00000, 0x0000000088000000|  0%| F|  |TAMS 0x0000000087f00000| PB 0x0000000087f00000| Untracked 
|  26|0x0000000088000000, 0x0000000088000000, 0x0000000088100000|  0%| F|  |TAMS 0x0000000088000000| PB 0x0000000088000000| Untracked 
|  27|0x0000000088100000, 0x0000000088100000, 0x0000000088200000|  0%| F|  |TAMS 0x0000000088100000| PB 0x0000000088100000| Untracked 
|  28|0x0000000088200000, 0x0000000088200000, 0x0000000088300000|  0%| F|  |TAMS 0x0000000088200000| PB 0x0000000088200000| Untracked 
|  29|0x0000000088300000, 0x0000000088300000, 0x0000000088400000|  0%| F|  |TAMS 0x0000000088300000| PB 0x0000000088300000| Untracked 
|  30|0x0000000088400000, 0x0000000088400000, 0x0000000088500000|  0%| F|  |TAMS 0x0000000088400000| PB 0x0000000088400000| Untracked 
|  31|0x0000000088500000, 0x0000000088500000, 0x0000000088600000|  0%| F|  |TAMS 0x0000000088500000| PB 0x0000000088500000| Untracked 
|  32|0x0000000088600000, 0x0000000088600000, 0x0000000088700000|  0%| F|  |TAMS 0x0000000088600000| PB 0x0000000088600000| Untracked 
|  33|0x0000000088700000, 0x0000000088700000, 0x0000000088800000|  0%| F|  |TAMS 0x0000000088700000| PB 0x0000000088700000| Untracked 
|  34|0x0000000088800000, 0x0000000088800000, 0x0000000088900000|  0%| F|  |TAMS 0x0000000088800000| PB 0x0000000088800000| Untracked 
|  35|0x0000000088900000, 0x0000000088900000, 0x0000000088a00000|  0%| F|  |TAMS 0x0000000088900000| PB 0x0000000088900000| Untracked 
|  36|0x0000000088a00000, 0x0000000088a00000, 0x0000000088b00000|  0%| F|  |TAMS 0x0000000088a00000| PB 0x0000000088a00000| Untracked 
|  37|0x0000000088b00000, 0x0000000088b00000, 0x0000000088c00000|  0%| F|  |TAMS 0x0000000088b00000| PB 0x0000000088b00000| Untracked 
|  38|0x0000000088c00000, 0x0000000088c00000, 0x0000000088d00000|  0%| F|  |TAMS 0x0000000088c00000| PB 0x0000000088c00000| Untracked 
|  39|0x0000000088d00000, 0x0000000088d00000, 0x0000000088e00000|  0%| F|  |TAMS 0x0000000088d00000| PB 0x0000000088d00000| Untracked 
|  40|0x0000000088e00000, 0x0000000088e00000, 0x0000000088f00000|  0%| F|  |TAMS 0x0000000088e00000| PB 0x0000000088e00000| Untracked 
|  41|0x0000000088f00000, 0x0000000088f00000, 0x0000000089000000|  0%| F|  |TAMS 0x0000000088f00000| PB 0x0000000088f00000| Untracked 
|  42|0x0000000089000000, 0x0000000089000000, 0x0000000089100000|  0%| F|  |TAMS 0x0000000089000000| PB 0x0000000089000000| Untracked 
|  43|0x0000000089100000, 0x0000000089100000, 0x0000000089200000|  0%| F|  |TAMS 0x0000000089100000| PB 0x0000000089100000| Untracked 
|  44|0x0000000089200000, 0x0000000089200000, 0x0000000089300000|  0%| F|  |TAMS 0x0000000089200000| PB 0x0000000089200000| Untracked 
|  45|0x0000000089300000, 0x0000000089300000, 0x0000000089400000|  0%| F|  |TAMS 0x0000000089300000| PB 0x0000000089300000| Untracked 
|  46|0x0000000089400000, 0x0000000089400000, 0x0000000089500000|  0%| F|  |TAMS 0x0000000089400000| PB 0x0000000089400000| Untracked 
|  47|0x0000000089500000, 0x0000000089500000, 0x0000000089600000|  0%| F|  |TAMS 0x0000000089500000| PB 0x0000000089500000| Untracked 
|  48|0x0000000089600000, 0x0000000089600000, 0x0000000089700000|  0%| F|  |TAMS 0x0000000089600000| PB 0x0000000089600000| Untracked 
|  49|0x0000000089700000, 0x0000000089700000, 0x0000000089800000|  0%| F|  |TAMS 0x0000000089700000| PB 0x0000000089700000| Untracked 
|  50|0x0000000089800000, 0x0000000089800000, 0x0000000089900000|  0%| F|  |TAMS 0x0000000089800000| PB 0x0000000089800000| Untracked 
|  51|0x0000000089900000, 0x0000000089900000, 0x0000000089a00000|  0%| F|  |TAMS 0x0000000089900000| PB 0x0000000089900000| Untracked 
|  52|0x0000000089a00000, 0x0000000089a00000, 0x0000000089b00000|  0%| F|  |TAMS 0x0000000089a00000| PB 0x0000000089a00000| Untracked 
|  53|0x0000000089b00000, 0x0000000089b00000, 0x0000000089c00000|  0%| F|  |TAMS 0x0000000089b00000| PB 0x0000000089b00000| Untracked 
|  54|0x0000000089c00000, 0x0000000089c00000, 0x0000000089d00000|  0%| F|  |TAMS 0x0000000089c00000| PB 0x0000000089c00000| Untracked 
|  55|0x0000000089d00000, 0x0000000089d00000, 0x0000000089e00000|  0%| F|  |TAMS 0x0000000089d00000| PB 0x0000000089d00000| Untracked 
|  56|0x0000000089e00000, 0x0000000089e00000, 0x0000000089f00000|  0%| F|  |TAMS 0x0000000089e00000| PB 0x0000000089e00000| Untracked 
|  57|0x0000000089f00000, 0x0000000089f00000, 0x000000008a000000|  0%| F|  |TAMS 0x0000000089f00000| PB 0x0000000089f00000| Untracked 
|  58|0x000000008a000000, 0x000000008a000000, 0x000000008a100000|  0%| F|  |TAMS 0x000000008a000000| PB 0x000000008a000000| Untracked 
|  59|0x000000008a100000, 0x000000008a100000, 0x000000008a200000|  0%| F|  |TAMS 0x000000008a100000| PB 0x000000008a100000| Untracked 
|  60|0x000000008a200000, 0x000000008a200000, 0x000000008a300000|  0%| F|  |TAMS 0x000000008a200000| PB 0x000000008a200000| Untracked 
|  61|0x000000008a300000, 0x000000008a300000, 0x000000008a400000|  0%| F|  |TAMS 0x000000008a300000| PB 0x000000008a300000| Untracked 
|  62|0x000000008a400000, 0x000000008a400000, 0x000000008a500000|  0%| F|  |TAMS 0x000000008a400000| PB 0x000000008a400000| Untracked 
|  63|0x000000008a500000, 0x000000008a500000, 0x000000008a600000|  0%| F|  |TAMS 0x000000008a500000| PB 0x000000008a500000| Untracked 
|  64|0x000000008a600000, 0x000000008a600000, 0x000000008a700000|  0%| F|  |TAMS 0x000000008a600000| PB 0x000000008a600000| Untracked 
|  65|0x000000008a700000, 0x000000008a700000, 0x000000008a800000|  0%| F|  |TAMS 0x000000008a700000| PB 0x000000008a700000| Untracked 
|  66|0x000000008a800000, 0x000000008a800000, 0x000000008a900000|  0%| F|  |TAMS 0x000000008a800000| PB 0x000000008a800000| Untracked 
|  67|0x000000008a900000, 0x000000008a900000, 0x000000008aa00000|  0%| F|  |TAMS 0x000000008a900000| PB 0x000000008a900000| Untracked 
|  68|0x000000008aa00000, 0x000000008aa00000, 0x000000008ab00000|  0%| F|  |TAMS 0x000000008aa00000| PB 0x000000008aa00000| Untracked 
|  69|0x000000008ab00000, 0x000000008ab00000, 0x000000008ac00000|  0%| F|  |TAMS 0x000000008ab00000| PB 0x000000008ab00000| Untracked 
|  70|0x000000008ac00000, 0x000000008ac00000, 0x000000008ad00000|  0%| F|  |TAMS 0x000000008ac00000| PB 0x000000008ac00000| Untracked 
|  71|0x000000008ad00000, 0x000000008ad00000, 0x000000008ae00000|  0%| F|  |TAMS 0x000000008ad00000| PB 0x000000008ad00000| Untracked 
|  72|0x000000008ae00000, 0x000000008ae00000, 0x000000008af00000|  0%| F|  |TAMS 0x000000008ae00000| PB 0x000000008ae00000| Untracked 
|  73|0x000000008af00000, 0x000000008af00000, 0x000000008b000000|  0%| F|  |TAMS 0x000000008af00000| PB 0x000000008af00000| Untracked 
|  74|0x000000008b000000, 0x000000008b000000, 0x000000008b100000|  0%| F|  |TAMS 0x000000008b000000| PB 0x000000008b000000| Untracked 
|  75|0x000000008b100000, 0x000000008b100000, 0x000000008b200000|  0%| F|  |TAMS 0x000000008b100000| PB 0x000000008b100000| Untracked 
|  76|0x000000008b200000, 0x000000008b200000, 0x000000008b300000|  0%| F|  |TAMS 0x000000008b200000| PB 0x000000008b200000| Untracked 
|  77|0x000000008b300000, 0x000000008b300000, 0x000000008b400000|  0%| F|  |TAMS 0x000000008b300000| PB 0x000000008b300000| Untracked 
|  78|0x000000008b400000, 0x000000008b400000, 0x000000008b500000|  0%| F|  |TAMS 0x000000008b400000| PB 0x000000008b400000| Untracked 
|  79|0x000000008b500000, 0x000000008b500000, 0x000000008b600000|  0%| F|  |TAMS 0x000000008b500000| PB 0x000000008b500000| Untracked 
|  80|0x000000008b600000, 0x000000008b600000, 0x000000008b700000|  0%| F|  |TAMS 0x000000008b600000| PB 0x000000008b600000| Untracked 
|  81|0x000000008b700000, 0x000000008b700000, 0x000000008b800000|  0%| F|  |TAMS 0x000000008b700000| PB 0x000000008b700000| Untracked 
|  82|0x000000008b800000, 0x000000008b800000, 0x000000008b900000|  0%| F|  |TAMS 0x000000008b800000| PB 0x000000008b800000| Untracked 
|  83|0x000000008b900000, 0x000000008b900000, 0x000000008ba00000|  0%| F|  |TAMS 0x000000008b900000| PB 0x000000008b900000| Untracked 
|  84|0x000000008ba00000, 0x000000008ba00000, 0x000000008bb00000|  0%| F|  |TAMS 0x000000008ba00000| PB 0x000000008ba00000| Untracked 
|  85|0x000000008bb00000, 0x000000008bb00000, 0x000000008bc00000|  0%| F|  |TAMS 0x000000008bb00000| PB 0x000000008bb00000| Untracked 
|  86|0x000000008bc00000, 0x000000008bc00000, 0x000000008bd00000|  0%| F|  |TAMS 0x000000008bc00000| PB 0x000000008bc00000| Untracked 
|  87|0x000000008bd00000, 0x000000008bd00000, 0x000000008be00000|  0%| F|  |TAMS 0x000000008bd00000| PB 0x000000008bd00000| Untracked 
|  88|0x000000008be00000, 0x000000008be00000, 0x000000008bf00000|  0%| F|  |TAMS 0x000000008be00000| PB 0x000000008be00000| Untracked 
|  89|0x000000008bf00000, 0x000000008bf00000, 0x000000008c000000|  0%| F|  |TAMS 0x000000008bf00000| PB 0x000000008bf00000| Untracked 
|  90|0x000000008c000000, 0x000000008c000000, 0x000000008c100000|  0%| F|  |TAMS 0x000000008c000000| PB 0x000000008c000000| Untracked 
|  91|0x000000008c100000, 0x000000008c100000, 0x000000008c200000|  0%| F|  |TAMS 0x000000008c100000| PB 0x000000008c100000| Untracked 
|  92|0x000000008c200000, 0x000000008c200000, 0x000000008c300000|  0%| F|  |TAMS 0x000000008c200000| PB 0x000000008c200000| Untracked 
|  93|0x000000008c300000, 0x000000008c300000, 0x000000008c400000|  0%| F|  |TAMS 0x000000008c300000| PB 0x000000008c300000| Untracked 
|  94|0x000000008c400000, 0x000000008c400000, 0x000000008c500000|  0%| F|  |TAMS 0x000000008c400000| PB 0x000000008c400000| Untracked 
|  95|0x000000008c500000, 0x000000008c500000, 0x000000008c600000|  0%| F|  |TAMS 0x000000008c500000| PB 0x000000008c500000| Untracked 
|  96|0x000000008c600000, 0x000000008c700000, 0x000000008c700000|100%| S|  |TAMS 0x000000008c600000| PB 0x000000008c600000| Complete 
|  97|0x000000008c700000, 0x000000008c800000, 0x000000008c800000|100%| S|  |TAMS 0x000000008c700000| PB 0x000000008c700000| Complete 
|  98|0x000000008c800000, 0x000000008c900000, 0x000000008c900000|100%| S|  |TAMS 0x000000008c800000| PB 0x000000008c800000| Complete 
|  99|0x000000008c900000, 0x000000008ca00000, 0x000000008ca00000|100%| E|CS|TAMS 0x000000008c900000| PB 0x000000008c900000| Complete 
| 100|0x000000008ca00000, 0x000000008cb00000, 0x000000008cb00000|100%| E|CS|TAMS 0x000000008ca00000| PB 0x000000008ca00000| Complete 
| 101|0x000000008cb00000, 0x000000008cc00000, 0x000000008cc00000|100%| E|CS|TAMS 0x000000008cb00000| PB 0x000000008cb00000| Complete 
| 102|0x000000008cc00000, 0x000000008cd00000, 0x000000008cd00000|100%| E|CS|TAMS 0x000000008cc00000| PB 0x000000008cc00000| Complete 
| 103|0x000000008cd00000, 0x000000008ce00000, 0x000000008ce00000|100%| E|CS|TAMS 0x000000008cd00000| PB 0x000000008cd00000| Complete 
| 104|0x000000008ce00000, 0x000000008cf00000, 0x000000008cf00000|100%| E|CS|TAMS 0x000000008ce00000| PB 0x000000008ce00000| Complete 
| 105|0x000000008cf00000, 0x000000008d000000, 0x000000008d000000|100%| E|CS|TAMS 0x000000008cf00000| PB 0x000000008cf00000| Complete 
| 106|0x000000008d000000, 0x000000008d100000, 0x000000008d100000|100%| E|CS|TAMS 0x000000008d000000| PB 0x000000008d000000| Complete 
| 107|0x000000008d100000, 0x000000008d200000, 0x000000008d200000|100%| E|CS|TAMS 0x000000008d100000| PB 0x000000008d100000| Complete 
| 108|0x000000008d200000, 0x000000008d300000, 0x000000008d300000|100%| E|CS|TAMS 0x000000008d200000| PB 0x000000008d200000| Complete 
| 109|0x000000008d300000, 0x000000008d400000, 0x000000008d400000|100%| E|CS|TAMS 0x000000008d300000| PB 0x000000008d300000| Complete 
| 110|0x000000008d400000, 0x000000008d500000, 0x000000008d500000|100%| E|CS|TAMS 0x000000008d400000| PB 0x000000008d400000| Complete 
| 111|0x000000008d500000, 0x000000008d600000, 0x000000008d600000|100%| E|CS|TAMS 0x000000008d500000| PB 0x000000008d500000| Complete 
| 112|0x000000008d600000, 0x000000008d700000, 0x000000008d700000|100%| E|CS|TAMS 0x000000008d600000| PB 0x000000008d600000| Complete 
| 113|0x000000008d700000, 0x000000008d800000, 0x000000008d800000|100%| E|CS|TAMS 0x000000008d700000| PB 0x000000008d700000| Complete 
| 114|0x000000008d800000, 0x000000008d900000, 0x000000008d900000|100%| E|CS|TAMS 0x000000008d800000| PB 0x000000008d800000| Complete 
| 115|0x000000008d900000, 0x000000008da00000, 0x000000008da00000|100%| E|CS|TAMS 0x000000008d900000| PB 0x000000008d900000| Complete 
| 116|0x000000008da00000, 0x000000008db00000, 0x000000008db00000|100%| E|CS|TAMS 0x000000008da00000| PB 0x000000008da00000| Complete 
| 117|0x000000008db00000, 0x000000008dc00000, 0x000000008dc00000|100%| E|CS|TAMS 0x000000008db00000| PB 0x000000008db00000| Complete 
| 118|0x000000008dc00000, 0x000000008dd00000, 0x000000008dd00000|100%| E|CS|TAMS 0x000000008dc00000| PB 0x000000008dc00000| Complete 
| 119|0x000000008dd00000, 0x000000008de00000, 0x000000008de00000|100%| E|CS|TAMS 0x000000008dd00000| PB 0x000000008dd00000| Complete 
| 120|0x000000008de00000, 0x000000008df00000, 0x000000008df00000|100%| E|CS|TAMS 0x000000008de00000| PB 0x000000008de00000| Complete 
| 121|0x000000008df00000, 0x000000008e000000, 0x000000008e000000|100%| E|CS|TAMS 0x000000008df00000| PB 0x000000008df00000| Complete 
|1944|0x00000000ffe00000, 0x00000000fff00000, 0x00000000fff00000|100%| O|  |TAMS 0x00000000ffe00000| PB 0x00000000ffe00000| Untracked 
|1945|0x00000000fff00000, 0x00000000fff0c840, 0x0000000100000000|  4%| O|  |TAMS 0x00000000fff00000| PB 0x00000000fff00000| Untracked 

Card table byte_map: [0x0000764f06600000,0x0000764f069cd000] _byte_map_base: 0x0000764f061cd000

Marking Bits: (CMBitMap*) 0x0000764f00071c60
 Bits: [0x0000764f04600000, 0x0000764f06468000)

Polling page: 0x0000764f09883000

Metaspace:

Usage:
  Non-class:      4.98 MB used.
      Class:    686.30 KB used.
       Both:      5.65 MB used.

Virtual space:
  Non-class space:       64.00 MB reserved,       5.06 MB (  8%) committed,  1 nodes.
      Class space:        1.00 GB reserved,     768.00 KB ( <1%) committed,  1 nodes.
             Both:        1.06 GB reserved,       5.81 MB ( <1%) committed. 

Chunk freelists:
   Non-Class:  9.14 MB
       Class:  15.27 MB
        Both:  24.41 MB

MaxMetaspaceSize: unlimited
CompressedClassSpaceSize: 1.00 GB
Initial GC threshold: 21.00 MB
Current GC threshold: 21.00 MB
CDS: on
 - commit_granule_bytes: 65536.
 - commit_granule_words: 8192.
 - virtual_space_node_default_size: 8388608.
 - enlarge_chunks_in_place: 1.
 - use_allocation_guard: 0.


Internal statistics:

num_allocs_failed_limit: 0.
num_arena_births: 58.
num_arena_deaths: 0.
num_vsnodes_births: 2.
num_vsnodes_deaths: 0.
num_space_committed: 93.
num_space_uncommitted: 0.
num_chunks_returned_to_freelist: 0.
num_chunks_taken_from_freelist: 231.
num_chunk_merges: 0.
num_chunk_splits: 140.
num_chunks_enlarged: 113.
num_inconsistent_stats: 0.

CodeHeap 'non-profiled nmethods': size=120028Kb used=369Kb max_used=369Kb free=119658Kb
 bounds [0x0000764ef02c9000, 0x0000764ef0539000, 0x0000764ef7800000]
CodeHeap 'profiled nmethods': size=120028Kb used=2042Kb max_used=2042Kb free=117985Kb
 bounds [0x0000764ee8800000, 0x0000764ee8a70000, 0x0000764eefd37000]
CodeHeap 'non-nmethods': size=5704Kb used=1342Kb max_used=1398Kb free=4362Kb
 bounds [0x0000764eefd37000, 0x0000764eeffa7000, 0x0000764ef02c9000]
CodeCache: size=245760Kb, used=3753Kb, max_used=3809Kb, free=242005Kb
 total_blobs=1512, nmethods=1049, adapters=369, full_count=0
Compilation: enabled, stopped_count=0, restarted_count=0

Compilation events (20 events):
Event: 0.379 Thread 0x0000764f0015bd60 1061       2       org.eclipse.sisu.plexus.PlexusXmlScanner::TEXT (10 bytes)
Event: 0.380 Thread 0x0000764f0015bd60 nmethod 1061 0x0000764ee89fab10 code [0x0000764ee89face0, 0x0000764ee89faea0]
Event: 0.380 Thread 0x0000764f0015bd60 1062       2       org.codehaus.plexus.util.xml.pull.MXParser::nextText (103 bytes)
Event: 0.380 Thread 0x0000764f0015bd60 nmethod 1062 0x0000764ee89fb010 code [0x0000764ee89fb280, 0x0000764ee89fb988]
Event: 0.380 Thread 0x0000764f0015bd60 1063   !   3       sun.nio.cs.StreamDecoder::read (78 bytes)
Event: 0.381 Thread 0x0000764f0015bd60 nmethod 1063 0x0000764ee89fbd10 code [0x0000764ee89fbfc0, 0x0000764ee89fce78]
Event: 0.381 Thread 0x0000764f0015bd60 1064       3       sun.nio.cs.StreamDecoder::lockedRead (189 bytes)
Event: 0.381 Thread 0x0000764f0015a6a0 nmethod 1034 0x0000764ef0324590 code [0x0000764ef0324700, 0x0000764ef03248f8]
Event: 0.381 Thread 0x0000764f0015a6a0 1065       4       jdk.internal.misc.InternalLock::unlock (8 bytes)
Event: 0.381 Thread 0x0000764f0015bd60 nmethod 1064 0x0000764ee89fd390 code [0x0000764ee89fd600, 0x0000764ee89fe058]
Event: 0.382 Thread 0x0000764f0015a6a0 nmethod 1065 0x0000764ef0324a10 code [0x0000764ef0324ba0, 0x0000764ef0324d80]
Event: 0.382 Thread 0x0000764f0015a6a0 1066       4       jdk.internal.misc.InternalLock::lock (8 bytes)
Event: 0.383 Thread 0x0000764f0015a6a0 nmethod 1066 0x0000764ef0324f10 code [0x0000764ef03250a0, 0x0000764ef0325320]
Event: 0.383 Thread 0x0000764f0015a6a0 1067       4       sun.nio.cs.StreamDecoder::ensureOpen (18 bytes)
Event: 0.383 Thread 0x0000764f0015a6a0 nmethod 1067 0x0000764ef0325490 code [0x0000764ef0325600, 0x0000764ef03256a8]
Event: 0.383 Thread 0x0000764f0015a6a0 1019       4       org.codehaus.plexus.util.xml.XmlReader::read (11 bytes)
Event: 0.384 Thread 0x0000764f0015bd60 1068       2       java.util.Collections::emptyMap (4 bytes)
Event: 0.384 Thread 0x0000764f0015bd60 nmethod 1068 0x0000764ee89fe390 code [0x0000764ee89fe520, 0x0000764ee89fe608]
Event: 0.384 Thread 0x0000764f0015bd60 1069       2       java.util.HashMap::isEmpty (13 bytes)
Event: 0.384 Thread 0x0000764f0015bd60 nmethod 1069 0x0000764ee89fe690 code [0x0000764ee89fe820, 0x0000764ee89fe930]

GC Heap History (1 events):
Event: 0.385 GC heap before
{Heap before GC invocations=0 (full 0):
 garbage-first heap   total 126976K, used 23602K [0x0000000086600000, 0x0000000100000000)
  region size 1024K, 23 young (23552K), 0 survivors (0K)
 Metaspace       used 5783K, committed 5952K, reserved 1114112K
  class space    used 686K, committed 768K, reserved 1048576K
}

Dll operation events (8 events):
Event: 0.001 Loaded shared library /usr/lib/jvm/java-21-openjdk-amd64/lib/libjava.so
Event: 0.019 Loaded shared library /usr/lib/jvm/java-21-openjdk-amd64/lib/libjsvml.so
Event: 0.025 Loaded shared library /usr/lib/jvm/java-21-openjdk-amd64/lib/libnio.so
Event: 0.027 Loaded shared library /usr/lib/jvm/java-21-openjdk-amd64/lib/libzip.so
Event: 0.033 Loaded shared library /usr/lib/jvm/java-21-openjdk-amd64/lib/libnet.so
Event: 0.101 Loaded shared library /usr/lib/jvm/java-21-openjdk-amd64/lib/libjimage.so
Event: 0.108 Loaded shared library /tmp/jansi-2.4.1-63558b0272ee7078-libjansi.so
Event: 0.114 Loaded shared library /usr/lib/jvm/java-21-openjdk-amd64/lib/libverify.so

Deoptimization events (20 events):
Event: 0.352 Thread 0x0000764f00019760 Uncommon trap: trap_request=0xffffffde fr.pc=0x0000764ef02ffff0 relative=0x00000000000004f0
Event: 0.352 Thread 0x0000764f00019760 Uncommon trap: reason=class_check action=maybe_recompile pc=0x0000764ef02ffff0 method=java.util.regex.Matcher.search(I)Z @ 121 c2
Event: 0.352 Thread 0x0000764f00019760 DEOPT PACKING pc=0x0000764ef02ffff0 sp=0x0000764f07bfd5a0
Event: 0.352 Thread 0x0000764f00019760 DEOPT UNPACKING pc=0x0000764eefd8af99 sp=0x0000764f07bfd580 mode 2
Event: 0.370 Thread 0x0000764f00019760 Uncommon trap: trap_request=0xffffffde fr.pc=0x0000764ef02ffff0 relative=0x00000000000004f0
Event: 0.370 Thread 0x0000764f00019760 Uncommon trap: reason=class_check action=maybe_recompile pc=0x0000764ef02ffff0 method=java.util.regex.Matcher.search(I)Z @ 121 c2
Event: 0.370 Thread 0x0000764f00019760 DEOPT PACKING pc=0x0000764ef02ffff0 sp=0x0000764f07bfd5a0
Event: 0.370 Thread 0x0000764f00019760 DEOPT UNPACKING pc=0x0000764eefd8af99 sp=0x0000764f07bfd580 mode 2
Event: 0.371 Thread 0x0000764f00019760 Uncommon trap: trap_request=0xffffffde fr.pc=0x0000764ef02ffff0 relative=0x00000000000004f0
Event: 0.371 Thread 0x0000764f00019760 Uncommon trap: reason=class_check action=maybe_recompile pc=0x0000764ef02ffff0 method=java.util.regex.Matcher.search(I)Z @ 121 c2
Event: 0.371 Thread 0x0000764f00019760 DEOPT PACKING pc=0x0000764ef02ffff0 sp=0x0000764f07bfd5a0
Event: 0.371 Thread 0x0000764f00019760 DEOPT UNPACKING pc=0x0000764eefd8af99 sp=0x0000764f07bfd580 mode 2
Event: 0.380 Thread 0x0000764f00019760 Uncommon trap: trap_request=0xffffff45 fr.pc=0x0000764ef031d6b8 relative=0x0000000000001858
Event: 0.380 Thread 0x0000764f00019760 Uncommon trap: reason=unstable_if action=reinterpret pc=0x0000764ef031d6b8 method=java.nio.charset.CoderResult.isOverflow()Z @ 5 c2
Event: 0.380 Thread 0x0000764f00019760 DEOPT PACKING pc=0x0000764ef031d6b8 sp=0x0000764f07bfd100
Event: 0.380 Thread 0x0000764f00019760 DEOPT UNPACKING pc=0x0000764eefd8af99 sp=0x0000764f07bfcc80 mode 2
Event: 0.380 Thread 0x0000764f00019760 Uncommon trap: trap_request=0xffffff45 fr.pc=0x0000764ef032185c relative=0x000000000000167c
Event: 0.380 Thread 0x0000764f00019760 Uncommon trap: reason=unstable_if action=reinterpret pc=0x0000764ef032185c method=java.nio.charset.CoderResult.isOverflow()Z @ 5 c2
Event: 0.380 Thread 0x0000764f00019760 DEOPT PACKING pc=0x0000764ef032185c sp=0x0000764f07bfd030
Event: 0.380 Thread 0x0000764f00019760 DEOPT UNPACKING pc=0x0000764eefd8af99 sp=0x0000764f07bfcc80 mode 2

Classes loaded (20 events):
Event: 0.334 Loading class java/util/concurrent/TimeoutException
Event: 0.334 Loading class java/util/concurrent/TimeoutException done
Event: 0.334 Loading class java/util/concurrent/CancellationException
Event: 0.334 Loading class java/util/concurrent/CancellationException done
Event: 0.334 Loading class java/security/PrivilegedActionException
Event: 0.334 Loading class java/security/PrivilegedActionException done
Event: 0.334 Loading class sun/misc/Unsafe
Event: 0.334 Loading class sun/misc/Unsafe done
Event: 0.335 Loading class java/lang/invoke/DirectMethodHandle$StaticAccessor
Event: 0.335 Loading class java/lang/invoke/DirectMethodHandle$StaticAccessor done
Event: 0.337 Loading class java/lang/reflect/ParameterizedType
Event: 0.337 Loading class java/lang/reflect/ParameterizedType done
Event: 0.339 Loading class java/lang/reflect/WildcardType
Event: 0.339 Loading class java/lang/reflect/WildcardType done
Event: 0.340 Loading class sun/reflect/generics/tree/TypeVariableSignature
Event: 0.340 Loading class sun/reflect/generics/tree/TypeVariableSignature done
Event: 0.347 Loading class java/lang/annotation/IncompleteAnnotationException
Event: 0.347 Loading class java/lang/annotation/IncompleteAnnotationException done
Event: 0.368 Loading class java/lang/foreign/MemorySegment
Event: 0.368 Loading class java/lang/foreign/MemorySegment done

Classes unloaded (0 events):
No events

Classes redefined (0 events):
No events

Internal exceptions (20 events):
Event: 0.109 Thread 0x0000764f00019760 Exception <a 'java/lang/NullPointerException'{0x000000008db6d9a0}> (0x000000008db6d9a0) 
thrown [./src/hotspot/share/interpreter/linkResolver.cpp, line 1372]
Event: 0.109 Thread 0x0000764f00019760 Exception <a 'java/lang/NullPointerException'{0x000000008db6dc80}> (0x000000008db6dc80) 
thrown [./src/hotspot/share/interpreter/linkResolver.cpp, line 1372]
Event: 0.109 Thread 0x0000764f00019760 Exception <a 'java/lang/NullPointerException'{0x000000008db6df60}> (0x000000008db6df60) 
thrown [./src/hotspot/share/interpreter/linkResolver.cpp, line 1372]
Event: 0.110 Thread 0x0000764f00019760 Exception <a 'java/lang/NullPointerException'{0x000000008db72e78}> (0x000000008db72e78) 
thrown [./src/hotspot/share/interpreter/linkResolver.cpp, line 1372]
Event: 0.111 Thread 0x0000764f00019760 Exception <a 'java/lang/NullPointerException'{0x000000008dbfd308}> (0x000000008dbfd308) 
thrown [./src/hotspot/share/interpreter/linkResolver.cpp, line 1372]
Event: 0.111 Thread 0x0000764f00019760 Exception <a 'java/lang/NullPointerException'{0x000000008dbfd5e8}> (0x000000008dbfd5e8) 
thrown [./src/hotspot/share/interpreter/linkResolver.cpp, line 1372]
Event: 0.111 Thread 0x0000764f00019760 Exception <a 'java/lang/NullPointerException'{0x000000008dbfd8c8}> (0x000000008dbfd8c8) 
thrown [./src/hotspot/share/interpreter/linkResolver.cpp, line 1372]
Event: 0.111 Thread 0x0000764f00019760 Exception <a 'java/lang/NullPointerException'{0x000000008dbfdc10}> (0x000000008dbfdc10) 
thrown [./src/hotspot/share/interpreter/linkResolver.cpp, line 1372]
Event: 0.119 Thread 0x0000764f00019760 Exception <a 'java/lang/NoSuchMethodError'{0x000000008da76120}: 'void java.lang.invoke.DirectMethodHandle$Holder.invokeStatic(java.lang.Object, java.lang.Object)'> (0x000000008da76120) 
thrown [./src/hotspot/share/interpreter/linkResolver.cpp, line 772]
Event: 0.119 Thread 0x0000764f00019760 Exception <a 'java/lang/NoSuchMethodError'{0x000000008da79530}: 'void java.lang.invoke.DirectMethodHandle$Holder.invokeStaticInit(java.lang.Object, java.lang.Object)'> (0x000000008da79530) 
thrown [./src/hotspot/share/interpreter/linkResolver.cpp, line 772]
Event: 0.125 Thread 0x0000764f00019760 Exception <a 'java/lang/NoSuchMethodError'{0x000000008dabca18}: 'void java.lang.invoke.DirectMethodHandle$Holder.invokeStatic(java.lang.Object, java.lang.Object, java.lang.Object)'> (0x000000008dabca18) 
thrown [./src/hotspot/share/interpreter/linkResolver.cpp, line 772]
Event: 0.161 Thread 0x0000764f00019760 Exception <a 'java/lang/NoSuchMethodError'{0x000000008d8592f0}: 'java.lang.Object java.lang.invoke.DirectMethodHandle$Holder.invokeSpecialIFC(java.lang.Object, java.lang.Object, java.lang.Object, java.lang.Object)'> (0x000000008d8592f0) 
thrown [./src/hotspot/share/interpreter/linkResolver.cpp, line 772]
Event: 0.273 Thread 0x0000764f00019760 Exception <a 'java/lang/NoSuchMethodError'{0x000000008d3cde68}: 'void java.lang.invoke.DirectMethodHandle$Holder.invokeSpecial(java.lang.Object, java.lang.Object, java.lang.Object)'> (0x000000008d3cde68) 
thrown [./src/hotspot/share/interpreter/linkResolver.cpp, line 772]
Event: 0.290 Thread 0x0000764f00019760 Exception <a 'java/lang/NoSuchMethodError'{0x000000008d122250}: 'java.lang.Object java.lang.invoke.DirectMethodHandle$Holder.invokeInterface(java.lang.Object, java.lang.Object)'> (0x000000008d122250) 
thrown [./src/hotspot/share/interpreter/linkResolver.cpp, line 772]
Event: 0.299 Thread 0x0000764f00019760 Exception <a 'java/lang/NoSuchMethodError'{0x000000008d1bd598}: 'int java.lang.invoke.DirectMethodHandle$Holder.invokeStatic(java.lang.Object, java.lang.Object, java.lang.Object, java.lang.Object)'> (0x000000008d1bd598) 
thrown [./src/hotspot/share/interpreter/linkResolver.cpp, line 772]
Event: 0.299 Thread 0x0000764f00019760 Exception <a 'java/lang/NoSuchMethodError'{0x000000008d1c0c68}: 'java.lang.Object java.lang.invoke.Invokers$Holder.invokeExact_MT(java.lang.Object, java.lang.Object, java.lang.Object, java.lang.Object, java.lang.Object, java.lang.Object)'> (0x000000008d1c0c68) 
thrown [./src/hotspot/share/interpreter/linkResolver.cpp, line 772]
Event: 0.301 Thread 0x0000764f00019760 Exception <a 'java/lang/NoSuchMethodError'{0x000000008d1cf628}: 'int java.lang.invoke.DirectMethodHandle$Holder.invokeSpecialIFC(java.lang.Object, java.lang.Object, java.lang.Object, java.lang.Object, java.lang.Object)'> (0x000000008d1cf628) 
thrown [./src/hotspot/share/interpreter/linkResolver.cpp, line 772]
Event: 0.328 Thread 0x0000764f00019760 Exception <a 'java/lang/NoSuchMethodError'{0x000000008cf58220}: 'java.lang.Object java.lang.invoke.DirectMethodHandle$Holder.newInvokeSpecial(java.lang.Object, java.lang.Object, java.lang.Object, java.lang.Object, java.lang.Object)'> (0x000000008cf58220) 
thrown [./src/hotspot/share/interpreter/linkResolver.cpp, line 772]
Event: 0.343 Thread 0x0000764f00019760 Exception <a 'java/lang/NoSuchMethodError'{0x000000008ce58298}: 'int java.lang.invoke.DirectMethodHandle$Holder.invokeStaticInit(java.lang.Object, java.lang.Object)'> (0x000000008ce58298) 
thrown [./src/hotspot/share/interpreter/linkResolver.cpp, line 772]
Event: 0.347 Thread 0x0000764f00019760 Exception <a 'java/lang/NoClassDefFoundError'{0x000000008ce8dcd0}: javax/enterprise/inject/Typed> (0x000000008ce8dcd0) 
thrown [./src/hotspot/share/classfile/systemDictionary.cpp, line 301]

ZGC Phase Switch (0 events):
No events

VM Operations (5 events):
Event: 0.104 Executing VM operation: HandshakeAllThreads (Deoptimize)
Event: 0.104 Executing VM operation: HandshakeAllThreads (Deoptimize) done
Event: 0.361 Executing VM operation: ICBufferFull
Event: 0.361 Executing VM operation: ICBufferFull done
Event: 0.385 Executing VM operation: G1CollectForAllocation (G1 Evacuation Pause)

Memory protections (13 events):
Event: 0.001 Protecting memory [0x0000764f07b00000,0x0000764f07b04000] with protection modes 0
Event: 0.018 Protecting memory [0x0000764ee1cfe000,0x0000764ee1d02000] with protection modes 0
Event: 0.018 Protecting memory [0x0000764ee1300000,0x0000764ee1304000] with protection modes 0
Event: 0.018 Protecting memory [0x0000764ee1200000,0x0000764ee1204000] with protection modes 0
Event: 0.018 Protecting memory [0x0000764ee1100000,0x0000764ee1104000] with protection modes 0
Event: 0.018 Protecting memory [0x0000764ee1000000,0x0000764ee1004000] with protection modes 0
Event: 0.019 Protecting memory [0x0000764ee0f00000,0x0000764ee0f04000] with protection modes 0
Event: 0.019 Protecting memory [0x0000764ee0e00000,0x0000764ee0e04000] with protection modes 0
Event: 0.022 Protecting memory [0x0000764ee0d00000,0x0000764ee0d04000] with protection modes 0
Event: 0.023 Protecting memory [0x0000764ee0c00000,0x0000764ee0c04000] with protection modes 0
Event: 0.101 Protecting memory [0x0000764ee0b00000,0x0000764ee0b04000] with protection modes 0
Event: 0.136 Protecting memory [0x0000764ee0b00000,0x0000764ee0b04000] with protection modes 0
Event: 0.364 Protecting memory [0x0000764ee0a00000,0x0000764ee0a04000] with protection modes 0

Nmethod flushes (0 events):
No events

Events (14 events):
Event: 0.010 Thread 0x0000764f00019760 Thread added: 0x0000764f00019760
Event: 0.018 Thread 0x0000764f00019760 Thread added: 0x0000764f00153280
Event: 0.018 Thread 0x0000764f00019760 Thread added: 0x0000764f001547f0
Event: 0.018 Thread 0x0000764f00019760 Thread added: 0x0000764f00155f80
Event: 0.018 Thread 0x0000764f00019760 Thread added: 0x0000764f001575c0
Event: 0.018 Thread 0x0000764f00019760 Thread added: 0x0000764f00158b60
Event: 0.019 Thread 0x0000764f00019760 Thread added: 0x0000764f0015a6a0
Event: 0.019 Thread 0x0000764f00019760 Thread added: 0x0000764f0015bd60
Event: 0.022 Thread 0x0000764f00019760 Thread added: 0x0000764f00167c00
Event: 0.023 Thread 0x0000764f00019760 Thread added: 0x0000764f0016af30
Event: 0.101 Thread 0x0000764f00019760 Thread added: 0x0000764f0037ad40
Event: 0.106 Thread 0x0000764f0037ad40 Thread exited: 0x0000764f0037ad40
Event: 0.136 Thread 0x0000764f0015bd60 Thread added: 0x0000764e500fcad0
Event: 0.364 Thread 0x0000764f0015bd60 Thread added: 0x0000764e501e8a60


Dynamic libraries:
86600000-8e000000 rw-p 00000000 00:00 0 
8e000000-ffe00000 ---p 00000000 00:00 0 
ffe00000-fff0d000 rw-p 00cdf000 08:25 2549391                            /usr/lib/jvm/java-21-openjdk-amd64/lib/server/classes.jsa
fff0d000-100000000 rw-p 00000000 00:00 0 
5a58c0b3e000-5a58c0b3f000 r--p 00000000 08:25 2148470                    /usr/lib/jvm/java-21-openjdk-amd64/bin/java
5a58c0b3f000-5a58c0b40000 r-xp 00001000 08:25 2148470                    /usr/lib/jvm/java-21-openjdk-amd64/bin/java
5a58c0b40000-5a58c0b41000 r--p 00002000 08:25 2148470                    /usr/lib/jvm/java-21-openjdk-amd64/bin/java
5a58c0b41000-5a58c0b42000 r--p 00002000 08:25 2148470                    /usr/lib/jvm/java-21-openjdk-amd64/bin/java
5a58c0b42000-5a58c0b43000 rw-p 00003000 08:25 2148470                    /usr/lib/jvm/java-21-openjdk-amd64/bin/java
5a58d658c000-5a58d65d3000 rw-p 00000000 00:00 0                          [heap]
764e30000000-764e30021000 rw-p 00000000 00:00 0 
764e30021000-764e34000000 ---p 00000000 00:00 0 
764e38000000-764e383de000 rw-p 00000000 00:00 0 
764e383de000-764e3c000000 ---p 00000000 00:00 0 
764e3c000000-764e3c37b000 rw-p 00000000 00:00 0 
764e3c37b000-764e40000000 ---p 00000000 00:00 0 
764e44000000-764e44021000 rw-p 00000000 00:00 0 
764e44021000-764e48000000 ---p 00000000 00:00 0 
764e48000000-764e48021000 rw-p 00000000 00:00 0 
764e48021000-764e4c000000 ---p 00000000 00:00 0 
764e50000000-764e50417000 rw-p 00000000 00:00 0 
764e50417000-764e54000000 ---p 00000000 00:00 0 
764e54000000-764e5450a000 rw-p 00000000 00:00 0 
764e5450a000-764e58000000 ---p 00000000 00:00 0 
764e5c000000-764e5c021000 rw-p 00000000 00:00 0 
764e5c021000-764e60000000 ---p 00000000 00:00 0 
764e60000000-764e60021000 rw-p 00000000 00:00 0 
764e60021000-764e64000000 ---p 00000000 00:00 0 
764e68000000-764e68021000 rw-p 00000000 00:00 0 
764e68021000-764e6c000000 ---p 00000000 00:00 0 
764e6c000000-764e6c021000 rw-p 00000000 00:00 0 
764e6c021000-764e70000000 ---p 00000000 00:00 0 
764e74000000-764e74021000 rw-p 00000000 00:00 0 
764e74021000-764e78000000 ---p 00000000 00:00 0 
764e78000000-764e78021000 rw-p 00000000 00:00 0 
764e78021000-764e7c000000 ---p 00000000 00:00 0 
764e80000000-764e80230000 rw-p 00000000 00:00 0 
764e80230000-764e80400000 ---p 00000000 00:00 0 
764e80400000-764e806e0000 rw-p 00000000 00:00 0 
764e806e0000-764e84000000 ---p 00000000 00:00 0 
764e84000000-764e84021000 rw-p 00000000 00:00 0 
764e84021000-764e88000000 ---p 00000000 00:00 0 
764e8b000000-764e8bca0000 rw-p 00001000 08:25 2549391                    /usr/lib/jvm/java-21-openjdk-amd64/lib/server/classes.jsa
764e8bca0000-764e8c000000 ---p 00000000 00:00 0 
764e8c000000-764e8c030000 rw-p 00000000 00:00 0 
764e8c030000-764e8c070000 rw-p 00000000 00:00 0 
764e8c070000-764e8c0c0000 rw-p 00000000 00:00 0 
764e8c0c0000-764ecc000000 ---p 00000000 00:00 0 
764ecc000000-764ecc021000 rw-p 00000000 00:00 0 
764ecc021000-764ed0000000 ---p 00000000 00:00 0 
764ed0000000-764ed0021000 rw-p 00000000 00:00 0 
764ed0021000-764ed4000000 ---p 00000000 00:00 0 
764ed7c00000-764ed7ee4000 rw-p 00000000 00:00 0 
764ed8000000-764ed8021000 rw-p 00000000 00:00 0 
764ed8021000-764edc000000 ---p 00000000 00:00 0 
764edc000000-764edc021000 rw-p 00000000 00:00 0 
764edc021000-764ee0000000 ---p 00000000 00:00 0 
764ee047e000-764ee0600000 rw-p 00000000 00:00 0 
764ee0600000-764ee0603000 r-xp 00000000 08:25 2261892                    /tmp/jansi-2.4.1-63558b0272ee7078-libjansi.so
764ee0603000-764ee0802000 ---p 00003000 08:25 2261892                    /tmp/jansi-2.4.1-63558b0272ee7078-libjansi.so
764ee0802000-764ee0803000 r--p 00002000 08:25 2261892                    /tmp/jansi-2.4.1-63558b0272ee7078-libjansi.so
764ee0803000-764ee0804000 rw-p 00003000 08:25 2261892                    /tmp/jansi-2.4.1-63558b0272ee7078-libjansi.so
764ee08ff000-764ee0900000 ---p 00000000 00:00 0 
764ee0900000-764ee0a00000 rw-p 00000000 00:00 0 
764ee0a00000-764ee0a04000 ---p 00000000 00:00 0 
764ee0a04000-764ee0b00000 rw-p 00000000 00:00 0 
764ee0b00000-764ee0b04000 ---p 00000000 00:00 0 
764ee0b04000-764ee0c00000 rw-p 00000000 00:00 0 
764ee0c00000-764ee0c04000 ---p 00000000 00:00 0 
764ee0c04000-764ee0d00000 rw-p 00000000 00:00 0 
764ee0d00000-764ee0d04000 ---p 00000000 00:00 0 
764ee0d04000-764ee0e00000 rw-p 00000000 00:00 0 
764ee0e00000-764ee0e04000 ---p 00000000 00:00 0 
764ee0e04000-764ee0f00000 rw-p 00000000 00:00 0 
764ee0f00000-764ee0f04000 ---p 00000000 00:00 0 
764ee0f04000-764ee1000000 rw-p 00000000 00:00 0 
764ee1000000-764ee1004000 ---p 00000000 00:00 0 
764ee1004000-764ee1100000 rw-p 00000000 00:00 0 
764ee1100000-764ee1104000 ---p 00000000 00:00 0 
764ee1104000-764ee1200000 rw-p 00000000 00:00 0 
764ee1200000-764ee1204000 ---p 00000000 00:00 0 
764ee1204000-764ee1300000 rw-p 00000000 00:00 0 
764ee1300000-764ee1304000 ---p 00000000 00:00 0 
764ee1304000-764ee1400000 rw-p 00000000 00:00 0 
764ee1400000-764ee1c03000 r--p 00000000 08:25 1835695                    /usr/lib/locale/locale-archive
764ee1cfe000-764ee1d02000 ---p 00000000 00:00 0 
764ee1d02000-764ee1dfe000 rw-p 00000000 00:00 0 
764ee1dfe000-764ee1dff000 ---p 00000000 00:00 0 
764ee1dff000-764ee1eff000 rw-p 00000000 00:00 0 
764ee1eff000-764ee1f00000 ---p 00000000 00:00 0 
764ee1f00000-764ee2000000 rw-p 00000000 00:00 0 
764ee2000000-764ee4027000 rw-p 00000000 00:00 0 
764ee4027000-764ee8000000 ---p 00000000 00:00 0 
764ee8028000-764ee802d000 r--p 00000000 08:25 2549357                    /usr/lib/jvm/java-21-openjdk-amd64/lib/libjsvml.so
764ee802d000-764ee806e000 r-xp 00005000 08:25 2549357                    /usr/lib/jvm/java-21-openjdk-amd64/lib/libjsvml.so
764ee806e000-764ee80f7000 r--p 00046000 08:25 2549357                    /usr/lib/jvm/java-21-openjdk-amd64/lib/libjsvml.so
764ee80f7000-764ee80f8000 r--p 000ce000 08:25 2549357                    /usr/lib/jvm/java-21-openjdk-amd64/lib/libjsvml.so
764ee80f8000-764ee80f9000 rw-p 000cf000 08:25 2549357                    /usr/lib/jvm/java-21-openjdk-amd64/lib/libjsvml.so
764ee80f9000-764ee80fa000 ---p 00000000 00:00 0 
764ee80fa000-764ee81fa000 rw-p 00000000 00:00 0 
764ee81fa000-764ee81fb000 ---p 00000000 00:00 0 
764ee81fb000-764ee82fb000 rw-p 00000000 00:00 0 
764ee82fb000-764ee8800000 rw-p 00000000 00:00 0 
764ee8800000-764ee8a70000 rwxp 00000000 00:00 0 
764ee8a70000-764eefd37000 ---p 00000000 00:00 0 
764eefd37000-764eeffa7000 rwxp 00000000 00:00 0 
764eeffa7000-764ef02c9000 ---p 00000000 00:00 0 
764ef02c9000-764ef0539000 rwxp 00000000 00:00 0 
764ef0539000-764ef7800000 ---p 00000000 00:00 0 
764ef7800000-764effe34000 r--s 00000000 08:25 2549389                    /usr/lib/jvm/java-21-openjdk-amd64/lib/modules
764effeff000-764f006a1000 rw-p 00000000 00:00 0 
764f006a1000-764f04000000 ---p 00000000 00:00 0 
764f0407a000-764f044ff000 rw-p 00000000 00:00 0 
764f044ff000-764f04500000 ---p 00000000 00:00 0 
764f04500000-764f04600000 rw-p 00000000 00:00 0 
764f04600000-764f047e8000 rw-p 00000000 00:00 0 
764f047e8000-764f06460000 ---p 00000000 00:00 0 
764f06460000-764f06468000 rw-p 00000000 00:00 0 
764f064a4000-764f064ff000 rw-p 00000000 00:00 0 
764f064ff000-764f06500000 ---p 00000000 00:00 0 
764f06500000-764f06600000 rw-p 00000000 00:00 0 
764f06600000-764f0663d000 rw-p 00000000 00:00 0 
764f0663d000-764f069cc000 ---p 00000000 00:00 0 
764f069cc000-764f069cd000 rw-p 00000000 00:00 0 
764f06a00000-764f06a3d000 rw-p 00000000 00:00 0 
764f06a3d000-764f06dcc000 ---p 00000000 00:00 0 
764f06dcc000-764f06dcd000 rw-p 00000000 00:00 0 
764f06e1f000-764f06e20000 ---p 00000000 00:00 0 
764f06e20000-764f06f20000 rw-p 00000000 00:00 0 
764f06f20000-764f0792f000 rw-p 00000000 00:00 0 
764f0792f000-764f07a15000 ---p 00000000 00:00 0 
764f07a15000-764f07a1a000 rw-p 00000000 00:00 0 
764f07a1a000-764f07b00000 ---p 00000000 00:00 0 
764f07b00000-764f07b04000 ---p 00000000 00:00 0 
764f07b04000-764f07c00000 rw-p 00000000 00:00 0 
764f07c00000-764f07c9d000 r--p 00000000 08:25 1869011                    /usr/lib/x86_64-linux-gnu/libstdc++.so.6.0.33
764f07c9d000-764f07de5000 r-xp 0009d000 08:25 1869011                    /usr/lib/x86_64-linux-gnu/libstdc++.so.6.0.33
764f07de5000-764f07e6c000 r--p 001e5000 08:25 1869011                    /usr/lib/x86_64-linux-gnu/libstdc++.so.6.0.33
764f07e6c000-764f07e77000 r--p 0026b000 08:25 1869011                    /usr/lib/x86_64-linux-gnu/libstdc++.so.6.0.33
764f07e77000-764f07e7a000 rw-p 00276000 08:25 1869011                    /usr/lib/x86_64-linux-gnu/libstdc++.so.6.0.33
764f07e7a000-764f07e7e000 rw-p 00000000 00:00 0 
764f07e89000-764f07e8d000 r--p 00000000 08:25 2549385                    /usr/lib/jvm/java-21-openjdk-amd64/lib/libverify.so
764f07e8d000-764f07e94000 r-xp 00004000 08:25 2549385                    /usr/lib/jvm/java-21-openjdk-amd64/lib/libverify.so
764f07e94000-764f07e96000 r--p 0000b000 08:25 2549385                    /usr/lib/jvm/java-21-openjdk-amd64/lib/libverify.so
764f07e96000-764f07e98000 r--p 0000c000 08:25 2549385                    /usr/lib/jvm/java-21-openjdk-amd64/lib/libverify.so
764f07e98000-764f07e99000 rw-p 0000e000 08:25 2549385                    /usr/lib/jvm/java-21-openjdk-amd64/lib/libverify.so
764f07e99000-764f07f17000 rw-p 00000000 00:00 0 
764f07f17000-764f07f27000 r--p 00000000 08:25 1838280                    /usr/lib/x86_64-linux-gnu/libm.so.6
764f07f27000-764f07fa6000 r-xp 00010000 08:25 1838280                    /usr/lib/x86_64-linux-gnu/libm.so.6
764f07fa6000-764f07ffe000 r--p 0008f000 08:25 1838280                    /usr/lib/x86_64-linux-gnu/libm.so.6
764f07ffe000-764f07fff000 r--p 000e7000 08:25 1838280                    /usr/lib/x86_64-linux-gnu/libm.so.6
764f07fff000-764f08000000 rw-p 000e8000 08:25 1838280                    /usr/lib/x86_64-linux-gnu/libm.so.6
764f08000000-764f082a2000 r--p 00000000 08:25 2549397                    /usr/lib/jvm/java-21-openjdk-amd64/lib/server/libjvm.so
764f082a2000-764f09118000 r-xp 002a2000 08:25 2549397                    /usr/lib/jvm/java-21-openjdk-amd64/lib/server/libjvm.so
764f09118000-764f093f2000 r--p 01118000 08:25 2549397                    /usr/lib/jvm/java-21-openjdk-amd64/lib/server/libjvm.so
764f093f2000-764f094c6000 r--p 013f2000 08:25 2549397                    /usr/lib/jvm/java-21-openjdk-amd64/lib/server/libjvm.so
764f094c6000-764f094f6000 rw-p 014c6000 08:25 2549397                    /usr/lib/jvm/java-21-openjdk-amd64/lib/server/libjvm.so
764f094f6000-764f0955c000 rw-p 00000000 00:00 0 
764f09563000-764f0956a000 r--s 00000000 08:25 1838266                    /usr/lib/x86_64-linux-gnu/gconv/gconv-modules.cache
764f0956a000-764f0956d000 r--p 00000000 08:25 2549371                    /usr/lib/jvm/java-21-openjdk-amd64/lib/libnet.so
764f0956d000-764f09575000 r-xp 00003000 08:25 2549371                    /usr/lib/jvm/java-21-openjdk-amd64/lib/libnet.so
764f09575000-764f09577000 r--p 0000b000 08:25 2549371                    /usr/lib/jvm/java-21-openjdk-amd64/lib/libnet.so
764f09577000-764f09578000 r--p 0000c000 08:25 2549371                    /usr/lib/jvm/java-21-openjdk-amd64/lib/libnet.so
764f09578000-764f09579000 rw-p 0000d000 08:25 2549371                    /usr/lib/jvm/java-21-openjdk-amd64/lib/libnet.so
764f09579000-764f09580000 r--p 00000000 08:25 2549373                    /usr/lib/jvm/java-21-openjdk-amd64/lib/libnio.so
764f09580000-764f09589000 r-xp 00007000 08:25 2549373                    /usr/lib/jvm/java-21-openjdk-amd64/lib/libnio.so
764f09589000-764f0958d000 r--p 00010000 08:25 2549373                    /usr/lib/jvm/java-21-openjdk-amd64/lib/libnio.so
764f0958d000-764f0958e000 r--p 00014000 08:25 2549373                    /usr/lib/jvm/java-21-openjdk-amd64/lib/libnio.so
764f0958e000-764f0958f000 rw-p 00015000 08:25 2549373                    /usr/lib/jvm/java-21-openjdk-amd64/lib/libnio.so
764f0958f000-764f095d5000 rw-p 00000000 00:00 0 
764f095d5000-764f095dc000 ---p 00000000 00:00 0 
764f095dc000-764f095e9000 r--p 00000000 08:25 2549343                    /usr/lib/jvm/java-21-openjdk-amd64/lib/libjava.so
764f095e9000-764f095f8000 r-xp 0000d000 08:25 2549343                    /usr/lib/jvm/java-21-openjdk-amd64/lib/libjava.so
764f095f8000-764f095fd000 r--p 0001c000 08:25 2549343                    /usr/lib/jvm/java-21-openjdk-amd64/lib/libjava.so
764f095fd000-764f095fe000 r--p 00021000 08:25 2549343                    /usr/lib/jvm/java-21-openjdk-amd64/lib/libjava.so
764f095fe000-764f095ff000 rw-p 00022000 08:25 2549343                    /usr/lib/jvm/java-21-openjdk-amd64/lib/libjava.so
764f095ff000-764f09600000 rw-p 00000000 00:00 0 
764f09600000-764f09628000 r--p 00000000 08:25 1838277                    /usr/lib/x86_64-linux-gnu/libc.so.6
764f09628000-764f097b0000 r-xp 00028000 08:25 1838277                    /usr/lib/x86_64-linux-gnu/libc.so.6
764f097b0000-764f097ff000 r--p 001b0000 08:25 1838277                    /usr/lib/x86_64-linux-gnu/libc.so.6
764f097ff000-764f09803000 r--p 001fe000 08:25 1838277                    /usr/lib/x86_64-linux-gnu/libc.so.6
764f09803000-764f09805000 rw-p 00202000 08:25 1838277                    /usr/lib/x86_64-linux-gnu/libc.so.6
764f09805000-764f09812000 rw-p 00000000 00:00 0 
764f09812000-764f09814000 r--p 00000000 08:25 2549387                    /usr/lib/jvm/java-21-openjdk-amd64/lib/libzip.so
764f09814000-764f09819000 r-xp 00002000 08:25 2549387                    /usr/lib/jvm/java-21-openjdk-amd64/lib/libzip.so
764f09819000-764f0981b000 r--p 00007000 08:25 2549387                    /usr/lib/jvm/java-21-openjdk-amd64/lib/libzip.so
764f0981b000-764f0981c000 r--p 00008000 08:25 2549387                    /usr/lib/jvm/java-21-openjdk-amd64/lib/libzip.so
764f0981c000-764f0981d000 rw-p 00009000 08:25 2549387                    /usr/lib/jvm/java-21-openjdk-amd64/lib/libzip.so
764f0981d000-764f09821000 r--p 00000000 08:25 1868124                    /usr/lib/x86_64-linux-gnu/libgcc_s.so.1
764f09821000-764f09845000 r-xp 00004000 08:25 1868124                    /usr/lib/x86_64-linux-gnu/libgcc_s.so.1
764f09845000-764f09849000 r--p 00028000 08:25 1868124                    /usr/lib/x86_64-linux-gnu/libgcc_s.so.1
764f09849000-764f0984a000 r--p 0002b000 08:25 1868124                    /usr/lib/x86_64-linux-gnu/libgcc_s.so.1
764f0984a000-764f0984b000 rw-p 0002c000 08:25 1868124                    /usr/lib/x86_64-linux-gnu/libgcc_s.so.1
764f0984b000-764f0984d000 rw-p 00000000 00:00 0 
764f0984d000-764f0984f000 r--p 00000000 08:25 2549351                    /usr/lib/jvm/java-21-openjdk-amd64/lib/libjli.so
764f0984f000-764f09859000 r-xp 00002000 08:25 2549351                    /usr/lib/jvm/java-21-openjdk-amd64/lib/libjli.so
764f09859000-764f0985c000 r--p 0000c000 08:25 2549351                    /usr/lib/jvm/java-21-openjdk-amd64/lib/libjli.so
764f0985c000-764f0985d000 r--p 0000f000 08:25 2549351                    /usr/lib/jvm/java-21-openjdk-amd64/lib/libjli.so
764f0985d000-764f0985e000 rw-p 00010000 08:25 2549351                    /usr/lib/jvm/java-21-openjdk-amd64/lib/libjli.so
764f0985e000-764f09860000 r--p 00000000 08:25 1869333                    /usr/lib/x86_64-linux-gnu/libz.so.1.3
764f09860000-764f09872000 r-xp 00002000 08:25 1869333                    /usr/lib/x86_64-linux-gnu/libz.so.1.3
764f09872000-764f09878000 r--p 00014000 08:25 1869333                    /usr/lib/x86_64-linux-gnu/libz.so.1.3
764f09878000-764f09879000 r--p 0001a000 08:25 1869333                    /usr/lib/x86_64-linux-gnu/libz.so.1.3
764f09879000-764f0987a000 rw-p 0001b000 08:25 1869333                    /usr/lib/x86_64-linux-gnu/libz.so.1.3
764f0987b000-764f09883000 rw-s 00000000 08:25 180460                     /tmp/hsperfdata_edu/7212
764f09883000-764f09884000 ---p 00000000 00:00 0 
764f09884000-764f09885000 r--p 00000000 00:00 0 
764f09885000-764f09886000 ---p 00000000 00:00 0 
764f09886000-764f09888000 r--p 00000000 08:25 2549349                    /usr/lib/jvm/java-21-openjdk-amd64/lib/libjimage.so
764f09888000-764f0988b000 r-xp 00002000 08:25 2549349                    /usr/lib/jvm/java-21-openjdk-amd64/lib/libjimage.so
764f0988b000-764f0988c000 r--p 00005000 08:25 2549349                    /usr/lib/jvm/java-21-openjdk-amd64/lib/libjimage.so
764f0988c000-764f0988d000 r--p 00006000 08:25 2549349                    /usr/lib/jvm/java-21-openjdk-amd64/lib/libjimage.so
764f0988d000-764f0988e000 rw-p 00007000 08:25 2549349                    /usr/lib/jvm/java-21-openjdk-amd64/lib/libjimage.so
764f0988e000-764f09890000 rw-p 00000000 00:00 0 
764f09890000-764f09891000 r--p 00000000 08:25 1838274                    /usr/lib/x86_64-linux-gnu/ld-linux-x86-64.so.2
764f09891000-764f098bc000 r-xp 00001000 08:25 1838274                    /usr/lib/x86_64-linux-gnu/ld-linux-x86-64.so.2
764f098bc000-764f098c6000 r--p 0002c000 08:25 1838274                    /usr/lib/x86_64-linux-gnu/ld-linux-x86-64.so.2
764f098c6000-764f098c8000 r--p 00036000 08:25 1838274                    /usr/lib/x86_64-linux-gnu/ld-linux-x86-64.so.2
764f098c8000-764f098ca000 rw-p 00038000 08:25 1838274                    /usr/lib/x86_64-linux-gnu/ld-linux-x86-64.so.2
7ffff4b62000-7ffff4b83000 rw-p 00000000 00:00 0                          [stack]
7ffff4b90000-7ffff4b94000 r--p 00000000 00:00 0                          [vvar]
7ffff4b94000-7ffff4b96000 r-xp 00000000 00:00 0                          [vdso]
ffffffffff600000-ffffffffff601000 --xp 00000000 00:00 0                  [vsyscall]
Total number of mappings: 223

JVMTI agents: none


VM Arguments:
jvm_args: -Dclassworlds.conf=/usr/lib/apache-netbeans/java/maven/bin/m2.conf -Dmaven.home=/usr/lib/apache-netbeans/java/maven -Dlibrary.jansi.path=/usr/lib/apache-netbeans/java/maven/lib/jansi-native -Dmaven.multiModuleProjectDirectory=/home/edu/IPC2-2025/Games-app/rest-api-games 
java_command: org.codehaus.plexus.classworlds.launcher.Launcher -Dmaven.ext.class.path=/usr/lib/apache-netbeans/java/maven-nblib/netbeans-eventspy.jar --no-transfer-progress clean install
java_class_path (initial): /usr/lib/apache-netbeans/java/maven/boot/plexus-classworlds-2.8.0.jar
Launcher Type: SUN_STANDARD

[Global flags]
     intx CICompilerCount                          = 4                                         {product} {ergonomic}
     uint ConcGCThreads                            = 3                                         {product} {ergonomic}
     uint G1ConcRefinementThreads                  = 10                                        {product} {ergonomic}
   size_t G1HeapRegionSize                         = 1048576                                   {product} {ergonomic}
    uintx GCDrainStackTargetSize                   = 64                                        {product} {ergonomic}
   size_t InitialHeapSize                          = 127926272                                 {product} {ergonomic}
   size_t MarkStackSize                            = 4194304                                   {product} {ergonomic}
   size_t MaxHeapSize                              = 2040528896                                {product} {ergonomic}
   size_t MaxNewSize                               = 1223688192                                {product} {ergonomic}
   size_t MinHeapDeltaBytes                        = 1048576                                   {product} {ergonomic}
   size_t MinHeapSize                              = 8388608                                   {product} {ergonomic}
    uintx NonNMethodCodeHeapSize                   = 5839372                                {pd product} {ergonomic}
    uintx NonProfiledCodeHeapSize                  = 122909434                              {pd product} {ergonomic}
    uintx ProfiledCodeHeapSize                     = 122909434                              {pd product} {ergonomic}
    uintx ReservedCodeCacheSize                    = 251658240                              {pd product} {ergonomic}
     bool SegmentedCodeCache                       = true                                      {product} {ergonomic}
   size_t SoftMaxHeapSize                          = 2040528896                             {manageable} {ergonomic}
     bool UseCompressedOops                        = true                           {product lp64_product} {ergonomic}
     bool UseG1GC                                  = true                                      {product} {ergonomic}

Logging:
Log output configuration:
 #0: stdout all=warning uptime,level,tags foldmultilines=false
 #1: stderr all=off uptime,level,tags foldmultilines=false

Release file:
IMPLEMENTOR="Ubuntu"
JAVA_RUNTIME_VERSION="21.0.9+10-Ubuntu-124.04"
JAVA_VERSION="21.0.9"
JAVA_VERSION_DATE="2025-10-21"
LIBC="gnu"
MODULES="java.base java.compiler java.datatransfer java.xml java.prefs java.desktop java.instrument java.logging java.management java.security.sasl java.naming java.rmi java.management.rmi java.net.http java.scripting java.security.jgss java.transaction.xa java.sql java.sql.rowset java.xml.crypto java.se java.smartcardio jdk.accessibility jdk.internal.jvmstat jdk.attach jdk.charsets jdk.internal.opt jdk.zipfs jdk.compiler jdk.crypto.ec jdk.crypto.cryptoki jdk.dynalink jdk.internal.ed jdk.editpad jdk.hotspot.agent jdk.httpserver jdk.incubator.vector jdk.internal.le jdk.internal.vm.ci jdk.internal.vm.compiler jdk.internal.vm.compiler.management jdk.jartool jdk.javadoc jdk.jcmd jdk.management jdk.management.agent jdk.jconsole jdk.jdeps jdk.jdwp.agent jdk.jdi jdk.jfr jdk.jlink jdk.jpackage jdk.jshell jdk.jsobject jdk.jstatd jdk.localedata jdk.management.jfr jdk.naming.dns jdk.naming.rmi jdk.net jdk.nio.mapmode jdk.random jdk.sctp jdk.security.auth jdk.security.jgss jdk.unsupported jdk.unsupported.desktop jdk.xml.dom"
OS_ARCH="x86_64"
OS_NAME="Linux"
SOURCE=""

Environment Variables:
JAVA_HOME=/usr/lib/jvm/java-21-openjdk-amd64
PATH=/usr/local/sbin:/usr/local/bin:/usr/sbin:/usr/bin:/sbin:/bin:/usr/games:/usr/local/games:/snap/bin
SHELL=/bin/bash
DISPLAY=:0
LANG=es_GT.UTF-8

Active Locale:
LC_ALL=es_GT.UTF-8
LC_COLLATE=es_GT.UTF-8
LC_CTYPE=es_GT.UTF-8
LC_MESSAGES=es_GT.UTF-8
LC_MONETARY=es_GT.UTF-8
LC_NUMERIC=es_GT.UTF-8
LC_TIME=es_GT.UTF-8

Signal Handlers:
   SIGSEGV: crash_handler in libjvm.so, mask=11100100010111111101111111111110, flags=SA_RESTART|SA_SIGINFO, unblocked
    SIGBUS: crash_handler in libjvm.so, mask=11100100010111111101111111111110, flags=SA_RESTART|SA_SIGINFO, unblocked
    SIGFPE: crash_handler in libjvm.so, mask=11100100010111111101111111111110, flags=SA_RESTART|SA_SIGINFO, unblocked
   SIGPIPE: javaSignalHandler in libjvm.so, mask=11100100010111111101111111111110, flags=SA_RESTART|SA_SIGINFO, blocked
   SIGXFSZ: javaSignalHandler in libjvm.so, mask=11100100010111111101111111111110, flags=SA_RESTART|SA_SIGINFO, blocked
    SIGILL: crash_handler in libjvm.so, mask=11100100010111111101111111111110, flags=SA_RESTART|SA_SIGINFO, unblocked
   SIGUSR2: SR_handler in libjvm.so, mask=00000000000000000000000000000000, flags=SA_RESTART|SA_SIGINFO, blocked
    SIGHUP: UserHandler in libjvm.so, mask=11100100010111111101111111111110, flags=SA_RESTART|SA_SIGINFO, blocked
    SIGINT: SIG_IGN, mask=00000000000000000000000000000000, flags=none, blocked
   SIGTERM: UserHandler in libjvm.so, mask=11100100010111111101111111111110, flags=SA_RESTART|SA_SIGINFO, blocked
   SIGQUIT: UserHandler in libjvm.so, mask=11100100010111111101111111111110, flags=SA_RESTART|SA_SIGINFO, blocked
   SIGTRAP: crash_handler in libjvm.so, mask=11100100010111111101111111111110, flags=SA_RESTART|SA_SIGINFO, unblocked


Periodic native trim disabled

---------------  S Y S T E M  ---------------

OS:
DISTRIB_ID=LinuxMint
DISTRIB_RELEASE=22.1
DISTRIB_CODENAME=xia
DISTRIB_DESCRIPTION="Linux Mint 22.1 Xia"
uname: Linux 6.8.0-51-generic #52-Ubuntu SMP PREEMPT_DYNAMIC Thu Dec  5 13:09:44 UTC 2024 x86_64
OS uptime: 0 days 0:24 hours
libc: glibc 2.39 NPTL 2.39 
rlimit (soft/hard): STACK 8192k/infinity , CORE 0k/infinity , NPROC 30769/30769 , NOFILE 1048576/1048576 , AS infinity/infinity , CPU infinity/infinity , DATA infinity/infinity , FSIZE infinity/infinity , MEMLOCK 995356k/995356k
load average: 0.85 1.52 1.07

/proc/meminfo:
MemTotal:        7962872 kB
MemFree:          753936 kB
MemAvailable:    2585048 kB
Buffers:           76848 kB
Cached:          2336832 kB
SwapCached:        38500 kB
Active:          2087524 kB
Inactive:        4259540 kB
Active(anon):    1498936 kB
Inactive(anon):  2948952 kB
Active(file):     588588 kB
Inactive(file):  1310588 kB
Unevictable:      150912 kB
Mlocked:              96 kB
SwapTotal:      15997944 kB
SwapFree:       14340088 kB
Zswap:                 0 kB
Zswapped:              0 kB
Dirty:              1136 kB
Writeback:             0 kB
AnonPages:       4056468 kB
Mapped:           649856 kB
Shmem:            514504 kB
KReclaimable:     240396 kB
Slab:             408688 kB
SReclaimable:     240396 kB
SUnreclaim:       168292 kB
KernelStack:       22016 kB
PageTables:        71604 kB
SecPageTables:         0 kB
NFS_Unstable:          0 kB
Bounce:                0 kB
WritebackTmp:          0 kB
CommitLimit:    19979380 kB
Committed_AS:   32763032 kB
VmallocTotal:   34359738367 kB
VmallocUsed:       46504 kB
VmallocChunk:          0 kB
Percpu:             7728 kB
HardwareCorrupted:     0 kB
AnonHugePages:      2048 kB
ShmemHugePages:        0 kB
ShmemPmdMapped:        0 kB
FileHugePages:         0 kB
FilePmdMapped:         0 kB
Unaccepted:            0 kB
HugePages_Total:       0
HugePages_Free:        0
HugePages_Rsvd:        0
HugePages_Surp:        0
Hugepagesize:       2048 kB
Hugetlb:               0 kB
DirectMap4k:      193060 kB
DirectMap2M:     4884480 kB
DirectMap1G:     3145728 kB

/sys/kernel/mm/transparent_hugepage/enabled: always [madvise] never
/sys/kernel/mm/transparent_hugepage/hpage_pmd_size: 2097152
/sys/kernel/mm/transparent_hugepage/defrag (defrag/compaction efforts parameter): always defer defer+madvise [madvise] never

Process Memory:
Virtual Size: 4978096K (peak: 5040360K)
Resident Set Size: 99756K (peak: 99756K) (anon: 74756K, file: 25000K, shmem: 0K)
Swapped out: 0K
C-Heap outstanding allocations: 47124K, retained: 5155K
glibc malloc tunables: (default)

/proc/sys/kernel/threads-max (system-wide limit on the number of threads): 61539
/proc/sys/vm/max_map_count (maximum number of memory map areas a process may have): 1048576
/proc/sys/vm/swappiness (control to define how aggressively the kernel swaps out anonymous memory): 60
/proc/sys/kernel/pid_max (system-wide limit on number of process identifiers): 4194304

container information not found.
Steal ticks since vm start: 0
Steal ticks percentage since vm start:  0.000

CPU: total 12 (initial active 12) (6 cores per cpu, 2 threads per core) family 6 model 165 stepping 3 microcode 0x100, cx8, cmov, fxsr, ht, mmx, 3dnowpref, sse, sse2, sse3, ssse3, sse4.1, sse4.2, popcnt, lzcnt, tsc, tscinvbit, avx, avx2, aes, erms, clmul, bmi1, bmi2, adx, fma, vzeroupper, clflush, clflushopt, rdtscp, f16c
CPU Model and flags from /proc/cpuinfo:
model name	: Intel(R) Core(TM) i5-10400 CPU @ 2.90GHz
flags		: fpu vme de pse tsc msr pae mce cx8 apic sep mtrr pge mca cmov pat pse36 clflush dts acpi mmx fxsr sse sse2 ss ht tm pbe syscall nx pdpe1gb rdtscp lm constant_tsc art arch_perfmon pebs bts rep_good nopl xtopology nonstop_tsc cpuid aperfmperf pni pclmulqdq dtes64 monitor ds_cpl vmx est tm2 ssse3 sdbg fma cx16 xtpr pdcm pcid sse4_1 sse4_2 x2apic movbe popcnt tsc_deadline_timer aes xsave avx f16c rdrand lahf_lm abm 3dnowprefetch cpuid_fault epb ssbd ibrs ibpb stibp ibrs_enhanced tpr_shadow flexpriority ept vpid ept_ad fsgsbase tsc_adjust bmi1 avx2 smep bmi2 erms invpcid mpx rdseed adx smap clflushopt intel_pt xsaveopt xsavec xgetbv1 xsaves dtherm ida arat pln pts hwp hwp_notify hwp_act_window hwp_epp vnmi md_clear flush_l1d arch_capabilities

Online cpus: 0-11
Offline cpus: 
BIOS frequency limitation: <Not Available>
Frequency switch latency (ns): 0
Available cpu frequencies: <Not Available>
Current governor: powersave
Core performance/turbo boost: <Not Available>

Memory: 4k page, physical 7962872k(2585048k free), swap 15997944k(14340088k free)
Page Sizes: 4k

vm_info: OpenJDK 64-Bit Server VM (21.0.9+10-Ubuntu-124.04) for linux-amd64 JRE (21.0.9+10-Ubuntu-124.04), built on 2025-10-23T12:36:23Z by "buildd" with gcc 13.3.0

END.
