#
# A fatal error has been detected by the Java Runtime Environment:
#
#  SIGSEGV (0xb) at pc=0x00007e02500c1bd5, pid=8379, tid=8410
#
# JRE version: OpenJDK Runtime Environment (21.0.9+10) (build 21.0.9+10-Ubuntu-124.04)
# Java VM: OpenJDK 64-Bit Server VM (21.0.9+10-Ubuntu-124.04, mixed mode, sharing, tiered, compressed oops, compressed class ptrs, g1 gc, linux-amd64)
# Problematic frame:
# V  [libjvm.so+0xcc1bd5]  nmethod::fix_oop_relocations(unsigned char*, unsigned char*, bool)+0x475
#
# Core dump will be written. Default location: Core dumps may be processed with "/usr/lib/systemd/systemd-coredump %P %u %g %s %t 9223372036854775808 %h %d" (or dumping to /home/edu/IPC2-2025/Games-app/rest-api-games/core.8379)
#
# If you would like to submit a bug report, please visit:
#   https://bugs.launchpad.net/ubuntu/+source/openjdk-21
#

---------------  S U M M A R Y ------------

Command Line: -Dclassworlds.conf=/usr/lib/apache-netbeans/java/maven/bin/m2.conf -Dmaven.home=/usr/lib/apache-netbeans/java/maven -Dlibrary.jansi.path=/usr/lib/apache-netbeans/java/maven/lib/jansi-native -Dmaven.multiModuleProjectDirectory=/home/edu/IPC2-2025/Games-app/rest-api-games org.codehaus.plexus.classworlds.launcher.Launcher -Dmaven.ext.class.path=/usr/lib/apache-netbeans/java/maven-nblib/netbeans-eventspy.jar --no-transfer-progress clean install

Host: Intel(R) Core(TM) i5-10400 CPU @ 2.90GHz, 12 cores, 7G, Linux Mint 22.1 Xia
Time: Wed Dec 17 09:39:55 2025 CST elapsed time: 1.470742 seconds (0d 0h 0m 1s)

---------------  T H R E A D  ---------------

Current thread (0x00007e024815bd50):  JavaThread "C1 CompilerThread0" daemon [_thread_in_vm, id=8410, stack(0x00007e022c500000,0x00007e022c600000) (1024K)]


Current CompileTask:
C1:1470 3852       2       org.apache.maven.model.io.xpp3.MavenXpp3Reader::parseModel (1606 bytes)

Stack: [0x00007e022c500000,0x00007e022c600000],  sp=0x00007e022c5fdc10,  free space=1015k
Native frames: (J=compiled Java code, j=interpreted, Vv=VM code, C=native code)
V  [libjvm.so+0xcc1bd5]  nmethod::fix_oop_relocations(unsigned char*, unsigned char*, bool)+0x475
V  [libjvm.so+0xcc566c]  nmethod::nmethod(Method*, CompilerType, int, int, int, CodeOffsets*, int, DebugInformationRecorder*, Dependencies*, CodeBuffer*, int, OopMapSet*, ExceptionHandlerTable*, ImplicitExceptionTable*, AbstractCompiler*, CompLevel, char*, int, JVMCINMethodData*)+0x3bc
V  [libjvm.so+0xcc59fa]  nmethod::new_nmethod(methodHandle const&, int, int, CodeOffsets*, int, DebugInformationRecorder*, Dependencies*, CodeBuffer*, int, OopMapSet*, ExceptionHandlerTable*, ImplicitExceptionTable*, AbstractCompiler*, CompLevel, char*, int, JVMCINMethodData*)+0x1aa
V  [libjvm.so+0x5c4dea]  ciEnv::register_method(ciMethod*, int, CodeOffsets*, int, CodeBuffer*, int, OopMapSet*, ExceptionHandlerTable*, ImplicitExceptionTable*, AbstractCompiler*, bool, bool, bool, int, RTMState)+0x49a
V  [libjvm.so+0x4dd28d]  Compilation::install_code(int)+0xbd
V  [libjvm.so+0x4debed]  Compilation::compile_method()+0x2ad
V  [libjvm.so+0x4dee4b]  Compilation::Compilation(AbstractCompiler*, ciEnv*, ciMethod*, int, BufferBlob*, bool, DirectiveSet*)+0x1fb
V  [libjvm.so+0x4dfd2a]  Compiler::compile_method(ciEnv*, ciMethod*, int, bool, DirectiveSet*)+0xba
V  [libjvm.so+0x66fef3]  CompileBroker::invoke_compiler_on_method(CompileTask*)+0xc73
V  [libjvm.so+0x673118]  CompileBroker::compiler_thread_loop()+0x6d8
V  [libjvm.so+0x92b096]  JavaThread::thread_main_inner()+0x1e6
V  [libjvm.so+0xf8ee77]  Thread::call_run()+0xa7
V  [libjvm.so+0xd054f5]  thread_native_entry(Thread*)+0xd5
C  [libc.so.6+0x9caa4]

siginfo: si_signo: 11 (SIGSEGV), si_code: 1 (SEGV_MAPERR), si_addr: 0x00007e011434a990

Registers:
RAX=0x0000000000000000, RBX=0x00007e022c5fdc20, RCX=0x00007e024f84e3a0, RDX=0x00007e0230efa308
RSP=0x00007e022c5fdc10, RBP=0x00007e022c5fdcf0, RSI=0x0000000000000000, RDI=0x00007e011434a990
R8 =0x00007e02505c2634, R9 =0x0000000000000001, R10=0x00007e0194509e0a, R11=0x0000000000000000
R12=0x00007e022c5fdc90, R13=0x00007e0250900fa0, R14=0x00007e0250900000, R15=0x00007e0230efa309
RIP=0x00007e02500c1bd5, EFLAGS=0x0000000000010293, CSGSFS=0x002b000000000033, ERR=0x0000000000000004
  TRAPNO=0x000000000000000e

XMM[0]=0x0000000000000000 0x0000000000000000
XMM[1]=0x00bb48fffffffbe9 0x0000000000000000
XMM[2]=0x000000bb48ffffff 0xfbe9000000000000
XMM[3]=0x0000000000bb48ff 0xfffffbe900000000
XMM[4]=0x181c5e38e8f0e483 0x4800007e02505211
XMM[5]=0x0237e35ba9ba49f4 0x181c5e38e8f0e483
XMM[6]=0xfffffffbe9000000 0x0000000000bb48ff
XMM[7]=0xfffbe90000000000 0x000000bb48ffffff
XMM[8]=0xe900000000000000 0x00bb48fffffffbe9
XMM[9]=0x0e22121204020220 0x050415081304090f
XMM[10]=0x281504063e13040d 0x0d0e13150f0e2212
XMM[11]=0x9999999999999999 0x9999999999999999
XMM[12]=0x2020202020202020 0x2020202020202020
XMM[13]=0x0000000000000000 0x0000000000000000
XMM[14]=0x0000000000000000 0x0000000000000000
XMM[15]=0x0000000000000000 0x0000000000000000
  MXCSR=0x00001fa2


Register to memory mapping:

RAX=0x0 is null
RBX=0x00007e022c5fdc20 is pointing into the stack for thread: 0x00007e024815bd50
RCX=0x00007e024f84e3a0: <offset 0x000000000044e3a0> in /usr/lib/jvm/java-21-openjdk-amd64/lib/server/libjvm.so at 0x00007e024f400000
RDX=0x00007e0230efa308 is at entry_point+4680 in (nmethod*)0x00007e0230ef8510
Compiled method (c1) 1474 3852       2       org.apache.maven.model.io.xpp3.MavenXpp3Reader::parseModel (1606 bytes)
 total in heap  [0x00007e0230ef8510,0x00007e0230f001a8] = 31896
 relocation     [0x00007e0230ef8668,0x00007e0230ef90b8] = 2640
 main code      [0x00007e0230ef90c0,0x00007e0230efdb20] = 19040
 stub code      [0x00007e0230efdb20,0x00007e0230efdfc8] = 1192
 oops           [0x00007e0230efdfc8,0x00007e0230efe018] = 80
 metadata       [0x00007e0230efe018,0x00007e0230efe100] = 232
 scopes data    [0x00007e0230efe100,0x00007e0230efec88] = 2952
 scopes pcs     [0x00007e0230efec88,0x00007e0230f000a8] = 5152
 dependencies   [0x00007e0230f000a8,0x00007e0230f000d8] = 48
 nul chk table  [0x00007e0230f000d8,0x00007e0230f001a8] = 208
RSP=0x00007e022c5fdc10 is pointing into the stack for thread: 0x00007e024815bd50
RBP=0x00007e022c5fdcf0 is pointing into the stack for thread: 0x00007e024815bd50
RSI=0x0 is null
RDI=0x00007e011434a990 is an unknown value
R8 =0x00007e02505c2634: <offset 0x00000000011c2634> in /usr/lib/jvm/java-21-openjdk-amd64/lib/server/libjvm.so at 0x00007e024f400000
R9 =0x0000000000000001 is an unknown value
R10=0x00007e0194509e0a points into unknown readable memory: 90 50 02 7e 00 00
R11=0x0 is null
R12=0x00007e022c5fdc90 is pointing into the stack for thread: 0x00007e024815bd50
R13=0x00007e0250900fa0: <offset 0x0000000001500fa0> in /usr/lib/jvm/java-21-openjdk-amd64/lib/server/libjvm.so at 0x00007e024f400000
R14=0x00007e0250900000: <offset 0x0000000001500000> in /usr/lib/jvm/java-21-openjdk-amd64/lib/server/libjvm.so at 0x00007e024f400000
R15=0x00007e0230efa309 is at entry_point+4681 in (nmethod*)0x00007e0230ef8510
Compiled method (c1) 1474 3852       2       org.apache.maven.model.io.xpp3.MavenXpp3Reader::parseModel (1606 bytes)
 total in heap  [0x00007e0230ef8510,0x00007e0230f001a8] = 31896
 relocation     [0x00007e0230ef8668,0x00007e0230ef90b8] = 2640
 main code      [0x00007e0230ef90c0,0x00007e0230efdb20] = 19040
 stub code      [0x00007e0230efdb20,0x00007e0230efdfc8] = 1192
 oops           [0x00007e0230efdfc8,0x00007e0230efe018] = 80
 metadata       [0x00007e0230efe018,0x00007e0230efe100] = 232
 scopes data    [0x00007e0230efe100,0x00007e0230efec88] = 2952
 scopes pcs     [0x00007e0230efec88,0x00007e0230f000a8] = 5152
 dependencies   [0x00007e0230f000a8,0x00007e0230f000d8] = 48
 nul chk table  [0x00007e0230f000d8,0x00007e0230f001a8] = 208

Top of Stack: (sp=0x00007e022c5fdc10)
0x00007e022c5fdc10:   00007e022c5fdc02 00007e011434a990
0x00007e022c5fdc20:   0000000000000000 00007e0230ef87b6
0x00007e022c5fdc30:   00007e0230ef90b8 00007e0230ef8510
0x00007e022c5fdc40:   00007e0230efa307 00007e025080000a
0x00007e022c5fdc50:   00007e022c5fdc48 00007e0230ef0000
0x00007e022c5fdc60:   00007e0230ef90c0 00007e0230ef90c0
0x00007e022c5fdc70:   00007e0230efdb20 00007e0230ef90c0
0x00007e022c5fdc80:   00007e0230efdb20 00007e0230efdfc8
0x00007e022c5fdc90:   00007e0250809390 00007e022c5fdc20
0x00007e022c5fdca0:   0000000000000001 00007e0200000000
0x00007e022c5fdcb0:   0000000000000000 00007e0230ef8510
0x00007e022c5fdcc0:   0000000000000000 00007e024815c558
0x00007e022c5fdcd0:   00007e0230efe100 00007e024815a0d0
0x00007e022c5fdce0:   00007e0230ef8510 00007e022c5fe2a8
0x00007e022c5fdcf0:   00007e022c5fdd90 00007e02500c566c
0x00007e022c5fdd00:   00007e024802bb00 0000000000000000
0x00007e022c5fdd10:   0000000000000000 00000f0c00000000
0x00007e022c5fdd20:   00007e0230ef8510 00007e0230ef8510
0x00007e022c5fdd30:   0000000000000030 0000000000000002
0x00007e022c5fdd40:   00007e022c5fe288 00007e022c5fe270
0x00007e022c5fdd50:   00007e0194049518 00007e024815c5b8
0x00007e022c5fdd60:   000000000000e000 00007e0230ef8510
0x00007e022c5fdd70:   00007e022c5fde30 00007e024815c5b8
0x00007e022c5fdd80:   00007e022c5fdf70 00007e0250927f98
0x00007e022c5fdd90:   00007e022c5fdea0 00007e02500c59fa
0x00007e022c5fdda0:   00007e022c5fe2a8 0000000000000138
0x00007e022c5fddb0:   00007e024815c5b8 00007e0194049518
0x00007e022c5fddc0:   00007e022c5fe2c8 000000000000002a
0x00007e022c5fddd0:   00007e01940494c0 00007e022c5fe270
0x00007e022c5fdde0:   00007e022c5fe288 00007e024815a0d0
0x00007e022c5fddf0:   0000000000000002 0000000000000000
0x00007e022c5fde00:   0000000000000000 0000000000000000 

Instructions: (pc=0x00007e02500c1bd5)
0x00007e02500c1ad5:   c7 f4 83 00 e8 62 0b 5e ff e9 1f ff ff ff 0f 1f
0x00007e02500c1ae5:   44 00 00 48 8d 3d 99 f4 83 00 4c 8d 3d aa f4 83
0x00007e02500c1af5:   00 e8 95 08 5e ff 48 8d 3d 86 f4 83 00 85 c0 0f
0x00007e02500c1b05:   84 04 fe ff ff 48 8d 05 6f 78 74 00 48 c7 05 8c
0x00007e02500c1b15:   f4 83 00 00 00 00 00 c7 05 8a f4 83 00 01 00 00
0x00007e02500c1b25:   00 48 83 c0 10 48 89 05 6f f4 83 00 e8 0a 0b 5e
0x00007e02500c1b35:   ff e9 d3 fd ff ff 0f 1f 44 00 00 48 8d 3d b1 e4
0x00007e02500c1b45:   83 00 4c 8d 3d b2 e4 83 00 e8 3d 08 5e ff 48 8d
0x00007e02500c1b55:   3d 9e e4 83 00 85 c0 0f 84 f8 fe ff ff 48 8d 05
0x00007e02500c1b65:   77 78 74 00 48 c7 05 94 e4 83 00 00 00 00 00 c7
0x00007e02500c1b75:   05 92 e4 83 00 0c 00 00 00 48 83 c0 10 48 89 05
0x00007e02500c1b85:   77 e4 83 00 e8 b2 0a 5e ff e9 c7 fe ff ff 0f 1f
0x00007e02500c1b95:   44 00 00 4c 89 e7 e8 c0 f4 0d 00 48 8b 38 49 89
0x00007e02500c1ba5:   c7 48 85 ff 74 35 48 89 bd 28 ff ff ff e8 e9 ab
0x00007e02500c1bb5:   2f 00 48 8b bd 28 ff ff ff 48 39 c7 74 1d 48 89
0x00007e02500c1bc5:   f8 83 e0 03 48 83 f8 01 74 19 48 83 f8 02 74 1f
0x00007e02500c1bd5:   48 8b 07 49 89 07 e9 51 fd ff ff 49 89 3f e9 49
0x00007e02500c1be5:   fd ff ff 48 83 ef 01 ff 15 3e 91 80 00 eb e4 48
0x00007e02500c1bf5:   83 ef 02 ff 15 12 44 80 00 eb d8 f3 0f 1e fa 55
0x00007e02500c1c05:   48 89 e5 41 57 41 56 41 55 41 54 53 48 83 ec 18
0x00007e02500c1c15:   4c 63 2e 48 89 7d c8 48 63 87 08 01 00 00 45 85
0x00007e02500c1c25:   ed 7e 5f 49 89 f7 49 c1 e5 03 31 db 4c 8d 34 07
0x00007e02500c1c35:   eb 36 66 0f 1f 84 00 00 00 00 00 e8 5b ab 2f 00
0x00007e02500c1c45:   49 39 c4 74 30 4c 89 e0 83 e0 03 48 83 f8 01 74
0x00007e02500c1c55:   5a 48 83 f8 02 74 64 49 8b 04 24 49 89 04 1e 48
0x00007e02500c1c65:   83 c3 08 4c 39 eb 74 1a 49 8b 47 08 4c 8b 24 18
0x00007e02500c1c75:   4d 85 e4 75 c6 4d 89 24 1e 48 83 c3 08 4c 39 eb
0x00007e02500c1c85:   75 e6 48 8b 7d c8 48 83 c4 18 b9 01 00 00 00 31
0x00007e02500c1c95:   d2 5b 31 f6 41 5c 41 5d 41 5e 41 5f 5d e9 b9 fa
0x00007e02500c1ca5:   ff ff 66 0f 1f 84 00 00 00 00 00 49 8d 7c 24 ff
0x00007e02500c1cb5:   ff 15 75 90 80 00 eb a3 0f 1f 00 49 8d 7c 24 fe
0x00007e02500c1cc5:   ff 15 45 43 80 00 eb 93 90 66 90 f3 0f 1e fa 55 


Stack slot to memory mapping:

stack at sp + 0 slots: 0x00007e022c5fdc02 is pointing into the stack for thread: 0x00007e024815bd50
stack at sp + 1 slots: 0x00007e011434a990 is an unknown value
stack at sp + 2 slots: 0x0 is null
stack at sp + 3 slots: 0x00007e0230ef87b6 is at entry_point+-2314 in (nmethod*)0x00007e0230ef8510
Compiled method (c1) 1475 3852       2       org.apache.maven.model.io.xpp3.MavenXpp3Reader::parseModel (1606 bytes)
 total in heap  [0x00007e0230ef8510,0x00007e0230f001a8] = 31896
 relocation     [0x00007e0230ef8668,0x00007e0230ef90b8] = 2640
 main code      [0x00007e0230ef90c0,0x00007e0230efdb20] = 19040
 stub code      [0x00007e0230efdb20,0x00007e0230efdfc8] = 1192
 oops           [0x00007e0230efdfc8,0x00007e0230efe018] = 80
 metadata       [0x00007e0230efe018,0x00007e0230efe100] = 232
 scopes data    [0x00007e0230efe100,0x00007e0230efec88] = 2952
 scopes pcs     [0x00007e0230efec88,0x00007e0230f000a8] = 5152
 dependencies   [0x00007e0230f000a8,0x00007e0230f000d8] = 48
 nul chk table  [0x00007e0230f000d8,0x00007e0230f001a8] = 208
stack at sp + 4 slots: 0x00007e0230ef90b8 is at entry_point+-8 in (nmethod*)0x00007e0230ef8510
Compiled method (c1) 1475 3852       2       org.apache.maven.model.io.xpp3.MavenXpp3Reader::parseModel (1606 bytes)
 total in heap  [0x00007e0230ef8510,0x00007e0230f001a8] = 31896
 relocation     [0x00007e0230ef8668,0x00007e0230ef90b8] = 2640
 main code      [0x00007e0230ef90c0,0x00007e0230efdb20] = 19040
 stub code      [0x00007e0230efdb20,0x00007e0230efdfc8] = 1192
 oops           [0x00007e0230efdfc8,0x00007e0230efe018] = 80
 metadata       [0x00007e0230efe018,0x00007e0230efe100] = 232
 scopes data    [0x00007e0230efe100,0x00007e0230efec88] = 2952
 scopes pcs     [0x00007e0230efec88,0x00007e0230f000a8] = 5152
 dependencies   [0x00007e0230f000a8,0x00007e0230f000d8] = 48
 nul chk table  [0x00007e0230f000d8,0x00007e0230f001a8] = 208
stack at sp + 5 slots: 0x00007e0230ef8510 is at entry_point+-2992 in (nmethod*)0x00007e0230ef8510
Compiled method (c1) 1475 3852       2       org.apache.maven.model.io.xpp3.MavenXpp3Reader::parseModel (1606 bytes)
 total in heap  [0x00007e0230ef8510,0x00007e0230f001a8] = 31896
 relocation     [0x00007e0230ef8668,0x00007e0230ef90b8] = 2640
 main code      [0x00007e0230ef90c0,0x00007e0230efdb20] = 19040
 stub code      [0x00007e0230efdb20,0x00007e0230efdfc8] = 1192
 oops           [0x00007e0230efdfc8,0x00007e0230efe018] = 80
 metadata       [0x00007e0230efe018,0x00007e0230efe100] = 232
 scopes data    [0x00007e0230efe100,0x00007e0230efec88] = 2952
 scopes pcs     [0x00007e0230efec88,0x00007e0230f000a8] = 5152
 dependencies   [0x00007e0230f000a8,0x00007e0230f000d8] = 48
 nul chk table  [0x00007e0230f000d8,0x00007e0230f001a8] = 208
stack at sp + 6 slots: 0x00007e0230efa307 is at entry_point+4679 in (nmethod*)0x00007e0230ef8510
Compiled method (c1) 1475 3852       2       org.apache.maven.model.io.xpp3.MavenXpp3Reader::parseModel (1606 bytes)
 total in heap  [0x00007e0230ef8510,0x00007e0230f001a8] = 31896
 relocation     [0x00007e0230ef8668,0x00007e0230ef90b8] = 2640
 main code      [0x00007e0230ef90c0,0x00007e0230efdb20] = 19040
 stub code      [0x00007e0230efdb20,0x00007e0230efdfc8] = 1192
 oops           [0x00007e0230efdfc8,0x00007e0230efe018] = 80
 metadata       [0x00007e0230efe018,0x00007e0230efe100] = 232
 scopes data    [0x00007e0230efe100,0x00007e0230efec88] = 2952
 scopes pcs     [0x00007e0230efec88,0x00007e0230f000a8] = 5152
 dependencies   [0x00007e0230f000a8,0x00007e0230f000d8] = 48
 nul chk table  [0x00007e0230f000d8,0x00007e0230f001a8] = 208
stack at sp + 7 slots: 0x00007e025080000a: <offset 0x000000000140000a> in /usr/lib/jvm/java-21-openjdk-amd64/lib/server/libjvm.so at 0x00007e024f400000


---------------  P R O C E S S  ---------------

Threads class SMR info:
_java_thread_list=0x00007e0180002db0, length=10, elements={
0x00007e0248019730, 0x00007e0248153270, 0x00007e02481547e0, 0x00007e0248155f70,
0x00007e02481575b0, 0x00007e0248158b50, 0x00007e024815a690, 0x00007e024815bd50,
0x00007e0248167bf0, 0x00007e024816af20
}

Java Threads: ( => current thread )
  0x00007e0248019730 JavaThread "main"                              [_thread_blocked, id=8396, stack(0x00007e024f300000,0x00007e024f400000) (1024K)]
  0x00007e0248153270 JavaThread "Reference Handler"          daemon [_thread_blocked, id=8404, stack(0x00007e024c100000,0x00007e024c200000) (1024K)]
  0x00007e02481547e0 JavaThread "Finalizer"                  daemon [_thread_blocked, id=8405, stack(0x00007e024c000000,0x00007e024c100000) (1024K)]
  0x00007e0248155f70 JavaThread "Signal Dispatcher"          daemon [_thread_blocked, id=8406, stack(0x00007e0247f00000,0x00007e0248000000) (1024K)]
  0x00007e02481575b0 JavaThread "Service Thread"             daemon [_thread_blocked, id=8407, stack(0x00007e0230700000,0x00007e0230800000) (1024K)]
  0x00007e0248158b50 JavaThread "Monitor Deflation Thread"   daemon [_thread_blocked, id=8408, stack(0x00007e022c700000,0x00007e022c800000) (1024K)]
  0x00007e024815a690 JavaThread "C2 CompilerThread0"         daemon [_thread_in_native, id=8409, stack(0x00007e022c600000,0x00007e022c700000) (1024K)]
=>0x00007e024815bd50 JavaThread "C1 CompilerThread0"         daemon [_thread_in_vm, id=8410, stack(0x00007e022c500000,0x00007e022c600000) (1024K)]
  0x00007e0248167bf0 JavaThread "Notification Thread"        daemon [_thread_blocked, id=8411, stack(0x00007e022c32f000,0x00007e022c42f000) (1024K)]
  0x00007e024816af20 JavaThread "Common-Cleaner"             daemon [_thread_blocked, id=8412, stack(0x00007e022c22f000,0x00007e022c32f000) (1024K)]
Total: 10

Other Threads:
  0x00007e024814a150 VMThread "VM Thread"                           [id=8403, stack(0x00007e024ca14000,0x00007e024cb14000) (1024K)]
  0x00007e02481382e0 WatcherThread "VM Periodic Task Thread"        [id=8402, stack(0x00007e024cb15000,0x00007e024cc15000) (1024K)]
  0x00007e0248071100 WorkerThread "GC Thread#0"                     [id=8397, stack(0x00007e024db00000,0x00007e024dc00000) (1024K)]
  0x00007e01bc008190 WorkerThread "GC Thread#1"                     [id=8414, stack(0x00007e022c02f000,0x00007e022c12f000) (1024K)]
  0x00007e01bc010950 WorkerThread "GC Thread#2"                     [id=8415, stack(0x00007e0227f00000,0x00007e0228000000) (1024K)]
  0x00007e01bc00fe90 WorkerThread "GC Thread#3"                     [id=8416, stack(0x00007e0227dff000,0x00007e0227eff000) (1024K)]
  0x00007e01bc013230 WorkerThread "GC Thread#4"                     [id=8417, stack(0x00007e0227cfe000,0x00007e0227dfe000) (1024K)]
  0x00007e01bc013c10 WorkerThread "GC Thread#5"                     [id=8418, stack(0x00007e0227900000,0x00007e0227a00000) (1024K)]
  0x00007e01bc014700 WorkerThread "GC Thread#6"                     [id=8419, stack(0x00007e02277ff000,0x00007e02278ff000) (1024K)]
  0x00007e01bc0155e0 WorkerThread "GC Thread#7"                     [id=8420, stack(0x00007e02276fe000,0x00007e02277fe000) (1024K)]
  0x00007e01bc016500 WorkerThread "GC Thread#8"                     [id=8421, stack(0x00007e02275fd000,0x00007e02276fd000) (1024K)]
  0x00007e0248081a70 ConcurrentGCThread "G1 Main Marker"            [id=8398, stack(0x00007e024d9ff000,0x00007e024daff000) (1024K)]
  0x00007e0248082a20 WorkerThread "G1 Conc#0"                       [id=8399, stack(0x00007e024d8fe000,0x00007e024d9fe000) (1024K)]
  0x00007e024811c9e0 ConcurrentGCThread "G1 Refine#0"               [id=8400, stack(0x00007e024cdf3000,0x00007e024cef3000) (1024K)]
  0x00007e024811d9a0 ConcurrentGCThread "G1 Service"                [id=8401, stack(0x00007e024ccf2000,0x00007e024cdf2000) (1024K)]
Total: 15

Threads with active compile tasks:
C2 CompilerThread0  1475 3713       4       org.codehaus.plexus.util.xml.Xpp3Dom::<init> (125 bytes)
C1 CompilerThread0  1475 3852       2       org.apache.maven.model.io.xpp3.MavenXpp3Reader::parseModel (1606 bytes)
Total: 2

VM state: not at safepoint (normal execution)

VM Mutex/Monitor currently owned by a thread:  ([mutex/lock_event])
[0x00007e0250929398] MethodCompileQueue_lock - owner thread: 0x00007e024815bd50
[0x00007e0250927f98] CodeCache_lock - owner thread: 0x00007e024815bd50
[0x00007e0250927e18] Compile_lock - owner thread: 0x00007e024815bd50

Heap address: 0x0000000086600000, size: 1946 MB, Compressed Oops mode: 32-bit

CDS archive(s) mapped at: [0x00007e01cf000000-0x00007e01cfca0000-0x00007e01cfca0000), size 13238272, SharedBaseAddress: 0x00007e01cf000000, ArchiveRelocationMode: 1.
Compressed class space mapped at: 0x00007e01d0000000-0x00007e0210000000, reserved size: 1073741824
Narrow klass base: 0x00007e01cf000000, Narrow klass shift: 0, Narrow klass range: 0x100000000

GC Precious Log:
 CardTable entry size: 512
 Card Set container configuration: InlinePtr #cards 5 size 8 Array Of Cards #cards 12 size 40 Howl #buckets 4 coarsen threshold 1843 Howl Bitmap #cards 512 size 80 coarsen threshold 460 Card regions per heap region 1 cards per card region 2048
 CPUs: 12 total, 12 available
 Memory: 7776M
 Large Page Support: Disabled
 NUMA Support: Disabled
 Compressed Oops: Enabled (32-bit)
 Heap Region Size: 1M
 Heap Min Capacity: 8M
 Heap Initial Capacity: 122M
 Heap Max Capacity: 1946M
 Pre-touch: Disabled
 Parallel Workers: 10
 Concurrent Workers: 3
 Concurrent Refinement Workers: 10
 Periodic GC: Disabled

Heap:
 garbage-first heap   total 126976K, used 61993K [0x0000000086600000, 0x0000000100000000)
  region size 1024K, 61 young (62464K), 7 survivors (7168K)
 Metaspace       used 16278K, committed 16512K, reserved 1114112K
  class space    used 1908K, committed 1984K, reserved 1048576K

Heap Regions: E=young(eden), S=young(survivor), O=old, HS=humongous(starts), HC=humongous(continues), CS=collection set, F=free, TAMS=top-at-mark-start, PB=parsable bottom
|   0|0x0000000086600000, 0x0000000086600000, 0x0000000086700000|  0%| F|  |TAMS 0x0000000086600000| PB 0x0000000086600000| Untracked 
|   1|0x0000000086700000, 0x0000000086700000, 0x0000000086800000|  0%| F|  |TAMS 0x0000000086700000| PB 0x0000000086700000| Untracked 
|   2|0x0000000086800000, 0x0000000086800000, 0x0000000086900000|  0%| F|  |TAMS 0x0000000086800000| PB 0x0000000086800000| Untracked 
|   3|0x0000000086900000, 0x0000000086900000, 0x0000000086a00000|  0%| F|  |TAMS 0x0000000086900000| PB 0x0000000086900000| Untracked 
|   4|0x0000000086a00000, 0x0000000086a00000, 0x0000000086b00000|  0%| F|  |TAMS 0x0000000086a00000| PB 0x0000000086a00000| Untracked 
|   5|0x0000000086b00000, 0x0000000086b00000, 0x0000000086c00000|  0%| F|  |TAMS 0x0000000086b00000| PB 0x0000000086b00000| Untracked 
|   6|0x0000000086c00000, 0x0000000086c00000, 0x0000000086d00000|  0%| F|  |TAMS 0x0000000086c00000| PB 0x0000000086c00000| Untracked 
|   7|0x0000000086d00000, 0x0000000086d00000, 0x0000000086e00000|  0%| F|  |TAMS 0x0000000086d00000| PB 0x0000000086d00000| Untracked 
|   8|0x0000000086e00000, 0x0000000086e00000, 0x0000000086f00000|  0%| F|  |TAMS 0x0000000086e00000| PB 0x0000000086e00000| Untracked 
|   9|0x0000000086f00000, 0x0000000086f00000, 0x0000000087000000|  0%| F|  |TAMS 0x0000000086f00000| PB 0x0000000086f00000| Untracked 
|  10|0x0000000087000000, 0x0000000087000000, 0x0000000087100000|  0%| F|  |TAMS 0x0000000087000000| PB 0x0000000087000000| Untracked 
|  11|0x0000000087100000, 0x0000000087100000, 0x0000000087200000|  0%| F|  |TAMS 0x0000000087100000| PB 0x0000000087100000| Untracked 
|  12|0x0000000087200000, 0x0000000087200000, 0x0000000087300000|  0%| F|  |TAMS 0x0000000087200000| PB 0x0000000087200000| Untracked 
|  13|0x0000000087300000, 0x0000000087300000, 0x0000000087400000|  0%| F|  |TAMS 0x0000000087300000| PB 0x0000000087300000| Untracked 
|  14|0x0000000087400000, 0x0000000087400000, 0x0000000087500000|  0%| F|  |TAMS 0x0000000087400000| PB 0x0000000087400000| Untracked 
|  15|0x0000000087500000, 0x0000000087500000, 0x0000000087600000|  0%| F|  |TAMS 0x0000000087500000| PB 0x0000000087500000| Untracked 
|  16|0x0000000087600000, 0x0000000087600000, 0x0000000087700000|  0%| F|  |TAMS 0x0000000087600000| PB 0x0000000087600000| Untracked 
|  17|0x0000000087700000, 0x0000000087700000, 0x0000000087800000|  0%| F|  |TAMS 0x0000000087700000| PB 0x0000000087700000| Untracked 
|  18|0x0000000087800000, 0x0000000087800000, 0x0000000087900000|  0%| F|  |TAMS 0x0000000087800000| PB 0x0000000087800000| Untracked 
|  19|0x0000000087900000, 0x0000000087900000, 0x0000000087a00000|  0%| F|  |TAMS 0x0000000087900000| PB 0x0000000087900000| Untracked 
|  20|0x0000000087a00000, 0x0000000087a00000, 0x0000000087b00000|  0%| F|  |TAMS 0x0000000087a00000| PB 0x0000000087a00000| Untracked 
|  21|0x0000000087b00000, 0x0000000087b00000, 0x0000000087c00000|  0%| F|  |TAMS 0x0000000087b00000| PB 0x0000000087b00000| Untracked 
|  22|0x0000000087c00000, 0x0000000087c00000, 0x0000000087d00000|  0%| F|  |TAMS 0x0000000087c00000| PB 0x0000000087c00000| Untracked 
|  23|0x0000000087d00000, 0x0000000087d00000, 0x0000000087e00000|  0%| F|  |TAMS 0x0000000087d00000| PB 0x0000000087d00000| Untracked 
|  24|0x0000000087e00000, 0x0000000087e00000, 0x0000000087f00000|  0%| F|  |TAMS 0x0000000087e00000| PB 0x0000000087e00000| Untracked 
|  25|0x0000000087f00000, 0x0000000087f00000, 0x0000000088000000|  0%| F|  |TAMS 0x0000000087f00000| PB 0x0000000087f00000| Untracked 
|  26|0x0000000088000000, 0x0000000088000000, 0x0000000088100000|  0%| F|  |TAMS 0x0000000088000000| PB 0x0000000088000000| Untracked 
|  27|0x0000000088100000, 0x0000000088100000, 0x0000000088200000|  0%| F|  |TAMS 0x0000000088100000| PB 0x0000000088100000| Untracked 
|  28|0x0000000088200000, 0x0000000088200000, 0x0000000088300000|  0%| F|  |TAMS 0x0000000088200000| PB 0x0000000088200000| Untracked 
|  29|0x0000000088300000, 0x0000000088300000, 0x0000000088400000|  0%| F|  |TAMS 0x0000000088300000| PB 0x0000000088300000| Untracked 
|  30|0x0000000088400000, 0x0000000088400000, 0x0000000088500000|  0%| F|  |TAMS 0x0000000088400000| PB 0x0000000088400000| Untracked 
|  31|0x0000000088500000, 0x0000000088500000, 0x0000000088600000|  0%| F|  |TAMS 0x0000000088500000| PB 0x0000000088500000| Untracked 
|  32|0x0000000088600000, 0x0000000088600000, 0x0000000088700000|  0%| F|  |TAMS 0x0000000088600000| PB 0x0000000088600000| Untracked 
|  33|0x0000000088700000, 0x0000000088700000, 0x0000000088800000|  0%| F|  |TAMS 0x0000000088700000| PB 0x0000000088700000| Untracked 
|  34|0x0000000088800000, 0x0000000088800000, 0x0000000088900000|  0%| F|  |TAMS 0x0000000088800000| PB 0x0000000088800000| Untracked 
|  35|0x0000000088900000, 0x0000000088900000, 0x0000000088a00000|  0%| F|  |TAMS 0x0000000088900000| PB 0x0000000088900000| Untracked 
|  36|0x0000000088a00000, 0x0000000088a00000, 0x0000000088b00000|  0%| F|  |TAMS 0x0000000088a00000| PB 0x0000000088a00000| Untracked 
|  37|0x0000000088b00000, 0x0000000088b00000, 0x0000000088c00000|  0%| F|  |TAMS 0x0000000088b00000| PB 0x0000000088b00000| Untracked 
|  38|0x0000000088c00000, 0x0000000088c00000, 0x0000000088d00000|  0%| F|  |TAMS 0x0000000088c00000| PB 0x0000000088c00000| Untracked 
|  39|0x0000000088d00000, 0x0000000088d00000, 0x0000000088e00000|  0%| F|  |TAMS 0x0000000088d00000| PB 0x0000000088d00000| Untracked 
|  40|0x0000000088e00000, 0x0000000088e00000, 0x0000000088f00000|  0%| F|  |TAMS 0x0000000088e00000| PB 0x0000000088e00000| Untracked 
|  41|0x0000000088f00000, 0x0000000088f00000, 0x0000000089000000|  0%| F|  |TAMS 0x0000000088f00000| PB 0x0000000088f00000| Untracked 
|  42|0x0000000089000000, 0x0000000089000000, 0x0000000089100000|  0%| F|  |TAMS 0x0000000089000000| PB 0x0000000089000000| Untracked 
|  43|0x0000000089100000, 0x0000000089100000, 0x0000000089200000|  0%| F|  |TAMS 0x0000000089100000| PB 0x0000000089100000| Untracked 
|  44|0x0000000089200000, 0x0000000089200000, 0x0000000089300000|  0%| F|  |TAMS 0x0000000089200000| PB 0x0000000089200000| Untracked 
|  45|0x0000000089300000, 0x0000000089300000, 0x0000000089400000|  0%| F|  |TAMS 0x0000000089300000| PB 0x0000000089300000| Untracked 
|  46|0x0000000089400000, 0x0000000089400000, 0x0000000089500000|  0%| F|  |TAMS 0x0000000089400000| PB 0x0000000089400000| Untracked 
|  47|0x0000000089500000, 0x0000000089500000, 0x0000000089600000|  0%| F|  |TAMS 0x0000000089500000| PB 0x0000000089500000| Untracked 
|  48|0x0000000089600000, 0x0000000089600000, 0x0000000089700000|  0%| F|  |TAMS 0x0000000089600000| PB 0x0000000089600000| Untracked 
|  49|0x0000000089700000, 0x0000000089700000, 0x0000000089800000|  0%| F|  |TAMS 0x0000000089700000| PB 0x0000000089700000| Untracked 
|  50|0x0000000089800000, 0x0000000089800000, 0x0000000089900000|  0%| F|  |TAMS 0x0000000089800000| PB 0x0000000089800000| Untracked 
|  51|0x0000000089900000, 0x0000000089900000, 0x0000000089a00000|  0%| F|  |TAMS 0x0000000089900000| PB 0x0000000089900000| Untracked 
|  52|0x0000000089a00000, 0x0000000089a00000, 0x0000000089b00000|  0%| F|  |TAMS 0x0000000089a00000| PB 0x0000000089a00000| Untracked 
|  53|0x0000000089b00000, 0x0000000089b00000, 0x0000000089c00000|  0%| F|  |TAMS 0x0000000089b00000| PB 0x0000000089b00000| Untracked 
|  54|0x0000000089c00000, 0x0000000089c00000, 0x0000000089d00000|  0%| F|  |TAMS 0x0000000089c00000| PB 0x0000000089c00000| Untracked 
|  55|0x0000000089d00000, 0x0000000089d00000, 0x0000000089e00000|  0%| F|  |TAMS 0x0000000089d00000| PB 0x0000000089d00000| Untracked 
|  56|0x0000000089e00000, 0x0000000089e00000, 0x0000000089f00000|  0%| F|  |TAMS 0x0000000089e00000| PB 0x0000000089e00000| Untracked 
|  57|0x0000000089f00000, 0x0000000089f00000, 0x000000008a000000|  0%| F|  |TAMS 0x0000000089f00000| PB 0x0000000089f00000| Untracked 
|  58|0x000000008a000000, 0x000000008a000000, 0x000000008a100000|  0%| F|  |TAMS 0x000000008a000000| PB 0x000000008a000000| Untracked 
|  59|0x000000008a100000, 0x000000008a100000, 0x000000008a200000|  0%| F|  |TAMS 0x000000008a100000| PB 0x000000008a100000| Untracked 
|  60|0x000000008a200000, 0x000000008a200000, 0x000000008a300000|  0%| F|  |TAMS 0x000000008a200000| PB 0x000000008a200000| Untracked 
|  61|0x000000008a300000, 0x000000008a400000, 0x000000008a400000|100%| E|  |TAMS 0x000000008a300000| PB 0x000000008a300000| Complete 
|  62|0x000000008a400000, 0x000000008a500000, 0x000000008a500000|100%| E|CS|TAMS 0x000000008a400000| PB 0x000000008a400000| Complete 
|  63|0x000000008a500000, 0x000000008a600000, 0x000000008a600000|100%| E|CS|TAMS 0x000000008a500000| PB 0x000000008a500000| Complete 
|  64|0x000000008a600000, 0x000000008a67de80, 0x000000008a700000| 49%| S|CS|TAMS 0x000000008a600000| PB 0x000000008a600000| Complete 
|  65|0x000000008a700000, 0x000000008a800000, 0x000000008a800000|100%| S|CS|TAMS 0x000000008a700000| PB 0x000000008a700000| Complete 
|  66|0x000000008a800000, 0x000000008a900000, 0x000000008a900000|100%| S|CS|TAMS 0x000000008a800000| PB 0x000000008a800000| Complete 
|  67|0x000000008a900000, 0x000000008aa00000, 0x000000008aa00000|100%| S|CS|TAMS 0x000000008a900000| PB 0x000000008a900000| Complete 
|  68|0x000000008aa00000, 0x000000008ab00000, 0x000000008ab00000|100%| S|CS|TAMS 0x000000008aa00000| PB 0x000000008aa00000| Complete 
|  69|0x000000008ab00000, 0x000000008ac00000, 0x000000008ac00000|100%| S|CS|TAMS 0x000000008ab00000| PB 0x000000008ab00000| Complete 
|  70|0x000000008ac00000, 0x000000008ad00000, 0x000000008ad00000|100%| S|CS|TAMS 0x000000008ac00000| PB 0x000000008ac00000| Complete 
|  71|0x000000008ad00000, 0x000000008ae00000, 0x000000008ae00000|100%| E|CS|TAMS 0x000000008ad00000| PB 0x000000008ad00000| Complete 
|  72|0x000000008ae00000, 0x000000008af00000, 0x000000008af00000|100%| E|CS|TAMS 0x000000008ae00000| PB 0x000000008ae00000| Complete 
|  73|0x000000008af00000, 0x000000008b000000, 0x000000008b000000|100%| E|CS|TAMS 0x000000008af00000| PB 0x000000008af00000| Complete 
|  74|0x000000008b000000, 0x000000008b100000, 0x000000008b100000|100%| E|CS|TAMS 0x000000008b000000| PB 0x000000008b000000| Complete 
|  75|0x000000008b100000, 0x000000008b200000, 0x000000008b200000|100%| E|CS|TAMS 0x000000008b100000| PB 0x000000008b100000| Complete 
|  76|0x000000008b200000, 0x000000008b300000, 0x000000008b300000|100%| E|CS|TAMS 0x000000008b200000| PB 0x000000008b200000| Complete 
|  77|0x000000008b300000, 0x000000008b400000, 0x000000008b400000|100%| E|CS|TAMS 0x000000008b300000| PB 0x000000008b300000| Complete 
|  78|0x000000008b400000, 0x000000008b500000, 0x000000008b500000|100%| E|CS|TAMS 0x000000008b400000| PB 0x000000008b400000| Complete 
|  79|0x000000008b500000, 0x000000008b600000, 0x000000008b600000|100%| E|CS|TAMS 0x000000008b500000| PB 0x000000008b500000| Complete 
|  80|0x000000008b600000, 0x000000008b700000, 0x000000008b700000|100%| E|CS|TAMS 0x000000008b600000| PB 0x000000008b600000| Complete 
|  81|0x000000008b700000, 0x000000008b800000, 0x000000008b800000|100%| E|CS|TAMS 0x000000008b700000| PB 0x000000008b700000| Complete 
|  82|0x000000008b800000, 0x000000008b900000, 0x000000008b900000|100%| E|CS|TAMS 0x000000008b800000| PB 0x000000008b800000| Complete 
|  83|0x000000008b900000, 0x000000008ba00000, 0x000000008ba00000|100%| E|CS|TAMS 0x000000008b900000| PB 0x000000008b900000| Complete 
|  84|0x000000008ba00000, 0x000000008bb00000, 0x000000008bb00000|100%| E|CS|TAMS 0x000000008ba00000| PB 0x000000008ba00000| Complete 
|  85|0x000000008bb00000, 0x000000008bc00000, 0x000000008bc00000|100%| E|CS|TAMS 0x000000008bb00000| PB 0x000000008bb00000| Complete 
|  86|0x000000008bc00000, 0x000000008bd00000, 0x000000008bd00000|100%| E|CS|TAMS 0x000000008bc00000| PB 0x000000008bc00000| Complete 
|  87|0x000000008bd00000, 0x000000008be00000, 0x000000008be00000|100%| E|CS|TAMS 0x000000008bd00000| PB 0x000000008bd00000| Complete 
|  88|0x000000008be00000, 0x000000008bf00000, 0x000000008bf00000|100%| E|CS|TAMS 0x000000008be00000| PB 0x000000008be00000| Complete 
|  89|0x000000008bf00000, 0x000000008c000000, 0x000000008c000000|100%| E|CS|TAMS 0x000000008bf00000| PB 0x000000008bf00000| Complete 
|  90|0x000000008c000000, 0x000000008c100000, 0x000000008c100000|100%| E|CS|TAMS 0x000000008c000000| PB 0x000000008c000000| Complete 
|  91|0x000000008c100000, 0x000000008c200000, 0x000000008c200000|100%| E|CS|TAMS 0x000000008c100000| PB 0x000000008c100000| Complete 
|  92|0x000000008c200000, 0x000000008c300000, 0x000000008c300000|100%| E|CS|TAMS 0x000000008c200000| PB 0x000000008c200000| Complete 
|  93|0x000000008c300000, 0x000000008c400000, 0x000000008c400000|100%| E|CS|TAMS 0x000000008c300000| PB 0x000000008c300000| Complete 
|  94|0x000000008c400000, 0x000000008c500000, 0x000000008c500000|100%| E|CS|TAMS 0x000000008c400000| PB 0x000000008c400000| Complete 
|  95|0x000000008c500000, 0x000000008c600000, 0x000000008c600000|100%| E|CS|TAMS 0x000000008c500000| PB 0x000000008c500000| Complete 
|  96|0x000000008c600000, 0x000000008c700000, 0x000000008c700000|100%| E|CS|TAMS 0x000000008c600000| PB 0x000000008c600000| Complete 
|  97|0x000000008c700000, 0x000000008c800000, 0x000000008c800000|100%| E|CS|TAMS 0x000000008c700000| PB 0x000000008c700000| Complete 
|  98|0x000000008c800000, 0x000000008c900000, 0x000000008c900000|100%| E|CS|TAMS 0x000000008c800000| PB 0x000000008c800000| Complete 
|  99|0x000000008c900000, 0x000000008ca00000, 0x000000008ca00000|100%| E|CS|TAMS 0x000000008c900000| PB 0x000000008c900000| Complete 
| 100|0x000000008ca00000, 0x000000008cb00000, 0x000000008cb00000|100%| E|CS|TAMS 0x000000008ca00000| PB 0x000000008ca00000| Complete 
| 101|0x000000008cb00000, 0x000000008cc00000, 0x000000008cc00000|100%| E|CS|TAMS 0x000000008cb00000| PB 0x000000008cb00000| Complete 
| 102|0x000000008cc00000, 0x000000008cd00000, 0x000000008cd00000|100%| E|CS|TAMS 0x000000008cc00000| PB 0x000000008cc00000| Complete 
| 103|0x000000008cd00000, 0x000000008ce00000, 0x000000008ce00000|100%| E|CS|TAMS 0x000000008cd00000| PB 0x000000008cd00000| Complete 
| 104|0x000000008ce00000, 0x000000008cf00000, 0x000000008cf00000|100%| E|CS|TAMS 0x000000008ce00000| PB 0x000000008ce00000| Complete 
| 105|0x000000008cf00000, 0x000000008d000000, 0x000000008d000000|100%| E|CS|TAMS 0x000000008cf00000| PB 0x000000008cf00000| Complete 
| 106|0x000000008d000000, 0x000000008d100000, 0x000000008d100000|100%| E|CS|TAMS 0x000000008d000000| PB 0x000000008d000000| Complete 
| 107|0x000000008d100000, 0x000000008d200000, 0x000000008d200000|100%| E|CS|TAMS 0x000000008d100000| PB 0x000000008d100000| Complete 
| 108|0x000000008d200000, 0x000000008d300000, 0x000000008d300000|100%| E|CS|TAMS 0x000000008d200000| PB 0x000000008d200000| Complete 
| 109|0x000000008d300000, 0x000000008d400000, 0x000000008d400000|100%| E|CS|TAMS 0x000000008d300000| PB 0x000000008d300000| Complete 
| 110|0x000000008d400000, 0x000000008d500000, 0x000000008d500000|100%| E|CS|TAMS 0x000000008d400000| PB 0x000000008d400000| Complete 
| 111|0x000000008d500000, 0x000000008d600000, 0x000000008d600000|100%| E|CS|TAMS 0x000000008d500000| PB 0x000000008d500000| Complete 
| 112|0x000000008d600000, 0x000000008d700000, 0x000000008d700000|100%| E|CS|TAMS 0x000000008d600000| PB 0x000000008d600000| Complete 
| 113|0x000000008d700000, 0x000000008d800000, 0x000000008d800000|100%| E|CS|TAMS 0x000000008d700000| PB 0x000000008d700000| Complete 
| 114|0x000000008d800000, 0x000000008d900000, 0x000000008d900000|100%| E|CS|TAMS 0x000000008d800000| PB 0x000000008d800000| Complete 
| 115|0x000000008d900000, 0x000000008da00000, 0x000000008da00000|100%| E|CS|TAMS 0x000000008d900000| PB 0x000000008d900000| Complete 
| 116|0x000000008da00000, 0x000000008db00000, 0x000000008db00000|100%| E|CS|TAMS 0x000000008da00000| PB 0x000000008da00000| Complete 
| 117|0x000000008db00000, 0x000000008dc00000, 0x000000008dc00000|100%| E|CS|TAMS 0x000000008db00000| PB 0x000000008db00000| Complete 
| 118|0x000000008dc00000, 0x000000008dd00000, 0x000000008dd00000|100%| E|CS|TAMS 0x000000008dc00000| PB 0x000000008dc00000| Complete 
| 119|0x000000008dd00000, 0x000000008de00000, 0x000000008de00000|100%| E|CS|TAMS 0x000000008dd00000| PB 0x000000008dd00000| Complete 
| 120|0x000000008de00000, 0x000000008df00000, 0x000000008df00000|100%| E|CS|TAMS 0x000000008de00000| PB 0x000000008de00000| Complete 
| 121|0x000000008df00000, 0x000000008e000000, 0x000000008e000000|100%| E|CS|TAMS 0x000000008df00000| PB 0x000000008df00000| Complete 
|1944|0x00000000ffe00000, 0x00000000fff00000, 0x00000000fff00000|100%| O|  |TAMS 0x00000000ffe00000| PB 0x00000000ffe00000| Untracked 
|1945|0x00000000fff00000, 0x00000000fff0c840, 0x0000000100000000|  4%| O|  |TAMS 0x00000000fff00000| PB 0x00000000fff00000| Untracked 

Card table byte_map: [0x00007e024dc00000,0x00007e024dfcd000] _byte_map_base: 0x00007e024d7cd000

Marking Bits: (CMBitMap*) 0x00007e0248071c30
 Bits: [0x00007e022e800000, 0x00007e0230668000)

Polling page: 0x00007e0250dcf000

Metaspace:

Usage:
  Non-class:     14.03 MB used.
      Class:      1.86 MB used.
       Both:     15.90 MB used.

Virtual space:
  Non-class space:       64.00 MB reserved,      14.19 MB ( 22%) committed,  1 nodes.
      Class space:        1.00 GB reserved,       1.94 MB ( <1%) committed,  1 nodes.
             Both:        1.06 GB reserved,      16.12 MB (  1%) committed. 

Chunk freelists:
   Non-Class:  1.58 MB
       Class:  13.89 MB
        Both:  15.47 MB

MaxMetaspaceSize: unlimited
CompressedClassSpaceSize: 1.00 GB
Initial GC threshold: 21.00 MB
Current GC threshold: 21.00 MB
CDS: on
 - commit_granule_bytes: 65536.
 - commit_granule_words: 8192.
 - virtual_space_node_default_size: 8388608.
 - enlarge_chunks_in_place: 1.
 - use_allocation_guard: 0.


Internal statistics:

num_allocs_failed_limit: 0.
num_arena_births: 166.
num_arena_deaths: 0.
num_vsnodes_births: 2.
num_vsnodes_deaths: 0.
num_space_committed: 258.
num_space_uncommitted: 0.
num_chunks_returned_to_freelist: 0.
num_chunks_taken_from_freelist: 729.
num_chunk_merges: 0.
num_chunk_splits: 498.
num_chunks_enlarged: 394.
num_inconsistent_stats: 0.

CodeHeap 'non-profiled nmethods': size=120028Kb used=1350Kb max_used=1350Kb free=118678Kb
 bounds [0x00007e02382c9000, 0x00007e0238539000, 0x00007e023f800000]
CodeHeap 'profiled nmethods': size=120028Kb used=7168Kb max_used=7168Kb free=112859Kb
 bounds [0x00007e0230800000, 0x00007e0230f10000, 0x00007e0237d37000]
CodeHeap 'non-nmethods': size=5704Kb used=1372Kb max_used=1410Kb free=4332Kb
 bounds [0x00007e0237d37000, 0x00007e0237fa7000, 0x00007e02382c9000]
CodeCache: size=245760Kb, used=9890Kb, max_used=9928Kb, free=235869Kb
 total_blobs=4306, nmethods=3821, adapters=389, full_count=0
Compilation: enabled, stopped_count=0, restarted_count=0

Compilation events (20 events):
Event: 1.444 Thread 0x00007e024815bd50 nmethod 3842 0x00007e0238419f10 code [0x00007e023841a0a0, 0x00007e023841a1b0]
Event: 1.445 Thread 0x00007e024815bd50 3843       2       org.apache.maven.model.merge.ModelMerger::mergeBuildBase_TestResources (26 bytes)
Event: 1.445 Thread 0x00007e024815bd50 nmethod 3843 0x00007e0230ef5e90 code [0x00007e0230ef6060, 0x00007e0230ef6530]
Event: 1.445 Thread 0x00007e024815bd50 3844       1       org.apache.maven.model.DistributionManagement::getStatus (5 bytes)
Event: 1.445 Thread 0x00007e024815bd50 nmethod 3844 0x00007e023841a210 code [0x00007e023841a3a0, 0x00007e023841a460]
Event: 1.446 Thread 0x00007e024815bd50 3845       3       org.eclipse.aether.internal.impl.collect.CachingArtifactTypeRegistry::get (43 bytes)
Event: 1.446 Thread 0x00007e024815bd50 nmethod 3845 0x00007e0230ef6710 code [0x00007e0230ef68e0, 0x00007e0230ef6dc0]
Event: 1.446 Thread 0x00007e024815bd50 3846       2       org.eclipse.aether.repository.RemoteRepository::hashCode (127 bytes)
Event: 1.446 Thread 0x00007e024815bd50 nmethod 3846 0x00007e0230ef6f10 code [0x00007e0230ef7120, 0x00007e0230ef74b8]
Event: 1.447 Thread 0x00007e024815bd50 3847       2       org.apache.maven.model.building.DefaultModelBuilder$$Lambda/0x00007e01d01b46c0::apply (8 bytes)
Event: 1.447 Thread 0x00007e024815bd50 nmethod 3847 0x00007e0230ef7710 code [0x00007e0230ef78a0, 0x00007e0230ef79e0]
Event: 1.447 Thread 0x00007e024815bd50 3848       2       org.apache.maven.model.building.DefaultModelBuilder$$Lambda/0x00007e01d01b4b38::apply (8 bytes)
Event: 1.447 Thread 0x00007e024815bd50 nmethod 3848 0x00007e0230ef7a90 code [0x00007e0230ef7c20, 0x00007e0230ef7d60]
Event: 1.447 Thread 0x00007e024815bd50 3849       2       org.apache.maven.model.building.DefaultModelBuilder$$Lambda/0x00007e01d01b4fb0::apply (8 bytes)
Event: 1.447 Thread 0x00007e024815bd50 nmethod 3849 0x00007e0230ef7e10 code [0x00007e0230ef7fa0, 0x00007e0230ef80e0]
Event: 1.447 Thread 0x00007e024815bd50 3850       2       org.apache.maven.model.building.DefaultModelBuilder$$Lambda/0x00007e01d01b5ed8::apply (8 bytes)
Event: 1.447 Thread 0x00007e024815bd50 nmethod 3850 0x00007e0230ef8190 code [0x00007e0230ef8320, 0x00007e0230ef8460]
Event: 1.447 Thread 0x00007e024815bd50 3851       1       org.eclipse.aether.internal.impl.collect.DataPool$GraphKey::hashCode (5 bytes)
Event: 1.447 Thread 0x00007e024815bd50 nmethod 3851 0x00007e023841a510 code [0x00007e023841a6a0, 0x00007e023841a760]
Event: 1.447 Thread 0x00007e024815bd50 3852       2       org.apache.maven.model.io.xpp3.MavenXpp3Reader::parseModel (1606 bytes)

GC Heap History (4 events):
Event: 0.480 GC heap before
{Heap before GC invocations=0 (full 0):
 garbage-first heap   total 126976K, used 23602K [0x0000000086600000, 0x0000000100000000)
  region size 1024K, 23 young (23552K), 0 survivors (0K)
 Metaspace       used 5810K, committed 5952K, reserved 1114112K
  class space    used 686K, committed 768K, reserved 1048576K
}
Event: 0.484 GC heap after
{Heap after GC invocations=1 (full 0):
 garbage-first heap   total 126976K, used 4082K [0x0000000086600000, 0x0000000100000000)
  region size 1024K, 3 young (3072K), 3 survivors (3072K)
 Metaspace       used 5810K, committed 5952K, reserved 1114112K
  class space    used 686K, committed 768K, reserved 1048576K
}
Event: 1.075 GC heap before
{Heap before GC invocations=1 (full 0):
 garbage-first heap   total 126976K, used 53234K [0x0000000086600000, 0x0000000100000000)
  region size 1024K, 51 young (52224K), 3 survivors (3072K)
 Metaspace       used 14201K, committed 14400K, reserved 1114112K
  class space    used 1731K, committed 1792K, reserved 1048576K
}
Event: 1.082 GC heap after
{Heap after GC invocations=2 (full 0):
 garbage-first heap   total 126976K, used 7721K [0x0000000086600000, 0x0000000100000000)
  region size 1024K, 7 young (7168K), 7 survivors (7168K)
 Metaspace       used 14201K, committed 14400K, reserved 1114112K
  class space    used 1731K, committed 1792K, reserved 1048576K
}

Dll operation events (8 events):
Event: 0.001 Loaded shared library /usr/lib/jvm/java-21-openjdk-amd64/lib/libjava.so
Event: 0.015 Loaded shared library /usr/lib/jvm/java-21-openjdk-amd64/lib/libjsvml.so
Event: 0.018 Loaded shared library /usr/lib/jvm/java-21-openjdk-amd64/lib/libnio.so
Event: 0.021 Loaded shared library /usr/lib/jvm/java-21-openjdk-amd64/lib/libzip.so
Event: 0.027 Loaded shared library /usr/lib/jvm/java-21-openjdk-amd64/lib/libnet.so
Event: 0.151 Loaded shared library /usr/lib/jvm/java-21-openjdk-amd64/lib/libjimage.so
Event: 0.155 Loaded shared library /tmp/jansi-2.4.1-a40121a9ff8fa774-libjansi.so
Event: 0.162 Loaded shared library /usr/lib/jvm/java-21-openjdk-amd64/lib/libverify.so

Deoptimization events (20 events):
Event: 1.339 Thread 0x00007e0248019730 Uncommon trap: trap_request=0xffffff45 fr.pc=0x00007e02382ed9a0 relative=0x0000000000000200
Event: 1.339 Thread 0x00007e0248019730 Uncommon trap: reason=unstable_if action=reinterpret pc=0x00007e02382ed9a0 method=java.lang.String.isLatin1()Z @ 10 c2
Event: 1.339 Thread 0x00007e0248019730 DEOPT PACKING pc=0x00007e02382ed9a0 sp=0x00007e024f3fc160
Event: 1.339 Thread 0x00007e0248019730 DEOPT UNPACKING pc=0x00007e0237d8af99 sp=0x00007e024f3fc0a8 mode 2
Event: 1.422 Thread 0x00007e0248019730 Uncommon trap: trap_request=0xffffff45 fr.pc=0x00007e02383d60dc relative=0x000000000000005c
Event: 1.422 Thread 0x00007e0248019730 Uncommon trap: reason=unstable_if action=reinterpret pc=0x00007e02383d60dc method=org.codehaus.plexus.util.xml.pull.MXParser.isValidCodePoint(I)Z @ 3 c2
Event: 1.422 Thread 0x00007e0248019730 DEOPT PACKING pc=0x00007e02383d60dc sp=0x00007e024f3fc360
Event: 1.422 Thread 0x00007e0248019730 DEOPT UNPACKING pc=0x00007e0237d8af99 sp=0x00007e024f3fc310 mode 2
Event: 1.423 Thread 0x00007e0248019730 DEOPT PACKING pc=0x00007e0230d5137d sp=0x00007e024f3fbfa0
Event: 1.423 Thread 0x00007e0248019730 DEOPT UNPACKING pc=0x00007e0237d8b72f sp=0x00007e024f3fb4f8 mode 0
Event: 1.426 Thread 0x00007e0248019730 DEOPT PACKING pc=0x00007e0230d5137d sp=0x00007e024f3fc210
Event: 1.426 Thread 0x00007e0248019730 DEOPT UNPACKING pc=0x00007e0237d8b72f sp=0x00007e024f3fb768 mode 0
Event: 1.429 Thread 0x00007e0248019730 Uncommon trap: trap_request=0xffffff45 fr.pc=0x00007e02383f47fc relative=0x00000000000017bc
Event: 1.429 Thread 0x00007e0248019730 Uncommon trap: reason=unstable_if action=reinterpret pc=0x00007e02383f47fc method=org.codehaus.plexus.util.xml.pull.MXParser.nextImpl()I @ 731 c2
Event: 1.429 Thread 0x00007e0248019730 DEOPT PACKING pc=0x00007e02383f47fc sp=0x00007e024f3fbec0
Event: 1.429 Thread 0x00007e0248019730 DEOPT UNPACKING pc=0x00007e0237d8af99 sp=0x00007e024f3fbe70 mode 2
Event: 1.436 Thread 0x00007e0248019730 DEOPT PACKING pc=0x00007e0230d5137d sp=0x00007e024f3fc440
Event: 1.436 Thread 0x00007e0248019730 DEOPT UNPACKING pc=0x00007e0237d8b72f sp=0x00007e024f3fb998 mode 0
Event: 1.443 Thread 0x00007e0248019730 DEOPT PACKING pc=0x00007e0230d5137d sp=0x00007e024f3fc360
Event: 1.443 Thread 0x00007e0248019730 DEOPT UNPACKING pc=0x00007e0237d8b72f sp=0x00007e024f3fb8b8 mode 0

Classes loaded (20 events):
Event: 1.143 Loading class sun/nio/ch/Interruptible done
Event: 1.143 Loading class java/nio/channels/spi/AbstractInterruptibleChannel$1 done
Event: 1.144 Loading class java/util/AbstractMap$2
Event: 1.144 Loading class java/util/AbstractMap$2 done
Event: 1.144 Loading class java/util/AbstractMap$2$1
Event: 1.144 Loading class java/util/AbstractMap$2$1 done
Event: 1.163 Loading class java/util/stream/Streams$RangeIntSpliterator
Event: 1.163 Loading class java/util/stream/Streams$RangeIntSpliterator done
Event: 1.168 Loading class java/util/stream/MatchOps$MatchKind
Event: 1.168 Loading class java/util/stream/MatchOps$MatchKind done
Event: 1.168 Loading class java/util/stream/MatchOps
Event: 1.168 Loading class java/util/stream/MatchOps done
Event: 1.168 Loading class java/util/stream/MatchOps$MatchOp
Event: 1.168 Loading class java/util/stream/MatchOps$MatchOp done
Event: 1.168 Loading class java/util/stream/MatchOps$BooleanTerminalSink
Event: 1.168 Loading class java/util/stream/MatchOps$BooleanTerminalSink done
Event: 1.168 Loading class java/util/stream/MatchOps$1MatchSink
Event: 1.168 Loading class java/util/stream/MatchOps$1MatchSink done
Event: 1.344 Loading class sun/nio/cs/ISO_8859_1$Decoder
Event: 1.344 Loading class sun/nio/cs/ISO_8859_1$Decoder done

Classes unloaded (0 events):
No events

Classes redefined (0 events):
No events

Internal exceptions (20 events):
Event: 0.426 Thread 0x00007e0248019730 Exception <a 'java/lang/NoSuchMethodError'{0x000000008ce53a90}: 'int java.lang.invoke.DirectMethodHandle$Holder.invokeStaticInit(java.lang.Object, java.lang.Object)'> (0x000000008ce53a90) 
thrown [./src/hotspot/share/interpreter/linkResolver.cpp, line 772]
Event: 0.430 Thread 0x00007e0248019730 Exception <a 'java/lang/NoClassDefFoundError'{0x000000008ce8a498}: javax/enterprise/inject/Typed> (0x000000008ce8a498) 
thrown [./src/hotspot/share/classfile/systemDictionary.cpp, line 301]
Event: 0.813 Thread 0x00007e0248019730 Exception <a 'java/lang/NoSuchMethodError'{0x000000008bec2978}: 'void java.lang.invoke.DirectMethodHandle$Holder.invokeStaticInit(java.lang.Object, java.lang.Object, java.lang.Object)'> (0x000000008bec2978) 
thrown [./src/hotspot/share/interpreter/linkResolver.cpp, line 772]
Event: 0.816 Thread 0x00007e0248019730 Exception <a 'java/lang/ExceptionInInitializerError'{0x000000008beeb588}> (0x000000008beeb588) 
thrown [./src/hotspot/share/oops/instanceKlass.cpp, line 1220]
Event: 0.831 Thread 0x00007e0248019730 Exception <a 'java/lang/NoSuchMethodError'{0x000000008bdf5670}: 'long java.lang.invoke.DirectMethodHandle$Holder.invokeStatic(java.lang.Object, java.lang.Object, int)'> (0x000000008bdf5670) 
thrown [./src/hotspot/share/interpreter/linkResolver.cpp, line 772]
Event: 0.832 Thread 0x00007e0248019730 Exception <a 'java/lang/NoSuchMethodError'{0x000000008bc08c68}: 'java.lang.Object java.lang.invoke.DirectMethodHandle$Holder.invokeStatic(java.lang.Object, java.lang.Object, java.lang.Object, java.lang.Object, int)'> (0x000000008bc08c68) 
thrown [./src/hotspot/share/interpreter/linkResolver.cpp, line 772]
Event: 0.833 Thread 0x00007e0248019730 Exception <a 'java/lang/NoSuchMethodError'{0x000000008bc10e40}: 'java.lang.Object java.lang.invoke.DirectMethodHandle$Holder.invokeSpecial(java.lang.Object, java.lang.Object, java.lang.Object, java.lang.Object, long)'> (0x000000008bc10e40) 
thrown [./src/hotspot/share/interpreter/linkResolver.cpp, line 772]
Event: 0.833 Thread 0x00007e0248019730 Exception <a 'java/lang/NoSuchMethodError'{0x000000008bc1c9b8}: 'java.lang.Object java.lang.invoke.DirectMethodHandle$Holder.invokeSpecial(java.lang.Object, java.lang.Object, java.lang.Object, int, java.lang.Object)'> (0x000000008bc1c9b8) 
thrown [./src/hotspot/share/interpreter/linkResolver.cpp, line 772]
Event: 0.834 Thread 0x00007e0248019730 Exception <a 'java/lang/NoSuchMethodError'{0x000000008bc24d08}: 'int java.lang.invoke.DirectMethodHandle$Holder.invokeSpecial(java.lang.Object, java.lang.Object, java.lang.Object, int)'> (0x000000008bc24d08) 
thrown [./src/hotspot/share/interpreter/linkResolver.cpp, line 772]
Event: 0.836 Thread 0x00007e0248019730 Implicit null exception at 0x00007e023834e43a to 0x00007e023834e62c
Event: 0.836 Thread 0x00007e0248019730 Exception <a 'java/lang/NoSuchMethodError'{0x000000008bc49570}: 'java.lang.Object java.lang.invoke.Invokers$Holder.invokeExact_MT(java.lang.Object, int, java.lang.Object)'> (0x000000008bc49570) 
thrown [./src/hotspot/share/interpreter/linkResolver.cpp, line 772]
Event: 0.952 Thread 0x00007e0248019730 Exception <a 'java/lang/NoSuchMethodError'{0x000000008b4778c8}: 'void java.lang.invoke.Invokers$Holder.invokeExact_MT(java.lang.Object, java.lang.Object, java.lang.Object, java.lang.Object)'> (0x000000008b4778c8) 
thrown [./src/hotspot/share/interpreter/linkResolver.cpp, line 772]
Event: 0.962 Thread 0x00007e0248019730 Exception <a 'java/lang/NoClassDefFoundError'{0x000000008b3103c8}: com/google/inject/servlet/ServletModuleTargetVisitor> (0x000000008b3103c8) 
thrown [./src/hotspot/share/classfile/systemDictionary.cpp, line 301]
Event: 1.000 Thread 0x00007e0248019730 Exception <a 'java/lang/NoSuchMethodError'{0x000000008b1b9090}: 'void java.lang.invoke.DirectMethodHandle$Holder.invokeVirtual(java.lang.Object, java.lang.Object)'> (0x000000008b1b9090) 
thrown [./src/hotspot/share/interpreter/linkResolver.cpp, line 772]
Event: 1.094 Thread 0x00007e0248019730 Exception <a 'java/lang/NoSuchMethodError'{0x000000008dfce098}: 'void java.lang.invoke.DirectMethodHandle$Holder.invokeSpecial(java.lang.Object, java.lang.Object, java.lang.Object, java.lang.Object, java.lang.Object)'> (0x000000008dfce098) 
thrown [./src/hotspot/share/interpreter/linkResolver.cpp, line 772]
Event: 1.095 Thread 0x00007e0248019730 Exception <a 'java/lang/NoSuchMethodError'{0x000000008dfe7fc8}: 'java.lang.Object java.lang.invoke.DirectMethodHandle$Holder.invokeVirtual(java.lang.Object, java.lang.Object, java.lang.Object)'> (0x000000008dfe7fc8) 
thrown [./src/hotspot/share/interpreter/linkResolver.cpp, line 772]
Event: 1.096 Thread 0x00007e0248019730 Exception <a 'java/lang/NoSuchMethodError'{0x000000008dff5328}: 'void java.lang.invoke.DirectMethodHandle$Holder.invokeSpecial(java.lang.Object, java.lang.Object, java.lang.Object, java.lang.Object, java.lang.Object, java.lang.Object)'> (0x000000008dff5328) 
thrown [./src/hotspot/share/interpreter/linkResolver.cpp, line 772]
Event: 1.115 Thread 0x00007e0248019730 Exception <a 'java/lang/NoSuchMethodError'{0x000000008ddc62c0}: 'void java.lang.invoke.DirectMethodHandle$Holder.invokeVirtual(java.lang.Object, java.lang.Object, int)'> (0x000000008ddc62c0) 
thrown [./src/hotspot/share/interpreter/linkResolver.cpp, line 772]
Event: 1.115 Thread 0x00007e0248019730 Exception <a 'java/lang/NoSuchMethodError'{0x000000008ddca0d0}: 'void java.lang.invoke.DirectMethodHandle$Holder.invokeSpecial(java.lang.Object, java.lang.Object, java.lang.Object, int)'> (0x000000008ddca0d0) 
thrown [./src/hotspot/share/interpreter/linkResolver.cpp, line 772]
Event: 1.115 Thread 0x00007e0248019730 Exception <a 'java/lang/NoSuchMethodError'{0x000000008ddcd7b0}: 'void java.lang.invoke.DelegatingMethodHandle$Holder.reinvoke_L(java.lang.Object, java.lang.Object, int)'> (0x000000008ddcd7b0) 
thrown [./src/hotspot/share/interpreter/linkResolver.cpp, line 772]

ZGC Phase Switch (0 events):
No events

VM Operations (20 events):
Event: 1.028 Executing VM operation: HandshakeAllThreads (Deoptimize)
Event: 1.028 Executing VM operation: HandshakeAllThreads (Deoptimize) done
Event: 1.046 Executing VM operation: HandshakeAllThreads (Deoptimize)
Event: 1.046 Executing VM operation: HandshakeAllThreads (Deoptimize) done
Event: 1.049 Executing VM operation: ICBufferFull
Event: 1.049 Executing VM operation: ICBufferFull done
Event: 1.069 Executing VM operation: HandshakeAllThreads (Deoptimize)
Event: 1.069 Executing VM operation: HandshakeAllThreads (Deoptimize) done
Event: 1.075 Executing VM operation: G1CollectForAllocation (G1 Evacuation Pause)
Event: 1.082 Executing VM operation: G1CollectForAllocation (G1 Evacuation Pause) done
Event: 1.267 Executing VM operation: ICBufferFull
Event: 1.267 Executing VM operation: ICBufferFull done
Event: 1.344 Executing VM operation: HandshakeAllThreads (Deoptimize)
Event: 1.344 Executing VM operation: HandshakeAllThreads (Deoptimize) done
Event: 1.344 Executing VM operation: HandshakeAllThreads (Deoptimize)
Event: 1.344 Executing VM operation: HandshakeAllThreads (Deoptimize) done
Event: 1.372 Executing VM operation: ICBufferFull
Event: 1.372 Executing VM operation: ICBufferFull done
Event: 1.444 Executing VM operation: ICBufferFull
Event: 1.444 Executing VM operation: ICBufferFull done

Memory protections (11 events):
Event: 0.001 Protecting memory [0x00007e024f300000,0x00007e024f304000] with protection modes 0
Event: 0.014 Protecting memory [0x00007e024c100000,0x00007e024c104000] with protection modes 0
Event: 0.014 Protecting memory [0x00007e024c000000,0x00007e024c004000] with protection modes 0
Event: 0.014 Protecting memory [0x00007e0247f00000,0x00007e0247f04000] with protection modes 0
Event: 0.014 Protecting memory [0x00007e0230700000,0x00007e0230704000] with protection modes 0
Event: 0.014 Protecting memory [0x00007e022c700000,0x00007e022c704000] with protection modes 0
Event: 0.014 Protecting memory [0x00007e022c600000,0x00007e022c604000] with protection modes 0
Event: 0.014 Protecting memory [0x00007e022c500000,0x00007e022c504000] with protection modes 0
Event: 0.016 Protecting memory [0x00007e022c32f000,0x00007e022c333000] with protection modes 0
Event: 0.017 Protecting memory [0x00007e022c22f000,0x00007e022c233000] with protection modes 0
Event: 0.151 Protecting memory [0x00007e022c12f000,0x00007e022c133000] with protection modes 0

Nmethod flushes (0 events):
No events

Events (12 events):
Event: 0.008 Thread 0x00007e0248019730 Thread added: 0x00007e0248019730
Event: 0.014 Thread 0x00007e0248019730 Thread added: 0x00007e0248153270
Event: 0.014 Thread 0x00007e0248019730 Thread added: 0x00007e02481547e0
Event: 0.014 Thread 0x00007e0248019730 Thread added: 0x00007e0248155f70
Event: 0.014 Thread 0x00007e0248019730 Thread added: 0x00007e02481575b0
Event: 0.014 Thread 0x00007e0248019730 Thread added: 0x00007e0248158b50
Event: 0.014 Thread 0x00007e0248019730 Thread added: 0x00007e024815a690
Event: 0.014 Thread 0x00007e0248019730 Thread added: 0x00007e024815bd50
Event: 0.016 Thread 0x00007e0248019730 Thread added: 0x00007e0248167bf0
Event: 0.017 Thread 0x00007e0248019730 Thread added: 0x00007e024816af20
Event: 0.151 Thread 0x00007e0248019730 Thread added: 0x00007e0248385f90
Event: 0.154 Thread 0x00007e0248385f90 Thread exited: 0x00007e0248385f90


Dynamic libraries:
86600000-8e000000 rw-p 00000000 00:00 0 
8e000000-ffe00000 ---p 00000000 00:00 0 
ffe00000-fff0d000 rw-p 00cdf000 08:25 2549391                            /usr/lib/jvm/java-21-openjdk-amd64/lib/server/classes.jsa
fff0d000-100000000 rw-p 00000000 00:00 0 
5fbe17349000-5fbe1734a000 r--p 00000000 08:25 2148470                    /usr/lib/jvm/java-21-openjdk-amd64/bin/java
5fbe1734a000-5fbe1734b000 r-xp 00001000 08:25 2148470                    /usr/lib/jvm/java-21-openjdk-amd64/bin/java
5fbe1734b000-5fbe1734c000 r--p 00002000 08:25 2148470                    /usr/lib/jvm/java-21-openjdk-amd64/bin/java
5fbe1734c000-5fbe1734d000 r--p 00002000 08:25 2148470                    /usr/lib/jvm/java-21-openjdk-amd64/bin/java
5fbe1734d000-5fbe1734e000 rw-p 00003000 08:25 2148470                    /usr/lib/jvm/java-21-openjdk-amd64/bin/java
5fbe2b4bf000-5fbe2b506000 rw-p 00000000 00:00 0                          [heap]
7e0158000000-7e0158021000 rw-p 00000000 00:00 0 
7e0158021000-7e015c000000 ---p 00000000 00:00 0 
7e015c000000-7e015c021000 rw-p 00000000 00:00 0 
7e015c021000-7e0160000000 ---p 00000000 00:00 0 
7e0164000000-7e0164021000 rw-p 00000000 00:00 0 
7e0164021000-7e0168000000 ---p 00000000 00:00 0 
7e0168000000-7e0168021000 rw-p 00000000 00:00 0 
7e0168021000-7e016c000000 ---p 00000000 00:00 0 
7e0170000000-7e0170021000 rw-p 00000000 00:00 0 
7e0170021000-7e0174000000 ---p 00000000 00:00 0 
7e0174000000-7e0174021000 rw-p 00000000 00:00 0 
7e0174021000-7e0178000000 ---p 00000000 00:00 0 
7e017c000000-7e017c021000 rw-p 00000000 00:00 0 
7e017c021000-7e0180000000 ---p 00000000 00:00 0 
7e0180000000-7e0180021000 rw-p 00000000 00:00 0 
7e0180021000-7e0184000000 ---p 00000000 00:00 0 
7e0188000000-7e0188021000 rw-p 00000000 00:00 0 
7e0188021000-7e018c000000 ---p 00000000 00:00 0 
7e018c000000-7e018c021000 rw-p 00000000 00:00 0 
7e018c021000-7e0190000000 ---p 00000000 00:00 0 
7e0194000000-7e019468d000 rw-p 00000000 00:00 0 
7e019468d000-7e0198000000 ---p 00000000 00:00 0 
7e0198000000-7e0198759000 rw-p 00000000 00:00 0 
7e0198759000-7e019c000000 ---p 00000000 00:00 0 
7e01a0000000-7e01a0021000 rw-p 00000000 00:00 0 
7e01a0021000-7e01a4000000 ---p 00000000 00:00 0 
7e01a4000000-7e01a4021000 rw-p 00000000 00:00 0 
7e01a4021000-7e01a8000000 ---p 00000000 00:00 0 
7e01ac000000-7e01ac021000 rw-p 00000000 00:00 0 
7e01ac021000-7e01b0000000 ---p 00000000 00:00 0 
7e01b0000000-7e01b0021000 rw-p 00000000 00:00 0 
7e01b0021000-7e01b4000000 ---p 00000000 00:00 0 
7e01b8000000-7e01b8021000 rw-p 00000000 00:00 0 
7e01b8021000-7e01bc000000 ---p 00000000 00:00 0 
7e01bc000000-7e01bc021000 rw-p 00000000 00:00 0 
7e01bc021000-7e01c0000000 ---p 00000000 00:00 0 
7e01c4000000-7e01c43c0000 rw-p 00000000 00:00 0 
7e01c43c0000-7e01c4400000 ---p 00000000 00:00 0 
7e01c4400000-7e01c4e70000 rw-p 00000000 00:00 0 
7e01c4e70000-7e01c8000000 ---p 00000000 00:00 0 
7e01c8000000-7e01c8021000 rw-p 00000000 00:00 0 
7e01c8021000-7e01cc000000 ---p 00000000 00:00 0 
7e01cf000000-7e01cfca0000 rw-p 00001000 08:25 2549391                    /usr/lib/jvm/java-21-openjdk-amd64/lib/server/classes.jsa
7e01cfca0000-7e01d0000000 ---p 00000000 00:00 0 
7e01d0000000-7e01d0030000 rw-p 00000000 00:00 0 
7e01d0030000-7e01d0070000 rw-p 00000000 00:00 0 
7e01d0070000-7e01d01b0000 rw-p 00000000 00:00 0 
7e01d01b0000-7e01d01d0000 rw-p 00000000 00:00 0 
7e01d01d0000-7e01d0200000 ---p 00000000 00:00 0 
7e01d0200000-7e01d0220000 rw-p 00000000 00:00 0 
7e01d0220000-7e0210000000 ---p 00000000 00:00 0 
7e0210000000-7e0210021000 rw-p 00000000 00:00 0 
7e0210021000-7e0214000000 ---p 00000000 00:00 0 
7e0214000000-7e0214021000 rw-p 00000000 00:00 0 
7e0214021000-7e0218000000 ---p 00000000 00:00 0 
7e021c000000-7e021c021000 rw-p 00000000 00:00 0 
7e021c021000-7e0220000000 ---p 00000000 00:00 0 
7e0220000000-7e0220021000 rw-p 00000000 00:00 0 
7e0220021000-7e0224000000 ---p 00000000 00:00 0 
7e0227000000-7e02272e4000 rw-p 00000000 00:00 0 
7e022747a000-7e02275fc000 rw-p 00000000 00:00 0 
7e02275fc000-7e02275fd000 ---p 00000000 00:00 0 
7e02275fd000-7e02276fd000 rw-p 00000000 00:00 0 
7e02276fd000-7e02276fe000 ---p 00000000 00:00 0 
7e02276fe000-7e02277fe000 rw-p 00000000 00:00 0 
7e02277fe000-7e02277ff000 ---p 00000000 00:00 0 
7e02277ff000-7e02278ff000 rw-p 00000000 00:00 0 
7e02278ff000-7e0227900000 ---p 00000000 00:00 0 
7e0227900000-7e0227a00000 rw-p 00000000 00:00 0 
7e0227a00000-7e0227a03000 r-xp 00000000 08:25 2261876                    /tmp/jansi-2.4.1-a40121a9ff8fa774-libjansi.so
7e0227a03000-7e0227c02000 ---p 00003000 08:25 2261876                    /tmp/jansi-2.4.1-a40121a9ff8fa774-libjansi.so
7e0227c02000-7e0227c03000 r--p 00002000 08:25 2261876                    /tmp/jansi-2.4.1-a40121a9ff8fa774-libjansi.so
7e0227c03000-7e0227c04000 rw-p 00003000 08:25 2261876                    /tmp/jansi-2.4.1-a40121a9ff8fa774-libjansi.so
7e0227cfd000-7e0227cfe000 ---p 00000000 00:00 0 
7e0227cfe000-7e0227dfe000 rw-p 00000000 00:00 0 
7e0227dfe000-7e0227dff000 ---p 00000000 00:00 0 
7e0227dff000-7e0227eff000 rw-p 00000000 00:00 0 
7e0227eff000-7e0227f00000 ---p 00000000 00:00 0 
7e0227f00000-7e0228000000 rw-p 00000000 00:00 0 
7e0228000000-7e0228021000 rw-p 00000000 00:00 0 
7e0228021000-7e022c000000 ---p 00000000 00:00 0 
7e022c02e000-7e022c02f000 ---p 00000000 00:00 0 
7e022c02f000-7e022c12f000 rw-p 00000000 00:00 0 
7e022c12f000-7e022c133000 ---p 00000000 00:00 0 
7e022c133000-7e022c22f000 rw-p 00000000 00:00 0 
7e022c22f000-7e022c233000 ---p 00000000 00:00 0 
7e022c233000-7e022c32f000 rw-p 00000000 00:00 0 
7e022c32f000-7e022c333000 ---p 00000000 00:00 0 
7e022c333000-7e022c42f000 rw-p 00000000 00:00 0 
7e022c42f000-7e022c434000 r--p 00000000 08:25 2549357                    /usr/lib/jvm/java-21-openjdk-amd64/lib/libjsvml.so
7e022c434000-7e022c475000 r-xp 00005000 08:25 2549357                    /usr/lib/jvm/java-21-openjdk-amd64/lib/libjsvml.so
7e022c475000-7e022c4fe000 r--p 00046000 08:25 2549357                    /usr/lib/jvm/java-21-openjdk-amd64/lib/libjsvml.so
7e022c4fe000-7e022c4ff000 r--p 000ce000 08:25 2549357                    /usr/lib/jvm/java-21-openjdk-amd64/lib/libjsvml.so
7e022c4ff000-7e022c500000 rw-p 000cf000 08:25 2549357                    /usr/lib/jvm/java-21-openjdk-amd64/lib/libjsvml.so
7e022c500000-7e022c504000 ---p 00000000 00:00 0 
7e022c504000-7e022c600000 rw-p 00000000 00:00 0 
7e022c600000-7e022c604000 ---p 00000000 00:00 0 
7e022c604000-7e022c700000 rw-p 00000000 00:00 0 
7e022c700000-7e022c704000 ---p 00000000 00:00 0 
7e022c704000-7e022c800000 rw-p 00000000 00:00 0 
7e022c800000-7e022e9e8000 rw-p 00000000 00:00 0 
7e022e9e8000-7e0230660000 ---p 00000000 00:00 0 
7e0230660000-7e0230668000 rw-p 00000000 00:00 0 
7e0230700000-7e0230704000 ---p 00000000 00:00 0 
7e0230704000-7e0230800000 rw-p 00000000 00:00 0 
7e0230800000-7e0230f10000 rwxp 00000000 00:00 0 
7e0230f10000-7e0237d37000 ---p 00000000 00:00 0 
7e0237d37000-7e0237fa7000 rwxp 00000000 00:00 0 
7e0237fa7000-7e02382c9000 ---p 00000000 00:00 0 
7e02382c9000-7e0238539000 rwxp 00000000 00:00 0 
7e0238539000-7e023f800000 ---p 00000000 00:00 0 
7e023f800000-7e0247e34000 r--s 00000000 08:25 2549389                    /usr/lib/jvm/java-21-openjdk-amd64/lib/modules
7e0247f00000-7e0247f04000 ---p 00000000 00:00 0 
7e0247f04000-7e0248000000 rw-p 00000000 00:00 0 
7e0248000000-7e0248973000 rw-p 00000000 00:00 0 
7e0248973000-7e024c004000 ---p 00000000 00:00 0 
7e024c004000-7e024c100000 rw-p 00000000 00:00 0 
7e024c100000-7e024c104000 ---p 00000000 00:00 0 
7e024c104000-7e024c200000 rw-p 00000000 00:00 0 
7e024c200000-7e024ca03000 r--p 00000000 08:25 1835695                    /usr/lib/locale/locale-archive
7e024ca13000-7e024ca14000 ---p 00000000 00:00 0 
7e024ca14000-7e024cb14000 rw-p 00000000 00:00 0 
7e024cb14000-7e024cb15000 ---p 00000000 00:00 0 
7e024cb15000-7e024cc15000 rw-p 00000000 00:00 0 
7e024cc15000-7e024ccf1000 rw-p 00000000 00:00 0 
7e024ccf1000-7e024ccf2000 ---p 00000000 00:00 0 
7e024ccf2000-7e024cdf2000 rw-p 00000000 00:00 0 
7e024cdf2000-7e024cdf3000 ---p 00000000 00:00 0 
7e024cdf3000-7e024cef3000 rw-p 00000000 00:00 0 
7e024cef3000-7e024d8fd000 rw-p 00000000 00:00 0 
7e024d8fd000-7e024d8fe000 ---p 00000000 00:00 0 
7e024d8fe000-7e024d9fe000 rw-p 00000000 00:00 0 
7e024d9fe000-7e024d9ff000 ---p 00000000 00:00 0 
7e024d9ff000-7e024daff000 rw-p 00000000 00:00 0 
7e024daff000-7e024db00000 ---p 00000000 00:00 0 
7e024db00000-7e024dc00000 rw-p 00000000 00:00 0 
7e024dc00000-7e024dc3d000 rw-p 00000000 00:00 0 
7e024dc3d000-7e024dfcc000 ---p 00000000 00:00 0 
7e024dfcc000-7e024dfcd000 rw-p 00000000 00:00 0 
7e024e000000-7e024e03d000 rw-p 00000000 00:00 0 
7e024e03d000-7e024e3cc000 ---p 00000000 00:00 0 
7e024e3cc000-7e024e3cd000 rw-p 00000000 00:00 0 
7e024e420000-7e024ee2f000 rw-p 00000000 00:00 0 
7e024ee2f000-7e024ef15000 ---p 00000000 00:00 0 
7e024ef15000-7e024ef24000 rw-p 00000000 00:00 0 
7e024ef24000-7e024f000000 ---p 00000000 00:00 0 
7e024f000000-7e024f09d000 r--p 00000000 08:25 1869011                    /usr/lib/x86_64-linux-gnu/libstdc++.so.6.0.33
7e024f09d000-7e024f1e5000 r-xp 0009d000 08:25 1869011                    /usr/lib/x86_64-linux-gnu/libstdc++.so.6.0.33
7e024f1e5000-7e024f26c000 r--p 001e5000 08:25 1869011                    /usr/lib/x86_64-linux-gnu/libstdc++.so.6.0.33
7e024f26c000-7e024f277000 r--p 0026b000 08:25 1869011                    /usr/lib/x86_64-linux-gnu/libstdc++.so.6.0.33
7e024f277000-7e024f27a000 rw-p 00276000 08:25 1869011                    /usr/lib/x86_64-linux-gnu/libstdc++.so.6.0.33
7e024f27a000-7e024f27e000 rw-p 00000000 00:00 0 
7e024f2bf000-7e024f300000 rw-p 00000000 00:00 0 
7e024f300000-7e024f304000 ---p 00000000 00:00 0 
7e024f304000-7e024f400000 rw-p 00000000 00:00 0 
7e024f400000-7e024f6a2000 r--p 00000000 08:25 2549397                    /usr/lib/jvm/java-21-openjdk-amd64/lib/server/libjvm.so
7e024f6a2000-7e0250518000 r-xp 002a2000 08:25 2549397                    /usr/lib/jvm/java-21-openjdk-amd64/lib/server/libjvm.so
7e0250518000-7e02507f2000 r--p 01118000 08:25 2549397                    /usr/lib/jvm/java-21-openjdk-amd64/lib/server/libjvm.so
7e02507f2000-7e02508c6000 r--p 013f2000 08:25 2549397                    /usr/lib/jvm/java-21-openjdk-amd64/lib/server/libjvm.so
7e02508c6000-7e02508f6000 rw-p 014c6000 08:25 2549397                    /usr/lib/jvm/java-21-openjdk-amd64/lib/server/libjvm.so
7e02508f6000-7e025095c000 rw-p 00000000 00:00 0 
7e0250972000-7e0250976000 r--p 00000000 08:25 2549385                    /usr/lib/jvm/java-21-openjdk-amd64/lib/libverify.so
7e0250976000-7e025097d000 r-xp 00004000 08:25 2549385                    /usr/lib/jvm/java-21-openjdk-amd64/lib/libverify.so
7e025097d000-7e025097f000 r--p 0000b000 08:25 2549385                    /usr/lib/jvm/java-21-openjdk-amd64/lib/libverify.so
7e025097f000-7e0250981000 r--p 0000c000 08:25 2549385                    /usr/lib/jvm/java-21-openjdk-amd64/lib/libverify.so
7e0250981000-7e0250982000 rw-p 0000e000 08:25 2549385                    /usr/lib/jvm/java-21-openjdk-amd64/lib/libverify.so
7e0250982000-7e0250a00000 rw-p 00000000 00:00 0 
7e0250a00000-7e0250a28000 r--p 00000000 08:25 1838277                    /usr/lib/x86_64-linux-gnu/libc.so.6
7e0250a28000-7e0250bb0000 r-xp 00028000 08:25 1838277                    /usr/lib/x86_64-linux-gnu/libc.so.6
7e0250bb0000-7e0250bff000 r--p 001b0000 08:25 1838277                    /usr/lib/x86_64-linux-gnu/libc.so.6
7e0250bff000-7e0250c03000 r--p 001fe000 08:25 1838277                    /usr/lib/x86_64-linux-gnu/libc.so.6
7e0250c03000-7e0250c05000 rw-p 00202000 08:25 1838277                    /usr/lib/x86_64-linux-gnu/libc.so.6
7e0250c05000-7e0250c12000 rw-p 00000000 00:00 0 
7e0250c19000-7e0250c20000 r--s 00000000 08:25 1838266                    /usr/lib/x86_64-linux-gnu/gconv/gconv-modules.cache
7e0250c20000-7e0250c22000 r--p 00000000 08:25 2549387                    /usr/lib/jvm/java-21-openjdk-amd64/lib/libzip.so
7e0250c22000-7e0250c27000 r-xp 00002000 08:25 2549387                    /usr/lib/jvm/java-21-openjdk-amd64/lib/libzip.so
7e0250c27000-7e0250c29000 r--p 00007000 08:25 2549387                    /usr/lib/jvm/java-21-openjdk-amd64/lib/libzip.so
7e0250c29000-7e0250c2a000 r--p 00008000 08:25 2549387                    /usr/lib/jvm/java-21-openjdk-amd64/lib/libzip.so
7e0250c2a000-7e0250c2b000 rw-p 00009000 08:25 2549387                    /usr/lib/jvm/java-21-openjdk-amd64/lib/libzip.so
7e0250c2b000-7e0250c2e000 r--p 00000000 08:25 2549371                    /usr/lib/jvm/java-21-openjdk-amd64/lib/libnet.so
7e0250c2e000-7e0250c36000 r-xp 00003000 08:25 2549371                    /usr/lib/jvm/java-21-openjdk-amd64/lib/libnet.so
7e0250c36000-7e0250c38000 r--p 0000b000 08:25 2549371                    /usr/lib/jvm/java-21-openjdk-amd64/lib/libnet.so
7e0250c38000-7e0250c39000 r--p 0000c000 08:25 2549371                    /usr/lib/jvm/java-21-openjdk-amd64/lib/libnet.so
7e0250c39000-7e0250c3a000 rw-p 0000d000 08:25 2549371                    /usr/lib/jvm/java-21-openjdk-amd64/lib/libnet.so
7e0250c3a000-7e0250c41000 r--p 00000000 08:25 2549373                    /usr/lib/jvm/java-21-openjdk-amd64/lib/libnio.so
7e0250c41000-7e0250c4a000 r-xp 00007000 08:25 2549373                    /usr/lib/jvm/java-21-openjdk-amd64/lib/libnio.so
7e0250c4a000-7e0250c4e000 r--p 00010000 08:25 2549373                    /usr/lib/jvm/java-21-openjdk-amd64/lib/libnio.so
7e0250c4e000-7e0250c4f000 r--p 00014000 08:25 2549373                    /usr/lib/jvm/java-21-openjdk-amd64/lib/libnio.so
7e0250c4f000-7e0250c50000 rw-p 00015000 08:25 2549373                    /usr/lib/jvm/java-21-openjdk-amd64/lib/libnio.so
7e0250c50000-7e0250c55000 rw-p 00000000 00:00 0 
7e0250c55000-7e0250c5c000 ---p 00000000 00:00 0 
7e0250c5c000-7e0250c69000 r--p 00000000 08:25 2549343                    /usr/lib/jvm/java-21-openjdk-amd64/lib/libjava.so
7e0250c69000-7e0250c78000 r-xp 0000d000 08:25 2549343                    /usr/lib/jvm/java-21-openjdk-amd64/lib/libjava.so
7e0250c78000-7e0250c7d000 r--p 0001c000 08:25 2549343                    /usr/lib/jvm/java-21-openjdk-amd64/lib/libjava.so
7e0250c7d000-7e0250c7e000 r--p 00021000 08:25 2549343                    /usr/lib/jvm/java-21-openjdk-amd64/lib/libjava.so
7e0250c7e000-7e0250c7f000 rw-p 00022000 08:25 2549343                    /usr/lib/jvm/java-21-openjdk-amd64/lib/libjava.so
7e0250c7f000-7e0250c80000 rw-p 00000000 00:00 0 
7e0250c80000-7e0250c84000 r--p 00000000 08:25 1868124                    /usr/lib/x86_64-linux-gnu/libgcc_s.so.1
7e0250c84000-7e0250ca8000 r-xp 00004000 08:25 1868124                    /usr/lib/x86_64-linux-gnu/libgcc_s.so.1
7e0250ca8000-7e0250cac000 r--p 00028000 08:25 1868124                    /usr/lib/x86_64-linux-gnu/libgcc_s.so.1
7e0250cac000-7e0250cad000 r--p 0002b000 08:25 1868124                    /usr/lib/x86_64-linux-gnu/libgcc_s.so.1
7e0250cad000-7e0250cae000 rw-p 0002c000 08:25 1868124                    /usr/lib/x86_64-linux-gnu/libgcc_s.so.1
7e0250cae000-7e0250cbe000 r--p 00000000 08:25 1838280                    /usr/lib/x86_64-linux-gnu/libm.so.6
7e0250cbe000-7e0250d3d000 r-xp 00010000 08:25 1838280                    /usr/lib/x86_64-linux-gnu/libm.so.6
7e0250d3d000-7e0250d95000 r--p 0008f000 08:25 1838280                    /usr/lib/x86_64-linux-gnu/libm.so.6
7e0250d95000-7e0250d96000 r--p 000e7000 08:25 1838280                    /usr/lib/x86_64-linux-gnu/libm.so.6
7e0250d96000-7e0250d97000 rw-p 000e8000 08:25 1838280                    /usr/lib/x86_64-linux-gnu/libm.so.6
7e0250d97000-7e0250d99000 rw-p 00000000 00:00 0 
7e0250d99000-7e0250d9b000 r--p 00000000 08:25 2549351                    /usr/lib/jvm/java-21-openjdk-amd64/lib/libjli.so
7e0250d9b000-7e0250da5000 r-xp 00002000 08:25 2549351                    /usr/lib/jvm/java-21-openjdk-amd64/lib/libjli.so
7e0250da5000-7e0250da8000 r--p 0000c000 08:25 2549351                    /usr/lib/jvm/java-21-openjdk-amd64/lib/libjli.so
7e0250da8000-7e0250da9000 r--p 0000f000 08:25 2549351                    /usr/lib/jvm/java-21-openjdk-amd64/lib/libjli.so
7e0250da9000-7e0250daa000 rw-p 00010000 08:25 2549351                    /usr/lib/jvm/java-21-openjdk-amd64/lib/libjli.so
7e0250daa000-7e0250dac000 r--p 00000000 08:25 1869333                    /usr/lib/x86_64-linux-gnu/libz.so.1.3
7e0250dac000-7e0250dbe000 r-xp 00002000 08:25 1869333                    /usr/lib/x86_64-linux-gnu/libz.so.1.3
7e0250dbe000-7e0250dc4000 r--p 00014000 08:25 1869333                    /usr/lib/x86_64-linux-gnu/libz.so.1.3
7e0250dc4000-7e0250dc5000 r--p 0001a000 08:25 1869333                    /usr/lib/x86_64-linux-gnu/libz.so.1.3
7e0250dc5000-7e0250dc6000 rw-p 0001b000 08:25 1869333                    /usr/lib/x86_64-linux-gnu/libz.so.1.3
7e0250dc7000-7e0250dcf000 rw-s 00000000 08:25 2360957                    /tmp/hsperfdata_edu/8379
7e0250dcf000-7e0250dd0000 ---p 00000000 00:00 0 
7e0250dd0000-7e0250dd1000 r--p 00000000 00:00 0 
7e0250dd1000-7e0250dd2000 ---p 00000000 00:00 0 
7e0250dd2000-7e0250dd4000 r--p 00000000 08:25 2549349                    /usr/lib/jvm/java-21-openjdk-amd64/lib/libjimage.so
7e0250dd4000-7e0250dd7000 r-xp 00002000 08:25 2549349                    /usr/lib/jvm/java-21-openjdk-amd64/lib/libjimage.so
7e0250dd7000-7e0250dd8000 r--p 00005000 08:25 2549349                    /usr/lib/jvm/java-21-openjdk-amd64/lib/libjimage.so
7e0250dd8000-7e0250dd9000 r--p 00006000 08:25 2549349                    /usr/lib/jvm/java-21-openjdk-amd64/lib/libjimage.so
7e0250dd9000-7e0250dda000 rw-p 00007000 08:25 2549349                    /usr/lib/jvm/java-21-openjdk-amd64/lib/libjimage.so
7e0250dda000-7e0250ddc000 rw-p 00000000 00:00 0 
7e0250ddc000-7e0250ddd000 r--p 00000000 08:25 1838274                    /usr/lib/x86_64-linux-gnu/ld-linux-x86-64.so.2
7e0250ddd000-7e0250e08000 r-xp 00001000 08:25 1838274                    /usr/lib/x86_64-linux-gnu/ld-linux-x86-64.so.2
7e0250e08000-7e0250e12000 r--p 0002c000 08:25 1838274                    /usr/lib/x86_64-linux-gnu/ld-linux-x86-64.so.2
7e0250e12000-7e0250e14000 r--p 00036000 08:25 1838274                    /usr/lib/x86_64-linux-gnu/ld-linux-x86-64.so.2
7e0250e14000-7e0250e16000 rw-p 00038000 08:25 1838274                    /usr/lib/x86_64-linux-gnu/ld-linux-x86-64.so.2
7fff22e52000-7fff22e73000 rw-p 00000000 00:00 0                          [stack]
7fff22ea4000-7fff22ea8000 r--p 00000000 00:00 0                          [vvar]
7fff22ea8000-7fff22eaa000 r-xp 00000000 00:00 0                          [vdso]
ffffffffff600000-ffffffffff601000 --xp 00000000 00:00 0                  [vsyscall]
Total number of mappings: 247

JVMTI agents: none


VM Arguments:
jvm_args: -Dclassworlds.conf=/usr/lib/apache-netbeans/java/maven/bin/m2.conf -Dmaven.home=/usr/lib/apache-netbeans/java/maven -Dlibrary.jansi.path=/usr/lib/apache-netbeans/java/maven/lib/jansi-native -Dmaven.multiModuleProjectDirectory=/home/edu/IPC2-2025/Games-app/rest-api-games 
java_command: org.codehaus.plexus.classworlds.launcher.Launcher -Dmaven.ext.class.path=/usr/lib/apache-netbeans/java/maven-nblib/netbeans-eventspy.jar --no-transfer-progress clean install
java_class_path (initial): /usr/lib/apache-netbeans/java/maven/boot/plexus-classworlds-2.8.0.jar
Launcher Type: SUN_STANDARD

[Global flags]
     intx CICompilerCount                          = 4                                         {product} {ergonomic}
     uint ConcGCThreads                            = 3                                         {product} {ergonomic}
     uint G1ConcRefinementThreads                  = 10                                        {product} {ergonomic}
   size_t G1HeapRegionSize                         = 1048576                                   {product} {ergonomic}
    uintx GCDrainStackTargetSize                   = 64                                        {product} {ergonomic}
   size_t InitialHeapSize                          = 127926272                                 {product} {ergonomic}
   size_t MarkStackSize                            = 4194304                                   {product} {ergonomic}
   size_t MaxHeapSize                              = 2040528896                                {product} {ergonomic}
   size_t MaxNewSize                               = 1223688192                                {product} {ergonomic}
   size_t MinHeapDeltaBytes                        = 1048576                                   {product} {ergonomic}
   size_t MinHeapSize                              = 8388608                                   {product} {ergonomic}
    uintx NonNMethodCodeHeapSize                   = 5839372                                {pd product} {ergonomic}
    uintx NonProfiledCodeHeapSize                  = 122909434                              {pd product} {ergonomic}
    uintx ProfiledCodeHeapSize                     = 122909434                              {pd product} {ergonomic}
    uintx ReservedCodeCacheSize                    = 251658240                              {pd product} {ergonomic}
     bool SegmentedCodeCache                       = true                                      {product} {ergonomic}
   size_t SoftMaxHeapSize                          = 2040528896                             {manageable} {ergonomic}
     bool UseCompressedOops                        = true                           {product lp64_product} {ergonomic}
     bool UseG1GC                                  = true                                      {product} {ergonomic}

Logging:
Log output configuration:
 #0: stdout all=warning uptime,level,tags foldmultilines=false
 #1: stderr all=off uptime,level,tags foldmultilines=false

Release file:
IMPLEMENTOR="Ubuntu"
JAVA_RUNTIME_VERSION="21.0.9+10-Ubuntu-124.04"
JAVA_VERSION="21.0.9"
JAVA_VERSION_DATE="2025-10-21"
LIBC="gnu"
MODULES="java.base java.compiler java.datatransfer java.xml java.prefs java.desktop java.instrument java.logging java.management java.security.sasl java.naming java.rmi java.management.rmi java.net.http java.scripting java.security.jgss java.transaction.xa java.sql java.sql.rowset java.xml.crypto java.se java.smartcardio jdk.accessibility jdk.internal.jvmstat jdk.attach jdk.charsets jdk.internal.opt jdk.zipfs jdk.compiler jdk.crypto.ec jdk.crypto.cryptoki jdk.dynalink jdk.internal.ed jdk.editpad jdk.hotspot.agent jdk.httpserver jdk.incubator.vector jdk.internal.le jdk.internal.vm.ci jdk.internal.vm.compiler jdk.internal.vm.compiler.management jdk.jartool jdk.javadoc jdk.jcmd jdk.management jdk.management.agent jdk.jconsole jdk.jdeps jdk.jdwp.agent jdk.jdi jdk.jfr jdk.jlink jdk.jpackage jdk.jshell jdk.jsobject jdk.jstatd jdk.localedata jdk.management.jfr jdk.naming.dns jdk.naming.rmi jdk.net jdk.nio.mapmode jdk.random jdk.sctp jdk.security.auth jdk.security.jgss jdk.unsupported jdk.unsupported.desktop jdk.xml.dom"
OS_ARCH="x86_64"
OS_NAME="Linux"
SOURCE=""

Environment Variables:
JAVA_HOME=/usr/lib/jvm/java-21-openjdk-amd64
PATH=/usr/local/sbin:/usr/local/bin:/usr/sbin:/usr/bin:/sbin:/bin:/usr/games:/usr/local/games:/snap/bin
SHELL=/bin/bash
DISPLAY=:0
LANG=es_GT.UTF-8

Active Locale:
LC_ALL=es_GT.UTF-8
LC_COLLATE=es_GT.UTF-8
LC_CTYPE=es_GT.UTF-8
LC_MESSAGES=es_GT.UTF-8
LC_MONETARY=es_GT.UTF-8
LC_NUMERIC=es_GT.UTF-8
LC_TIME=es_GT.UTF-8

Signal Handlers:
   SIGSEGV: crash_handler in libjvm.so, mask=11100100010111111101111111111110, flags=SA_RESTART|SA_SIGINFO, unblocked
    SIGBUS: crash_handler in libjvm.so, mask=11100100010111111101111111111110, flags=SA_RESTART|SA_SIGINFO, unblocked
    SIGFPE: crash_handler in libjvm.so, mask=11100100010111111101111111111110, flags=SA_RESTART|SA_SIGINFO, unblocked
   SIGPIPE: javaSignalHandler in libjvm.so, mask=11100100010111111101111111111110, flags=SA_RESTART|SA_SIGINFO, blocked
   SIGXFSZ: javaSignalHandler in libjvm.so, mask=11100100010111111101111111111110, flags=SA_RESTART|SA_SIGINFO, blocked
    SIGILL: crash_handler in libjvm.so, mask=11100100010111111101111111111110, flags=SA_RESTART|SA_SIGINFO, unblocked
   SIGUSR2: SR_handler in libjvm.so, mask=00000000000000000000000000000000, flags=SA_RESTART|SA_SIGINFO, blocked
    SIGHUP: UserHandler in libjvm.so, mask=11100100010111111101111111111110, flags=SA_RESTART|SA_SIGINFO, blocked
    SIGINT: SIG_IGN, mask=00000000000000000000000000000000, flags=none, blocked
   SIGTERM: UserHandler in libjvm.so, mask=11100100010111111101111111111110, flags=SA_RESTART|SA_SIGINFO, blocked
   SIGQUIT: UserHandler in libjvm.so, mask=11100100010111111101111111111110, flags=SA_RESTART|SA_SIGINFO, blocked
   SIGTRAP: crash_handler in libjvm.so, mask=11100100010111111101111111111110, flags=SA_RESTART|SA_SIGINFO, unblocked


Periodic native trim disabled

---------------  S Y S T E M  ---------------

OS:
DISTRIB_ID=LinuxMint
DISTRIB_RELEASE=22.1
DISTRIB_CODENAME=xia
DISTRIB_DESCRIPTION="Linux Mint 22.1 Xia"
uname: Linux 6.8.0-51-generic #52-Ubuntu SMP PREEMPT_DYNAMIC Thu Dec  5 13:09:44 UTC 2024 x86_64
OS uptime: 0 days 0:36 hours
libc: glibc 2.39 NPTL 2.39 
rlimit (soft/hard): STACK 8192k/infinity , CORE 0k/infinity , NPROC 30769/30769 , NOFILE 1048576/1048576 , AS infinity/infinity , CPU infinity/infinity , DATA infinity/infinity , FSIZE infinity/infinity , MEMLOCK 995356k/995356k
load average: 0.99 0.69 0.51

/proc/meminfo:
MemTotal:        7962872 kB
MemFree:          196216 kB
MemAvailable:    1298088 kB
Buffers:           60180 kB
Cached:          1656080 kB
SwapCached:        21984 kB
Active:          3485960 kB
Inactive:        3489248 kB
Active(anon):    2999344 kB
Inactive(anon):  2761576 kB
Active(file):     486616 kB
Inactive(file):   727672 kB
Unevictable:      203632 kB
Mlocked:              96 kB
SwapTotal:      15997944 kB
SwapFree:       15861752 kB
Zswap:                 0 kB
Zswapped:              0 kB
Dirty:                92 kB
Writeback:             0 kB
AnonPages:       5441000 kB
Mapped:           679424 kB
Shmem:            501968 kB
KReclaimable:     196044 kB
Slab:             350812 kB
SReclaimable:     196044 kB
SUnreclaim:       154768 kB
KernelStack:       21472 kB
PageTables:        73664 kB
SecPageTables:         0 kB
NFS_Unstable:          0 kB
Bounce:                0 kB
WritebackTmp:          0 kB
CommitLimit:    19979380 kB
Committed_AS:   30209764 kB
VmallocTotal:   34359738367 kB
VmallocUsed:       45912 kB
VmallocChunk:          0 kB
Percpu:             8016 kB
HardwareCorrupted:     0 kB
AnonHugePages:      2048 kB
ShmemHugePages:        0 kB
ShmemPmdMapped:        0 kB
FileHugePages:         0 kB
FilePmdMapped:         0 kB
Unaccepted:            0 kB
HugePages_Total:       0
HugePages_Free:        0
HugePages_Rsvd:        0
HugePages_Surp:        0
Hugepagesize:       2048 kB
Hugetlb:               0 kB
DirectMap4k:      186916 kB
DirectMap2M:     3842048 kB
DirectMap1G:     4194304 kB

/sys/kernel/mm/transparent_hugepage/enabled: always [madvise] never
/sys/kernel/mm/transparent_hugepage/hpage_pmd_size: 2097152
/sys/kernel/mm/transparent_hugepage/defrag (defrag/compaction efforts parameter): always defer defer+madvise [madvise] never

Process Memory:
Virtual Size: 5311948K (peak: 5311948K)
Resident Set Size: 153908K (peak: 153908K) (anon: 128892K, file: 25016K, shmem: 0K)
Swapped out: 0K
C-Heap outstanding allocations: 48715K, retained: 4604K
glibc malloc tunables: (default)

/proc/sys/kernel/threads-max (system-wide limit on the number of threads): 61539
/proc/sys/vm/max_map_count (maximum number of memory map areas a process may have): 1048576
/proc/sys/vm/swappiness (control to define how aggressively the kernel swaps out anonymous memory): 60
/proc/sys/kernel/pid_max (system-wide limit on number of process identifiers): 4194304

container information not found.
Steal ticks since vm start: 0
Steal ticks percentage since vm start:  0.000

CPU: total 12 (initial active 12) (6 cores per cpu, 2 threads per core) family 6 model 165 stepping 3 microcode 0x100, cx8, cmov, fxsr, ht, mmx, 3dnowpref, sse, sse2, sse3, ssse3, sse4.1, sse4.2, popcnt, lzcnt, tsc, tscinvbit, avx, avx2, aes, erms, clmul, bmi1, bmi2, adx, fma, vzeroupper, clflush, clflushopt, rdtscp, f16c
CPU Model and flags from /proc/cpuinfo:
model name	: Intel(R) Core(TM) i5-10400 CPU @ 2.90GHz
flags		: fpu vme de pse tsc msr pae mce cx8 apic sep mtrr pge mca cmov pat pse36 clflush dts acpi mmx fxsr sse sse2 ss ht tm pbe syscall nx pdpe1gb rdtscp lm constant_tsc art arch_perfmon pebs bts rep_good nopl xtopology nonstop_tsc cpuid aperfmperf pni pclmulqdq dtes64 monitor ds_cpl vmx est tm2 ssse3 sdbg fma cx16 xtpr pdcm pcid sse4_1 sse4_2 x2apic movbe popcnt tsc_deadline_timer aes xsave avx f16c rdrand lahf_lm abm 3dnowprefetch cpuid_fault epb ssbd ibrs ibpb stibp ibrs_enhanced tpr_shadow flexpriority ept vpid ept_ad fsgsbase tsc_adjust bmi1 avx2 smep bmi2 erms invpcid mpx rdseed adx smap clflushopt intel_pt xsaveopt xsavec xgetbv1 xsaves dtherm ida arat pln pts hwp hwp_notify hwp_act_window hwp_epp vnmi md_clear flush_l1d arch_capabilities

Online cpus: 0-11
Offline cpus: 
BIOS frequency limitation: <Not Available>
Frequency switch latency (ns): 0
Available cpu frequencies: <Not Available>
Current governor: powersave
Core performance/turbo boost: <Not Available>

Memory: 4k page, physical 7962872k(1297584k free), swap 15997944k(15861752k free)
Page Sizes: 4k

vm_info: OpenJDK 64-Bit Server VM (21.0.9+10-Ubuntu-124.04) for linux-amd64 JRE (21.0.9+10-Ubuntu-124.04), built on 2025-10-23T12:36:23Z by "buildd" with gcc 13.3.0

END.
